/* -*- Mode: c -*- */
####################################################################################################
Core 0
####################################################################################################
Cumulative:        Cycles: 34676391              Instructions: 20000000              IPC: 0.57676

Periodic:          Cycles: 16776953              Instructions: 9999997               IPC: 0.59606

EXECUTION_TIME                           5242797812500                  10836372187500              

NODE_CYCLE                                    16776953                       34676391              

NODE_INST_COUNT                                9999997                       20000000              

NODE_INST_COUNT_FETCHED                        9999997                       20000000              

NODE_UOP_COUNT                                12101818                       24173226              

FULL_WINDOW_STALL                             13324534       79.422%         27890456       80.431%

FULL_WINDOW_MEM_OP                            12919895       99.997%         27066154       99.996%
FULL_WINDOW_FP_OP                                    0        0.000%                0        0.000%
FULL_WINDOW_OTHER_OP                               445        0.003%             1057        0.004%
                                              12920340      100.000%         27067211      100.000%
                                                  0.00         0.01              0.00         0.01

RET_BLOCKED_DC_MISS                           14267542       85.043%         29670303       85.563%

RET_BLOCKED_L1_MISS                            8987927       53.573%         19170591       55.284%

RET_BLOCKED_L1_MISS_BW_PREF                          0        0.000%                0        0.000%

RET_BLOCKED_L1_ACCESS                          5279658       31.470%         10499836       30.279%

RET_BLOCKED_MEM_STALL                          8987928       53.573%         19170596       55.284%

RET_BLOCKED_OFFCHIP_DEMAND                           0        0.000%                0        0.000%

OP_ISSUED                                     14354177                       28206331              

OP_RETIRED                                    12101818                       24173226              

REPLAY_SIGNALED                                      0                              0              

REPLAY_COUNTED                                       0                              0              

OFF_CRITICAL_PATH                                    0         -nan%                0         -nan%
ON_CRITICAL_PATH                                     0         -nan%                0         -nan%
                                                     0         -nan%                0         -nan%
                                                  -nan         -nan              -nan         -nan

LD_NO_DEPENDENTS                                 42593        1.384%            90162        1.471%
LD_DEPENDENTS                                  3034953       98.616%          6040812       98.529%
                                               3077546      100.000%          6130974      100.000%
                                                  0.99         0.98              0.99         0.98

LD_EXEC_CYCLES_0                                     0        0.000%                0        0.000%
LD_EXEC_CYCLES_1                                     0        0.000%                0        0.000%
LD_EXEC_CYCLES_2                                     0        0.000%                0        0.000%
LD_EXEC_CYCLES_3                                   195       44.118%              249       41.639%
LD_EXEC_CYCLES_4                                   247       55.882%              349       58.361%
                                                   442      100.000%              598      100.000%
                                                  3.56         2.71              3.58         2.78

ICACHE_STAGE_STARVED                            107488        3.626%           276612        4.654%
ICACHE_STAGE_NOT_STARVED                       2857266       96.374%          5667191       95.346%
                                               2964754      100.000%          5943803      100.000%
                                                  0.96         0.95              0.95         0.93

ICACHE_STAGE_STALLED                          10456402       62.326%         22703713       65.473%
ICACHE_STAGE_NOT_STALLED                       2911397       17.354%          5806183       16.744%
ICACHE_STAGE_OFF_PATH                          3409154       20.320%          6166495       17.783%
                                              16776953      100.000%         34676391      100.000%
                                                  0.58         0.71              0.52         0.69

DECODE_STAGE_STARVED                          13535295       98.774%         28784772       98.958%
DECODE_STAGE_NOT_STARVED                        168058        1.226%           303061        1.042%
                                              13703353      100.000%         29087833      100.000%
                                                  0.01         0.11              0.01         0.10

DECODE_STAGE_STALLED                             41019        0.244%            60733        0.175%
DECODE_STAGE_NOT_STALLED                      13662334       81.435%         29027100       83.709%
DECODE_STAGE_OFF_PATH                          3073600       18.320%          5588558       16.116%
                                              16776953      100.000%         34676391      100.000%
                                                  1.18         0.64              1.16         0.59

UOPQ_STAGE_STARVED                              310153       10.387%           675829       11.280%
UOPQ_STAGE_NOT_STARVED                         2675717       89.613%          5315588       88.720%
                                               2985870      100.000%          5991417      100.000%
                                                  0.90         0.85              0.89         0.84

UOPQ_STAGE_STALLED                            10455495       62.321%         22697887       65.456%
UOPQ_STAGE_NOT_STALLED                         2985870       17.797%          5991417       17.278%
UOPQ_STAGE_OFF_PATH                            3335588       19.882%          5987087       17.266%
                                              16776953      100.000%         34676391      100.000%
                                                  0.58         0.71              0.52         0.68

MAP_STAGE_STARVED                               119964        0.886%           270575        0.939%
MAP_STAGE_NOT_STARVED                         13427325       99.114%         28552488       99.061%
                                              13547289      100.000%         28823063      100.000%
                                                  0.99         0.99              0.99         0.99

MAP_STAGE_STALLED                             10553666       62.906%         22853288       65.904%
MAP_STAGE_NOT_STALLED                          2993623       17.844%          5969775       17.216%
MAP_STAGE_OFF_PATH                             3229664       19.251%          5853328       16.880%
                                              16776953      100.000%         34676391      100.000%
                                                  0.56         0.70              0.51         0.68

EXEC_STAGE_STARVED                            15471236       92.217%         32392172       93.413%
EXEC_STAGE_NOT_STARVED                           12490        0.074%            26560        0.077%
EXEC_STAGE_OFF_PATH                            1293227        7.708%          2257659        6.511%
                                              16776953      100.000%         34676391      100.000%
                                                  0.15         0.51              0.13         0.48

FU_BUSY_0                                      4088689                        8061955              

FU_BUSY_1                                      2460498                        4863969              

FU_BUSY_2                                      2009795                        3867737              

FU_BUSY_3                                      1522625                        3043953              

FU_BUSY_4                                      1547019                        2976440              

FU_BUSY_5                                      2062067                        4066641              

FU_BUSY_6                                        86875                         180895              

FU_BUSY_7                                       104558                         216286              

FU_BUSY_8                                            0                              0              

FU_BUSY_9                                            0                              0              

FU_BUSY_10                                           0                              0              

FU_BUSY_11                                           0                              0              

FU_BUSY_12                                           0                              0              

FU_BUSY_13                                           0                              0              

FU_BUSY_14                                           0                              0              

FU_BUSY_15                                           0                              0              

FU_BUSY_16                                           0                              0              

FU_BUSY_17                                           0                              0              

FU_BUSY_18                                           0                              0              

FU_BUSY_19                                           0                              0              

FU_BUSY_20                                           0                              0              

FU_BUSY_21                                           0                              0              

FU_BUSY_22                                           0                              0              

FU_BUSY_23                                           0                              0              

FU_BUSY_24                                           0                              0              

FU_BUSY_25                                           0                              0              

FU_BUSY_26                                           0                              0              

FU_BUSY_27                                           0                              0              

FU_BUSY_28                                           0                              0              

FU_BUSY_29                                           0                              0              

FU_BUSY_30                                           0                              0              

FU_BUSY_31                                           0                              0              

FU_REJECTED_OP_INV_NOT_SIMD                          0        0.000%                0        0.000%
FU_REJECTED_OP_NOP_NOT_SIMD                        108        1.253%              472        2.330%
FU_REJECTED_OP_CF_NOT_SIMD                          25        0.290%               62        0.306%
FU_REJECTED_OP_MOV_NOT_SIMD                        540        6.267%             1317        6.502%
FU_REJECTED_OP_CMOV_NOT_SIMD                         2        0.023%                3        0.015%
FU_REJECTED_OP_LDA_NOT_SIMD                        116        1.346%              314        1.550%
FU_REJECTED_OP_IMEM_NOT_SIMD                        52        0.604%              174        0.859%
FU_REJECTED_OP_IADD_NOT_SIMD                      6745       78.285%            15254       75.306%
FU_REJECTED_OP_IMUL_NOT_SIMD                       475        5.513%             1175        5.801%
FU_REJECTED_OP_IDIV_NOT_SIMD                        13        0.151%               89        0.439%
FU_REJECTED_OP_ICMP_NOT_SIMD                        18        0.209%              117        0.578%
FU_REJECTED_OP_LOGIC_NOT_SIMD                      158        1.834%              398        1.965%
FU_REJECTED_OP_SHIFT_NOT_SIMD                      264        3.064%              608        3.002%
FU_REJECTED_OP_FMEM_NOT_SIMD                         2        0.023%               11        0.054%
FU_REJECTED_OP_FCVT_NOT_SIMD                         0        0.000%                0        0.000%
FU_REJECTED_OP_FADD_NOT_SIMD                         0        0.000%                0        0.000%
FU_REJECTED_OP_FMUL_NOT_SIMD                         0        0.000%                0        0.000%
FU_REJECTED_OP_FMA_NOT_SIMD                          0        0.000%                0        0.000%
FU_REJECTED_OP_FDIV_NOT_SIMD                         0        0.000%                0        0.000%
FU_REJECTED_OP_FCMP_NOT_SIMD                         0        0.000%                0        0.000%
FU_REJECTED_OP_FCMOV_NOT_SIMD                        0        0.000%                0        0.000%
FU_REJECTED_OP_GATHER_NOT_SIMD                       0        0.000%                0        0.000%
FU_REJECTED_OP_SCATTER_NOT_SIMD                      0        0.000%                0        0.000%
FU_REJECTED_OP_PIPELINED_FAST_NOT_SIMD               0        0.000%                0        0.000%
FU_REJECTED_OP_PIPELINED_MEDIUM_NOT_SIMD             0        0.000%                0        0.000%
FU_REJECTED_OP_PIPELINED_SLOW_NOT_SIMD               0        0.000%                0        0.000%
FU_REJECTED_OP_NOTPIPELINED_MEDIUM_NOT_SIMD             0        0.000%                0        0.000%
FU_REJECTED_OP_NOTPIPELINED_SLOW_NOT_SIMD             0        0.000%                0        0.000%
FU_REJECTED_OP_NOTPIPELINED_VERY_SLOW_NOT_SIMD             0        0.000%                0        0.000%
FU_REJECTED_OP_INV_SIMD                              0        0.000%                0        0.000%
FU_REJECTED_OP_NOP_SIMD                              0        0.000%                0        0.000%
FU_REJECTED_OP_CF_SIMD                               0        0.000%                0        0.000%
FU_REJECTED_OP_MOV_SIMD                             61        0.708%              171        0.844%
FU_REJECTED_OP_CMOV_SIMD                             0        0.000%                0        0.000%
FU_REJECTED_OP_LDA_SIMD                              0        0.000%                0        0.000%
FU_REJECTED_OP_IMEM_SIMD                             0        0.000%                0        0.000%
FU_REJECTED_OP_IADD_SIMD                             0        0.000%                0        0.000%
FU_REJECTED_OP_IMUL_SIMD                             0        0.000%                0        0.000%
FU_REJECTED_OP_IDIV_SIMD                             0        0.000%                0        0.000%
FU_REJECTED_OP_ICMP_SIMD                             0        0.000%                0        0.000%
FU_REJECTED_OP_LOGIC_SIMD                            0        0.000%                0        0.000%
FU_REJECTED_OP_SHIFT_SIMD                            0        0.000%                0        0.000%
FU_REJECTED_OP_FMEM_SIMD                             0        0.000%                0        0.000%
FU_REJECTED_OP_FCVT_SIMD                             0        0.000%                0        0.000%
FU_REJECTED_OP_FADD_SIMD                            37        0.429%               91        0.449%
FU_REJECTED_OP_FMUL_SIMD                             0        0.000%                0        0.000%
FU_REJECTED_OP_FMA_SIMD                              0        0.000%                0        0.000%
FU_REJECTED_OP_FDIV_SIMD                             0        0.000%                0        0.000%
FU_REJECTED_OP_FCMP_SIMD                             0        0.000%                0        0.000%
FU_REJECTED_OP_FCMOV_SIMD                            0        0.000%                0        0.000%
FU_REJECTED_OP_GATHER_SIMD                           0        0.000%                0        0.000%
FU_REJECTED_OP_SCATTER_SIMD                          0        0.000%                0        0.000%
FU_REJECTED_OP_PIPELINED_FAST_SIMD                   0        0.000%                0        0.000%
FU_REJECTED_OP_PIPELINED_MEDIUM_SIMD                 0        0.000%                0        0.000%
FU_REJECTED_OP_PIPELINED_SLOW_SIMD                   0        0.000%                0        0.000%
FU_REJECTED_OP_NOTPIPELINED_MEDIUM_SIMD              0        0.000%                0        0.000%
FU_REJECTED_OP_NOTPIPELINED_SLOW_SIMD                0        0.000%                0        0.000%
FU_REJECTED_OP_NOTPIPELINED_VERY_SLOW_SIMD             0        0.000%                0        0.000%
                                                  8616      100.000%            20256      100.000%
                                                  7.25         3.60              7.24         3.82

OP_WAIT_0                                      7651567                       15262682              

OP_WAIT_1                                      1781322                        3504174              

OP_WAIT_2                                       473124                         910416              

OP_WAIT_3                                       240407                         471394              

OP_WAIT_4                                       173673                         363097              

OP_WAIT_5                                       201699                         402116              

OP_WAIT_6                                       163322                         325530              

OP_WAIT_7                                       143947                         271049              

OP_WAIT_8                                        73043                         151988              

OP_WAIT_9                                        66923                         142330              

OP_WAIT_10                                       67472                         137014              

OP_WAIT_11                                       42713                          75242              

OP_WAIT_12                                       42831                          72148              

OP_WAIT_13                                       39958                          67454              

OP_WAIT_14                                       41039                          67921              

OP_WAIT_15                                       17628                          34726              

OP_WAIT_16                                        4587                           9439              

OP_WAIT_17                                        4478                           9603              

OP_WAIT_18                                        2660                           8591              

OP_WAIT_19                                        5889                          17015              

OP_WAIT_20                                        6564                          15765              

OP_WAIT_21                                        5091                          21023              

OP_WAIT_22                                        5678                          18431              

OP_WAIT_23                                        3771                          10358              

OP_WAIT_24                                        4530                          11974              

OP_WAIT_25                                        3254                          10917              

OP_WAIT_26                                        3688                          14851              

OP_WAIT_27                                        5907                          15286              

OP_WAIT_28                                        2392                           9171              

OP_WAIT_29                                       10067                          27148              

OP_WAIT_30                                        5932                          11844              

OP_WAIT_31                                      806662                        1702529              

ROW_SIZE_0                                    14224266                       29571291              

ROW_SIZE_1                                      394325                         767802              

ROW_SIZE_2                                       95740                         186755              

ROW_SIZE_3                                       50450                         100338              

ROW_SIZE_4                                      108533                         203434              

ROW_SIZE_5                                       24617                          51728              

ROW_SIZE_6                                     1801241                        3609754              

ROW_SIZE_7                                           0                              0              

ROW_SIZE_8                                           0                              0              

ROW_SIZE_9                                           0                              0              

ROW_SIZE_10                                          0                              0              

ROW_SIZE_11                                          0                              0              

ROW_SIZE_12                                          0                              0              

ROW_SIZE_13                                          0                              0              

ROW_SIZE_14                                          0                              0              

ROW_SIZE_15                                          0                              0              

ROW_SIZE_16                                          0                              0              

ROW_SIZE_17                                          0                              0              

ROW_SIZE_18                                          0                              0              

ROW_SIZE_19                                          0                              0              

ROW_SIZE_20                                          0                              0              

ROW_SIZE_21                                          0                              0              

ROW_SIZE_22                                          0                              0              

ROW_SIZE_23                                          0                              0              

ROW_SIZE_24                                          0                              0              

ROW_SIZE_25                                          0                              0              

ROW_SIZE_26                                          0                              0              

ROW_SIZE_27                                          0                              0              

ROW_SIZE_28                                          0                              0              

ROW_SIZE_29                                          0                              0              

ROW_SIZE_30                                          0                              0              

ROW_SIZE_31                                          0                              0              

RET_OP_EXEC_COUNT_0                                  0        0.000%                0        0.000%
RET_OP_EXEC_COUNT_1                           12101818      100.000%         24173226      100.000%
RET_OP_EXEC_COUNT_2                                  0        0.000%                0        0.000%
RET_OP_EXEC_COUNT_3                                  0        0.000%                0        0.000%
RET_OP_EXEC_COUNT_4                                  0        0.000%                0        0.000%
RET_OP_EXEC_COUNT_5                                  0        0.000%                0        0.000%
RET_OP_EXEC_COUNT_6                                  0        0.000%                0        0.000%
RET_OP_EXEC_COUNT_7                                  0        0.000%                0        0.000%
RET_OP_EXEC_COUNT_8                                  0        0.000%                0        0.000%
RET_OP_EXEC_COUNT_9                                  0        0.000%                0        0.000%
RET_OP_EXEC_COUNT_10                                 0        0.000%                0        0.000%
RET_OP_EXEC_COUNT_11                                 0        0.000%                0        0.000%
RET_OP_EXEC_COUNT_12                                 0        0.000%                0        0.000%
RET_OP_EXEC_COUNT_13                                 0        0.000%                0        0.000%
RET_OP_EXEC_COUNT_14                                 0        0.000%                0        0.000%
RET_OP_EXEC_COUNT_15                                 0        0.000%                0        0.000%
RET_OP_EXEC_COUNT_16                                 0        0.000%                0        0.000%
RET_OP_EXEC_COUNT_17                                 0        0.000%                0        0.000%
RET_OP_EXEC_COUNT_18                                 0        0.000%                0        0.000%
RET_OP_EXEC_COUNT_19                                 0        0.000%                0        0.000%
RET_OP_EXEC_COUNT_20                                 0        0.000%                0        0.000%
RET_OP_EXEC_COUNT_21                                 0        0.000%                0        0.000%
RET_OP_EXEC_COUNT_22                                 0        0.000%                0        0.000%
RET_OP_EXEC_COUNT_23                                 0        0.000%                0        0.000%
RET_OP_EXEC_COUNT_24                                 0        0.000%                0        0.000%
RET_OP_EXEC_COUNT_25                                 0        0.000%                0        0.000%
RET_OP_EXEC_COUNT_26                                 0        0.000%                0        0.000%
RET_OP_EXEC_COUNT_27                                 0        0.000%                0        0.000%
RET_OP_EXEC_COUNT_28                                 0        0.000%                0        0.000%
RET_OP_EXEC_COUNT_29                                 0        0.000%                0        0.000%
RET_OP_EXEC_COUNT_30                                 0        0.000%                0        0.000%
RET_OP_EXEC_COUNT_31                                 0        0.000%                0        0.000%
RET_OP_EXEC_COUNT_32                                 0        0.000%                0        0.000%
                                              12101818      100.000%         24173226      100.000%
                                                  1.00         0.00              1.00         0.00

RET_STALL_LENGTH_0                            12019250       99.318%         24002531       99.294%
RET_STALL_LENGTH_100                             81500        0.673%           168339        0.696%
RET_STALL_LENGTH_200                               348        0.003%              880        0.004%
RET_STALL_LENGTH_300                                30        0.000%               51        0.000%
RET_STALL_LENGTH_400                                13        0.000%               39        0.000%
RET_STALL_LENGTH_500                                14        0.000%               27        0.000%
RET_STALL_LENGTH_600                                 2        0.000%                6        0.000%
RET_STALL_LENGTH_700                                 2        0.000%                3        0.000%
RET_STALL_LENGTH_800                                 1        0.000%                2        0.000%
RET_STALL_LENGTH_900                                 4        0.000%                6        0.000%
RET_STALL_LENGTH_1000                                9        0.000%               10        0.000%
RET_STALL_LENGTH_1100                               80        0.001%              122        0.001%
RET_STALL_LENGTH_1200                              480        0.004%             1025        0.004%
RET_STALL_LENGTH_1300                               83        0.001%              177        0.001%
RET_STALL_LENGTH_1400                                2        0.000%                7        0.000%
RET_STALL_LENGTH_1500                                0        0.000%                0        0.000%
RET_STALL_LENGTH_1600                                0        0.000%                0        0.000%
RET_STALL_LENGTH_1700                                0        0.000%                0        0.000%
RET_STALL_LENGTH_1800                                0        0.000%                1        0.000%
RET_STALL_LENGTH_1900                                0        0.000%                0        0.000%
RET_STALL_LENGTH_2000                                0        0.000%                0        0.000%
RET_STALL_LENGTH_2100                                0        0.000%                0        0.000%
RET_STALL_LENGTH_2200                                0        0.000%                0        0.000%
RET_STALL_LENGTH_2300                                0        0.000%                0        0.000%
RET_STALL_LENGTH_2400                                0        0.000%                0        0.000%
RET_STALL_LENGTH_2500                                0        0.000%                0        0.000%
RET_STALL_LENGTH_2600                                0        0.000%                0        0.000%
RET_STALL_LENGTH_2700                                0        0.000%                0        0.000%
RET_STALL_LENGTH_2800                                0        0.000%                0        0.000%
RET_STALL_LENGTH_2900                                0        0.000%                0        0.000%
RET_STALL_LENGTH_3000                                0        0.000%                0        0.000%
RET_STALL_LENGTH_3100                                0        0.000%                0        0.000%
RET_STALL_LENGTH_3200                                0        0.000%                0        0.000%
RET_STALL_LENGTH_3300                                0        0.000%                0        0.000%
RET_STALL_LENGTH_3400                                0        0.000%                0        0.000%
RET_STALL_LENGTH_3500                                0        0.000%                0        0.000%
RET_STALL_LENGTH_3600                                0        0.000%                0        0.000%
RET_STALL_LENGTH_3700                                0        0.000%                0        0.000%
RET_STALL_LENGTH_3800                                0        0.000%                0        0.000%
RET_STALL_LENGTH_3900                                0        0.000%                0        0.000%
RET_STALL_LENGTH_4000                                0        0.000%                0        0.000%
RET_STALL_LENGTH_4100                                0        0.000%                0        0.000%
RET_STALL_LENGTH_4200                                0        0.000%                0        0.000%
RET_STALL_LENGTH_4300                                0        0.000%                0        0.000%
RET_STALL_LENGTH_4400                                0        0.000%                0        0.000%
RET_STALL_LENGTH_4500                                0        0.000%                0        0.000%
RET_STALL_LENGTH_4600                                0        0.000%                0        0.000%
RET_STALL_LENGTH_4700                                0        0.000%                0        0.000%
RET_STALL_LENGTH_4800                                0        0.000%                0        0.000%
RET_STALL_LENGTH_4900                                0        0.000%                0        0.000%
RET_STALL_LENGTH_5000                                0        0.000%                0        0.000%
                                              12101818      100.000%         24173226      100.000%
                                                  0.01         0.12              0.01         0.12

MEM_BLOCK_LENGTH_0                                   3      100.000%                7       87.500%
MEM_BLOCK_LENGTH_100                                 0        0.000%                1       12.500%
MEM_BLOCK_LENGTH_200                                 0        0.000%                0        0.000%
MEM_BLOCK_LENGTH_300                                 0        0.000%                0        0.000%
MEM_BLOCK_LENGTH_400                                 0        0.000%                0        0.000%
MEM_BLOCK_LENGTH_500                                 0        0.000%                0        0.000%
MEM_BLOCK_LENGTH_600                                 0        0.000%                0        0.000%
MEM_BLOCK_LENGTH_700                                 0        0.000%                0        0.000%
MEM_BLOCK_LENGTH_800                                 0        0.000%                0        0.000%
MEM_BLOCK_LENGTH_900                                 0        0.000%                0        0.000%
MEM_BLOCK_LENGTH_1000                                0        0.000%                0        0.000%
MEM_BLOCK_LENGTH_1100                                0        0.000%                0        0.000%
MEM_BLOCK_LENGTH_1200                                0        0.000%                0        0.000%
MEM_BLOCK_LENGTH_1300                                0        0.000%                0        0.000%
MEM_BLOCK_LENGTH_1400                                0        0.000%                0        0.000%
MEM_BLOCK_LENGTH_1500                                0        0.000%                0        0.000%
MEM_BLOCK_LENGTH_1600                                0        0.000%                0        0.000%
MEM_BLOCK_LENGTH_1700                                0        0.000%                0        0.000%
MEM_BLOCK_LENGTH_1800                                0        0.000%                0        0.000%
MEM_BLOCK_LENGTH_1900                                0        0.000%                0        0.000%
MEM_BLOCK_LENGTH_2000                                0        0.000%                0        0.000%
MEM_BLOCK_LENGTH_2100                                0        0.000%                0        0.000%
MEM_BLOCK_LENGTH_2200                                0        0.000%                0        0.000%
MEM_BLOCK_LENGTH_2300                                0        0.000%                0        0.000%
MEM_BLOCK_LENGTH_2400                                0        0.000%                0        0.000%
MEM_BLOCK_LENGTH_2500                                0        0.000%                0        0.000%
MEM_BLOCK_LENGTH_2600                                0        0.000%                0        0.000%
MEM_BLOCK_LENGTH_2700                                0        0.000%                0        0.000%
MEM_BLOCK_LENGTH_2800                                0        0.000%                0        0.000%
MEM_BLOCK_LENGTH_2900                                0        0.000%                0        0.000%
MEM_BLOCK_LENGTH_3000                                0        0.000%                0        0.000%
MEM_BLOCK_LENGTH_3100                                0        0.000%                0        0.000%
MEM_BLOCK_LENGTH_3200                                0        0.000%                0        0.000%
MEM_BLOCK_LENGTH_3300                                0        0.000%                0        0.000%
MEM_BLOCK_LENGTH_3400                                0        0.000%                0        0.000%
MEM_BLOCK_LENGTH_3500                                0        0.000%                0        0.000%
MEM_BLOCK_LENGTH_3600                                0        0.000%                0        0.000%
MEM_BLOCK_LENGTH_3700                                0        0.000%                0        0.000%
MEM_BLOCK_LENGTH_3800                                0        0.000%                0        0.000%
MEM_BLOCK_LENGTH_3900                                0        0.000%                0        0.000%
MEM_BLOCK_LENGTH_4000                                0        0.000%                0        0.000%
MEM_BLOCK_LENGTH_4100                                0        0.000%                0        0.000%
MEM_BLOCK_LENGTH_4200                                0        0.000%                0        0.000%
MEM_BLOCK_LENGTH_4300                                0        0.000%                0        0.000%
MEM_BLOCK_LENGTH_4400                                0        0.000%                0        0.000%
MEM_BLOCK_LENGTH_4500                                0        0.000%                0        0.000%
MEM_BLOCK_LENGTH_4600                                0        0.000%                0        0.000%
MEM_BLOCK_LENGTH_4700                                0        0.000%                0        0.000%
MEM_BLOCK_LENGTH_4800                                0        0.000%                0        0.000%
MEM_BLOCK_LENGTH_4900                                0        0.000%                0        0.000%
MEM_BLOCK_LENGTH_5000                                0        0.000%                0        0.000%
                                                     3      100.000%                8      100.000%
                                                  0.00         0.00              0.12         0.33

FUS_BUSY_ON_PATH                              12114538        0.7221         24201360        0.6979

FUS_BUSY_OFF_PATH                              1767588        0.1054          3076516        0.0887

FU_BUSY_MEM_STALL                                10635        0.0006            23995        0.0007

FUS_EMPTY                                    120333498        7.1725        250133252        7.2134

FU_UNAVAILABLE                                    1795        0.0001             4762        0.0001

FU_MEM_UNAVAILABLE                                6821        0.0004            15494        0.0004

FU_REPLAY                                            0        0.0000                0        0.0000

FU_STARVED                                   120296284        7.1703        250062008        7.2113

CHIP_UTILIZATION                                     0        0.0000                0        0.0000

CYCLES_UNDER_MEM_REQ                                 0                              0              

CYCLES_UNDER_NO_MEM_REQ                              0                              0              

CYCLES_UNDER_CRITICAL_MEM_REQ                        0                              0              

CYCLES_UNDER_NONCRITICAL_MEM_REQ                     0                              0              

CHIP_UTILIZATION_UNDER_MEM_REQ                       0          -nan                0          -nan

CHIP_UTILIZATION_UNDER_NO_MEM_REQ                    0          -nan                0          -nan

CHIP_UTILIZATION_UNDER_CRITICAL_MEM_REQ              0          -nan                0          -nan

CHIP_UTILIZATION_UNDER_NONCRITICAL_MEM_REQ             0          -nan                0          -nan

CYCLES_NOT_WAITING_FOR_OFF_CHIP                      0        0.0000                0        0.0000

FUS_BUSY_NOT_WAITING_FOR_OFF_CHIP                    0          -nan                0          -nan

CYCLES_WAITING_FOR_OFF_CHIP                          0        0.0000                0        0.0000

FUS_BUSY_WAITING_FOR_OFF_CHIP                        0          -nan                0          -nan

TOTAL_OFF_CHIP_DELAYS_LEFT                           0                              0              

WRONG_IO_SCHED                                       0                              0              

DVFS_CONFIG_SWITCH                                   0                              0              

MAP_STAGE_RECEIVED_OPS_0                             0        0.000%                0        0.000%
MAP_STAGE_RECEIVED_OPS_1                        441882       15.419%           838255       14.749%
MAP_STAGE_RECEIVED_OPS_2                        121715        4.247%           253567        4.461%
MAP_STAGE_RECEIVED_OPS_3                        111631        3.895%           234011        4.117%
MAP_STAGE_RECEIVED_OPS_4                        900488       31.421%          1745334       30.709%
MAP_STAGE_RECEIVED_OPS_5                        263092        9.180%           534320        9.401%
MAP_STAGE_RECEIVED_OPS_6                       1027067       35.838%          2077967       36.562%
MAP_STAGE_RECEIVED_OPS_7                             0        0.000%                0        0.000%
MAP_STAGE_RECEIVED_OPS_8                             0        0.000%                0        0.000%
MAP_STAGE_RECEIVED_OPS_MAX                           0        0.000%                0        0.000%
                                               2865875      100.000%          5683454      100.000%
                                                  4.22         1.75              4.25         1.74

MAP_STAGE_WAIT_FOR_DECODE                            0         -nan%                0         -nan%
MAP_STAGE_CONSUME_DECODE                             0         -nan%                0         -nan%
                                                     0         -nan%                0         -nan%
                                                  -nan         -nan              -nan         -nan

MAP_STAGE_WAIT_FOR_DECODE2                           0         -nan%                0         -nan%
MAP_STAGE_CONSUME_DECODE2                            0         -nan%                0         -nan%
                                                     0         -nan%                0         -nan%
                                                  -nan         -nan              -nan         -nan

FTQ_RECOVER_EXEC                                  9038                          17452              

FTQ_RECOVER_DECODE                                   5                            485              

FTQ_OFFPATH_CYCLES                             5206048                        9062298              

FTQ_CYCLES_OFFPATH                             5268056                        9213058              

FTQ_CYCLES_ONPATH                             11508897                       25463333              

FTQ_FETCHED_INS_OFFPATH                        5229533                       10078497              

FTQ_FETCHED_INS_ONPATH                        12092178                       24155289              

FTQ_BREAK_FULL_FT_ONPATH                      11327583       98.505%         25142186       98.810%
FTQ_BREAK_MAX_CFS_TAKEN_ONPATH                  164256        1.428%           289168        1.136%
FTQ_BREAK_MAX_BYTES_ONPATH                        7635        0.066%            13662        0.054%
FTQ_BREAK_PRED_BR_ONPATH                             0        0.000%                0        0.000%
FTQ_BREAK_BAR_FETCH_ONPATH                           0        0.000%                0        0.000%
                                              11499474      100.000%         25445016      100.000%
                                                  0.02         0.13              0.01         0.11

FTQ_BREAK_FULL_FT_OFFPATH                      5258008       99.643%          9172010       99.364%
FTQ_BREAK_MAX_CFS_TAKEN_OFFPATH                  17163        0.325%            42921        0.465%
FTQ_BREAK_MAX_BYTES_OFFPATH                       1672        0.032%            15808        0.171%
FTQ_BREAK_PRED_BR_OFFPATH                            0        0.000%                0        0.000%
FTQ_BREAK_BAR_FETCH_OFFPATH                          0        0.000%                0        0.000%
                                               5276843      100.000%          9230739      100.000%
                                                  0.00         0.07              0.01         0.11



