/* -*- Mode: c -*- */
####################################################################################################
Core 0
####################################################################################################
Cumulative:        Cycles: 34676391              Instructions: 20000000              IPC: 0.57676

Periodic:          Cycles: 16776953              Instructions: 9999997               IPC: 0.59606

MISS_WAIT_TIME                             28106174647                    44224086687              

ICACHE_STAGE_MISS                                 1175                           3225              

ICACHE_CYCLE                                  16776953                       34676391              

TCACHE_CYCLE                                         0                              0              

ICACHE_CYCLE_ONPATH                           13367799       79.680%         28509896       82.217%
ICACHE_CYCLE_OFFPATH                           3409154       20.320%          6166495       17.783%
                                              16776953      100.000%         34676391      100.000%
                                                  0.20         0.37              0.18         0.35

FETCH_ON_PATH                                  2920440       83.075%          5824120       84.069%
FETCH_OFF_PATH                                  594968       16.925%          1103662       15.931%
                                               3515408      100.000%          6927782      100.000%
                                                  0.17         0.35              0.16         0.34

FETCHED_OPS_ON_PATH                                  0         -nan%                0         -nan%
FETCHED_OPS_OFF_PATH                                 0         -nan%                0         -nan%
                                                     0         -nan%                0         -nan%
                                                  -nan         -nan              -nan         -nan

INST_LOST_FETCH                               12101436       12.050%         24173226       11.648%
INST_LOST_OFF_PATH                             2765607        2.754%          5017403        2.418%
INST_LOST_FULL_WINDOW                            27204        0.027%            58296        0.028%
INST_LOST_ROB_STALL_OTHER                      1323678        1.318%          2709492        1.306%
INST_LOST_ROB_STALL_WAIT_FOR_RECOVERY              618        0.001%             2646        0.001%
INST_LOST_ROB_STALL_WAIT_FOR_REDIRECT                0        0.000%                0        0.000%
INST_LOST_ROB_STALL_WAIT_FOR_GAP_FILL                0        0.000%                0        0.000%
INST_LOST_ROB_STALL_WAIT_FOR_L1_MISS                 0        0.000%                0        0.000%
INST_LOST_ROB_STALL_WAIT_FOR_MEMORY                 12        0.000%               30        0.000%
INST_LOST_ROB_STALL_WAIT_FOR_DC_MISS          78217758       77.886%        163721190       78.887%
INST_LOST_ROB_BLOCK_ISSUE_FULL                       0        0.000%                0        0.000%
INST_LOST_ROB_BLOCK_ISSUE_GAP_TOO_LARGE              0        0.000%                0        0.000%
INST_LOST_BREAK_DONT                                 0        0.000%                0        0.000%
INST_LOST_BREAK_RENAME                               0        0.000%                0        0.000%
INST_LOST_BREAK_FT_UNAVAILABLE                    1905        0.002%             1905        0.001%
INST_LOST_BREAK_ICACHE_TO_UOP_CACHE_SWITCH         69882        0.070%           128946        0.062%
INST_LOST_BREAK_ICACHE_MISS_REQ_SUCCESS           4128        0.004%            11861        0.006%
INST_LOST_BREAK_ICACHE_MISS_REQ_FAILURE            106        0.000%              286        0.000%
INST_LOST_BREAK_WAIT_FOR_MISS                   286855        0.286%           815060        0.393%
INST_LOST_BREAK_UOP_CACHE_READ_LIMIT           5585141        5.561%         10816833        5.212%
INST_LOST_BREAK_UOP_CACHE_READ_LIMIT_AND_ISSUE_WIDTH             0        0.000%                0        0.000%
INST_LOST_BREAK_ICACHE_READ_LIMIT                41976        0.042%            81477        0.039%
INST_LOST_BREAK_ICACHE_READ_LIMIT_AND_ISSUE_WIDTH             0        0.000%                0        0.000%
INST_LOST_BREAK_ISSUE_WIDTH                          0        0.000%                0        0.000%
INST_LOST_BREAK_BARRIERT                             0        0.000%                0        0.000%
INST_LOST_BREAK_WAIT_FOR_EMPTY_ROB                   0        0.000%                0        0.000%
INST_LOST_BREAK_APP_EXIT                             0        0.000%                0        0.000%
INST_LOST_BREAK_STALL                                0        0.000%                0        0.000%
                                             100426306      100.000%        207538651      100.000%
                                                  8.21         3.02              8.24         2.93

INST_LOST_TOTAL                              100426306                      207538651              

INST_LOST_WAIT_FOR_ICACHE_MISS_NOT_PREFETCHED             0        0.000%            89325       12.981%
INST_LOST_WAIT_FOR_ICACHE_MISS_PREFETCHED_AND_EVICTED_BY_IFETCH             0        0.000%                0        0.000%
INST_LOST_WAIT_FOR_ICACHE_MISS_PREFETCHED_AND_EVICTED_BY_FDIP             0        0.000%                0        0.000%
INST_LOST_WAIT_FOR_ICACHE_MISS_MSHR_HIT_PREF_OFFPATH         19970        7.485%            32740        4.758%
INST_LOST_WAIT_FOR_ICACHE_MISS_MSHR_HIT_PREF_ONPATH        246815       92.515%           566035       82.261%
                                                266785      100.000%           688100      100.000%
                                                  3.93         3.78              3.43         3.16

FETCH_0_OPS                                   13378335       79.465%         28079569       80.590%
FETCH_1_OPS                                     498063        2.958%           947666        2.720%
FETCH_2_OPS                                     180148        1.070%           355932        1.022%
FETCH_3_OPS                                     127912        0.760%           265330        0.762%
FETCH_4_OPS                                     937663        5.570%          1812597        5.202%
FETCH_5_OPS                                     406104        2.412%           804831        2.310%
FETCH_6_OPS                                    1307296        7.765%          2576761        7.395%
FETCH_7_OPS                                          0        0.000%                0        0.000%
FETCH_8_OPS                                          0        0.000%                0        0.000%
FETCH_9_OPS                                          0        0.000%                0        0.000%
FETCH_10_OPS                                         0        0.000%                0        0.000%
FETCH_11_OPS                                         0        0.000%                0        0.000%
FETCH_12_OPS                                         0        0.000%                0        0.000%
FETCH_13_OPS                                         0        0.000%                0        0.000%
FETCH_14_OPS                                         0        0.000%                0        0.000%
FETCH_15_OPS                                         0        0.000%                0        0.000%
FETCH_16_OPS                                         0        0.000%                0        0.000%
                                              16835521      100.000%         34842686      100.000%
                                                  0.88         1.74              0.84         1.72

ST_BREAK_DONT                                        0        0.000%                0        0.000%
ST_BREAK_RENAME                                      0        0.000%                0        0.000%
ST_BREAK_FT_UNAVAILABLE                            381        0.011%              381        0.005%
ST_BREAK_ICACHE_TO_UOP_CACHE_SWITCH              24480        0.696%            44759        0.646%
ST_BREAK_ICACHE_MISS_REQ_SUCCESS                  1175        0.033%             3225        0.047%
ST_BREAK_ICACHE_MISS_REQ_FAILURE                    22        0.001%               58        0.001%
ST_BREAK_WAIT_FOR_MISS                           57371        1.632%           163012        2.353%
ST_BREAK_UOP_CACHE_READ_LIMIT                  1972700       56.116%          3831326       55.304%
ST_BREAK_UOP_CACHE_READ_LIMIT_AND_ISSUE_WIDTH        171716        4.885%           350867        5.065%
ST_BREAK_ICACHE_READ_LIMIT                       35758        1.017%            66866        0.965%
ST_BREAK_ICACHE_READ_LIMIT_AND_ISSUE_WIDTH          9501        0.270%            18026        0.260%
ST_BREAK_ISSUE_WIDTH                           1242303       35.339%          2449261       35.354%
ST_BREAK_BARRIERT                                    0        0.000%                0        0.000%
ST_BREAK_WAIT_FOR_EMPTY_ROB                          0        0.000%                0        0.000%
ST_BREAK_APP_EXIT                                    1        0.000%                1        0.000%
ST_BREAK_STALL                                       0        0.000%                0        0.000%
                                               3515408      100.000%          6927782      100.000%
                                                  8.45         1.95              8.44         1.96

ORACLE_ON_PATH_INST                           12101436       81.398%         24173226       82.812%
ORACLE_OFF_PATH_INST                           2765607       18.602%          5017403       17.188%
                                              14867043      100.000%         29190629      100.000%
                                                  0.19         0.36              0.17         0.35

ORACLE_ON_PATH_INST_MEM                        3221912       21.672%          6436170       22.049%
ORACLE_ON_PATH_INST_NOTMEM                     8879524       59.726%         17737056       60.763%
ORACLE_OFF_PATH_INST_MEM                        713729        4.801%          1286890        4.409%
ORACLE_OFF_PATH_INST_NOTMEM                    2051878       13.802%          3730513       12.780%
                                              14867043      100.000%         29190629      100.000%
                                                  1.11         0.84              1.08         0.81

ICACHE_CYCLE_NONRA_ONPATH                            0         -nan%                0         -nan%
ICACHE_CYCLE_NONRA_OFFPATH                           0         -nan%                0         -nan%
ICACHE_CYCLE_RA_ONPATH                               0         -nan%                0         -nan%
ICACHE_CYCLE_RA_OFFPATH                              0         -nan%                0         -nan%
                                                     0         -nan%                0         -nan%
                                                  -nan         -nan              -nan         -nan

ICACHE_CYCLE_ONPATH_NONRA                            0         -nan%                0         -nan%
ICACHE_CYCLE_OFFPATH_NONRA                           0         -nan%                0         -nan%
                                                     0         -nan%                0         -nan%
                                                  -nan         -nan              -nan         -nan

ICACHE_CYCLE_ONPATH_RA                               0         -nan%                0         -nan%
ICACHE_CYCLE_OFFPATH_RA                              0         -nan%                0         -nan%
                                                     0         -nan%                0         -nan%
                                                  -nan         -nan              -nan         -nan

INACCURATE_OFFPATH_CYCLES                            0        0.0000                0        0.0000

FETCH_ALL_INST                                14867043                       29190629              

EXEC_ALL_INST                                 13867441                       27244121              

RET_ALL_INST                                  12101818                       24173226              

EXEC_ON_PATH_INST                             12101635       87.267%         24173226       88.728%
EXEC_OFF_PATH_INST                             1765806       12.733%          3070895       11.272%
                                              13867441      100.000%         27244121      100.000%
                                                  0.13         0.31              0.11         0.30

EXEC_ON_PATH_INST_MEM                          3221955       23.234%          6436170       23.624%
EXEC_ON_PATH_INST_NOTMEM                       8879680       64.033%         17737056       65.104%
EXEC_OFF_PATH_INST_MEM                          491263        3.543%           848706        3.115%
EXEC_OFF_PATH_INST_NOTMEM                      1274543        9.191%          2222189        8.157%
                                              13867441      100.000%         27244121      100.000%
                                                  0.99         0.71              0.96         0.67

EXEC_RA_INST                                         0         -nan%                0         -nan%
EXEC_NONRA_INST                                      0         -nan%                0         -nan%
                                                     0         -nan%                0         -nan%
                                                  -nan         -nan              -nan         -nan

EXEC_ON_PATH_INST_RA                                 0         -nan%                0         -nan%
EXEC_OFF_PATH_INST_RA                                0         -nan%                0         -nan%
                                                     0         -nan%                0         -nan%
                                                  -nan         -nan              -nan         -nan

EXEC_ON_PATH_INST_NONRA                              0         -nan%                0         -nan%
EXEC_OFF_PATH_INST_NONRA                             0         -nan%                0         -nan%
                                                     0         -nan%                0         -nan%
                                                  -nan         -nan              -nan         -nan

EXEC_RA_ON_PATH_INST                                 0         -nan%                0         -nan%
EXEC_RA_OFF_PATH_INST                                0         -nan%                0         -nan%
EXEC_NONRA_ON_PATH_INST                              0         -nan%                0         -nan%
EXEC_NONRA_OFF_PATH_INST                             0         -nan%                0         -nan%
                                                     0         -nan%                0         -nan%
                                                  -nan         -nan              -nan         -nan

ICACHE_THROTTLE_CYCLE                                0                              0              

FETCH_ENABLE_THROTTLE_OFF_PATH                       0         -nan%                0         -nan%
FETCH_ENABLE_THROTTLE_ON_PATH                        0         -nan%                0         -nan%
                                                     0         -nan%                0         -nan%
                                                  -nan         -nan              -nan         -nan

FETCH_DISABLE_THROTTLE_OFF_PATH                      0         -nan%                0         -nan%
FETCH_DISABLE_THROTTLE_ON_PATH                       0         -nan%                0         -nan%
                                                     0         -nan%                0         -nan%
                                                  -nan         -nan              -nan         -nan

FETCH_TH_ADJUST__0                                   0         -nan%                0         -nan%
FETCH_TH_ADJUST__1                                   0         -nan%                0         -nan%
FETCH_TH_ADJUST__2                                   0         -nan%                0         -nan%
FETCH_TH_ADJUST__3                                   0         -nan%                0         -nan%
FETCH_TH_ADJUST__4                                   0         -nan%                0         -nan%
FETCH_TH_ADJUST__5                                   0         -nan%                0         -nan%
FETCH_TH_ADJUST__6                                   0         -nan%                0         -nan%
FETCH_TH_ADJUST__7                                   0         -nan%                0         -nan%
FETCH_TH_ADJUST__8                                   0         -nan%                0         -nan%
FETCH_TH_ADJUST__9                                   0         -nan%                0         -nan%
FETCH_TH_ADJUST__MAX                                 0         -nan%                0         -nan%
                                                     0         -nan%                0         -nan%
                                                  -nan         -nan              -nan         -nan

FETCH_TH_ADJUST_UP                                   0         -nan%                0         -nan%
FETCH_TH_ADJUST_DOWN                                 0         -nan%                0         -nan%
FETCH_TH_ADJUST_SAME                                 0         -nan%                0         -nan%
                                                     0         -nan%                0         -nan%
                                                  -nan         -nan              -nan         -nan

THROTTLE_ADJUST_CACHE_MISS_INFO                      0                              0              

LOW_CONF_COUNT_BP_MIS_0                              0         -nan%                0         -nan%
LOW_CONF_COUNT_BP_MIS_1                              0         -nan%                0         -nan%
LOW_CONF_COUNT_BP_MIS_2                              0         -nan%                0         -nan%
LOW_CONF_COUNT_BP_MIS_3                              0         -nan%                0         -nan%
LOW_CONF_COUNT_BP_MIS_4                              0         -nan%                0         -nan%
LOW_CONF_COUNT_BP_MIS_5                              0         -nan%                0         -nan%
LOW_CONF_COUNT_BP_MIS_6                              0         -nan%                0         -nan%
LOW_CONF_COUNT_BP_MIS_7                              0         -nan%                0         -nan%
LOW_CONF_COUNT_BP_MIS_8                              0         -nan%                0         -nan%
LOW_CONF_COUNT_BP_MIS_9                              0         -nan%                0         -nan%
LOW_CONF_COUNT_BP_MIS_10                             0         -nan%                0         -nan%
LOW_CONF_COUNT_BP_MIS_11                             0         -nan%                0         -nan%
LOW_CONF_COUNT_BP_MIS_12                             0         -nan%                0         -nan%
LOW_CONF_COUNT_BP_MIS_13                             0         -nan%                0         -nan%
LOW_CONF_COUNT_BP_MIS_14                             0         -nan%                0         -nan%
LOW_CONF_COUNT_BP_MIS_15                             0         -nan%                0         -nan%
LOW_CONF_COUNT_BP_MIS_16                             0         -nan%                0         -nan%
LOW_CONF_COUNT_BP_MIS_17                             0         -nan%                0         -nan%
LOW_CONF_COUNT_BP_MIS_18                             0         -nan%                0         -nan%
LOW_CONF_COUNT_BP_MIS_19                             0         -nan%                0         -nan%
LOW_CONF_COUNT_BP_MIS_20                             0         -nan%                0         -nan%
                                                     0         -nan%                0         -nan%
                                                  -nan         -nan              -nan         -nan

LOW_CONF_COUNT_RET_0                                 0         -nan%                0         -nan%
LOW_CONF_COUNT_RET_1                                 0         -nan%                0         -nan%
LOW_CONF_COUNT_RET_2                                 0         -nan%                0         -nan%
LOW_CONF_COUNT_RET_3                                 0         -nan%                0         -nan%
LOW_CONF_COUNT_RET_4                                 0         -nan%                0         -nan%
LOW_CONF_COUNT_RET_5                                 0         -nan%                0         -nan%
LOW_CONF_COUNT_RET_6                                 0         -nan%                0         -nan%
LOW_CONF_COUNT_RET_7                                 0         -nan%                0         -nan%
LOW_CONF_COUNT_RET_8                                 0         -nan%                0         -nan%
LOW_CONF_COUNT_RET_9                                 0         -nan%                0         -nan%
LOW_CONF_COUNT_RET_10                                0         -nan%                0         -nan%
LOW_CONF_COUNT_RET_11                                0         -nan%                0         -nan%
LOW_CONF_COUNT_RET_12                                0         -nan%                0         -nan%
LOW_CONF_COUNT_RET_13                                0         -nan%                0         -nan%
LOW_CONF_COUNT_RET_14                                0         -nan%                0         -nan%
LOW_CONF_COUNT_RET_15                                0         -nan%                0         -nan%
LOW_CONF_COUNT_RET_16                                0         -nan%                0         -nan%
LOW_CONF_COUNT_RET_17                                0         -nan%                0         -nan%
LOW_CONF_COUNT_RET_18                                0         -nan%                0         -nan%
LOW_CONF_COUNT_RET_19                                0         -nan%                0         -nan%
LOW_CONF_COUNT_RET_20                                0         -nan%                0         -nan%
                                                     0         -nan%                0         -nan%
                                                  -nan         -nan              -nan         -nan

CYCLES_RESTEER_MISPRED                               0         -nan%                0         -nan%
CYCLES_RESTEER_MISFETCH                              0         -nan%                0         -nan%
CYCLES_RESTEER_BTB_MISS                              0         -nan%                0         -nan%
                                                     0         -nan%                0         -nan%
                                                  -nan         -nan              -nan         -nan

CYCLES_RESTEER_MISPRED_SAVED_UC_FETCH                0         -nan%                0         -nan%
CYCLES_RESTEER_MISPRED_COULD_BE_SAVED_UC_FETCH             0         -nan%                0         -nan%
CYCLES_RESTEER_MISFETCH_SAVED_UC_FETCH               0         -nan%                0         -nan%
CYCLES_RESTEER_MISFETCH_COULD_BE_SAVED_UC_FETCH             0         -nan%                0         -nan%
CYCLES_RESTEER_BTB_MISS_SAVED_UC_FETCH               0         -nan%                0         -nan%
CYCLES_RESTEER_BTB_MISS_COULD_BE_SAVED_UC_FETCH             0         -nan%                0         -nan%
                                                     0         -nan%                0         -nan%
                                                  -nan         -nan              -nan         -nan

CYCLES_UOC_IC_SWITCH                                 0                              0              



