/* -*- Mode: c -*- */
####################################################################################################
Core 0
####################################################################################################
Cumulative:        Cycles: 8630635               Instructions: 20000000              IPC: 2.31733

Periodic:          Cycles: 4175917               Instructions: 9999998               IPC: 2.39468

EXECUTION_TIME                           1304974062500                  2697073437500              

NODE_CYCLE                                     4175917                        8630635              

NODE_INST_COUNT                                9999998                       20000000              

NODE_INST_COUNT_FETCHED                        9999998                       20000000              

NODE_UOP_COUNT                                10463588                       20934875              

FULL_WINDOW_STALL                               919429       22.017%          1944031       22.525%

FULL_WINDOW_MEM_OP                              377093       54.924%           871846       59.102%
FULL_WINDOW_FP_OP                               297910       43.391%           578235       39.199%
FULL_WINDOW_OTHER_OP                             11575        1.686%            25062        1.699%
                                                686578      100.000%          1475143      100.000%
                                                  0.47         0.41              0.43         0.42

RET_BLOCKED_DC_MISS                             980944       23.491%          2132604       24.710%

RET_BLOCKED_L1_MISS                              72114        1.727%           261449        3.029%

RET_BLOCKED_L1_MISS_BW_PREF                          0        0.000%                0        0.000%

RET_BLOCKED_L1_ACCESS                           908830       21.764%          1871314       21.682%

RET_BLOCKED_MEM_STALL                            72114        1.727%           261468        3.030%

RET_BLOCKED_OFFCHIP_DEMAND                           0        0.000%                0        0.000%

OP_ISSUED                                     13959593                       28428997              

OP_RETIRED                                    10463588                       20934875              

REPLAY_SIGNALED                                      0                              0              

REPLAY_COUNTED                                       0                              0              

OFF_CRITICAL_PATH                                    0         -nan%                0         -nan%
ON_CRITICAL_PATH                                     0         -nan%                0         -nan%
                                                     0         -nan%                0         -nan%
                                                  -nan         -nan              -nan         -nan

LD_NO_DEPENDENTS                                 36703        1.187%            73421        1.187%
LD_DEPENDENTS                                  3056524       98.813%          6109754       98.813%
                                               3093227      100.000%          6183175      100.000%
                                                  0.99         0.98              0.99         0.98

LD_EXEC_CYCLES_0                                     0        0.000%                0        0.000%
LD_EXEC_CYCLES_1                                     0        0.000%                0        0.000%
LD_EXEC_CYCLES_2                                     0        0.000%                0        0.000%
LD_EXEC_CYCLES_3                                  7195       45.254%            14669       48.832%
LD_EXEC_CYCLES_4                                  8704       54.746%            15371       51.168%
                                                 15899      100.000%            30040      100.000%
                                                  3.55         2.67              3.51         2.56

ICACHE_STAGE_STARVED                              3776        0.163%            53723        1.153%
ICACHE_STAGE_NOT_STARVED                       2306422       99.837%          4607051       98.847%
                                               2310198      100.000%          4660774      100.000%
                                                  1.00         1.00              0.99         0.98

ICACHE_STAGE_STALLED                            495896       11.875%          1036684       12.012%
ICACHE_STAGE_NOT_STALLED                       2308420       55.279%          4634127       53.694%
ICACHE_STAGE_OFF_PATH                          1371601       32.846%          2959824       34.294%
                                               4175917      100.000%          8630635      100.000%
                                                  1.21         0.84              1.22         0.86

DECODE_STAGE_STARVED                           3650715       93.928%          7496446       94.226%
DECODE_STAGE_NOT_STARVED                        236016        6.072%           459393        5.774%
                                               3886731      100.000%          7955839      100.000%
                                                  0.06         0.23              0.06         0.23

DECODE_STAGE_STALLED                            199612        4.780%           361884        4.193%
DECODE_STAGE_NOT_STALLED                       3687119       88.295%          7593955       87.988%
DECODE_STAGE_OFF_PATH                           289186        6.925%           674796        7.819%
                                               4175917      100.000%          8630635      100.000%
                                                  1.02         0.37              1.04         0.40

UOPQ_STAGE_STARVED                              865324       33.143%          1891673       35.454%
UOPQ_STAGE_NOT_STARVED                         1745588       66.857%          3443891       64.546%
                                               2610912      100.000%          5335564      100.000%
                                                  0.67         0.61              0.65         0.59

UOPQ_STAGE_STALLED                              466999       11.183%           982181       11.380%
UOPQ_STAGE_NOT_STALLED                         2610912       62.523%          5335564       61.821%
UOPQ_STAGE_OFF_PATH                            1098006       26.294%          2312890       26.799%
                                               4175917      100.000%          8630635      100.000%
                                                  1.15         0.74              1.15         0.75

MAP_STAGE_STARVED                               100466        3.404%           237549        3.968%
MAP_STAGE_NOT_STARVED                          2851011       96.596%          5749131       96.032%
                                               2951477      100.000%          5986680      100.000%
                                                  0.97         0.95              0.96         0.94

MAP_STAGE_STALLED                               518505       12.417%          1084312       12.564%
MAP_STAGE_NOT_STALLED                          2432972       58.262%          4902368       56.802%
MAP_STAGE_OFF_PATH                             1224440       29.321%          2643955       30.635%
                                               4175917      100.000%          8630635      100.000%
                                                  1.17         0.79              1.18         0.81

EXEC_STAGE_STARVED                             2216643       53.082%          4533243       52.525%
EXEC_STAGE_NOT_STARVED                         1173230       28.095%          2330740       27.005%
EXEC_STAGE_OFF_PATH                             786044       18.823%          1766652       20.470%
                                               4175917      100.000%          8630635      100.000%
                                                  0.66         0.67              0.68         0.69

FU_BUSY_0                                      3048278                        6177474              

FU_BUSY_1                                      2209223                        4465689              

FU_BUSY_2                                      1858416                        3769069              

FU_BUSY_3                                      1893802                        3844786              

FU_BUSY_4                                      1638121                        3312507              

FU_BUSY_5                                      1510763                        3068501              

FU_BUSY_6                                       201311                         406696              

FU_BUSY_7                                       279180                         553976              

FU_BUSY_8                                            0                              0              

FU_BUSY_9                                            0                              0              

FU_BUSY_10                                           0                              0              

FU_BUSY_11                                           0                              0              

FU_BUSY_12                                           0                              0              

FU_BUSY_13                                           0                              0              

FU_BUSY_14                                           0                              0              

FU_BUSY_15                                           0                              0              

FU_BUSY_16                                           0                              0              

FU_BUSY_17                                           0                              0              

FU_BUSY_18                                           0                              0              

FU_BUSY_19                                           0                              0              

FU_BUSY_20                                           0                              0              

FU_BUSY_21                                           0                              0              

FU_BUSY_22                                           0                              0              

FU_BUSY_23                                           0                              0              

FU_BUSY_24                                           0                              0              

FU_BUSY_25                                           0                              0              

FU_BUSY_26                                           0                              0              

FU_BUSY_27                                           0                              0              

FU_BUSY_28                                           0                              0              

FU_BUSY_29                                           0                              0              

FU_BUSY_30                                           0                              0              

FU_BUSY_31                                           0                              0              

FU_REJECTED_OP_INV_NOT_SIMD                          0        0.000%                0        0.000%
FU_REJECTED_OP_NOP_NOT_SIMD                       5409        1.045%            11152        1.077%
FU_REJECTED_OP_CF_NOT_SIMD                      114690       22.164%           241768       23.338%
FU_REJECTED_OP_MOV_NOT_SIMD                      31872        6.159%            61364        5.924%
FU_REJECTED_OP_CMOV_NOT_SIMD                       612        0.118%             1116        0.108%
FU_REJECTED_OP_LDA_NOT_SIMD                      27138        5.245%            52813        5.098%
FU_REJECTED_OP_IMEM_NOT_SIMD                        41        0.008%               62        0.006%
FU_REJECTED_OP_IADD_NOT_SIMD                     16451        3.179%            31802        3.070%
FU_REJECTED_OP_IMUL_NOT_SIMD                     53461       10.332%           100438        9.696%
FU_REJECTED_OP_IDIV_NOT_SIMD                         0        0.000%                0        0.000%
FU_REJECTED_OP_ICMP_NOT_SIMD                         0        0.000%                0        0.000%
FU_REJECTED_OP_LOGIC_NOT_SIMD                    13500        2.609%            27373        2.642%
FU_REJECTED_OP_SHIFT_NOT_SIMD                    41601        8.040%            83134        8.025%
FU_REJECTED_OP_FMEM_NOT_SIMD                      3567        0.689%             6711        0.648%
FU_REJECTED_OP_FCVT_NOT_SIMD                         0        0.000%                0        0.000%
FU_REJECTED_OP_FADD_NOT_SIMD                         6        0.001%               36        0.003%
FU_REJECTED_OP_FMUL_NOT_SIMD                         0        0.000%                0        0.000%
FU_REJECTED_OP_FMA_NOT_SIMD                          0        0.000%                0        0.000%
FU_REJECTED_OP_FDIV_NOT_SIMD                         0        0.000%                0        0.000%
FU_REJECTED_OP_FCMP_NOT_SIMD                         0        0.000%                0        0.000%
FU_REJECTED_OP_FCMOV_NOT_SIMD                        0        0.000%                0        0.000%
FU_REJECTED_OP_GATHER_NOT_SIMD                       0        0.000%                0        0.000%
FU_REJECTED_OP_SCATTER_NOT_SIMD                      0        0.000%                0        0.000%
FU_REJECTED_OP_PIPELINED_FAST_NOT_SIMD               0        0.000%                0        0.000%
FU_REJECTED_OP_PIPELINED_MEDIUM_NOT_SIMD             0        0.000%                0        0.000%
FU_REJECTED_OP_PIPELINED_SLOW_NOT_SIMD               0        0.000%                0        0.000%
FU_REJECTED_OP_NOTPIPELINED_MEDIUM_NOT_SIMD             0        0.000%                0        0.000%
FU_REJECTED_OP_NOTPIPELINED_SLOW_NOT_SIMD             0        0.000%                0        0.000%
FU_REJECTED_OP_NOTPIPELINED_VERY_SLOW_NOT_SIMD             0        0.000%                0        0.000%
FU_REJECTED_OP_INV_SIMD                              0        0.000%                0        0.000%
FU_REJECTED_OP_NOP_SIMD                              0        0.000%                0        0.000%
FU_REJECTED_OP_CF_SIMD                               0        0.000%                0        0.000%
FU_REJECTED_OP_MOV_SIMD                           2617        0.506%             5612        0.542%
FU_REJECTED_OP_CMOV_SIMD                            14        0.003%               20        0.002%
FU_REJECTED_OP_LDA_SIMD                              0        0.000%                0        0.000%
FU_REJECTED_OP_IMEM_SIMD                             0        0.000%                0        0.000%
FU_REJECTED_OP_IADD_SIMD                             0        0.000%                0        0.000%
FU_REJECTED_OP_IMUL_SIMD                             0        0.000%                0        0.000%
FU_REJECTED_OP_IDIV_SIMD                             0        0.000%                0        0.000%
FU_REJECTED_OP_ICMP_SIMD                             0        0.000%                0        0.000%
FU_REJECTED_OP_LOGIC_SIMD                         3546        0.685%             8781        0.848%
FU_REJECTED_OP_SHIFT_SIMD                         4230        0.817%             8160        0.788%
FU_REJECTED_OP_FMEM_SIMD                             0        0.000%                0        0.000%
FU_REJECTED_OP_FCVT_SIMD                           108        0.021%              168        0.016%
FU_REJECTED_OP_FADD_SIMD                         11593        2.240%            22404        2.163%
FU_REJECTED_OP_FMUL_SIMD                          1754        0.339%             3393        0.328%
FU_REJECTED_OP_FMA_SIMD                          26040        5.032%            51586        4.980%
FU_REJECTED_OP_FDIV_SIMD                         13695        2.647%            27386        2.644%
FU_REJECTED_OP_FCMP_SIMD                          2170        0.419%             5095        0.492%
FU_REJECTED_OP_FCMOV_SIMD                       141819       27.407%           282461       27.267%
FU_REJECTED_OP_GATHER_SIMD                        1519        0.294%             3087        0.298%
FU_REJECTED_OP_SCATTER_SIMD                          0        0.000%                0        0.000%
FU_REJECTED_OP_PIPELINED_FAST_SIMD                   0        0.000%                0        0.000%
FU_REJECTED_OP_PIPELINED_MEDIUM_SIMD                 0        0.000%                0        0.000%
FU_REJECTED_OP_PIPELINED_SLOW_SIMD                   0        0.000%                0        0.000%
FU_REJECTED_OP_NOTPIPELINED_MEDIUM_SIMD              0        0.000%                0        0.000%
FU_REJECTED_OP_NOTPIPELINED_SLOW_SIMD                0        0.000%                0        0.000%
FU_REJECTED_OP_NOTPIPELINED_VERY_SLOW_SIMD             0        0.000%                0        0.000%
                                                517453      100.000%          1035922      100.000%
                                                 22.55        20.95             22.46        20.98

OP_WAIT_0                                      5892894                       11799284              

OP_WAIT_1                                      1610804                        3241798              

OP_WAIT_2                                       725937                        1457962              

OP_WAIT_3                                       353263                         701475              

OP_WAIT_4                                       224335                         448629              

OP_WAIT_5                                       164395                         318588              

OP_WAIT_6                                       107792                         203675              

OP_WAIT_7                                        85367                         163795              

OP_WAIT_8                                        67388                         128783              

OP_WAIT_9                                        55748                         105888              

OP_WAIT_10                                       53429                          98086              

OP_WAIT_11                                       52650                          90721              

OP_WAIT_12                                       49095                          86386              

OP_WAIT_13                                       39130                          74989              

OP_WAIT_14                                       38520                          74504              

OP_WAIT_15                                       37661                          74075              

OP_WAIT_16                                       36417                          69996              

OP_WAIT_17                                       30631                          62393              

OP_WAIT_18                                       33449                          66131              

OP_WAIT_19                                       30082                          62034              

OP_WAIT_20                                       30634                          64909              

OP_WAIT_21                                       26159                          60353              

OP_WAIT_22                                       26559                          56116              

OP_WAIT_23                                       26007                          54006              

OP_WAIT_24                                       23533                          48390              

OP_WAIT_25                                       24425                          50969              

OP_WAIT_26                                       24462                          50097              

OP_WAIT_27                                       21545                          41886              

OP_WAIT_28                                       18776                          39101              

OP_WAIT_29                                       15742                          29544              

OP_WAIT_30                                       17038                          31070              

OP_WAIT_31                                      519721                        1079242              

ROW_SIZE_0                                     1860728                        3929547              

ROW_SIZE_1                                      389126                         807055              

ROW_SIZE_2                                      101572                         204912              

ROW_SIZE_3                                       62967                         133688              

ROW_SIZE_4                                      182456                         377261              

ROW_SIZE_5                                       35503                          70264              

ROW_SIZE_6                                     1462513                        2909428              

ROW_SIZE_7                                           0                              0              

ROW_SIZE_8                                           0                              0              

ROW_SIZE_9                                           0                              0              

ROW_SIZE_10                                          0                              0              

ROW_SIZE_11                                          0                              0              

ROW_SIZE_12                                          0                              0              

ROW_SIZE_13                                          0                              0              

ROW_SIZE_14                                          0                              0              

ROW_SIZE_15                                          0                              0              

ROW_SIZE_16                                          0                              0              

ROW_SIZE_17                                          0                              0              

ROW_SIZE_18                                          0                              0              

ROW_SIZE_19                                          0                              0              

ROW_SIZE_20                                          0                              0              

ROW_SIZE_21                                          0                              0              

ROW_SIZE_22                                          0                              0              

ROW_SIZE_23                                          0                              0              

ROW_SIZE_24                                          0                              0              

ROW_SIZE_25                                          0                              0              

ROW_SIZE_26                                          0                              0              

ROW_SIZE_27                                          0                              0              

ROW_SIZE_28                                          0                              0              

ROW_SIZE_29                                          0                              0              

ROW_SIZE_30                                          0                              0              

ROW_SIZE_31                                          0                              0              

RET_OP_EXEC_COUNT_0                                  0        0.000%                0        0.000%
RET_OP_EXEC_COUNT_1                           10463588      100.000%         20934875      100.000%
RET_OP_EXEC_COUNT_2                                  0        0.000%                0        0.000%
RET_OP_EXEC_COUNT_3                                  0        0.000%                0        0.000%
RET_OP_EXEC_COUNT_4                                  0        0.000%                0        0.000%
RET_OP_EXEC_COUNT_5                                  0        0.000%                0        0.000%
RET_OP_EXEC_COUNT_6                                  0        0.000%                0        0.000%
RET_OP_EXEC_COUNT_7                                  0        0.000%                0        0.000%
RET_OP_EXEC_COUNT_8                                  0        0.000%                0        0.000%
RET_OP_EXEC_COUNT_9                                  0        0.000%                0        0.000%
RET_OP_EXEC_COUNT_10                                 0        0.000%                0        0.000%
RET_OP_EXEC_COUNT_11                                 0        0.000%                0        0.000%
RET_OP_EXEC_COUNT_12                                 0        0.000%                0        0.000%
RET_OP_EXEC_COUNT_13                                 0        0.000%                0        0.000%
RET_OP_EXEC_COUNT_14                                 0        0.000%                0        0.000%
RET_OP_EXEC_COUNT_15                                 0        0.000%                0        0.000%
RET_OP_EXEC_COUNT_16                                 0        0.000%                0        0.000%
RET_OP_EXEC_COUNT_17                                 0        0.000%                0        0.000%
RET_OP_EXEC_COUNT_18                                 0        0.000%                0        0.000%
RET_OP_EXEC_COUNT_19                                 0        0.000%                0        0.000%
RET_OP_EXEC_COUNT_20                                 0        0.000%                0        0.000%
RET_OP_EXEC_COUNT_21                                 0        0.000%                0        0.000%
RET_OP_EXEC_COUNT_22                                 0        0.000%                0        0.000%
RET_OP_EXEC_COUNT_23                                 0        0.000%                0        0.000%
RET_OP_EXEC_COUNT_24                                 0        0.000%                0        0.000%
RET_OP_EXEC_COUNT_25                                 0        0.000%                0        0.000%
RET_OP_EXEC_COUNT_26                                 0        0.000%                0        0.000%
RET_OP_EXEC_COUNT_27                                 0        0.000%                0        0.000%
RET_OP_EXEC_COUNT_28                                 0        0.000%                0        0.000%
RET_OP_EXEC_COUNT_29                                 0        0.000%                0        0.000%
RET_OP_EXEC_COUNT_30                                 0        0.000%                0        0.000%
RET_OP_EXEC_COUNT_31                                 0        0.000%                0        0.000%
RET_OP_EXEC_COUNT_32                                 0        0.000%                0        0.000%
                                              10463588      100.000%         20934875      100.000%
                                                  1.00         0.00              1.00         0.00

RET_STALL_LENGTH_0                            10462962       99.994%         20932689       99.990%
RET_STALL_LENGTH_100                               614        0.006%             2123        0.010%
RET_STALL_LENGTH_200                                 4        0.000%               27        0.000%
RET_STALL_LENGTH_300                                 0        0.000%                0        0.000%
RET_STALL_LENGTH_400                                 0        0.000%                1        0.000%
RET_STALL_LENGTH_500                                 1        0.000%                3        0.000%
RET_STALL_LENGTH_600                                 0        0.000%                5        0.000%
RET_STALL_LENGTH_700                                 0        0.000%                1        0.000%
RET_STALL_LENGTH_800                                 0        0.000%                3        0.000%
RET_STALL_LENGTH_900                                 0        0.000%                1        0.000%
RET_STALL_LENGTH_1000                                1        0.000%                2        0.000%
RET_STALL_LENGTH_1100                                3        0.000%                5        0.000%
RET_STALL_LENGTH_1200                                2        0.000%                9        0.000%
RET_STALL_LENGTH_1300                                1        0.000%                6        0.000%
RET_STALL_LENGTH_1400                                0        0.000%                0        0.000%
RET_STALL_LENGTH_1500                                0        0.000%                0        0.000%
RET_STALL_LENGTH_1600                                0        0.000%                0        0.000%
RET_STALL_LENGTH_1700                                0        0.000%                0        0.000%
RET_STALL_LENGTH_1800                                0        0.000%                0        0.000%
RET_STALL_LENGTH_1900                                0        0.000%                0        0.000%
RET_STALL_LENGTH_2000                                0        0.000%                0        0.000%
RET_STALL_LENGTH_2100                                0        0.000%                0        0.000%
RET_STALL_LENGTH_2200                                0        0.000%                0        0.000%
RET_STALL_LENGTH_2300                                0        0.000%                0        0.000%
RET_STALL_LENGTH_2400                                0        0.000%                0        0.000%
RET_STALL_LENGTH_2500                                0        0.000%                0        0.000%
RET_STALL_LENGTH_2600                                0        0.000%                0        0.000%
RET_STALL_LENGTH_2700                                0        0.000%                0        0.000%
RET_STALL_LENGTH_2800                                0        0.000%                0        0.000%
RET_STALL_LENGTH_2900                                0        0.000%                0        0.000%
RET_STALL_LENGTH_3000                                0        0.000%                0        0.000%
RET_STALL_LENGTH_3100                                0        0.000%                0        0.000%
RET_STALL_LENGTH_3200                                0        0.000%                0        0.000%
RET_STALL_LENGTH_3300                                0        0.000%                0        0.000%
RET_STALL_LENGTH_3400                                0        0.000%                0        0.000%
RET_STALL_LENGTH_3500                                0        0.000%                0        0.000%
RET_STALL_LENGTH_3600                                0        0.000%                0        0.000%
RET_STALL_LENGTH_3700                                0        0.000%                0        0.000%
RET_STALL_LENGTH_3800                                0        0.000%                0        0.000%
RET_STALL_LENGTH_3900                                0        0.000%                0        0.000%
RET_STALL_LENGTH_4000                                0        0.000%                0        0.000%
RET_STALL_LENGTH_4100                                0        0.000%                0        0.000%
RET_STALL_LENGTH_4200                                0        0.000%                0        0.000%
RET_STALL_LENGTH_4300                                0        0.000%                0        0.000%
RET_STALL_LENGTH_4400                                0        0.000%                0        0.000%
RET_STALL_LENGTH_4500                                0        0.000%                0        0.000%
RET_STALL_LENGTH_4600                                0        0.000%                0        0.000%
RET_STALL_LENGTH_4700                                0        0.000%                0        0.000%
RET_STALL_LENGTH_4800                                0        0.000%                0        0.000%
RET_STALL_LENGTH_4900                                0        0.000%                0        0.000%
RET_STALL_LENGTH_5000                                0        0.000%                0        0.000%
                                              10463588      100.000%         20934875      100.000%
                                                  0.00         0.01              0.00         0.02

MEM_BLOCK_LENGTH_0                                   0         -nan%                8       88.889%
MEM_BLOCK_LENGTH_100                                 0         -nan%                1       11.111%
MEM_BLOCK_LENGTH_200                                 0         -nan%                0        0.000%
MEM_BLOCK_LENGTH_300                                 0         -nan%                0        0.000%
MEM_BLOCK_LENGTH_400                                 0         -nan%                0        0.000%
MEM_BLOCK_LENGTH_500                                 0         -nan%                0        0.000%
MEM_BLOCK_LENGTH_600                                 0         -nan%                0        0.000%
MEM_BLOCK_LENGTH_700                                 0         -nan%                0        0.000%
MEM_BLOCK_LENGTH_800                                 0         -nan%                0        0.000%
MEM_BLOCK_LENGTH_900                                 0         -nan%                0        0.000%
MEM_BLOCK_LENGTH_1000                                0         -nan%                0        0.000%
MEM_BLOCK_LENGTH_1100                                0         -nan%                0        0.000%
MEM_BLOCK_LENGTH_1200                                0         -nan%                0        0.000%
MEM_BLOCK_LENGTH_1300                                0         -nan%                0        0.000%
MEM_BLOCK_LENGTH_1400                                0         -nan%                0        0.000%
MEM_BLOCK_LENGTH_1500                                0         -nan%                0        0.000%
MEM_BLOCK_LENGTH_1600                                0         -nan%                0        0.000%
MEM_BLOCK_LENGTH_1700                                0         -nan%                0        0.000%
MEM_BLOCK_LENGTH_1800                                0         -nan%                0        0.000%
MEM_BLOCK_LENGTH_1900                                0         -nan%                0        0.000%
MEM_BLOCK_LENGTH_2000                                0         -nan%                0        0.000%
MEM_BLOCK_LENGTH_2100                                0         -nan%                0        0.000%
MEM_BLOCK_LENGTH_2200                                0         -nan%                0        0.000%
MEM_BLOCK_LENGTH_2300                                0         -nan%                0        0.000%
MEM_BLOCK_LENGTH_2400                                0         -nan%                0        0.000%
MEM_BLOCK_LENGTH_2500                                0         -nan%                0        0.000%
MEM_BLOCK_LENGTH_2600                                0         -nan%                0        0.000%
MEM_BLOCK_LENGTH_2700                                0         -nan%                0        0.000%
MEM_BLOCK_LENGTH_2800                                0         -nan%                0        0.000%
MEM_BLOCK_LENGTH_2900                                0         -nan%                0        0.000%
MEM_BLOCK_LENGTH_3000                                0         -nan%                0        0.000%
MEM_BLOCK_LENGTH_3100                                0         -nan%                0        0.000%
MEM_BLOCK_LENGTH_3200                                0         -nan%                0        0.000%
MEM_BLOCK_LENGTH_3300                                0         -nan%                0        0.000%
MEM_BLOCK_LENGTH_3400                                0         -nan%                0        0.000%
MEM_BLOCK_LENGTH_3500                                0         -nan%                0        0.000%
MEM_BLOCK_LENGTH_3600                                0         -nan%                0        0.000%
MEM_BLOCK_LENGTH_3700                                0         -nan%                0        0.000%
MEM_BLOCK_LENGTH_3800                                0         -nan%                0        0.000%
MEM_BLOCK_LENGTH_3900                                0         -nan%                0        0.000%
MEM_BLOCK_LENGTH_4000                                0         -nan%                0        0.000%
MEM_BLOCK_LENGTH_4100                                0         -nan%                0        0.000%
MEM_BLOCK_LENGTH_4200                                0         -nan%                0        0.000%
MEM_BLOCK_LENGTH_4300                                0         -nan%                0        0.000%
MEM_BLOCK_LENGTH_4400                                0         -nan%                0        0.000%
MEM_BLOCK_LENGTH_4500                                0         -nan%                0        0.000%
MEM_BLOCK_LENGTH_4600                                0         -nan%                0        0.000%
MEM_BLOCK_LENGTH_4700                                0         -nan%                0        0.000%
MEM_BLOCK_LENGTH_4800                                0         -nan%                0        0.000%
MEM_BLOCK_LENGTH_4900                                0         -nan%                0        0.000%
MEM_BLOCK_LENGTH_5000                                0         -nan%                0        0.000%
                                                     0         -nan%                9      100.000%
                                                  -nan         -nan              0.11         0.31

FUS_BUSY_ON_PATH                              10996165        2.6332         21993684        2.5483

FUS_BUSY_OFF_PATH                              1642929        0.3934          3605014        0.4177

FU_BUSY_MEM_STALL                                57019        0.0137           108215        0.0125

FUS_EMPTY                                     20768242        4.9733         43446382        5.0340

FU_UNAVAILABLE                                  489411        0.1172           981693        0.1137

FU_MEM_UNAVAILABLE                               28042        0.0067            54229        0.0063

FU_REPLAY                                            0        0.0000                0        0.0000

FU_STARVED                                    20686757        4.9538         43266689        5.0132

CHIP_UTILIZATION                                     0        0.0000                0        0.0000

CYCLES_UNDER_MEM_REQ                                 0                              0              

CYCLES_UNDER_NO_MEM_REQ                              0                              0              

CYCLES_UNDER_CRITICAL_MEM_REQ                        0                              0              

CYCLES_UNDER_NONCRITICAL_MEM_REQ                     0                              0              

CHIP_UTILIZATION_UNDER_MEM_REQ                       0          -nan                0          -nan

CHIP_UTILIZATION_UNDER_NO_MEM_REQ                    0          -nan                0          -nan

CHIP_UTILIZATION_UNDER_CRITICAL_MEM_REQ              0          -nan                0          -nan

CHIP_UTILIZATION_UNDER_NONCRITICAL_MEM_REQ             0          -nan                0          -nan

CYCLES_NOT_WAITING_FOR_OFF_CHIP                      0        0.0000                0        0.0000

FUS_BUSY_NOT_WAITING_FOR_OFF_CHIP                    0          -nan                0          -nan

CYCLES_WAITING_FOR_OFF_CHIP                          0        0.0000                0        0.0000

FUS_BUSY_WAITING_FOR_OFF_CHIP                        0          -nan                0          -nan

TOTAL_OFF_CHIP_DELAYS_LEFT                           0                              0              

WRONG_IO_SCHED                                       0                              0              

DVFS_CONFIG_SWITCH                                   0                              0              

MAP_STAGE_RECEIVED_OPS_0                             0        0.000%                0        0.000%
MAP_STAGE_RECEIVED_OPS_1                        202101        8.731%           404682        8.749%
MAP_STAGE_RECEIVED_OPS_2                        167331        7.229%           328306        7.098%
MAP_STAGE_RECEIVED_OPS_3                        497169       21.479%           993392       21.477%
MAP_STAGE_RECEIVED_OPS_4                         43473        1.878%            87517        1.892%
MAP_STAGE_RECEIVED_OPS_5                        193584        8.363%           385516        8.335%
MAP_STAGE_RECEIVED_OPS_6                       1211050       52.320%          2425933       52.449%
MAP_STAGE_RECEIVED_OPS_7                             0        0.000%                0        0.000%
MAP_STAGE_RECEIVED_OPS_8                             0        0.000%                0        0.000%
MAP_STAGE_RECEIVED_OPS_MAX                           0        0.000%                0        0.000%
                                               2314708      100.000%          4625346      100.000%
                                                  4.51         1.79              4.51         1.79

MAP_STAGE_WAIT_FOR_DECODE                            0         -nan%                0         -nan%
MAP_STAGE_CONSUME_DECODE                             0         -nan%                0         -nan%
                                                     0         -nan%                0         -nan%
                                                  -nan         -nan              -nan         -nan

MAP_STAGE_WAIT_FOR_DECODE2                           0         -nan%                0         -nan%
MAP_STAGE_CONSUME_DECODE2                            0         -nan%                0         -nan%
                                                     0         -nan%                0         -nan%
                                                  -nan         -nan              -nan         -nan

FTQ_RECOVER_EXEC                                 17936                          39793              

FTQ_RECOVER_DECODE                                   1                            173              

FTQ_OFFPATH_CYCLES                             1898477                        4058644              

FTQ_CYCLES_OFFPATH                             2090591                        4460971              

FTQ_CYCLES_ONPATH                              2085326                        4169664              

FTQ_FETCHED_INS_OFFPATH                        9934158                       21843192              

FTQ_FETCHED_INS_ONPATH                        10444950                       20894909              

FTQ_BREAK_FULL_FT_ONPATH                       1934036       93.559%          3859064       93.452%
FTQ_BREAK_MAX_CFS_TAKEN_ONPATH                   73499        3.556%           148987        3.608%
FTQ_BREAK_MAX_BYTES_ONPATH                       59639        2.885%           121432        2.941%
FTQ_BREAK_PRED_BR_ONPATH                             0        0.000%                0        0.000%
FTQ_BREAK_BAR_FETCH_ONPATH                           0        0.000%                0        0.000%
                                               2067174      100.000%          4129483      100.000%
                                                  0.09         0.37              0.09         0.37

FTQ_BREAK_FULL_FT_OFFPATH                      1995194       94.625%          4220193       93.763%
FTQ_BREAK_MAX_CFS_TAKEN_OFFPATH                  59455        2.820%           146829        3.262%
FTQ_BREAK_MAX_BYTES_OFFPATH                      53879        2.555%           133915        2.975%
FTQ_BREAK_PRED_BR_OFFPATH                            0        0.000%                0        0.000%
FTQ_BREAK_BAR_FETCH_OFFPATH                          0        0.000%                0        0.000%
                                               2108528      100.000%          4500937      100.000%
                                                  0.08         0.34              0.09         0.37



