/* -*- Mode: c -*- */
####################################################################################################
Core 0
####################################################################################################
Cumulative:        Cycles: 5411888               Instructions: 20000000              IPC: 3.69557

Periodic:          Cycles: 2683955               Instructions: 9999998               IPC: 3.72584

MISS_WAIT_TIME                              3271927655                     4649802484              

ICACHE_STAGE_MISS                                  840                           2550              

ICACHE_CYCLE                                   2683955                        5411888              

TCACHE_CYCLE                                         0                              0              

ICACHE_CYCLE_ONPATH                            2311193       86.111%          4624415       85.449%
ICACHE_CYCLE_OFFPATH                            372762       13.889%           787473       14.551%
                                               2683955      100.000%          5411888      100.000%
                                                  0.14         0.33              0.15         0.33

FETCH_ON_PATH                                  2116195       86.608%          4249181       85.938%
FETCH_OFF_PATH                                  327211       13.392%           695284       14.062%
                                               2443406      100.000%          4944465      100.000%
                                                  0.13         0.32              0.14         0.33

FETCHED_OPS_ON_PATH                                  0         -nan%                0         -nan%
FETCHED_OPS_OFF_PATH                                 0         -nan%                0         -nan%
                                                     0         -nan%                0         -nan%
                                                  -nan         -nan              -nan         -nan

INST_LOST_FETCH                               10373891       65.592%         20763750       65.334%
INST_LOST_OFF_PATH                             1578837        9.983%          3351071       10.544%
INST_LOST_FULL_WINDOW                            33042        0.209%            67908        0.214%
INST_LOST_ROB_STALL_OTHER                       397944        2.516%           799602        2.516%
INST_LOST_ROB_STALL_WAIT_FOR_RECOVERY             1626        0.010%             3522        0.011%
INST_LOST_ROB_STALL_WAIT_FOR_REDIRECT                0        0.000%                0        0.000%
INST_LOST_ROB_STALL_WAIT_FOR_GAP_FILL                0        0.000%                0        0.000%
INST_LOST_ROB_STALL_WAIT_FOR_L1_MISS                 0        0.000%                0        0.000%
INST_LOST_ROB_STALL_WAIT_FOR_MEMORY                 72        0.000%              378        0.001%
INST_LOST_ROB_STALL_WAIT_FOR_DC_MISS           1010610        6.390%          1933128        6.083%
INST_LOST_ROB_BLOCK_ISSUE_FULL                       0        0.000%                0        0.000%
INST_LOST_ROB_BLOCK_ISSUE_GAP_TOO_LARGE              0        0.000%                0        0.000%
INST_LOST_BREAK_DONT                                 0        0.000%                0        0.000%
INST_LOST_BREAK_RENAME                               0        0.000%                0        0.000%
INST_LOST_BREAK_FT_UNAVAILABLE                     520        0.003%              520        0.002%
INST_LOST_BREAK_ICACHE_TO_UOP_CACHE_SWITCH         64279        0.406%           141437        0.445%
INST_LOST_BREAK_ICACHE_MISS_REQ_SUCCESS           3349        0.021%             9939        0.031%
INST_LOST_BREAK_ICACHE_MISS_REQ_FAILURE            471        0.003%              690        0.002%
INST_LOST_BREAK_WAIT_FOR_MISS                    68285        0.432%           325760        1.025%
INST_LOST_BREAK_UOP_CACHE_READ_LIMIT           2250295       14.228%          4312315       13.569%
INST_LOST_BREAK_UOP_CACHE_READ_LIMIT_AND_ISSUE_WIDTH             0        0.000%                0        0.000%
INST_LOST_BREAK_ICACHE_READ_LIMIT                32548        0.206%            71006        0.223%
INST_LOST_BREAK_ICACHE_READ_LIMIT_AND_ISSUE_WIDTH             0        0.000%                0        0.000%
INST_LOST_BREAK_ISSUE_WIDTH                          0        0.000%                0        0.000%
INST_LOST_BREAK_BARRIERT                             0        0.000%                0        0.000%
INST_LOST_BREAK_WAIT_FOR_EMPTY_ROB                   0        0.000%                0        0.000%
INST_LOST_BREAK_APP_EXIT                             3        0.000%                3        0.000%
INST_LOST_BREAK_STALL                                0        0.000%                0        0.000%
                                              15815772      100.000%         31781029      100.000%
                                                  3.64         6.18              3.62         6.17

INST_LOST_TOTAL                               15815772                       31781029              

INST_LOST_WAIT_FOR_ICACHE_MISS_NOT_PREFETCHED          5065        8.559%            69055       23.544%
INST_LOST_WAIT_FOR_ICACHE_MISS_PREFETCHED_AND_EVICTED_BY_IFETCH             0        0.000%                0        0.000%
INST_LOST_WAIT_FOR_ICACHE_MISS_PREFETCHED_AND_EVICTED_BY_FDIP             0        0.000%                0        0.000%
INST_LOST_WAIT_FOR_ICACHE_MISS_MSHR_HIT_PREF_OFFPATH           990        1.673%             3910        1.333%
INST_LOST_WAIT_FOR_ICACHE_MISS_MSHR_HIT_PREF_ONPATH         53125       89.769%           220340       75.123%
                                                 59180      100.000%           293305      100.000%
                                                  3.64         3.47              3.04         2.77

FETCH_0_OPS                                     269477        9.986%           602018       10.986%
FETCH_1_OPS                                     193122        7.157%           383748        7.003%
FETCH_2_OPS                                      89055        3.300%           164252        2.997%
FETCH_3_OPS                                     209501        7.763%           396965        7.244%
FETCH_4_OPS                                     141933        5.260%           294411        5.373%
FETCH_5_OPS                                     387493       14.359%           795986       14.526%
FETCH_6_OPS                                    1407966       52.175%          2842350       51.870%
FETCH_7_OPS                                          0        0.000%                0        0.000%
FETCH_8_OPS                                          0        0.000%                0        0.000%
FETCH_9_OPS                                          0        0.000%                0        0.000%
FETCH_10_OPS                                         0        0.000%                0        0.000%
FETCH_11_OPS                                         0        0.000%                0        0.000%
FETCH_12_OPS                                         0        0.000%                0        0.000%
FETCH_13_OPS                                         0        0.000%                0        0.000%
FETCH_14_OPS                                         0        0.000%                0        0.000%
FETCH_15_OPS                                         0        0.000%                0        0.000%
FETCH_16_OPS                                         0        0.000%                0        0.000%
                                               2698547      100.000%          5479730      100.000%
                                                  4.43         1.59              4.40         1.59

ST_BREAK_DONT                                        0        0.000%                0        0.000%
ST_BREAK_RENAME                                      0        0.000%                0        0.000%
ST_BREAK_FT_UNAVAILABLE                            104        0.004%              104        0.002%
ST_BREAK_ICACHE_TO_UOP_CACHE_SWITCH              24435        1.000%            53612        1.084%
ST_BREAK_ICACHE_MISS_REQ_SUCCESS                   840        0.034%             2550        0.052%
ST_BREAK_ICACHE_MISS_REQ_FAILURE                    95        0.004%              140        0.003%
ST_BREAK_WAIT_FOR_MISS                           13657        0.559%            65152        1.318%
ST_BREAK_UOP_CACHE_READ_LIMIT                   747482       30.592%          1411816       28.553%
ST_BREAK_UOP_CACHE_READ_LIMIT_AND_ISSUE_WIDTH        177563        7.267%           336827        6.812%
ST_BREAK_ICACHE_READ_LIMIT                       14922        0.611%            32445        0.656%
ST_BREAK_ICACHE_READ_LIMIT_AND_ISSUE_WIDTH          5117        0.209%            11059        0.224%
ST_BREAK_ISSUE_WIDTH                           1459190       59.720%          3030759       61.296%
ST_BREAK_BARRIERT                                    0        0.000%                0        0.000%
ST_BREAK_WAIT_FOR_EMPTY_ROB                          0        0.000%                0        0.000%
ST_BREAK_APP_EXIT                                    1        0.000%                1        0.000%
ST_BREAK_STALL                                       0        0.000%                0        0.000%
                                               2443406      100.000%          4944465      100.000%
                                                  9.43         1.98              9.48         1.99

ORACLE_ON_PATH_INST                           10373891       86.791%         20763750       86.104%
ORACLE_OFF_PATH_INST                           1578837       13.209%          3351071       13.896%
                                              11952728      100.000%         24114821      100.000%
                                                  0.13         0.32              0.14         0.33

ORACLE_ON_PATH_INST_MEM                        2983044       24.957%          5872548       24.352%
ORACLE_ON_PATH_INST_NOTMEM                     7390847       61.834%         14891202       61.751%
ORACLE_OFF_PATH_INST_MEM                        482054        4.033%          1043787        4.328%
ORACLE_OFF_PATH_INST_NOTMEM                    1096783        9.176%          2307284        9.568%
                                              11952728      100.000%         24114821      100.000%
                                                  0.97         0.71              0.99         0.72

ICACHE_CYCLE_NONRA_ONPATH                            0         -nan%                0         -nan%
ICACHE_CYCLE_NONRA_OFFPATH                           0         -nan%                0         -nan%
ICACHE_CYCLE_RA_ONPATH                               0         -nan%                0         -nan%
ICACHE_CYCLE_RA_OFFPATH                              0         -nan%                0         -nan%
                                                     0         -nan%                0         -nan%
                                                  -nan         -nan              -nan         -nan

ICACHE_CYCLE_ONPATH_NONRA                            0         -nan%                0         -nan%
ICACHE_CYCLE_OFFPATH_NONRA                           0         -nan%                0         -nan%
                                                     0         -nan%                0         -nan%
                                                  -nan         -nan              -nan         -nan

ICACHE_CYCLE_ONPATH_RA                               0         -nan%                0         -nan%
ICACHE_CYCLE_OFFPATH_RA                              0         -nan%                0         -nan%
                                                     0         -nan%                0         -nan%
                                                  -nan         -nan              -nan         -nan

INACCURATE_OFFPATH_CYCLES                            0        0.0000                0        0.0000

FETCH_ALL_INST                                11952728                       24114821              

EXEC_ALL_INST                                 10660887                       21374230              

RET_ALL_INST                                  10374251                       20763750              

EXEC_ON_PATH_INST                             10374220       97.311%         20763750       97.144%
EXEC_OFF_PATH_INST                              286667        2.689%           610480        2.856%
                                              10660887      100.000%         21374230      100.000%
                                                  0.03         0.16              0.03         0.16

EXEC_ON_PATH_INST_MEM                          2983112       27.982%          5872548       27.475%
EXEC_ON_PATH_INST_NOTMEM                       7391108       69.329%         14891202       69.669%
EXEC_OFF_PATH_INST_MEM                          118860        1.115%           247636        1.159%
EXEC_OFF_PATH_INST_NOTMEM                       167807        1.574%           362844        1.698%
                                              10660887      100.000%         21374230      100.000%
                                                  0.76         0.38              0.77         0.39

EXEC_RA_INST                                         0         -nan%                0         -nan%
EXEC_NONRA_INST                                      0         -nan%                0         -nan%
                                                     0         -nan%                0         -nan%
                                                  -nan         -nan              -nan         -nan

EXEC_ON_PATH_INST_RA                                 0         -nan%                0         -nan%
EXEC_OFF_PATH_INST_RA                                0         -nan%                0         -nan%
                                                     0         -nan%                0         -nan%
                                                  -nan         -nan              -nan         -nan

EXEC_ON_PATH_INST_NONRA                              0         -nan%                0         -nan%
EXEC_OFF_PATH_INST_NONRA                             0         -nan%                0         -nan%
                                                     0         -nan%                0         -nan%
                                                  -nan         -nan              -nan         -nan

EXEC_RA_ON_PATH_INST                                 0         -nan%                0         -nan%
EXEC_RA_OFF_PATH_INST                                0         -nan%                0         -nan%
EXEC_NONRA_ON_PATH_INST                              0         -nan%                0         -nan%
EXEC_NONRA_OFF_PATH_INST                             0         -nan%                0         -nan%
                                                     0         -nan%                0         -nan%
                                                  -nan         -nan              -nan         -nan

ICACHE_THROTTLE_CYCLE                                0                              0              

FETCH_ENABLE_THROTTLE_OFF_PATH                       0         -nan%                0         -nan%
FETCH_ENABLE_THROTTLE_ON_PATH                        0         -nan%                0         -nan%
                                                     0         -nan%                0         -nan%
                                                  -nan         -nan              -nan         -nan

FETCH_DISABLE_THROTTLE_OFF_PATH                      0         -nan%                0         -nan%
FETCH_DISABLE_THROTTLE_ON_PATH                       0         -nan%                0         -nan%
                                                     0         -nan%                0         -nan%
                                                  -nan         -nan              -nan         -nan

FETCH_TH_ADJUST__0                                   0         -nan%                0         -nan%
FETCH_TH_ADJUST__1                                   0         -nan%                0         -nan%
FETCH_TH_ADJUST__2                                   0         -nan%                0         -nan%
FETCH_TH_ADJUST__3                                   0         -nan%                0         -nan%
FETCH_TH_ADJUST__4                                   0         -nan%                0         -nan%
FETCH_TH_ADJUST__5                                   0         -nan%                0         -nan%
FETCH_TH_ADJUST__6                                   0         -nan%                0         -nan%
FETCH_TH_ADJUST__7                                   0         -nan%                0         -nan%
FETCH_TH_ADJUST__8                                   0         -nan%                0         -nan%
FETCH_TH_ADJUST__9                                   0         -nan%                0         -nan%
FETCH_TH_ADJUST__MAX                                 0         -nan%                0         -nan%
                                                     0         -nan%                0         -nan%
                                                  -nan         -nan              -nan         -nan

FETCH_TH_ADJUST_UP                                   0         -nan%                0         -nan%
FETCH_TH_ADJUST_DOWN                                 0         -nan%                0         -nan%
FETCH_TH_ADJUST_SAME                                 0         -nan%                0         -nan%
                                                     0         -nan%                0         -nan%
                                                  -nan         -nan              -nan         -nan

THROTTLE_ADJUST_CACHE_MISS_INFO                      0                              0              

LOW_CONF_COUNT_BP_MIS_0                              0         -nan%                0         -nan%
LOW_CONF_COUNT_BP_MIS_1                              0         -nan%                0         -nan%
LOW_CONF_COUNT_BP_MIS_2                              0         -nan%                0         -nan%
LOW_CONF_COUNT_BP_MIS_3                              0         -nan%                0         -nan%
LOW_CONF_COUNT_BP_MIS_4                              0         -nan%                0         -nan%
LOW_CONF_COUNT_BP_MIS_5                              0         -nan%                0         -nan%
LOW_CONF_COUNT_BP_MIS_6                              0         -nan%                0         -nan%
LOW_CONF_COUNT_BP_MIS_7                              0         -nan%                0         -nan%
LOW_CONF_COUNT_BP_MIS_8                              0         -nan%                0         -nan%
LOW_CONF_COUNT_BP_MIS_9                              0         -nan%                0         -nan%
LOW_CONF_COUNT_BP_MIS_10                             0         -nan%                0         -nan%
LOW_CONF_COUNT_BP_MIS_11                             0         -nan%                0         -nan%
LOW_CONF_COUNT_BP_MIS_12                             0         -nan%                0         -nan%
LOW_CONF_COUNT_BP_MIS_13                             0         -nan%                0         -nan%
LOW_CONF_COUNT_BP_MIS_14                             0         -nan%                0         -nan%
LOW_CONF_COUNT_BP_MIS_15                             0         -nan%                0         -nan%
LOW_CONF_COUNT_BP_MIS_16                             0         -nan%                0         -nan%
LOW_CONF_COUNT_BP_MIS_17                             0         -nan%                0         -nan%
LOW_CONF_COUNT_BP_MIS_18                             0         -nan%                0         -nan%
LOW_CONF_COUNT_BP_MIS_19                             0         -nan%                0         -nan%
LOW_CONF_COUNT_BP_MIS_20                             0         -nan%                0         -nan%
                                                     0         -nan%                0         -nan%
                                                  -nan         -nan              -nan         -nan

LOW_CONF_COUNT_RET_0                                 0         -nan%                0         -nan%
LOW_CONF_COUNT_RET_1                                 0         -nan%                0         -nan%
LOW_CONF_COUNT_RET_2                                 0         -nan%                0         -nan%
LOW_CONF_COUNT_RET_3                                 0         -nan%                0         -nan%
LOW_CONF_COUNT_RET_4                                 0         -nan%                0         -nan%
LOW_CONF_COUNT_RET_5                                 0         -nan%                0         -nan%
LOW_CONF_COUNT_RET_6                                 0         -nan%                0         -nan%
LOW_CONF_COUNT_RET_7                                 0         -nan%                0         -nan%
LOW_CONF_COUNT_RET_8                                 0         -nan%                0         -nan%
LOW_CONF_COUNT_RET_9                                 0         -nan%                0         -nan%
LOW_CONF_COUNT_RET_10                                0         -nan%                0         -nan%
LOW_CONF_COUNT_RET_11                                0         -nan%                0         -nan%
LOW_CONF_COUNT_RET_12                                0         -nan%                0         -nan%
LOW_CONF_COUNT_RET_13                                0         -nan%                0         -nan%
LOW_CONF_COUNT_RET_14                                0         -nan%                0         -nan%
LOW_CONF_COUNT_RET_15                                0         -nan%                0         -nan%
LOW_CONF_COUNT_RET_16                                0         -nan%                0         -nan%
LOW_CONF_COUNT_RET_17                                0         -nan%                0         -nan%
LOW_CONF_COUNT_RET_18                                0         -nan%                0         -nan%
LOW_CONF_COUNT_RET_19                                0         -nan%                0         -nan%
LOW_CONF_COUNT_RET_20                                0         -nan%                0         -nan%
                                                     0         -nan%                0         -nan%
                                                  -nan         -nan              -nan         -nan

CYCLES_RESTEER_MISPRED                               0         -nan%                0         -nan%
CYCLES_RESTEER_MISFETCH                              0         -nan%                0         -nan%
CYCLES_RESTEER_BTB_MISS                              0         -nan%                0         -nan%
                                                     0         -nan%                0         -nan%
                                                  -nan         -nan              -nan         -nan

CYCLES_RESTEER_MISPRED_SAVED_UC_FETCH                0         -nan%                0         -nan%
CYCLES_RESTEER_MISPRED_COULD_BE_SAVED_UC_FETCH             0         -nan%                0         -nan%
CYCLES_RESTEER_MISFETCH_SAVED_UC_FETCH               0         -nan%                0         -nan%
CYCLES_RESTEER_MISFETCH_COULD_BE_SAVED_UC_FETCH             0         -nan%                0         -nan%
CYCLES_RESTEER_BTB_MISS_SAVED_UC_FETCH               0         -nan%                0         -nan%
CYCLES_RESTEER_BTB_MISS_COULD_BE_SAVED_UC_FETCH             0         -nan%                0         -nan%
                                                     0         -nan%                0         -nan%
                                                  -nan         -nan              -nan         -nan

CYCLES_UOC_IC_SWITCH                                 0                              0              



