/* -*- Mode: c -*- */
####################################################################################################
Core 0
####################################################################################################
Cumulative:        Cycles: 24385929              Instructions: 20000000              IPC: 0.82015

Periodic:          Cycles: 12157636              Instructions: 9999996               IPC: 0.82253

ST_OP_INV                                            0        0.000%                0        0.000%
ST_OP_NOP                                       117096        0.812%           236816        0.821%
ST_OP_CF                                        601581        4.174%          1203527        4.174%
ST_OP_MOV                                       268775        1.865%           538001        1.866%
ST_OP_CMOV                                           0        0.000%                0        0.000%
ST_OP_LDA                                        67550        0.469%           135280        0.469%
ST_OP_ILD                                      1974708       13.702%          3951266       13.703%
ST_OP_IST                                       536506        3.723%          1073842        3.724%
ST_OP_IADD                                     1255153        8.709%          2511305        8.709%
ST_OP_IMUL                                       33704        0.234%            67500        0.234%
ST_OP_IDIV                                       33704        0.234%            67498        0.234%
ST_OP_ICMP                                      551451        3.826%          1103172        3.826%
ST_OP_LOGIC                                      84118        0.584%           168435        0.584%
ST_OP_SHIFT                                          0        0.000%                0        0.000%
ST_OP_FLD                                      5847118       40.571%         11695728       40.562%
ST_OP_FST                                       116951        0.811%           234030        0.812%
ST_OP_FCVT                                           0        0.000%                0        0.000%
ST_OP_FADD                                           0        0.000%                0        0.000%
ST_OP_FMUL                                           0        0.000%                0        0.000%
ST_OP_FMA                                      2923554       20.286%          5847857       20.281%
ST_OP_FDIV                                           0        0.000%                0        0.000%
ST_OP_FCMP                                           0        0.000%                0        0.000%
ST_OP_FCMOV                                          0        0.000%                0        0.000%
ST_OP_GATHER                                         0        0.000%                0        0.000%
ST_OP_SCATTER                                        0        0.000%                0        0.000%
ST_OP_PIPELINED_FAST                                 0        0.000%                0        0.000%
ST_OP_PIPELINED_MEDIUM                               0        0.000%                0        0.000%
ST_OP_PIPELINED_SLOW                                 0        0.000%                0        0.000%
ST_OP_NOTPIPELINED_MEDIUM                            0        0.000%                0        0.000%
ST_OP_NOTPIPELINED_SLOW                              0        0.000%                0        0.000%
ST_OP_NOTPIPELINED_VERY_SLOW                         0        0.000%                0        0.000%
                                              14411969      100.000%         28834257      100.000%
                                                 12.14         5.08             12.14         5.08

ST_NOT_CF                                     13810388       95.826%         27630730       95.826%
ST_CF_BR                                             0        0.000%                0        0.000%
ST_CF_CBR                                       551451        3.826%          1103174        3.826%
ST_CF_CALL                                       16710        0.116%            33455        0.116%
ST_CF_IBR                                        16710        0.116%            33451        0.116%
ST_CF_ICALL                                          0        0.000%                0        0.000%
ST_CF_ICO                                            0        0.000%                0        0.000%
ST_CF_RET                                        16710        0.116%            33447        0.116%
ST_CF_SYS                                            0        0.000%                0        0.000%
                                              14411969      100.000%         28834257      100.000%
                                                  0.09         0.47              0.09         0.47

ST_BAR_NONE                                   14411969      100.000%         28834257      100.000%
ST_BAR_FETCH                                         0        0.000%                0        0.000%
ST_BAR_ISSUE                                         0        0.000%                0        0.000%
ST_BAR_BOTH                                          0        0.000%                0        0.000%
                                              14411969      100.000%         28834257      100.000%
                                                  0.00         0.00              0.00         0.00

ST_NOT_MEM                                     5936686       41.193%         11879391       41.199%
ST_MEM_LD                                      7821826       54.273%         15646994       54.265%
ST_MEM_ST                                       653457        4.534%          1307872        4.536%
ST_MEM_PF                                            0        0.000%                0        0.000%
ST_MEM_WH                                            0        0.000%                0        0.000%
ST_MEM_EVICT                                         0        0.000%                0        0.000%
                                              14411969      100.000%         28834257      100.000%
                                                  0.63         0.40              0.63         0.40

ST_NOT_MEM_OFFPATH                                 216       47.577%             6715       70.410%
ST_MEM_LD_OFFPATH                                  150       33.040%             2115       22.177%
ST_MEM_ST_OFFPATH                                   88       19.383%              707        7.413%
ST_MEM_PF_OFFPATH                                    0        0.000%                0        0.000%
ST_MEM_WH_OFFPATH                                    0        0.000%                0        0.000%
ST_MEM_EVIC_OFFPATHT                                 0        0.000%                0        0.000%
                                                   454      100.000%             9537      100.000%
                                                  0.72         0.59              0.37         0.53

ST_OP_ONPATH                                  14411969                       28834257              

ST_OP_OFFPATH                                      454                           9537              

ST_FAKE_OP_OFFPATH                                   0        0.000%             4474       46.912%
ST_NOT_FAKE_OP_OFFPATH                             454      100.000%             5063       53.088%
                                                   454      100.000%             9537      100.000%
                                                  1.00         1.00              0.53         0.52

ST_FAKE_REASON_NOT_FAKE                            454      100.000%             5063       53.088%
ST_FAKE_REASON_REDIRECT_TO_NOT_INSTRUMENTED             0        0.000%             4474       46.912%
ST_FAKE_REASON_RETURN_TO_NOT_INSTRUMENTED             0        0.000%                0        0.000%
ST_FAKE_REASON_NONRET_CF_TO_NOT_INSTRUMENTED             0        0.000%                0        0.000%
ST_FAKE_REASON_NOT_TAKEN_TO_NOT_INSTRUMENTED             0        0.000%                0        0.000%
ST_FAKE_REASON_WRONG_PATH_STORE_TO_NEW_REGION             0        0.000%                0        0.000%
                                                   454      100.000%             9537      100.000%
                                                  0.00         0.00              0.47         0.36

ST_INST_ONPATH                                10000091                       20008563              

ST_INST_OFFPATH                                    350                           8295              

STATIC_PIN_NOP                                       0                              0              

DYNAMIC_PIN_REP_GREATER_256                          0                              0              

INST_MAP_UPDATE_JITTED                          401508        6.308%           803058        6.308%
INST_MAP_UPDATE_NPC_INV                              0        0.000%                0        0.000%
INST_MAP_UPDATE_NPC_NOP                              0        0.000%                0        0.000%
INST_MAP_UPDATE_NPC_CF                               0        0.000%                0        0.000%
INST_MAP_UPDATE_NPC_MOV                              0        0.000%                0        0.000%
INST_MAP_UPDATE_NPC_CMOV                             0        0.000%                0        0.000%
INST_MAP_UPDATE_NPC_LDA                              0        0.000%                0        0.000%
INST_MAP_UPDATE_NPC_IMEM                             0        0.000%                0        0.000%
INST_MAP_UPDATE_NPC_IADD                             0        0.000%                0        0.000%
INST_MAP_UPDATE_NPC_IMUL                             0        0.000%                0        0.000%
INST_MAP_UPDATE_NPC_IDIV                             0        0.000%                0        0.000%
INST_MAP_UPDATE_NPC_ICMP                             0        0.000%                0        0.000%
INST_MAP_UPDATE_NPC_LOGIC                            0        0.000%                0        0.000%
INST_MAP_UPDATE_NPC_SHIFT                            0        0.000%                0        0.000%
INST_MAP_UPDATE_NPC_FMEM                             0        0.000%                0        0.000%
INST_MAP_UPDATE_NPC_FCVT                             0        0.000%                0        0.000%
INST_MAP_UPDATE_NPC_FADD                             0        0.000%                0        0.000%
INST_MAP_UPDATE_NPC_FMUL                             0        0.000%                0        0.000%
INST_MAP_UPDATE_NPC_FMA                              0        0.000%                0        0.000%
INST_MAP_UPDATE_NPC_FDIV                             0        0.000%                0        0.000%
INST_MAP_UPDATE_NPC_FCMP                             0        0.000%                0        0.000%
INST_MAP_UPDATE_NPC_FCMOV                            0        0.000%                0        0.000%
INST_MAP_UPDATE_NPC_GATHER                           0        0.000%                0        0.000%
INST_MAP_UPDATE_NPC_SCATTER                          0        0.000%                0        0.000%
INST_MAP_UPDATE_NPC_PIPELINED_FAST                   0        0.000%                0        0.000%
INST_MAP_UPDATE_NPC_PIPELINED_MEDIUM                 0        0.000%                0        0.000%
INST_MAP_UPDATE_NPC_PIPELINED_SLOW                   0        0.000%                0        0.000%
INST_MAP_UPDATE_NPC_NOTPIPELINED_MEDIUM              0        0.000%                0        0.000%
INST_MAP_UPDATE_NPC_NOTPIPELINED_SLOW                0        0.000%                0        0.000%
INST_MAP_UPDATE_NPC_NOTPIPELINED_VERY_SLOW             0        0.000%                0        0.000%
INST_MAP_UPDATE_MEM_INV                              0        0.000%                0        0.000%
INST_MAP_UPDATE_MEM_NOP                              0        0.000%                0        0.000%
INST_MAP_UPDATE_MEM_CF                               0        0.000%                0        0.000%
INST_MAP_UPDATE_MEM_MOV                        3040477       47.765%          6081252       47.765%
INST_MAP_UPDATE_MEM_CMOV                             0        0.000%                0        0.000%
INST_MAP_UPDATE_MEM_LDA                              0        0.000%                0        0.000%
INST_MAP_UPDATE_MEM_IMEM                             0        0.000%                0        0.000%
INST_MAP_UPDATE_MEM_IADD                             0        0.000%                0        0.000%
INST_MAP_UPDATE_MEM_IMUL                             0        0.000%                0        0.000%
INST_MAP_UPDATE_MEM_IDIV                             0        0.000%                0        0.000%
INST_MAP_UPDATE_MEM_ICMP                             0        0.000%                0        0.000%
INST_MAP_UPDATE_MEM_LOGIC                            0        0.000%                0        0.000%
INST_MAP_UPDATE_MEM_SHIFT                            0        0.000%                0        0.000%
INST_MAP_UPDATE_MEM_FMEM                             0        0.000%                0        0.000%
INST_MAP_UPDATE_MEM_FCVT                             0        0.000%                0        0.000%
INST_MAP_UPDATE_MEM_FADD                             0        0.000%                0        0.000%
INST_MAP_UPDATE_MEM_FMUL                             0        0.000%                0        0.000%
INST_MAP_UPDATE_MEM_FMA                              0        0.000%                0        0.000%
INST_MAP_UPDATE_MEM_FDIV                             0        0.000%                0        0.000%
INST_MAP_UPDATE_MEM_FCMP                       2923535       45.928%          5847358       45.928%
INST_MAP_UPDATE_MEM_FCMOV                            0        0.000%                0        0.000%
INST_MAP_UPDATE_MEM_GATHER                           0        0.000%                0        0.000%
INST_MAP_UPDATE_MEM_SCATTER                          0        0.000%                0        0.000%
INST_MAP_UPDATE_MEM_PIPELINED_FAST                   0        0.000%                0        0.000%
INST_MAP_UPDATE_MEM_PIPELINED_MEDIUM                 0        0.000%                0        0.000%
INST_MAP_UPDATE_MEM_PIPELINED_SLOW                   0        0.000%                0        0.000%
INST_MAP_UPDATE_MEM_NOTPIPELINED_MEDIUM              0        0.000%                0        0.000%
INST_MAP_UPDATE_MEM_NOTPIPELINED_SLOW                0        0.000%                0        0.000%
INST_MAP_UPDATE_MEM_NOTPIPELINED_VERY_SLOW             0        0.000%                0        0.000%
                                               6365520      100.000%         12731668      100.000%
                                                 38.27         8.13             38.27         8.13



