/* -*- Mode: c -*- */
####################################################################################################
Core 0
####################################################################################################
Cumulative:        Cycles: 17569752              Instructions: 20000000              IPC: 1.13832

Periodic:          Cycles: 8818684               Instructions: 9999998               IPC: 1.13396

EXECUTION_TIME                           2755838750000                  5490547500000              

NODE_CYCLE                                     8818684                       17569752              

NODE_INST_COUNT                                9999998                       20000000              

NODE_INST_COUNT_FETCHED                        9999998                       20000000              

NODE_UOP_COUNT                                11969873                       23987086              

FULL_WINDOW_STALL                              6270295       71.102%         12439002       70.798%

FULL_WINDOW_MEM_OP                             4469894       78.069%          8980372       78.916%
FULL_WINDOW_FP_OP                              1255698       21.931%          2399289       21.084%
FULL_WINDOW_OTHER_OP                                 8        0.000%                9        0.000%
                                               5725600      100.000%         11379670      100.000%
                                                  0.22         0.37              0.21         0.36

RET_BLOCKED_DC_MISS                            4366177       49.511%          8890004       50.598%

RET_BLOCKED_L1_MISS                            4487597       50.887%          9102230       51.806%

RET_BLOCKED_L1_MISS_BW_PREF                          0        0.000%                0        0.000%

RET_BLOCKED_L1_ACCESS                            49971        0.567%           101013        0.575%

RET_BLOCKED_MEM_STALL                          4490220       50.917%          9106848       51.833%

RET_BLOCKED_OFFCHIP_DEMAND                           0        0.000%                0        0.000%

OP_ISSUED                                     11970810                       23996732              

OP_RETIRED                                    11969873                       23987086              

REPLAY_SIGNALED                                      0                              0              

REPLAY_COUNTED                                       0                              0              

OFF_CRITICAL_PATH                                    0         -nan%                0         -nan%
ON_CRITICAL_PATH                                     0         -nan%                0         -nan%
                                                     0         -nan%                0         -nan%
                                                  -nan         -nan              -nan         -nan

LD_NO_DEPENDENTS                                 33820        0.662%            60362        0.592%
LD_DEPENDENTS                                  5072950       99.338%         10135087       99.408%
                                               5106770      100.000%         10195449      100.000%
                                                  0.99         0.99              0.99         0.99

LD_EXEC_CYCLES_0                                     0        0.000%                0        0.000%
LD_EXEC_CYCLES_1                                     0        0.000%                0        0.000%
LD_EXEC_CYCLES_2                                     0        0.000%                0        0.000%
LD_EXEC_CYCLES_3                                  8807       45.032%            18631       45.370%
LD_EXEC_CYCLES_4                                 10750       54.968%            22434       54.630%
                                                 19557      100.000%            41065      100.000%
                                                  3.55         2.68              3.55         2.67

ICACHE_STAGE_STARVED                               179        0.007%             1496        0.029%
ICACHE_STAGE_NOT_STARVED                       2588565       99.993%          5212582       99.971%
                                               2588744      100.000%          5214078      100.000%
                                                  1.00         1.00              1.00         1.00

ICACHE_STAGE_STALLED                           6227765       70.620%         12344058       70.257%
ICACHE_STAGE_NOT_STALLED                       2588744       29.355%          5213422       29.673%
ICACHE_STAGE_OFF_PATH                             2175        0.025%            12272        0.070%
                                               8818684      100.000%         17569752      100.000%
                                                  0.29         0.38              0.30         0.39

DECODE_STAGE_STARVED                           8817800       99.998%         17564707       99.997%
DECODE_STAGE_NOT_STARVED                           166        0.002%              597        0.003%
                                               8817966      100.000%         17565304      100.000%
                                                  0.00         0.00              0.00         0.01

DECODE_STAGE_STALLED                              1297        0.015%             1888        0.011%
DECODE_STAGE_NOT_STALLED                       8816669       99.977%         17563416       99.964%
DECODE_STAGE_OFF_PATH                              718        0.008%             4448        0.025%
                                               8818684      100.000%         17569752      100.000%
                                                  1.00         0.01              1.00         0.02

UOPQ_STAGE_STARVED                                 460        0.018%             4666        0.089%
UOPQ_STAGE_NOT_STARVED                         2588303       99.982%          5210354       99.911%
                                               2588763      100.000%          5215020      100.000%
                                                  1.00         1.00              1.00         1.00

UOPQ_STAGE_STALLED                             6228049       70.623%         12344621       70.261%
UOPQ_STAGE_NOT_STALLED                         2588763       29.355%          5215020       29.682%
UOPQ_STAGE_OFF_PATH                               1872        0.021%            10111        0.058%
                                               8818684      100.000%         17569752      100.000%
                                                  0.29         0.38              0.30         0.38

MAP_STAGE_STARVED                                  277        0.003%             1382        0.008%
MAP_STAGE_NOT_STARVED                          8816833       99.997%         17558904       99.992%
                                               8817110      100.000%         17560286      100.000%
                                                  1.00         1.00              1.00         1.00

MAP_STAGE_STALLED                              6228234       70.625%         12346146       70.269%
MAP_STAGE_NOT_STALLED                          2588876       29.357%          5214140       29.677%
MAP_STAGE_OFF_PATH                                1574        0.018%             9466        0.054%
                                               8818684      100.000%         17569752      100.000%
                                                  0.29         0.38              0.30         0.38

EXEC_STAGE_STARVED                             5378382       60.988%         10917112       62.136%
EXEC_STAGE_NOT_STARVED                         3440123       39.009%          6650265       37.851%
EXEC_STAGE_OFF_PATH                                179        0.002%             2375        0.014%
                                               8818684      100.000%         17569752      100.000%
                                                  0.39         0.38              0.38         0.38

FU_BUSY_0                                      4030477                        7849972              

FU_BUSY_1                                      1960255                        3919736              

FU_BUSY_2                                      2621471                        5228928              

FU_BUSY_3                                      2493820                        4982858              

FU_BUSY_4                                      1211529                        2450763              

FU_BUSY_5                                       416585                         814009              

FU_BUSY_6                                       378927                         713945              

FU_BUSY_7                                       388573                         736409              

FU_BUSY_8                                            0                              0              

FU_BUSY_9                                            0                              0              

FU_BUSY_10                                           0                              0              

FU_BUSY_11                                           0                              0              

FU_BUSY_12                                           0                              0              

FU_BUSY_13                                           0                              0              

FU_BUSY_14                                           0                              0              

FU_BUSY_15                                           0                              0              

FU_BUSY_16                                           0                              0              

FU_BUSY_17                                           0                              0              

FU_BUSY_18                                           0                              0              

FU_BUSY_19                                           0                              0              

FU_BUSY_20                                           0                              0              

FU_BUSY_21                                           0                              0              

FU_BUSY_22                                           0                              0              

FU_BUSY_23                                           0                              0              

FU_BUSY_24                                           0                              0              

FU_BUSY_25                                           0                              0              

FU_BUSY_26                                           0                              0              

FU_BUSY_27                                           0                              0              

FU_BUSY_28                                           0                              0              

FU_BUSY_29                                           0                              0              

FU_BUSY_30                                           0                              0              

FU_BUSY_31                                           0                              0              

FU_REJECTED_OP_INV_NOT_SIMD                          0        0.000%                0        0.000%
FU_REJECTED_OP_NOP_NOT_SIMD                          0        0.000%                0        0.000%
FU_REJECTED_OP_CF_NOT_SIMD                         163        0.011%              255        0.010%
FU_REJECTED_OP_MOV_NOT_SIMD                        262        0.018%              401        0.016%
FU_REJECTED_OP_CMOV_NOT_SIMD                         0        0.000%                0        0.000%
FU_REJECTED_OP_LDA_NOT_SIMD                       2732        0.189%             4294        0.169%
FU_REJECTED_OP_IMEM_NOT_SIMD                      1669        0.115%             3285        0.129%
FU_REJECTED_OP_IADD_NOT_SIMD                      2690        0.186%             5486        0.216%
FU_REJECTED_OP_IMUL_NOT_SIMD                        35        0.002%               59        0.002%
FU_REJECTED_OP_IDIV_NOT_SIMD                         0        0.000%                0        0.000%
FU_REJECTED_OP_ICMP_NOT_SIMD                         0        0.000%                0        0.000%
FU_REJECTED_OP_LOGIC_NOT_SIMD                      109        0.008%              144        0.006%
FU_REJECTED_OP_SHIFT_NOT_SIMD                        0        0.000%                0        0.000%
FU_REJECTED_OP_FMEM_NOT_SIMD                         0        0.000%                0        0.000%
FU_REJECTED_OP_FCVT_NOT_SIMD                         0        0.000%                0        0.000%
FU_REJECTED_OP_FADD_NOT_SIMD                         0        0.000%                0        0.000%
FU_REJECTED_OP_FMUL_NOT_SIMD                         0        0.000%                0        0.000%
FU_REJECTED_OP_FMA_NOT_SIMD                          0        0.000%                0        0.000%
FU_REJECTED_OP_FDIV_NOT_SIMD                         0        0.000%                0        0.000%
FU_REJECTED_OP_FCMP_NOT_SIMD                         0        0.000%                0        0.000%
FU_REJECTED_OP_FCMOV_NOT_SIMD                        0        0.000%                0        0.000%
FU_REJECTED_OP_GATHER_NOT_SIMD                       0        0.000%                0        0.000%
FU_REJECTED_OP_SCATTER_NOT_SIMD                      0        0.000%                0        0.000%
FU_REJECTED_OP_PIPELINED_FAST_NOT_SIMD               0        0.000%                0        0.000%
FU_REJECTED_OP_PIPELINED_MEDIUM_NOT_SIMD             0        0.000%                0        0.000%
FU_REJECTED_OP_PIPELINED_SLOW_NOT_SIMD               0        0.000%                0        0.000%
FU_REJECTED_OP_NOTPIPELINED_MEDIUM_NOT_SIMD             0        0.000%                0        0.000%
FU_REJECTED_OP_NOTPIPELINED_SLOW_NOT_SIMD             0        0.000%                0        0.000%
FU_REJECTED_OP_NOTPIPELINED_VERY_SLOW_NOT_SIMD             0        0.000%                0        0.000%
FU_REJECTED_OP_INV_SIMD                              0        0.000%                0        0.000%
FU_REJECTED_OP_NOP_SIMD                              0        0.000%                0        0.000%
FU_REJECTED_OP_CF_SIMD                               0        0.000%                0        0.000%
FU_REJECTED_OP_MOV_SIMD                              0        0.000%                0        0.000%
FU_REJECTED_OP_CMOV_SIMD                             0        0.000%                0        0.000%
FU_REJECTED_OP_LDA_SIMD                              0        0.000%                0        0.000%
FU_REJECTED_OP_IMEM_SIMD                             0        0.000%                0        0.000%
FU_REJECTED_OP_IADD_SIMD                             0        0.000%                0        0.000%
FU_REJECTED_OP_IMUL_SIMD                             0        0.000%                0        0.000%
FU_REJECTED_OP_IDIV_SIMD                             0        0.000%                0        0.000%
FU_REJECTED_OP_ICMP_SIMD                             0        0.000%                0        0.000%
FU_REJECTED_OP_LOGIC_SIMD                            0        0.000%                0        0.000%
FU_REJECTED_OP_SHIFT_SIMD                            0        0.000%                0        0.000%
FU_REJECTED_OP_FMEM_SIMD                             0        0.000%                0        0.000%
FU_REJECTED_OP_FCVT_SIMD                          6165        0.427%            10753        0.423%
FU_REJECTED_OP_FADD_SIMD                        140425        9.717%           257295       10.124%
FU_REJECTED_OP_FMUL_SIMD                             0        0.000%                0        0.000%
FU_REJECTED_OP_FMA_SIMD                            402        0.028%              680        0.027%
FU_REJECTED_OP_FDIV_SIMD                            86        0.006%              135        0.005%
FU_REJECTED_OP_FCMP_SIMD                             5        0.000%                6        0.000%
FU_REJECTED_OP_FCMOV_SIMD                      1290336       89.292%          2258764       88.873%
FU_REJECTED_OP_GATHER_SIMD                           0        0.000%                0        0.000%
FU_REJECTED_OP_SCATTER_SIMD                          0        0.000%                0        0.000%
FU_REJECTED_OP_PIPELINED_FAST_SIMD                   0        0.000%                0        0.000%
FU_REJECTED_OP_PIPELINED_MEDIUM_SIMD                 0        0.000%                0        0.000%
FU_REJECTED_OP_PIPELINED_SLOW_SIMD                   0        0.000%                0        0.000%
FU_REJECTED_OP_NOTPIPELINED_MEDIUM_SIMD              0        0.000%                0        0.000%
FU_REJECTED_OP_NOTPIPELINED_SLOW_SIMD                0        0.000%                0        0.000%
FU_REJECTED_OP_NOTPIPELINED_VERY_SLOW_SIMD             0        0.000%                0        0.000%
                                               1445079      100.000%          2541557      100.000%
                                                 48.26         3.45             48.23         3.50

OP_WAIT_0                                      5511586                       11214016              

OP_WAIT_1                                      1849347                        3702457              

OP_WAIT_2                                       970782                        1932147              

OP_WAIT_3                                       495681                        1000238              

OP_WAIT_4                                       397446                         793665              

OP_WAIT_5                                       275611                         553927              

OP_WAIT_6                                       209819                         416431              

OP_WAIT_7                                       146257                         284252              

OP_WAIT_8                                       148721                         288532              

OP_WAIT_9                                       126019                         243483              

OP_WAIT_10                                      136961                         259535              

OP_WAIT_11                                      118371                         223250              

OP_WAIT_12                                      107374                         199944              

OP_WAIT_13                                       95594                         180071              

OP_WAIT_14                                       90769                         169372              

OP_WAIT_15                                       86238                         160632              

OP_WAIT_16                                       90539                         168029              

OP_WAIT_17                                       66334                         124086              

OP_WAIT_18                                       59283                         111002              

OP_WAIT_19                                       53200                         101500              

OP_WAIT_20                                       45313                          85097              

OP_WAIT_21                                       36499                          68701              

OP_WAIT_22                                       32493                          61501              

OP_WAIT_23                                       30091                          57368              

OP_WAIT_24                                       26303                          50707              

OP_WAIT_25                                       23404                          45062              

OP_WAIT_26                                       22203                          42979              

OP_WAIT_27                                       19629                          38044              

OP_WAIT_28                                       20556                          40777              

OP_WAIT_29                                       20637                          40152              

OP_WAIT_30                                       17416                          34033              

OP_WAIT_31                                      639397                        1296096              

ROW_SIZE_0                                     6471325                       12877396              

ROW_SIZE_1                                      331978                         644238              

ROW_SIZE_2                                       65542                         140618              

ROW_SIZE_3                                       33037                          66465              

ROW_SIZE_4                                       23194                          44305              

ROW_SIZE_5                                       46724                          94363              

ROW_SIZE_6                                     1846884                        3702197              

ROW_SIZE_7                                           0                              0              

ROW_SIZE_8                                           0                              0              

ROW_SIZE_9                                           0                              0              

ROW_SIZE_10                                          0                              0              

ROW_SIZE_11                                          0                              0              

ROW_SIZE_12                                          0                              0              

ROW_SIZE_13                                          0                              0              

ROW_SIZE_14                                          0                              0              

ROW_SIZE_15                                          0                              0              

ROW_SIZE_16                                          0                              0              

ROW_SIZE_17                                          0                              0              

ROW_SIZE_18                                          0                              0              

ROW_SIZE_19                                          0                              0              

ROW_SIZE_20                                          0                              0              

ROW_SIZE_21                                          0                              0              

ROW_SIZE_22                                          0                              0              

ROW_SIZE_23                                          0                              0              

ROW_SIZE_24                                          0                              0              

ROW_SIZE_25                                          0                              0              

ROW_SIZE_26                                          0                              0              

ROW_SIZE_27                                          0                              0              

ROW_SIZE_28                                          0                              0              

ROW_SIZE_29                                          0                              0              

ROW_SIZE_30                                          0                              0              

ROW_SIZE_31                                          0                              0              

RET_OP_EXEC_COUNT_0                                  0        0.000%                0        0.000%
RET_OP_EXEC_COUNT_1                           11969873      100.000%         23987086      100.000%
RET_OP_EXEC_COUNT_2                                  0        0.000%                0        0.000%
RET_OP_EXEC_COUNT_3                                  0        0.000%                0        0.000%
RET_OP_EXEC_COUNT_4                                  0        0.000%                0        0.000%
RET_OP_EXEC_COUNT_5                                  0        0.000%                0        0.000%
RET_OP_EXEC_COUNT_6                                  0        0.000%                0        0.000%
RET_OP_EXEC_COUNT_7                                  0        0.000%                0        0.000%
RET_OP_EXEC_COUNT_8                                  0        0.000%                0        0.000%
RET_OP_EXEC_COUNT_9                                  0        0.000%                0        0.000%
RET_OP_EXEC_COUNT_10                                 0        0.000%                0        0.000%
RET_OP_EXEC_COUNT_11                                 0        0.000%                0        0.000%
RET_OP_EXEC_COUNT_12                                 0        0.000%                0        0.000%
RET_OP_EXEC_COUNT_13                                 0        0.000%                0        0.000%
RET_OP_EXEC_COUNT_14                                 0        0.000%                0        0.000%
RET_OP_EXEC_COUNT_15                                 0        0.000%                0        0.000%
RET_OP_EXEC_COUNT_16                                 0        0.000%                0        0.000%
RET_OP_EXEC_COUNT_17                                 0        0.000%                0        0.000%
RET_OP_EXEC_COUNT_18                                 0        0.000%                0        0.000%
RET_OP_EXEC_COUNT_19                                 0        0.000%                0        0.000%
RET_OP_EXEC_COUNT_20                                 0        0.000%                0        0.000%
RET_OP_EXEC_COUNT_21                                 0        0.000%                0        0.000%
RET_OP_EXEC_COUNT_22                                 0        0.000%                0        0.000%
RET_OP_EXEC_COUNT_23                                 0        0.000%                0        0.000%
RET_OP_EXEC_COUNT_24                                 0        0.000%                0        0.000%
RET_OP_EXEC_COUNT_25                                 0        0.000%                0        0.000%
RET_OP_EXEC_COUNT_26                                 0        0.000%                0        0.000%
RET_OP_EXEC_COUNT_27                                 0        0.000%                0        0.000%
RET_OP_EXEC_COUNT_28                                 0        0.000%                0        0.000%
RET_OP_EXEC_COUNT_29                                 0        0.000%                0        0.000%
RET_OP_EXEC_COUNT_30                                 0        0.000%                0        0.000%
RET_OP_EXEC_COUNT_31                                 0        0.000%                0        0.000%
RET_OP_EXEC_COUNT_32                                 0        0.000%                0        0.000%
                                              11969873      100.000%         23987086      100.000%
                                                  1.00         0.00              1.00         0.00

RET_STALL_LENGTH_0                            11956789       99.891%         23960030       99.887%
RET_STALL_LENGTH_100                              9167        0.077%            19710        0.082%
RET_STALL_LENGTH_200                              1162        0.010%             2357        0.010%
RET_STALL_LENGTH_300                              1161        0.010%             2075        0.009%
RET_STALL_LENGTH_400                               842        0.007%             1477        0.006%
RET_STALL_LENGTH_500                               298        0.002%              552        0.002%
RET_STALL_LENGTH_600                                83        0.001%              153        0.001%
RET_STALL_LENGTH_700                                62        0.001%              100        0.000%
RET_STALL_LENGTH_800                                11        0.000%               25        0.000%
RET_STALL_LENGTH_900                                 7        0.000%               12        0.000%
RET_STALL_LENGTH_1000                                3        0.000%                5        0.000%
RET_STALL_LENGTH_1100                               60        0.001%              108        0.000%
RET_STALL_LENGTH_1200                              158        0.001%              330        0.001%
RET_STALL_LENGTH_1300                               19        0.000%               47        0.000%
RET_STALL_LENGTH_1400                                5        0.000%               12        0.000%
RET_STALL_LENGTH_1500                               16        0.000%               23        0.000%
RET_STALL_LENGTH_1600                               17        0.000%               40        0.000%
RET_STALL_LENGTH_1700                                7        0.000%               18        0.000%
RET_STALL_LENGTH_1800                                5        0.000%               10        0.000%
RET_STALL_LENGTH_1900                                1        0.000%                1        0.000%
RET_STALL_LENGTH_2000                                0        0.000%                1        0.000%
RET_STALL_LENGTH_2100                                0        0.000%                0        0.000%
RET_STALL_LENGTH_2200                                0        0.000%                0        0.000%
RET_STALL_LENGTH_2300                                0        0.000%                0        0.000%
RET_STALL_LENGTH_2400                                0        0.000%                0        0.000%
RET_STALL_LENGTH_2500                                0        0.000%                0        0.000%
RET_STALL_LENGTH_2600                                0        0.000%                0        0.000%
RET_STALL_LENGTH_2700                                0        0.000%                0        0.000%
RET_STALL_LENGTH_2800                                0        0.000%                0        0.000%
RET_STALL_LENGTH_2900                                0        0.000%                0        0.000%
RET_STALL_LENGTH_3000                                0        0.000%                0        0.000%
RET_STALL_LENGTH_3100                                0        0.000%                0        0.000%
RET_STALL_LENGTH_3200                                0        0.000%                0        0.000%
RET_STALL_LENGTH_3300                                0        0.000%                0        0.000%
RET_STALL_LENGTH_3400                                0        0.000%                0        0.000%
RET_STALL_LENGTH_3500                                0        0.000%                0        0.000%
RET_STALL_LENGTH_3600                                0        0.000%                0        0.000%
RET_STALL_LENGTH_3700                                0        0.000%                0        0.000%
RET_STALL_LENGTH_3800                                0        0.000%                0        0.000%
RET_STALL_LENGTH_3900                                0        0.000%                0        0.000%
RET_STALL_LENGTH_4000                                0        0.000%                0        0.000%
RET_STALL_LENGTH_4100                                0        0.000%                0        0.000%
RET_STALL_LENGTH_4200                                0        0.000%                0        0.000%
RET_STALL_LENGTH_4300                                0        0.000%                0        0.000%
RET_STALL_LENGTH_4400                                0        0.000%                0        0.000%
RET_STALL_LENGTH_4500                                0        0.000%                0        0.000%
RET_STALL_LENGTH_4600                                0        0.000%                0        0.000%
RET_STALL_LENGTH_4700                                0        0.000%                0        0.000%
RET_STALL_LENGTH_4800                                0        0.000%                0        0.000%
RET_STALL_LENGTH_4900                                0        0.000%                0        0.000%
RET_STALL_LENGTH_5000                                0        0.000%                0        0.000%
                                              11969873      100.000%         23987086      100.000%
                                                  0.00         0.09              0.00         0.09

MEM_BLOCK_LENGTH_0                                  87       91.579%              136       88.889%
MEM_BLOCK_LENGTH_100                                 2        2.105%                4        2.614%
MEM_BLOCK_LENGTH_200                                 2        2.105%                5        3.268%
MEM_BLOCK_LENGTH_300                                 0        0.000%                1        0.654%
MEM_BLOCK_LENGTH_400                                 0        0.000%                1        0.654%
MEM_BLOCK_LENGTH_500                                 1        1.053%                1        0.654%
MEM_BLOCK_LENGTH_600                                 0        0.000%                0        0.000%
MEM_BLOCK_LENGTH_700                                 1        1.053%                2        1.307%
MEM_BLOCK_LENGTH_800                                 1        1.053%                1        0.654%
MEM_BLOCK_LENGTH_900                                 0        0.000%                0        0.000%
MEM_BLOCK_LENGTH_1000                                0        0.000%                0        0.000%
MEM_BLOCK_LENGTH_1100                                0        0.000%                1        0.654%
MEM_BLOCK_LENGTH_1200                                1        1.053%                1        0.654%
MEM_BLOCK_LENGTH_1300                                0        0.000%                0        0.000%
MEM_BLOCK_LENGTH_1400                                0        0.000%                0        0.000%
MEM_BLOCK_LENGTH_1500                                0        0.000%                0        0.000%
MEM_BLOCK_LENGTH_1600                                0        0.000%                0        0.000%
MEM_BLOCK_LENGTH_1700                                0        0.000%                0        0.000%
MEM_BLOCK_LENGTH_1800                                0        0.000%                0        0.000%
MEM_BLOCK_LENGTH_1900                                0        0.000%                0        0.000%
MEM_BLOCK_LENGTH_2000                                0        0.000%                0        0.000%
MEM_BLOCK_LENGTH_2100                                0        0.000%                0        0.000%
MEM_BLOCK_LENGTH_2200                                0        0.000%                0        0.000%
MEM_BLOCK_LENGTH_2300                                0        0.000%                0        0.000%
MEM_BLOCK_LENGTH_2400                                0        0.000%                0        0.000%
MEM_BLOCK_LENGTH_2500                                0        0.000%                0        0.000%
MEM_BLOCK_LENGTH_2600                                0        0.000%                0        0.000%
MEM_BLOCK_LENGTH_2700                                0        0.000%                0        0.000%
MEM_BLOCK_LENGTH_2800                                0        0.000%                0        0.000%
MEM_BLOCK_LENGTH_2900                                0        0.000%                0        0.000%
MEM_BLOCK_LENGTH_3000                                0        0.000%                0        0.000%
MEM_BLOCK_LENGTH_3100                                0        0.000%                0        0.000%
MEM_BLOCK_LENGTH_3200                                0        0.000%                0        0.000%
MEM_BLOCK_LENGTH_3300                                0        0.000%                0        0.000%
MEM_BLOCK_LENGTH_3400                                0        0.000%                0        0.000%
MEM_BLOCK_LENGTH_3500                                0        0.000%                0        0.000%
MEM_BLOCK_LENGTH_3600                                0        0.000%                0        0.000%
MEM_BLOCK_LENGTH_3700                                0        0.000%                0        0.000%
MEM_BLOCK_LENGTH_3800                                0        0.000%                0        0.000%
MEM_BLOCK_LENGTH_3900                                0        0.000%                0        0.000%
MEM_BLOCK_LENGTH_4000                                0        0.000%                0        0.000%
MEM_BLOCK_LENGTH_4100                                0        0.000%                0        0.000%
MEM_BLOCK_LENGTH_4200                                0        0.000%                0        0.000%
MEM_BLOCK_LENGTH_4300                                0        0.000%                0        0.000%
MEM_BLOCK_LENGTH_4400                                0        0.000%                0        0.000%
MEM_BLOCK_LENGTH_4500                                0        0.000%                0        0.000%
MEM_BLOCK_LENGTH_4600                                0        0.000%                0        0.000%
MEM_BLOCK_LENGTH_4700                                0        0.000%                0        0.000%
MEM_BLOCK_LENGTH_4800                                0        0.000%                0        0.000%
MEM_BLOCK_LENGTH_4900                                0        0.000%                0        0.000%
MEM_BLOCK_LENGTH_5000                                0        0.000%                0        0.000%
                                                    95      100.000%              153      100.000%
                                                  0.40         1.67              0.46         1.70

FUS_BUSY_ON_PATH                              13501213        1.5310         26692743        1.5192

FUS_BUSY_OFF_PATH                                  424        0.0000             3877        0.0002

FU_BUSY_MEM_STALL                               237412        0.0269           440960        0.0251

FUS_EMPTY                                     57047835        6.4690        113861396        6.4805

FU_UNAVAILABLE                                 1294130        0.1467          2264739        0.1289

FU_MEM_UNAVAILABLE                              150949        0.0171           276818        0.0158

FU_REPLAY                                            0        0.0000                0        0.0000

FU_STARVED                                    57047779        6.4690        113861107        6.4805

CHIP_UTILIZATION                                     0        0.0000                0        0.0000

CYCLES_UNDER_MEM_REQ                                 0                              0              

CYCLES_UNDER_NO_MEM_REQ                              0                              0              

CYCLES_UNDER_CRITICAL_MEM_REQ                        0                              0              

CYCLES_UNDER_NONCRITICAL_MEM_REQ                     0                              0              

CHIP_UTILIZATION_UNDER_MEM_REQ                       0          -nan                0          -nan

CHIP_UTILIZATION_UNDER_NO_MEM_REQ                    0          -nan                0          -nan

CHIP_UTILIZATION_UNDER_CRITICAL_MEM_REQ              0          -nan                0          -nan

CHIP_UTILIZATION_UNDER_NONCRITICAL_MEM_REQ             0          -nan                0          -nan

CYCLES_NOT_WAITING_FOR_OFF_CHIP                      0        0.0000                0        0.0000

FUS_BUSY_NOT_WAITING_FOR_OFF_CHIP                    0          -nan                0          -nan

CYCLES_WAITING_FOR_OFF_CHIP                          0        0.0000                0        0.0000

FUS_BUSY_WAITING_FOR_OFF_CHIP                        0          -nan                0          -nan

TOTAL_OFF_CHIP_DELAYS_LEFT                           0                              0              

WRONG_IO_SCHED                                       0                              0              

DVFS_CONFIG_SWITCH                                   0                              0              

MAP_STAGE_RECEIVED_OPS_0                             0        0.000%                0        0.000%
MAP_STAGE_RECEIVED_OPS_1                        284689       10.998%           600375       11.518%
MAP_STAGE_RECEIVED_OPS_2                        393249       15.192%           785424       15.068%
MAP_STAGE_RECEIVED_OPS_3                         34532        1.334%            61786        1.185%
MAP_STAGE_RECEIVED_OPS_4                        136477        5.272%           293506        5.631%
MAP_STAGE_RECEIVED_OPS_5                        188987        7.301%           372970        7.155%
MAP_STAGE_RECEIVED_OPS_6                       1550650       59.903%          3098596       59.444%
MAP_STAGE_RECEIVED_OPS_7                             0        0.000%                0        0.000%
MAP_STAGE_RECEIVED_OPS_8                             0        0.000%                0        0.000%
MAP_STAGE_RECEIVED_OPS_MAX                           0        0.000%                0        0.000%
                                               2588584      100.000%          5212657      100.000%
                                                  4.62         1.92              4.60         1.93

MAP_STAGE_WAIT_FOR_DECODE                            0         -nan%                0         -nan%
MAP_STAGE_CONSUME_DECODE                             0         -nan%                0         -nan%
                                                     0         -nan%                0         -nan%
                                                  -nan         -nan              -nan         -nan

MAP_STAGE_WAIT_FOR_DECODE2                           0         -nan%                0         -nan%
MAP_STAGE_CONSUME_DECODE2                            0         -nan%                0         -nan%
                                                     0         -nan%                0         -nan%
                                                  -nan         -nan              -nan         -nan

FTQ_RECOVER_EXEC                                    15                            101              

FTQ_RECOVER_DECODE                                   0                              3              

FTQ_OFFPATH_CYCLES                                5421                          34491              

FTQ_CYCLES_OFFPATH                                5406                          35287              

FTQ_CYCLES_ONPATH                              8813278                       17534465              

FTQ_FETCHED_INS_OFFPATH                           8313                          62627              

FTQ_FETCHED_INS_ONPATH                        11969155                       23986982              

FTQ_BREAK_FULL_FT_ONPATH                       8812740       99.998%         17532861       99.993%
FTQ_BREAK_MAX_CFS_TAKEN_ONPATH                      54        0.001%              171        0.001%
FTQ_BREAK_MAX_BYTES_ONPATH                         126        0.001%              986        0.006%
FTQ_BREAK_PRED_BR_ONPATH                             0        0.000%                0        0.000%
FTQ_BREAK_BAR_FETCH_ONPATH                           0        0.000%                0        0.000%
                                               8812920      100.000%         17534018      100.000%
                                                  0.00         0.01              0.00         0.02

FTQ_BREAK_FULL_FT_OFFPATH                         5421      100.000%            35102       99.183%
FTQ_BREAK_MAX_CFS_TAKEN_OFFPATH                      0        0.000%                2        0.006%
FTQ_BREAK_MAX_BYTES_OFFPATH                          0        0.000%              287        0.811%
FTQ_BREAK_PRED_BR_OFFPATH                            0        0.000%                0        0.000%
FTQ_BREAK_BAR_FETCH_OFFPATH                          0        0.000%                0        0.000%
                                                  5421      100.000%            35391      100.000%
                                                  0.00         0.00              0.02         0.18



