               ramulator.active_cycles_0             4934991                                      # Total active cycles for level _0
                 ramulator.busy_cycles_0             4934991                                      # (All-bank refresh only. busy cycles only include refresh time in rank level) The sum of cycles that the DRAM part is active or under refresh for level _0
            ramulator.serving_requests_0             6737664                                      # The sum of read and write requests that are served in this DRAM element per memory cycle for level _0
    ramulator.average_serving_requests_0            0.883464                                      # The average of read and write requests that are served in this DRAM element per memory cycle for level _0
             ramulator.active_cycles_0_0             4934991                                      # Total active cycles for level _0_0
               ramulator.busy_cycles_0_0             5270991                                      # (All-bank refresh only. busy cycles only include refresh time in rank level) The sum of cycles that the DRAM part is active or under refresh for level _0_0
          ramulator.serving_requests_0_0             6737664                                      # The sum of read and write requests that are served in this DRAM element per memory cycle for level _0_0
  ramulator.average_serving_requests_0_0            0.883464                                      # The average of read and write requests that are served in this DRAM element per memory cycle for level _0_0
           ramulator.active_cycles_0_0_0             1318070                                      # Total active cycles for level _0_0_0
             ramulator.busy_cycles_0_0_0             1318070                                      # (All-bank refresh only. busy cycles only include refresh time in rank level) The sum of cycles that the DRAM part is active or under refresh for level _0_0_0
        ramulator.serving_requests_0_0_0             1766364                                      # The sum of read and write requests that are served in this DRAM element per memory cycle for level _0_0_0
ramulator.average_serving_requests_0_0_0            0.231611                                      # The average of read and write requests that are served in this DRAM element per memory cycle for level _0_0_0
         ramulator.active_cycles_0_0_0_0              323046                                      # Total active cycles for level _0_0_0_0
           ramulator.busy_cycles_0_0_0_0              323046                                      # (All-bank refresh only. busy cycles only include refresh time in rank level) The sum of cycles that the DRAM part is active or under refresh for level _0_0_0_0
      ramulator.serving_requests_0_0_0_0              432984                                      # The sum of read and write requests that are served in this DRAM element per memory cycle for level _0_0_0_0
ramulator.average_serving_requests_0_0_0_0            0.056774                                      # The average of read and write requests that are served in this DRAM element per memory cycle for level _0_0_0_0
         ramulator.active_cycles_0_0_0_1              316204                                      # Total active cycles for level _0_0_0_1
           ramulator.busy_cycles_0_0_0_1              316204                                      # (All-bank refresh only. busy cycles only include refresh time in rank level) The sum of cycles that the DRAM part is active or under refresh for level _0_0_0_1
      ramulator.serving_requests_0_0_0_1              427201                                      # The sum of read and write requests that are served in this DRAM element per memory cycle for level _0_0_0_1
ramulator.average_serving_requests_0_0_0_1            0.056016                                      # The average of read and write requests that are served in this DRAM element per memory cycle for level _0_0_0_1
         ramulator.active_cycles_0_0_0_2              357619                                      # Total active cycles for level _0_0_0_2
           ramulator.busy_cycles_0_0_0_2              357619                                      # (All-bank refresh only. busy cycles only include refresh time in rank level) The sum of cycles that the DRAM part is active or under refresh for level _0_0_0_2
      ramulator.serving_requests_0_0_0_2              469922                                      # The sum of read and write requests that are served in this DRAM element per memory cycle for level _0_0_0_2
ramulator.average_serving_requests_0_0_0_2            0.061618                                      # The average of read and write requests that are served in this DRAM element per memory cycle for level _0_0_0_2
         ramulator.active_cycles_0_0_0_3              328715                                      # Total active cycles for level _0_0_0_3
           ramulator.busy_cycles_0_0_0_3              328715                                      # (All-bank refresh only. busy cycles only include refresh time in rank level) The sum of cycles that the DRAM part is active or under refresh for level _0_0_0_3
      ramulator.serving_requests_0_0_0_3              436257                                      # The sum of read and write requests that are served in this DRAM element per memory cycle for level _0_0_0_3
ramulator.average_serving_requests_0_0_0_3            0.057203                                      # The average of read and write requests that are served in this DRAM element per memory cycle for level _0_0_0_3
           ramulator.active_cycles_0_0_1             1250822                                      # Total active cycles for level _0_0_1
             ramulator.busy_cycles_0_0_1             1250822                                      # (All-bank refresh only. busy cycles only include refresh time in rank level) The sum of cycles that the DRAM part is active or under refresh for level _0_0_1
        ramulator.serving_requests_0_0_1             1672015                                      # The sum of read and write requests that are served in this DRAM element per memory cycle for level _0_0_1
ramulator.average_serving_requests_0_0_1            0.219240                                      # The average of read and write requests that are served in this DRAM element per memory cycle for level _0_0_1
         ramulator.active_cycles_0_0_1_0              289583                                      # Total active cycles for level _0_0_1_0
           ramulator.busy_cycles_0_0_1_0              289583                                      # (All-bank refresh only. busy cycles only include refresh time in rank level) The sum of cycles that the DRAM part is active or under refresh for level _0_0_1_0
      ramulator.serving_requests_0_0_1_0              385420                                      # The sum of read and write requests that are served in this DRAM element per memory cycle for level _0_0_1_0
ramulator.average_serving_requests_0_0_1_0            0.050538                                      # The average of read and write requests that are served in this DRAM element per memory cycle for level _0_0_1_0
         ramulator.active_cycles_0_0_1_1              330530                                      # Total active cycles for level _0_0_1_1
           ramulator.busy_cycles_0_0_1_1              330530                                      # (All-bank refresh only. busy cycles only include refresh time in rank level) The sum of cycles that the DRAM part is active or under refresh for level _0_0_1_1
      ramulator.serving_requests_0_0_1_1              438948                                      # The sum of read and write requests that are served in this DRAM element per memory cycle for level _0_0_1_1
ramulator.average_serving_requests_0_0_1_1            0.057556                                      # The average of read and write requests that are served in this DRAM element per memory cycle for level _0_0_1_1
         ramulator.active_cycles_0_0_1_2              310419                                      # Total active cycles for level _0_0_1_2
           ramulator.busy_cycles_0_0_1_2              310419                                      # (All-bank refresh only. busy cycles only include refresh time in rank level) The sum of cycles that the DRAM part is active or under refresh for level _0_0_1_2
      ramulator.serving_requests_0_0_1_2              412852                                      # The sum of read and write requests that are served in this DRAM element per memory cycle for level _0_0_1_2
ramulator.average_serving_requests_0_0_1_2            0.054134                                      # The average of read and write requests that are served in this DRAM element per memory cycle for level _0_0_1_2
         ramulator.active_cycles_0_0_1_3              326849                                      # Total active cycles for level _0_0_1_3
           ramulator.busy_cycles_0_0_1_3              326849                                      # (All-bank refresh only. busy cycles only include refresh time in rank level) The sum of cycles that the DRAM part is active or under refresh for level _0_0_1_3
      ramulator.serving_requests_0_0_1_3              434795                                      # The sum of read and write requests that are served in this DRAM element per memory cycle for level _0_0_1_3
ramulator.average_serving_requests_0_0_1_3            0.057012                                      # The average of read and write requests that are served in this DRAM element per memory cycle for level _0_0_1_3
           ramulator.active_cycles_0_0_2             1255024                                      # Total active cycles for level _0_0_2
             ramulator.busy_cycles_0_0_2             1255024                                      # (All-bank refresh only. busy cycles only include refresh time in rank level) The sum of cycles that the DRAM part is active or under refresh for level _0_0_2
        ramulator.serving_requests_0_0_2             1670001                                      # The sum of read and write requests that are served in this DRAM element per memory cycle for level _0_0_2
ramulator.average_serving_requests_0_0_2            0.218976                                      # The average of read and write requests that are served in this DRAM element per memory cycle for level _0_0_2
         ramulator.active_cycles_0_0_2_0              296457                                      # Total active cycles for level _0_0_2_0
           ramulator.busy_cycles_0_0_2_0              296457                                      # (All-bank refresh only. busy cycles only include refresh time in rank level) The sum of cycles that the DRAM part is active or under refresh for level _0_0_2_0
      ramulator.serving_requests_0_0_2_0              390287                                      # The sum of read and write requests that are served in this DRAM element per memory cycle for level _0_0_2_0
ramulator.average_serving_requests_0_0_2_0            0.051176                                      # The average of read and write requests that are served in this DRAM element per memory cycle for level _0_0_2_0
         ramulator.active_cycles_0_0_2_1              328859                                      # Total active cycles for level _0_0_2_1
           ramulator.busy_cycles_0_0_2_1              328859                                      # (All-bank refresh only. busy cycles only include refresh time in rank level) The sum of cycles that the DRAM part is active or under refresh for level _0_0_2_1
      ramulator.serving_requests_0_0_2_1              431072                                      # The sum of read and write requests that are served in this DRAM element per memory cycle for level _0_0_2_1
ramulator.average_serving_requests_0_0_2_1            0.056524                                      # The average of read and write requests that are served in this DRAM element per memory cycle for level _0_0_2_1
         ramulator.active_cycles_0_0_2_2              320834                                      # Total active cycles for level _0_0_2_2
           ramulator.busy_cycles_0_0_2_2              320834                                      # (All-bank refresh only. busy cycles only include refresh time in rank level) The sum of cycles that the DRAM part is active or under refresh for level _0_0_2_2
      ramulator.serving_requests_0_0_2_2              428946                                      # The sum of read and write requests that are served in this DRAM element per memory cycle for level _0_0_2_2
ramulator.average_serving_requests_0_0_2_2            0.056245                                      # The average of read and write requests that are served in this DRAM element per memory cycle for level _0_0_2_2
         ramulator.active_cycles_0_0_2_3              316123                                      # Total active cycles for level _0_0_2_3
           ramulator.busy_cycles_0_0_2_3              316123                                      # (All-bank refresh only. busy cycles only include refresh time in rank level) The sum of cycles that the DRAM part is active or under refresh for level _0_0_2_3
      ramulator.serving_requests_0_0_2_3              419696                                      # The sum of read and write requests that are served in this DRAM element per memory cycle for level _0_0_2_3
ramulator.average_serving_requests_0_0_2_3            0.055032                                      # The average of read and write requests that are served in this DRAM element per memory cycle for level _0_0_2_3
           ramulator.active_cycles_0_0_3             1218504                                      # Total active cycles for level _0_0_3
             ramulator.busy_cycles_0_0_3             1218504                                      # (All-bank refresh only. busy cycles only include refresh time in rank level) The sum of cycles that the DRAM part is active or under refresh for level _0_0_3
        ramulator.serving_requests_0_0_3             1629284                                      # The sum of read and write requests that are served in this DRAM element per memory cycle for level _0_0_3
ramulator.average_serving_requests_0_0_3            0.213637                                      # The average of read and write requests that are served in this DRAM element per memory cycle for level _0_0_3
         ramulator.active_cycles_0_0_3_0              282787                                      # Total active cycles for level _0_0_3_0
           ramulator.busy_cycles_0_0_3_0              282787                                      # (All-bank refresh only. busy cycles only include refresh time in rank level) The sum of cycles that the DRAM part is active or under refresh for level _0_0_3_0
      ramulator.serving_requests_0_0_3_0              376042                                      # The sum of read and write requests that are served in this DRAM element per memory cycle for level _0_0_3_0
ramulator.average_serving_requests_0_0_3_0            0.049308                                      # The average of read and write requests that are served in this DRAM element per memory cycle for level _0_0_3_0
         ramulator.active_cycles_0_0_3_1              282729                                      # Total active cycles for level _0_0_3_1
           ramulator.busy_cycles_0_0_3_1              282729                                      # (All-bank refresh only. busy cycles only include refresh time in rank level) The sum of cycles that the DRAM part is active or under refresh for level _0_0_3_1
      ramulator.serving_requests_0_0_3_1              375491                                      # The sum of read and write requests that are served in this DRAM element per memory cycle for level _0_0_3_1
ramulator.average_serving_requests_0_0_3_1            0.049236                                      # The average of read and write requests that are served in this DRAM element per memory cycle for level _0_0_3_1
         ramulator.active_cycles_0_0_3_2              300952                                      # Total active cycles for level _0_0_3_2
           ramulator.busy_cycles_0_0_3_2              300952                                      # (All-bank refresh only. busy cycles only include refresh time in rank level) The sum of cycles that the DRAM part is active or under refresh for level _0_0_3_2
      ramulator.serving_requests_0_0_3_2              402429                                      # The sum of read and write requests that are served in this DRAM element per memory cycle for level _0_0_3_2
ramulator.average_serving_requests_0_0_3_2            0.052768                                      # The average of read and write requests that are served in this DRAM element per memory cycle for level _0_0_3_2
         ramulator.active_cycles_0_0_3_3              358913                                      # Total active cycles for level _0_0_3_3
           ramulator.busy_cycles_0_0_3_3              358913                                      # (All-bank refresh only. busy cycles only include refresh time in rank level) The sum of cycles that the DRAM part is active or under refresh for level _0_0_3_3
      ramulator.serving_requests_0_0_3_3              475322                                      # The sum of read and write requests that are served in this DRAM element per memory cycle for level _0_0_3_3
ramulator.average_serving_requests_0_0_3_3            0.062326                                      # The average of read and write requests that are served in this DRAM element per memory cycle for level _0_0_3_3
      ramulator.read_transaction_bytes_0            20054080                                      # The total byte of read transaction per channel
     ramulator.write_transaction_bytes_0            17902336                                      # The total byte of write transaction per channel
       ramulator.row_hits_channel_0_core              577800                                      # Number of row hits per channel per core
     ramulator.row_misses_channel_0_core                8226                                      # Number of row misses per channel per core
  ramulator.row_conflicts_channel_0_core                7043                                      # Number of row conflicts per channel per core
  ramulator.read_row_hits_channel_0_core              306064                                      # Number of row hits for read requests per channel per core
                                     [0]            306064.0                                      # 
ramulator.read_row_misses_channel_0_core                3985                                      # Number of row misses for read requests per channel per core
                                     [0]              3985.0                                      # 
ramulator.read_row_conflicts_channel_0_core                3296                                      # Number of row conflicts for read requests per channel per core
                                     [0]              3296.0                                      # 
 ramulator.write_row_hits_channel_0_core              271736                                      # Number of row hits for write requests per channel per core
                                     [0]            271736.0                                      # 
ramulator.write_row_misses_channel_0_core                4241                                      # Number of row misses for write requests per channel per core
                                     [0]              4241.0                                      # 
ramulator.write_row_conflicts_channel_0_core                3747                                      # Number of row conflicts for write requests per channel per core
                                     [0]              3747.0                                      # 
      ramulator.useless_activates_0_core                   1                                      # Number of useless activations. E.g, ACT -> PRE w/o RD or WR
            ramulator.read_latency_avg_0           67.265998                                      # The average memory latency cycles (in memory time domain) per request for all read requests in this channel
            ramulator.read_latency_sum_0            21077464                                      # The memory latency cycles (in memory time domain) sum for all read requests in this channel
        ramulator.req_queue_length_avg_0           17.368602                                      # Average of read and write queue length per memory cycle per channel.
        ramulator.req_queue_length_sum_0           132460148                                      # Sum of read and write queue length per memory cycle per channel.
   ramulator.read_req_queue_length_avg_0            2.748368                                      # Read queue length average per memory cycle per channel.
   ramulator.read_req_queue_length_sum_0            20960194                                      # Read queue length sum per memory cycle per channel.
  ramulator.write_req_queue_length_avg_0           14.620234                                      # Write queue length average per memory cycle per channel.
  ramulator.write_req_queue_length_sum_0           111499954                                      # Write queue length sum per memory cycle per channel.
              ramulator.record_read_hits                 0.0                                      # record read hit count for this core when it reaches request limit or to the end
                                     [0]                 0.0                                      # 
            ramulator.record_read_misses                 0.0                                      # record_read_miss count for this core when it reaches request limit or to the end
                                     [0]                 0.0                                      # 
         ramulator.record_read_conflicts                 0.0                                      # record read conflict count for this core when it reaches request limit or to the end
                                     [0]                 0.0                                      # 
             ramulator.record_write_hits                 0.0                                      # record write hit count for this core when it reaches request limit or to the end
                                     [0]                 0.0                                      # 
           ramulator.record_write_misses                 0.0                                      # record write miss count for this core when it reaches request limit or to the end
                                     [0]                 0.0                                      # 
        ramulator.record_write_conflicts                 0.0                                      # record write conflict for this core when it reaches request limit or to the end
                                     [0]                 0.0                                      # 
                 ramulator.dram_capacity          8589934592                                      # Number of bytes in simulated DRAM
                   ramulator.dram_cycles             7626414                                      # Number of DRAM cycles simulated
             ramulator.incoming_requests              593093                                      # Number of incoming requests to DRAM
                 ramulator.read_requests              313345                                      # Number of incoming read requests to DRAM per core
                                     [0]            313345.0                                      # 
                ramulator.write_requests              279748                                      # Number of incoming write requests to DRAM per core
                                     [0]            279748.0                                      # 
       ramulator.ramulator_active_cycles             4935008                                      # The total number of cycles that the DRAM part is active (serving R/W)
 ramulator.incoming_requests_per_channel            593093.0                                      # Number of incoming requests to each DRAM channel
                                     [0]            593093.0                                      # 
ramulator.incoming_read_reqs_per_channel            313345.0                                      # Number of incoming read requests to each DRAM channel
                                     [0]            313345.0                                      # 
     ramulator.physical_page_replacement                   0                                      # The number of times that physical page replacement happens.
             ramulator.maximum_bandwidth         19200000000                                      # The theoretical maximum bandwidth (Bps)
          ramulator.in_queue_req_num_sum           132460148                                      # Sum of read/write queue length
     ramulator.in_queue_read_req_num_sum            20960194                                      # Sum of read queue length
    ramulator.in_queue_write_req_num_sum           111499954                                      # Sum of write queue length
          ramulator.in_queue_req_num_avg           17.368602                                      # Average of read/write queue length per memory cycle
     ramulator.in_queue_read_req_num_avg            2.748368                                      # Average of read queue length per memory cycle
    ramulator.in_queue_write_req_num_avg           14.620234                                      # Average of write queue length per memory cycle
          ramulator.record_read_requests                 0.0                                      # record read requests for this core when it reaches request limit or to the end
                                     [0]                 0.0                                      # 
         ramulator.record_write_requests                 0.0                                      # record write requests for this core when it reaches request limit or to the end
                                     [0]                 0.0                                      # 
