/* -*- Mode: c -*- */
####################################################################################################
Core 0
####################################################################################################
Cumulative:        Cycles: 8675437               Instructions: 20000000              IPC: 2.30536

Periodic:          Cycles: 4255146               Instructions: 10000000              IPC: 2.35010

ST_OP_INV                                            0        0.000%                0        0.000%
ST_OP_NOP                                       396384        1.872%           878208        2.045%
ST_OP_CF                                       2559975       12.089%          5156173       12.005%
ST_OP_MOV                                      2668059       12.599%          5345264       12.445%
ST_OP_CMOV                                       67341        0.318%           136110        0.317%
ST_OP_LDA                                      1210198        5.715%          2434963        5.669%
ST_OP_ILD                                      4361399       20.596%          8843328       20.589%
ST_OP_IST                                      2160289       10.202%          4426296       10.305%
ST_OP_IADD                                     2419266       11.425%          4974297       11.581%
ST_OP_IMUL                                      220214        1.040%           440003        1.024%
ST_OP_IDIV                                        9889        0.047%            21251        0.049%
ST_OP_ICMP                                     1137511        5.372%          2277131        5.302%
ST_OP_LOGIC                                    2798302       13.214%          5650667       13.156%
ST_OP_SHIFT                                    1100474        5.197%          2228449        5.188%
ST_OP_FLD                                         7172        0.034%            14831        0.035%
ST_OP_FST                                        19734        0.093%            42101        0.098%
ST_OP_FCVT                                           0        0.000%                0        0.000%
ST_OP_FADD                                           0        0.000%                0        0.000%
ST_OP_FMUL                                           0        0.000%                0        0.000%
ST_OP_FMA                                            0        0.000%                0        0.000%
ST_OP_FDIV                                           0        0.000%                0        0.000%
ST_OP_FCMP                                           0        0.000%                0        0.000%
ST_OP_FCMOV                                          0        0.000%                0        0.000%
ST_OP_GATHER                                         0        0.000%                0        0.000%
ST_OP_SCATTER                                        0        0.000%                0        0.000%
ST_OP_PIPELINED_FAST                                 0        0.000%                0        0.000%
ST_OP_PIPELINED_MEDIUM                           39824        0.188%            82621        0.192%
ST_OP_PIPELINED_SLOW                                 0        0.000%                0        0.000%
ST_OP_NOTPIPELINED_MEDIUM                            0        0.000%                0        0.000%
ST_OP_NOTPIPELINED_SLOW                              0        0.000%                0        0.000%
ST_OP_NOTPIPELINED_VERY_SLOW                         0        0.000%                0        0.000%
                                              21176031      100.000%         42951693      100.000%
                                                  6.82         3.62              6.82         3.62

ST_NOT_CF                                     18616056       87.911%         37795520       87.995%
ST_CF_BR                                        177443        0.838%           362145        0.843%
ST_CF_CBR                                      1724302        8.143%          3456112        8.047%
ST_CF_CALL                                      329896        1.558%           670273        1.561%
ST_CF_IBR                                         1990        0.009%             4232        0.010%
ST_CF_ICALL                                          0        0.000%                0        0.000%
ST_CF_ICO                                            0        0.000%                0        0.000%
ST_CF_RET                                       326344        1.541%           663411        1.545%
ST_CF_SYS                                            0        0.000%                0        0.000%
                                              21176031      100.000%         42951693      100.000%
                                                  0.33         1.02              0.32         1.02

ST_BAR_NONE                                   21176031      100.000%         42951693      100.000%
ST_BAR_FETCH                                         0        0.000%                0        0.000%
ST_BAR_ISSUE                                         0        0.000%                0        0.000%
ST_BAR_BOTH                                          0        0.000%                0        0.000%
                                              21176031      100.000%         42951693      100.000%
                                                  0.00         0.00              0.00         0.00

ST_NOT_MEM                                    14627437       69.075%         29625137       68.973%
ST_MEM_LD                                      4368571       20.630%          8858159       20.624%
ST_MEM_ST                                      2180023       10.295%          4468397       10.403%
ST_MEM_PF                                            0        0.000%                0        0.000%
ST_MEM_WH                                            0        0.000%                0        0.000%
ST_MEM_EVICT                                         0        0.000%                0        0.000%
                                              21176031      100.000%         42951693      100.000%
                                                  0.41         0.58              0.41         0.58

ST_NOT_MEM_OFFPATH                             6593340       69.260%         14028650       69.233%
ST_MEM_LD_OFFPATH                              1976711       20.764%          4192521       20.691%
ST_MEM_ST_OFFPATH                               949643        9.976%          2041659       10.076%
ST_MEM_PF_OFFPATH                                    0        0.000%                0        0.000%
ST_MEM_WH_OFFPATH                                    0        0.000%                0        0.000%
ST_MEM_EVIC_OFFPATHT                                 0        0.000%                0        0.000%
                                               9519694      100.000%         20262830      100.000%
                                                  0.41         0.57              0.41         0.57

ST_OP_ONPATH                                  21176031                       42951693              

ST_OP_OFFPATH                                  9519694                       20262830              

ST_FAKE_OP_OFFPATH                                2223        0.023%           138529        0.684%
ST_NOT_FAKE_OP_OFFPATH                         9517471       99.977%         20124301       99.316%
                                               9519694      100.000%         20262830      100.000%
                                                  1.00         1.00              0.99         0.99

ST_FAKE_REASON_NOT_FAKE                        9517471       99.977%         20124301       99.316%
ST_FAKE_REASON_REDIRECT_TO_NOT_INSTRUMENTED          2223        0.023%           138529        0.684%
ST_FAKE_REASON_RETURN_TO_NOT_INSTRUMENTED             0        0.000%                0        0.000%
ST_FAKE_REASON_NONRET_CF_TO_NOT_INSTRUMENTED             0        0.000%                0        0.000%
ST_FAKE_REASON_NOT_TAKEN_TO_NOT_INSTRUMENTED             0        0.000%                0        0.000%
ST_FAKE_REASON_WRONG_PATH_STORE_TO_NEW_REGION             0        0.000%                0        0.000%
                                               9519694      100.000%         20262830      100.000%
                                                  0.00         0.02              0.01         0.08

ST_INST_ONPATH                                17591644                       35643539              

ST_INST_OFFPATH                                7996329                       17000554              

STATIC_PIN_NOP                                       0                              0              

DYNAMIC_PIN_REP_GREATER_256                          0                              0              

INST_MAP_UPDATE_JITTED                          456032       24.151%           928595       23.963%
INST_MAP_UPDATE_NPC_INV                              0        0.000%                0        0.000%
INST_MAP_UPDATE_NPC_NOP                              0        0.000%                0        0.000%
INST_MAP_UPDATE_NPC_CF                               0        0.000%                0        0.000%
INST_MAP_UPDATE_NPC_MOV                              0        0.000%                0        0.000%
INST_MAP_UPDATE_NPC_CMOV                             0        0.000%                0        0.000%
INST_MAP_UPDATE_NPC_LDA                              0        0.000%                0        0.000%
INST_MAP_UPDATE_NPC_IMEM                             0        0.000%                0        0.000%
INST_MAP_UPDATE_NPC_IADD                             0        0.000%                0        0.000%
INST_MAP_UPDATE_NPC_IMUL                         17883        0.947%            37673        0.972%
INST_MAP_UPDATE_NPC_IDIV                             0        0.000%                0        0.000%
INST_MAP_UPDATE_NPC_ICMP                             0        0.000%                0        0.000%
INST_MAP_UPDATE_NPC_LOGIC                            0        0.000%                0        0.000%
INST_MAP_UPDATE_NPC_SHIFT                            0        0.000%                0        0.000%
INST_MAP_UPDATE_NPC_FMEM                             0        0.000%                0        0.000%
INST_MAP_UPDATE_NPC_FCVT                             0        0.000%                0        0.000%
INST_MAP_UPDATE_NPC_FADD                             0        0.000%                0        0.000%
INST_MAP_UPDATE_NPC_FMUL                             0        0.000%                0        0.000%
INST_MAP_UPDATE_NPC_FMA                              0        0.000%                0        0.000%
INST_MAP_UPDATE_NPC_FDIV                             0        0.000%                0        0.000%
INST_MAP_UPDATE_NPC_FCMP                             0        0.000%                0        0.000%
INST_MAP_UPDATE_NPC_FCMOV                            0        0.000%                0        0.000%
INST_MAP_UPDATE_NPC_GATHER                           0        0.000%                0        0.000%
INST_MAP_UPDATE_NPC_SCATTER                          0        0.000%                0        0.000%
INST_MAP_UPDATE_NPC_PIPELINED_FAST                   0        0.000%                0        0.000%
INST_MAP_UPDATE_NPC_PIPELINED_MEDIUM                 0        0.000%                0        0.000%
INST_MAP_UPDATE_NPC_PIPELINED_SLOW                   0        0.000%                0        0.000%
INST_MAP_UPDATE_NPC_NOTPIPELINED_MEDIUM              0        0.000%                0        0.000%
INST_MAP_UPDATE_NPC_NOTPIPELINED_SLOW                0        0.000%                0        0.000%
INST_MAP_UPDATE_NPC_NOTPIPELINED_VERY_SLOW             0        0.000%                0        0.000%
INST_MAP_UPDATE_MEM_INV                              0        0.000%                0        0.000%
INST_MAP_UPDATE_MEM_NOP                              0        0.000%                0        0.000%
INST_MAP_UPDATE_MEM_CF                               0        0.000%                0        0.000%
INST_MAP_UPDATE_MEM_MOV                         872750       46.219%          1780799       45.955%
INST_MAP_UPDATE_MEM_CMOV                           274        0.015%              631        0.016%
INST_MAP_UPDATE_MEM_LDA                              0        0.000%                0        0.000%
INST_MAP_UPDATE_MEM_IMEM                             0        0.000%                0        0.000%
INST_MAP_UPDATE_MEM_IADD                             0        0.000%                0        0.000%
INST_MAP_UPDATE_MEM_IMUL                        414517       21.952%           868939       22.423%
INST_MAP_UPDATE_MEM_IDIV                           608        0.032%              836        0.022%
INST_MAP_UPDATE_MEM_ICMP                             0        0.000%                0        0.000%
INST_MAP_UPDATE_MEM_LOGIC                        32242        1.707%            67541        1.743%
INST_MAP_UPDATE_MEM_SHIFT                        93981        4.977%           190119        4.906%
INST_MAP_UPDATE_MEM_FMEM                             0        0.000%                0        0.000%
INST_MAP_UPDATE_MEM_FCVT                             0        0.000%                0        0.000%
INST_MAP_UPDATE_MEM_FADD                             0        0.000%                0        0.000%
INST_MAP_UPDATE_MEM_FMUL                             0        0.000%                0        0.000%
INST_MAP_UPDATE_MEM_FMA                              0        0.000%                0        0.000%
INST_MAP_UPDATE_MEM_FDIV                             0        0.000%                0        0.000%
INST_MAP_UPDATE_MEM_FCMP                             0        0.000%                0        0.000%
INST_MAP_UPDATE_MEM_FCMOV                            0        0.000%                0        0.000%
INST_MAP_UPDATE_MEM_GATHER                           0        0.000%                0        0.000%
INST_MAP_UPDATE_MEM_SCATTER                          0        0.000%                0        0.000%
INST_MAP_UPDATE_MEM_PIPELINED_FAST                   0        0.000%                0        0.000%
INST_MAP_UPDATE_MEM_PIPELINED_MEDIUM                 0        0.000%                0        0.000%
INST_MAP_UPDATE_MEM_PIPELINED_SLOW                   0        0.000%                0        0.000%
INST_MAP_UPDATE_MEM_NOTPIPELINED_MEDIUM              0        0.000%                0        0.000%
INST_MAP_UPDATE_MEM_NOTPIPELINED_SLOW                0        0.000%                0        0.000%
INST_MAP_UPDATE_MEM_NOTPIPELINED_VERY_SLOW             0        0.000%                0        0.000%
                                               1888287      100.000%          3875133      100.000%
                                                 26.49         8.20             26.56         8.17



