/* -*- Mode: c -*- */
####################################################################################################
Core 0
####################################################################################################
Cumulative:        Cycles: 16937659              Instructions: 20000000              IPC: 1.18080

Periodic:          Cycles: 8493634               Instructions: 9999999               IPC: 1.17735

ST_OP_INV                                            0        0.000%                0        0.000%
ST_OP_NOP                                        99505        0.745%           368436        1.369%
ST_OP_CF                                       1620995       12.140%          3264488       12.126%
ST_OP_MOV                                      1154419        8.646%          2309151        8.577%
ST_OP_CMOV                                       31574        0.236%            63109        0.234%
ST_OP_LDA                                       210798        1.579%           423286        1.572%
ST_OP_ILD                                       799425        5.987%          1611992        5.988%
ST_OP_IST                                       222130        1.664%           452895        1.682%
ST_OP_IADD                                      831555        6.228%          1687266        6.267%
ST_OP_IMUL                                         509        0.004%              827        0.003%
ST_OP_IDIV                                           0        0.000%                0        0.000%
ST_OP_ICMP                                     1151418        8.623%          2320057        8.618%
ST_OP_LOGIC                                     357580        2.678%           717441        2.665%
ST_OP_SHIFT                                     197642        1.480%           393614        1.462%
ST_OP_FLD                                      2704041       20.251%          5405435       20.078%
ST_OP_FST                                      1033606        7.741%          2071816        7.696%
ST_OP_FCVT                                      188707        1.413%           374247        1.390%
ST_OP_FADD                                      623516        4.670%          1241186        4.610%
ST_OP_FMUL                                      827644        6.198%          1645659        6.113%
ST_OP_FMA                                       623959        4.673%          1240376        4.607%
ST_OP_FDIV                                      392124        2.937%           774674        2.877%
ST_OP_FCMP                                      281280        2.107%           556161        2.066%
ST_OP_FCMOV                                          0        0.000%                0        0.000%
ST_OP_GATHER                                         0        0.000%                0        0.000%
ST_OP_SCATTER                                        0        0.000%                0        0.000%
ST_OP_PIPELINED_FAST                                 6        0.000%                9        0.000%
ST_OP_PIPELINED_MEDIUM                               0        0.000%                0        0.000%
ST_OP_PIPELINED_SLOW                                 0        0.000%                0        0.000%
ST_OP_NOTPIPELINED_MEDIUM                            0        0.000%                0        0.000%
ST_OP_NOTPIPELINED_SLOW                              0        0.000%                0        0.000%
ST_OP_NOTPIPELINED_VERY_SLOW                         0        0.000%                0        0.000%
                                              13352433      100.000%         26922125      100.000%
                                                 11.08         5.90             10.99         5.93

ST_NOT_CF                                     11731438       87.860%         23657637       87.874%
ST_CF_BR                                         98126        0.735%           197707        0.734%
ST_CF_CBR                                      1265667        9.479%          2554388        9.488%
ST_CF_CALL                                       85772        0.642%           170994        0.635%
ST_CF_IBR                                        84792        0.635%           168669        0.627%
ST_CF_ICALL                                          0        0.000%                0        0.000%
ST_CF_ICO                                            0        0.000%                0        0.000%
ST_CF_RET                                        86638        0.649%           172730        0.642%
ST_CF_SYS                                            0        0.000%                0        0.000%
                                              13352433      100.000%         26922125      100.000%
                                                  0.29         0.84              0.29         0.84

ST_BAR_NONE                                   13352433      100.000%         26922125      100.000%
ST_BAR_FETCH                                         0        0.000%                0        0.000%
ST_BAR_ISSUE                                         0        0.000%                0        0.000%
ST_BAR_BOTH                                          0        0.000%                0        0.000%
                                              13352433      100.000%         26922125      100.000%
                                                  0.00         0.00              0.00         0.00

ST_NOT_MEM                                     8593231       64.357%         17379987       64.557%
ST_MEM_LD                                      3503466       26.238%          7017427       26.066%
ST_MEM_ST                                      1255736        9.405%          2524711        9.378%
ST_MEM_PF                                            0        0.000%                0        0.000%
ST_MEM_WH                                            0        0.000%                0        0.000%
ST_MEM_EVICT                                         0        0.000%                0        0.000%
                                              13352433      100.000%         26922125      100.000%
                                                  0.45         0.55              0.45         0.55

ST_NOT_MEM_OFFPATH                             1578056       68.758%          3436135       69.751%
ST_MEM_LD_OFFPATH                               482124       21.007%          1002475       20.350%
ST_MEM_ST_OFFPATH                               234905       10.235%           487663        9.899%
ST_MEM_PF_OFFPATH                                    0        0.000%                0        0.000%
ST_MEM_WH_OFFPATH                                    0        0.000%                0        0.000%
ST_MEM_EVIC_OFFPATHT                                 0        0.000%                0        0.000%
                                               2295085      100.000%          4926273      100.000%
                                                  0.41         0.57              0.40         0.57

ST_OP_ONPATH                                  13352433                       26922125              

ST_OP_OFFPATH                                  2295085                        4926273              

ST_FAKE_OP_OFFPATH                                 369        0.016%           205722        4.176%
ST_NOT_FAKE_OP_OFFPATH                         2294716       99.984%          4720551       95.824%
                                               2295085      100.000%          4926273      100.000%
                                                  1.00         1.00              0.96         0.94

ST_FAKE_REASON_NOT_FAKE                        2294716       99.984%          4720551       95.824%
ST_FAKE_REASON_REDIRECT_TO_NOT_INSTRUMENTED           369        0.016%           205722        4.176%
ST_FAKE_REASON_RETURN_TO_NOT_INSTRUMENTED             0        0.000%                0        0.000%
ST_FAKE_REASON_NONRET_CF_TO_NOT_INSTRUMENTED             0        0.000%                0        0.000%
ST_FAKE_REASON_NOT_TAKEN_TO_NOT_INSTRUMENTED             0        0.000%                0        0.000%
ST_FAKE_REASON_WRONG_PATH_STORE_TO_NEW_REGION             0        0.000%                0        0.000%
                                               2295085      100.000%          4926273      100.000%
                                                  0.00         0.01              0.04         0.20

ST_INST_ONPATH                                11784564                       23786537              

ST_INST_OFFPATH                                2124180                        4564310              

STATIC_PIN_NOP                                       0                              0              

DYNAMIC_PIN_REP_GREATER_256                          0                              0              

INST_MAP_UPDATE_JITTED                          247508       10.742%           495031       10.727%
INST_MAP_UPDATE_NPC_INV                              0        0.000%                0        0.000%
INST_MAP_UPDATE_NPC_NOP                              0        0.000%                0        0.000%
INST_MAP_UPDATE_NPC_CF                               0        0.000%                0        0.000%
INST_MAP_UPDATE_NPC_MOV                              0        0.000%                0        0.000%
INST_MAP_UPDATE_NPC_CMOV                             0        0.000%                0        0.000%
INST_MAP_UPDATE_NPC_LDA                              0        0.000%                0        0.000%
INST_MAP_UPDATE_NPC_IMEM                             0        0.000%                0        0.000%
INST_MAP_UPDATE_NPC_IADD                             0        0.000%                0        0.000%
INST_MAP_UPDATE_NPC_IMUL                          1428        0.062%             2804        0.061%
INST_MAP_UPDATE_NPC_IDIV                             0        0.000%                0        0.000%
INST_MAP_UPDATE_NPC_ICMP                             0        0.000%                0        0.000%
INST_MAP_UPDATE_NPC_LOGIC                            0        0.000%                0        0.000%
INST_MAP_UPDATE_NPC_SHIFT                            0        0.000%                0        0.000%
INST_MAP_UPDATE_NPC_FMEM                             0        0.000%                0        0.000%
INST_MAP_UPDATE_NPC_FCVT                             0        0.000%                0        0.000%
INST_MAP_UPDATE_NPC_FADD                             0        0.000%                0        0.000%
INST_MAP_UPDATE_NPC_FMUL                             0        0.000%                0        0.000%
INST_MAP_UPDATE_NPC_FMA                              0        0.000%                0        0.000%
INST_MAP_UPDATE_NPC_FDIV                             0        0.000%                0        0.000%
INST_MAP_UPDATE_NPC_FCMP                             0        0.000%                0        0.000%
INST_MAP_UPDATE_NPC_FCMOV                            0        0.000%                0        0.000%
INST_MAP_UPDATE_NPC_GATHER                           0        0.000%                0        0.000%
INST_MAP_UPDATE_NPC_SCATTER                          0        0.000%                0        0.000%
INST_MAP_UPDATE_NPC_PIPELINED_FAST                   0        0.000%                0        0.000%
INST_MAP_UPDATE_NPC_PIPELINED_MEDIUM                 0        0.000%                0        0.000%
INST_MAP_UPDATE_NPC_PIPELINED_SLOW                   0        0.000%                0        0.000%
INST_MAP_UPDATE_NPC_NOTPIPELINED_MEDIUM              0        0.000%                0        0.000%
INST_MAP_UPDATE_NPC_NOTPIPELINED_SLOW                0        0.000%                0        0.000%
INST_MAP_UPDATE_NPC_NOTPIPELINED_VERY_SLOW             0        0.000%                0        0.000%
INST_MAP_UPDATE_MEM_INV                              0        0.000%                0        0.000%
INST_MAP_UPDATE_MEM_NOP                              0        0.000%                0        0.000%
INST_MAP_UPDATE_MEM_CF                               0        0.000%                0        0.000%
INST_MAP_UPDATE_MEM_MOV                        1658772       71.991%          3325256       72.056%
INST_MAP_UPDATE_MEM_CMOV                             0        0.000%                0        0.000%
INST_MAP_UPDATE_MEM_LDA                              0        0.000%                0        0.000%
INST_MAP_UPDATE_MEM_IMEM                             0        0.000%                0        0.000%
INST_MAP_UPDATE_MEM_IADD                             0        0.000%                0        0.000%
INST_MAP_UPDATE_MEM_IMUL                         42518        1.845%            83988        1.820%
INST_MAP_UPDATE_MEM_IDIV                             0        0.000%                0        0.000%
INST_MAP_UPDATE_MEM_ICMP                             0        0.000%                0        0.000%
INST_MAP_UPDATE_MEM_LOGIC                        12372        0.537%            24747        0.536%
INST_MAP_UPDATE_MEM_SHIFT                          335        0.015%              671        0.015%
INST_MAP_UPDATE_MEM_FMEM                             0        0.000%                0        0.000%
INST_MAP_UPDATE_MEM_FCVT                             0        0.000%                0        0.000%
INST_MAP_UPDATE_MEM_FADD                             0        0.000%                0        0.000%
INST_MAP_UPDATE_MEM_FMUL                           357        0.015%              610        0.013%
INST_MAP_UPDATE_MEM_FMA                         100900        4.379%           204298        4.427%
INST_MAP_UPDATE_MEM_FDIV                         87561        3.800%           171643        3.719%
INST_MAP_UPDATE_MEM_FCMP                         51114        2.218%           102283        2.216%
INST_MAP_UPDATE_MEM_FCMOV                        71265        3.093%           143596        3.112%
INST_MAP_UPDATE_MEM_GATHER                       29279        1.271%            58487        1.267%
INST_MAP_UPDATE_MEM_SCATTER                          0        0.000%                0        0.000%
INST_MAP_UPDATE_MEM_PIPELINED_FAST                   0        0.000%                0        0.000%
INST_MAP_UPDATE_MEM_PIPELINED_MEDIUM                 0        0.000%                0        0.000%
INST_MAP_UPDATE_MEM_PIPELINED_SLOW                 715        0.031%             1422        0.031%
INST_MAP_UPDATE_MEM_NOTPIPELINED_MEDIUM              0        0.000%                0        0.000%
INST_MAP_UPDATE_MEM_NOTPIPELINED_SLOW                0        0.000%                0        0.000%
INST_MAP_UPDATE_MEM_NOTPIPELINED_VERY_SLOW             0        0.000%                0        0.000%
                                               2304124      100.000%          4614836      100.000%
                                                 31.88         6.62             31.88         6.61



