/* -*- Mode: c -*- */
####################################################################################################
Core 0
####################################################################################################
Cumulative:        Cycles: 14200666              Instructions: 20000000              IPC: 1.40838

Periodic:          Cycles: 7078449               Instructions: 10000000              IPC: 1.41274

EXECUTION_TIME                           2212015312500                  4437708125000              

NODE_CYCLE                                     7078449                       14200666              

NODE_INST_COUNT                               10000000                       20000000              

NODE_INST_COUNT_FETCHED                        9049239                       18262380              

NODE_UOP_COUNT                                14366670                       28263801              

FULL_WINDOW_STALL                              4377038       61.836%          8584958       60.455%

FULL_WINDOW_MEM_OP                             1147644       37.968%          2259600       37.428%
FULL_WINDOW_FP_OP                              1856341       61.414%          3741191       61.969%
FULL_WINDOW_OTHER_OP                             18701        0.619%            36369        0.602%
                                               3022686      100.000%          6037160      100.000%
                                                  0.63         0.32              0.63         0.31

RET_BLOCKED_DC_MISS                             989763       13.983%          1996149       14.057%

RET_BLOCKED_L1_MISS                             971212       13.721%          1930318       13.593%

RET_BLOCKED_L1_MISS_BW_PREF                          0        0.000%                0        0.000%

RET_BLOCKED_L1_ACCESS                           192450        2.719%           414171        2.917%

RET_BLOCKED_MEM_STALL                           983662       13.897%          1954993       13.767%

RET_BLOCKED_OFFCHIP_DEMAND                           0        0.000%                0        0.000%

OP_ISSUED                                     14689174                       29321597              

OP_RETIRED                                    14366670                       28263801              

REPLAY_SIGNALED                                      0                              0              

REPLAY_COUNTED                                       0                              0              

OFF_CRITICAL_PATH                                    0         -nan%                0         -nan%
ON_CRITICAL_PATH                                     0         -nan%                0         -nan%
                                                     0         -nan%                0         -nan%
                                                  -nan         -nan              -nan         -nan

LD_NO_DEPENDENTS                                 53576        2.211%           109966        2.243%
LD_DEPENDENTS                                  2369193       97.789%          4792500       97.757%
                                               2422769      100.000%          4902466      100.000%
                                                  0.98         0.97              0.98         0.97

LD_EXEC_CYCLES_0                                     0        0.000%                0        0.000%
LD_EXEC_CYCLES_1                                     0        0.000%                0        0.000%
LD_EXEC_CYCLES_2                                     0        0.000%                0        0.000%
LD_EXEC_CYCLES_3                                 16570       41.487%            33603       41.752%
LD_EXEC_CYCLES_4                                 23370       58.513%            46880       58.248%
                                                 39940      100.000%            80483      100.000%
                                                  3.59         2.79              3.58         2.78

ICACHE_STAGE_STARVED                            352798        9.512%           675238        9.300%
ICACHE_STAGE_NOT_STARVED                       3356292       90.488%          6585046       90.700%
                                               3709090      100.000%          7260284      100.000%
                                                  0.90         0.87              0.91         0.87

ICACHE_STAGE_STALLED                           3255060       45.985%          6378551       44.917%
ICACHE_STAGE_NOT_STALLED                       3533708       49.922%          6924721       48.763%
ICACHE_STAGE_OFF_PATH                           289681        4.092%           897394        6.319%
                                               7078449      100.000%         14200666      100.000%
                                                  0.58         0.43              0.61         0.47

DECODE_STAGE_STARVED                           6710182       96.711%         13288291       96.786%
DECODE_STAGE_NOT_STARVED                        228235        3.289%           441224        3.214%
                                               6938417      100.000%         13729515      100.000%
                                                  0.03         0.18              0.03         0.17

DECODE_STAGE_STALLED                            246324        3.480%           446840        3.147%
DECODE_STAGE_NOT_STALLED                       6692093       94.542%         13282675       93.536%
DECODE_STAGE_OFF_PATH                           140032        1.978%           471151        3.318%
                                               7078449      100.000%         14200666      100.000%
                                                  0.98         0.20              1.00         0.26

UOPQ_STAGE_STARVED                              535689       14.566%          1240196       16.934%
UOPQ_STAGE_NOT_STARVED                         3141902       85.434%          6083719       83.066%
                                               3677591      100.000%          7323915      100.000%
                                                  0.85         0.80              0.83         0.77

UOPQ_STAGE_STALLED                             3172253       44.816%          6235143       43.907%
UOPQ_STAGE_NOT_STALLED                         3677591       51.955%          7323915       51.574%
UOPQ_STAGE_OFF_PATH                             228605        3.230%           641608        4.518%
                                               7078449      100.000%         14200666      100.000%
                                                  0.58         0.41              0.61         0.43

MAP_STAGE_STARVED                               207309        3.018%           457146        3.372%
MAP_STAGE_NOT_STARVED                          6662863       96.982%         13099489       96.628%
                                               6870172      100.000%         13556635      100.000%
                                                  0.97         0.96              0.97         0.95

MAP_STAGE_STALLED                              3302778       46.660%          6497432       45.754%
MAP_STAGE_NOT_STALLED                          3567394       50.398%          7059203       49.710%
MAP_STAGE_OFF_PATH                              208277        2.942%           644031        4.535%
                                               7078449      100.000%         14200666      100.000%
                                                  0.56         0.41              0.59         0.44

EXEC_STAGE_STARVED                             2292039       32.381%          4597942       32.378%
EXEC_STAGE_NOT_STARVED                         4692339       66.290%          9293676       65.445%
EXEC_STAGE_OFF_PATH                              94071        1.329%           309048        2.176%
                                               7078449      100.000%         14200666      100.000%
                                                  0.69         0.31              0.70         0.33

FU_BUSY_0                                      5872369                       11763583              

FU_BUSY_1                                      3309353                        6538044              

FU_BUSY_2                                      1317110                        2685995              

FU_BUSY_3                                      1182527                        2405303              

FU_BUSY_4                                      2354114                        4595191              

FU_BUSY_5                                      1258052                        2566701              

FU_BUSY_6                                      1692893                        3245739              

FU_BUSY_7                                      1709315                        3280516              

FU_BUSY_8                                            0                              0              

FU_BUSY_9                                            0                              0              

FU_BUSY_10                                           0                              0              

FU_BUSY_11                                           0                              0              

FU_BUSY_12                                           0                              0              

FU_BUSY_13                                           0                              0              

FU_BUSY_14                                           0                              0              

FU_BUSY_15                                           0                              0              

FU_BUSY_16                                           0                              0              

FU_BUSY_17                                           0                              0              

FU_BUSY_18                                           0                              0              

FU_BUSY_19                                           0                              0              

FU_BUSY_20                                           0                              0              

FU_BUSY_21                                           0                              0              

FU_BUSY_22                                           0                              0              

FU_BUSY_23                                           0                              0              

FU_BUSY_24                                           0                              0              

FU_BUSY_25                                           0                              0              

FU_BUSY_26                                           0                              0              

FU_BUSY_27                                           0                              0              

FU_BUSY_28                                           0                              0              

FU_BUSY_29                                           0                              0              

FU_BUSY_30                                           0                              0              

FU_BUSY_31                                           0                              0              

FU_REJECTED_OP_INV_NOT_SIMD                          0        0.000%                0        0.000%
FU_REJECTED_OP_NOP_NOT_SIMD                      15616        0.391%            33188        0.419%
FU_REJECTED_OP_CF_NOT_SIMD                      112792        2.827%           228246        2.882%
FU_REJECTED_OP_MOV_NOT_SIMD                      24751        0.620%            50601        0.639%
FU_REJECTED_OP_CMOV_NOT_SIMD                       654        0.016%             1317        0.017%
FU_REJECTED_OP_LDA_NOT_SIMD                      14732        0.369%            29829        0.377%
FU_REJECTED_OP_IMEM_NOT_SIMD                     16079        0.403%            33779        0.427%
FU_REJECTED_OP_IADD_NOT_SIMD                   1046426       26.229%          1923674       24.290%
FU_REJECTED_OP_IMUL_NOT_SIMD                    111437        2.793%           229873        2.903%
FU_REJECTED_OP_IDIV_NOT_SIMD                         3        0.000%               13        0.000%
FU_REJECTED_OP_ICMP_NOT_SIMD                         0        0.000%                0        0.000%
FU_REJECTED_OP_LOGIC_NOT_SIMD                    21306        0.534%            43948        0.555%
FU_REJECTED_OP_SHIFT_NOT_SIMD                    18181        0.456%            36620        0.462%
FU_REJECTED_OP_FMEM_NOT_SIMD                     28570        0.716%            57354        0.724%
FU_REJECTED_OP_FCVT_NOT_SIMD                         0        0.000%                0        0.000%
FU_REJECTED_OP_FADD_NOT_SIMD                         1        0.000%                4        0.000%
FU_REJECTED_OP_FMUL_NOT_SIMD                         0        0.000%                0        0.000%
FU_REJECTED_OP_FMA_NOT_SIMD                          0        0.000%                0        0.000%
FU_REJECTED_OP_FDIV_NOT_SIMD                         0        0.000%                0        0.000%
FU_REJECTED_OP_FCMP_NOT_SIMD                         0        0.000%                0        0.000%
FU_REJECTED_OP_FCMOV_NOT_SIMD                        0        0.000%                0        0.000%
FU_REJECTED_OP_GATHER_NOT_SIMD                       0        0.000%                0        0.000%
FU_REJECTED_OP_SCATTER_NOT_SIMD                      0        0.000%                0        0.000%
FU_REJECTED_OP_PIPELINED_FAST_NOT_SIMD               0        0.000%                0        0.000%
FU_REJECTED_OP_PIPELINED_MEDIUM_NOT_SIMD             0        0.000%                0        0.000%
FU_REJECTED_OP_PIPELINED_SLOW_NOT_SIMD               0        0.000%                0        0.000%
FU_REJECTED_OP_NOTPIPELINED_MEDIUM_NOT_SIMD             0        0.000%                0        0.000%
FU_REJECTED_OP_NOTPIPELINED_SLOW_NOT_SIMD             0        0.000%                0        0.000%
FU_REJECTED_OP_NOTPIPELINED_VERY_SLOW_NOT_SIMD             3        0.000%                4        0.000%
FU_REJECTED_OP_INV_SIMD                              0        0.000%                0        0.000%
FU_REJECTED_OP_NOP_SIMD                              0        0.000%                0        0.000%
FU_REJECTED_OP_CF_SIMD                               0        0.000%                0        0.000%
FU_REJECTED_OP_MOV_SIMD                          20133        0.505%            41692        0.526%
FU_REJECTED_OP_CMOV_SIMD                           117        0.003%              245        0.003%
FU_REJECTED_OP_LDA_SIMD                              0        0.000%                0        0.000%
FU_REJECTED_OP_IMEM_SIMD                             0        0.000%                0        0.000%
FU_REJECTED_OP_IADD_SIMD                             0        0.000%                0        0.000%
FU_REJECTED_OP_IMUL_SIMD                             0        0.000%                0        0.000%
FU_REJECTED_OP_IDIV_SIMD                             0        0.000%                0        0.000%
FU_REJECTED_OP_ICMP_SIMD                             0        0.000%                0        0.000%
FU_REJECTED_OP_LOGIC_SIMD                         5810        0.146%            11630        0.147%
FU_REJECTED_OP_SHIFT_SIMD                        26247        0.658%            52416        0.662%
FU_REJECTED_OP_FMEM_SIMD                             0        0.000%                0        0.000%
FU_REJECTED_OP_FCVT_SIMD                         15684        0.393%            26333        0.333%
FU_REJECTED_OP_FADD_SIMD                        220462        5.526%           454835        5.743%
FU_REJECTED_OP_FMUL_SIMD                          2860        0.072%             5773        0.073%
FU_REJECTED_OP_FMA_SIMD                          68235        1.710%           137860        1.741%
FU_REJECTED_OP_FDIV_SIMD                        112754        2.826%           228898        2.890%
FU_REJECTED_OP_FCMP_SIMD                        164865        4.132%           342321        4.322%
FU_REJECTED_OP_FCMOV_SIMD                      1868125       46.826%          3794946       47.919%
FU_REJECTED_OP_GATHER_SIMD                       73169        1.834%           153188        1.934%
FU_REJECTED_OP_SCATTER_SIMD                          0        0.000%                0        0.000%
FU_REJECTED_OP_PIPELINED_FAST_SIMD                   0        0.000%                0        0.000%
FU_REJECTED_OP_PIPELINED_MEDIUM_SIMD                 0        0.000%                0        0.000%
FU_REJECTED_OP_PIPELINED_SLOW_SIMD                 495        0.012%              990        0.013%
FU_REJECTED_OP_NOTPIPELINED_MEDIUM_SIMD              0        0.000%                0        0.000%
FU_REJECTED_OP_NOTPIPELINED_SLOW_SIMD                0        0.000%                0        0.000%
FU_REJECTED_OP_NOTPIPELINED_VERY_SLOW_SIMD             0        0.000%                0        0.000%
                                               3989507      100.000%          7919577      100.000%
                                                 33.48        19.88             34.16        19.67

OP_WAIT_0                                      7721567                       15212503              

OP_WAIT_1                                      2181038                        4426907              

OP_WAIT_2                                       651699                        1317062              

OP_WAIT_3                                       294871                         596595              

OP_WAIT_4                                       162687                         327531              

OP_WAIT_5                                       122554                         245204              

OP_WAIT_6                                        77585                         155648              

OP_WAIT_7                                        53054                         106084              

OP_WAIT_8                                        40129                          79012              

OP_WAIT_9                                        34148                          67219              

OP_WAIT_10                                       26974                          53139              

OP_WAIT_11                                       26579                          53575              

OP_WAIT_12                                       25068                          50186              

OP_WAIT_13                                       20384                          40751              

OP_WAIT_14                                       18648                          37725              

OP_WAIT_15                                       25366                          51950              

OP_WAIT_16                                       19358                          39368              

OP_WAIT_17                                      692492                        1247378              

OP_WAIT_18                                      241194                         463181              

OP_WAIT_19                                       37137                          62086              

OP_WAIT_20                                       14712                          30623              

OP_WAIT_21                                       12764                          25710              

OP_WAIT_22                                       10754                          22011              

OP_WAIT_23                                       10156                          20571              

OP_WAIT_24                                       10442                          21152              

OP_WAIT_25                                        8818                          17747              

OP_WAIT_26                                        8370                          16758              

OP_WAIT_27                                        7706                          15595              

OP_WAIT_28                                        7279                          14784              

OP_WAIT_29                                        6459                          13133              

OP_WAIT_30                                        8057                          16375              

OP_WAIT_31                                     1788621                        3416238              

ROW_SIZE_0                                     3868243                        7851881              

ROW_SIZE_1                                      238888                         492133              

ROW_SIZE_2                                      178023                         366410              

ROW_SIZE_3                                      129240                         265769              

ROW_SIZE_4                                     1022246                        1890611              

ROW_SIZE_5                                       50958                         103993              

ROW_SIZE_6                                     1506707                        3026522              

ROW_SIZE_7                                           0                              0              

ROW_SIZE_8                                           0                              0              

ROW_SIZE_9                                           0                              0              

ROW_SIZE_10                                          0                              0              

ROW_SIZE_11                                          0                              0              

ROW_SIZE_12                                          0                              0              

ROW_SIZE_13                                          0                              0              

ROW_SIZE_14                                          0                              0              

ROW_SIZE_15                                          0                              0              

ROW_SIZE_16                                          0                              0              

ROW_SIZE_17                                          0                              0              

ROW_SIZE_18                                          0                              0              

ROW_SIZE_19                                          0                              0              

ROW_SIZE_20                                          0                              0              

ROW_SIZE_21                                          0                              0              

ROW_SIZE_22                                          0                              0              

ROW_SIZE_23                                          0                              0              

ROW_SIZE_24                                          0                              0              

ROW_SIZE_25                                          0                              0              

ROW_SIZE_26                                          0                              0              

ROW_SIZE_27                                          0                              0              

ROW_SIZE_28                                          0                              0              

ROW_SIZE_29                                          0                              0              

ROW_SIZE_30                                          0                              0              

ROW_SIZE_31                                          0                              0              

RET_OP_EXEC_COUNT_0                                  0        0.000%                0        0.000%
RET_OP_EXEC_COUNT_1                           14366670      100.000%         28263801      100.000%
RET_OP_EXEC_COUNT_2                                  0        0.000%                0        0.000%
RET_OP_EXEC_COUNT_3                                  0        0.000%                0        0.000%
RET_OP_EXEC_COUNT_4                                  0        0.000%                0        0.000%
RET_OP_EXEC_COUNT_5                                  0        0.000%                0        0.000%
RET_OP_EXEC_COUNT_6                                  0        0.000%                0        0.000%
RET_OP_EXEC_COUNT_7                                  0        0.000%                0        0.000%
RET_OP_EXEC_COUNT_8                                  0        0.000%                0        0.000%
RET_OP_EXEC_COUNT_9                                  0        0.000%                0        0.000%
RET_OP_EXEC_COUNT_10                                 0        0.000%                0        0.000%
RET_OP_EXEC_COUNT_11                                 0        0.000%                0        0.000%
RET_OP_EXEC_COUNT_12                                 0        0.000%                0        0.000%
RET_OP_EXEC_COUNT_13                                 0        0.000%                0        0.000%
RET_OP_EXEC_COUNT_14                                 0        0.000%                0        0.000%
RET_OP_EXEC_COUNT_15                                 0        0.000%                0        0.000%
RET_OP_EXEC_COUNT_16                                 0        0.000%                0        0.000%
RET_OP_EXEC_COUNT_17                                 0        0.000%                0        0.000%
RET_OP_EXEC_COUNT_18                                 0        0.000%                0        0.000%
RET_OP_EXEC_COUNT_19                                 0        0.000%                0        0.000%
RET_OP_EXEC_COUNT_20                                 0        0.000%                0        0.000%
RET_OP_EXEC_COUNT_21                                 0        0.000%                0        0.000%
RET_OP_EXEC_COUNT_22                                 0        0.000%                0        0.000%
RET_OP_EXEC_COUNT_23                                 0        0.000%                0        0.000%
RET_OP_EXEC_COUNT_24                                 0        0.000%                0        0.000%
RET_OP_EXEC_COUNT_25                                 0        0.000%                0        0.000%
RET_OP_EXEC_COUNT_26                                 0        0.000%                0        0.000%
RET_OP_EXEC_COUNT_27                                 0        0.000%                0        0.000%
RET_OP_EXEC_COUNT_28                                 0        0.000%                0        0.000%
RET_OP_EXEC_COUNT_29                                 0        0.000%                0        0.000%
RET_OP_EXEC_COUNT_30                                 0        0.000%                0        0.000%
RET_OP_EXEC_COUNT_31                                 0        0.000%                0        0.000%
RET_OP_EXEC_COUNT_32                                 0        0.000%                0        0.000%
                                              14366670      100.000%         28263801      100.000%
                                                  1.00         0.00              1.00         0.00

RET_STALL_LENGTH_0                            14363921       99.981%         28257983       99.979%
RET_STALL_LENGTH_100                              1891        0.013%             4277        0.015%
RET_STALL_LENGTH_200                               222        0.002%              475        0.002%
RET_STALL_LENGTH_300                               147        0.001%              244        0.001%
RET_STALL_LENGTH_400                               234        0.002%              370        0.001%
RET_STALL_LENGTH_500                               151        0.001%              251        0.001%
RET_STALL_LENGTH_600                                32        0.000%               56        0.000%
RET_STALL_LENGTH_700                                18        0.000%               30        0.000%
RET_STALL_LENGTH_800                                 4        0.000%                8        0.000%
RET_STALL_LENGTH_900                                 3        0.000%                8        0.000%
RET_STALL_LENGTH_1000                                0        0.000%                2        0.000%
RET_STALL_LENGTH_1100                                4        0.000%               12        0.000%
RET_STALL_LENGTH_1200                               22        0.000%               52        0.000%
RET_STALL_LENGTH_1300                                5        0.000%                8        0.000%
RET_STALL_LENGTH_1400                                2        0.000%                3        0.000%
RET_STALL_LENGTH_1500                                2        0.000%                3        0.000%
RET_STALL_LENGTH_1600                                2        0.000%                4        0.000%
RET_STALL_LENGTH_1700                                5        0.000%               10        0.000%
RET_STALL_LENGTH_1800                                3        0.000%                3        0.000%
RET_STALL_LENGTH_1900                                0        0.000%                0        0.000%
RET_STALL_LENGTH_2000                                1        0.000%                1        0.000%
RET_STALL_LENGTH_2100                                1        0.000%                1        0.000%
RET_STALL_LENGTH_2200                                0        0.000%                0        0.000%
RET_STALL_LENGTH_2300                                0        0.000%                0        0.000%
RET_STALL_LENGTH_2400                                0        0.000%                0        0.000%
RET_STALL_LENGTH_2500                                0        0.000%                0        0.000%
RET_STALL_LENGTH_2600                                0        0.000%                0        0.000%
RET_STALL_LENGTH_2700                                0        0.000%                0        0.000%
RET_STALL_LENGTH_2800                                0        0.000%                0        0.000%
RET_STALL_LENGTH_2900                                0        0.000%                0        0.000%
RET_STALL_LENGTH_3000                                0        0.000%                0        0.000%
RET_STALL_LENGTH_3100                                0        0.000%                0        0.000%
RET_STALL_LENGTH_3200                                0        0.000%                0        0.000%
RET_STALL_LENGTH_3300                                0        0.000%                0        0.000%
RET_STALL_LENGTH_3400                                0        0.000%                0        0.000%
RET_STALL_LENGTH_3500                                0        0.000%                0        0.000%
RET_STALL_LENGTH_3600                                0        0.000%                0        0.000%
RET_STALL_LENGTH_3700                                0        0.000%                0        0.000%
RET_STALL_LENGTH_3800                                0        0.000%                0        0.000%
RET_STALL_LENGTH_3900                                0        0.000%                0        0.000%
RET_STALL_LENGTH_4000                                0        0.000%                0        0.000%
RET_STALL_LENGTH_4100                                0        0.000%                0        0.000%
RET_STALL_LENGTH_4200                                0        0.000%                0        0.000%
RET_STALL_LENGTH_4300                                0        0.000%                0        0.000%
RET_STALL_LENGTH_4400                                0        0.000%                0        0.000%
RET_STALL_LENGTH_4500                                0        0.000%                0        0.000%
RET_STALL_LENGTH_4600                                0        0.000%                0        0.000%
RET_STALL_LENGTH_4700                                0        0.000%                0        0.000%
RET_STALL_LENGTH_4800                                0        0.000%                0        0.000%
RET_STALL_LENGTH_4900                                0        0.000%                0        0.000%
RET_STALL_LENGTH_5000                                0        0.000%                0        0.000%
                                              14366670      100.000%         28263801      100.000%
                                                  0.00         0.04              0.00         0.04

MEM_BLOCK_LENGTH_0                                 521       88.156%             1213       90.253%
MEM_BLOCK_LENGTH_100                                33        5.584%               65        4.836%
MEM_BLOCK_LENGTH_200                                15        2.538%               23        1.711%
MEM_BLOCK_LENGTH_300                                16        2.707%               22        1.637%
MEM_BLOCK_LENGTH_400                                 2        0.338%                7        0.521%
MEM_BLOCK_LENGTH_500                                 1        0.169%                5        0.372%
MEM_BLOCK_LENGTH_600                                 1        0.169%                2        0.149%
MEM_BLOCK_LENGTH_700                                 0        0.000%                0        0.000%
MEM_BLOCK_LENGTH_800                                 0        0.000%                0        0.000%
MEM_BLOCK_LENGTH_900                                 0        0.000%                2        0.149%
MEM_BLOCK_LENGTH_1000                                0        0.000%                1        0.074%
MEM_BLOCK_LENGTH_1100                                0        0.000%                0        0.000%
MEM_BLOCK_LENGTH_1200                                1        0.169%                2        0.149%
MEM_BLOCK_LENGTH_1300                                0        0.000%                1        0.074%
MEM_BLOCK_LENGTH_1400                                0        0.000%                0        0.000%
MEM_BLOCK_LENGTH_1500                                1        0.169%                1        0.074%
MEM_BLOCK_LENGTH_1600                                0        0.000%                0        0.000%
MEM_BLOCK_LENGTH_1700                                0        0.000%                0        0.000%
MEM_BLOCK_LENGTH_1800                                0        0.000%                0        0.000%
MEM_BLOCK_LENGTH_1900                                0        0.000%                0        0.000%
MEM_BLOCK_LENGTH_2000                                0        0.000%                0        0.000%
MEM_BLOCK_LENGTH_2100                                0        0.000%                0        0.000%
MEM_BLOCK_LENGTH_2200                                0        0.000%                0        0.000%
MEM_BLOCK_LENGTH_2300                                0        0.000%                0        0.000%
MEM_BLOCK_LENGTH_2400                                0        0.000%                0        0.000%
MEM_BLOCK_LENGTH_2500                                0        0.000%                0        0.000%
MEM_BLOCK_LENGTH_2600                                0        0.000%                0        0.000%
MEM_BLOCK_LENGTH_2700                                0        0.000%                0        0.000%
MEM_BLOCK_LENGTH_2800                                0        0.000%                0        0.000%
MEM_BLOCK_LENGTH_2900                                0        0.000%                0        0.000%
MEM_BLOCK_LENGTH_3000                                0        0.000%                0        0.000%
MEM_BLOCK_LENGTH_3100                                0        0.000%                0        0.000%
MEM_BLOCK_LENGTH_3200                                0        0.000%                0        0.000%
MEM_BLOCK_LENGTH_3300                                0        0.000%                0        0.000%
MEM_BLOCK_LENGTH_3400                                0        0.000%                0        0.000%
MEM_BLOCK_LENGTH_3500                                0        0.000%                0        0.000%
MEM_BLOCK_LENGTH_3600                                0        0.000%                0        0.000%
MEM_BLOCK_LENGTH_3700                                0        0.000%                0        0.000%
MEM_BLOCK_LENGTH_3800                                0        0.000%                0        0.000%
MEM_BLOCK_LENGTH_3900                                0        0.000%                0        0.000%
MEM_BLOCK_LENGTH_4000                                0        0.000%                0        0.000%
MEM_BLOCK_LENGTH_4100                                0        0.000%                0        0.000%
MEM_BLOCK_LENGTH_4200                                0        0.000%                0        0.000%
MEM_BLOCK_LENGTH_4300                                0        0.000%                0        0.000%
MEM_BLOCK_LENGTH_4400                                0        0.000%                0        0.000%
MEM_BLOCK_LENGTH_4500                                0        0.000%                0        0.000%
MEM_BLOCK_LENGTH_4600                                0        0.000%                0        0.000%
MEM_BLOCK_LENGTH_4700                                0        0.000%                0        0.000%
MEM_BLOCK_LENGTH_4800                                0        0.000%                0        0.000%
MEM_BLOCK_LENGTH_4900                                0        0.000%                0        0.000%
MEM_BLOCK_LENGTH_5000                                0        0.000%                0        0.000%
                                                   591      100.000%             1344      100.000%
                                                  0.27         1.03              0.24         1.04

FUS_BUSY_ON_PATH                              18553316        2.6211         36583709        2.5762

FUS_BUSY_OFF_PATH                               142417        0.0201           497363        0.0350

FU_BUSY_MEM_STALL                              1433121        0.2025          2713944        0.1911

FUS_EMPTY                                     37931859        5.3588         76524256        5.3888

FU_UNAVAILABLE                                 2690925        0.3802          5481145        0.3860

FU_MEM_UNAVAILABLE                             1298582        0.1835          2438432        0.1717

FU_REPLAY                                            0        0.0000                0        0.0000

FU_STARVED                                    37918728        5.3569         76476838        5.3854

CHIP_UTILIZATION                                     0        0.0000                0        0.0000

CYCLES_UNDER_MEM_REQ                                 0                              0              

CYCLES_UNDER_NO_MEM_REQ                              0                              0              

CYCLES_UNDER_CRITICAL_MEM_REQ                        0                              0              

CYCLES_UNDER_NONCRITICAL_MEM_REQ                     0                              0              

CHIP_UTILIZATION_UNDER_MEM_REQ                       0          -nan                0          -nan

CHIP_UTILIZATION_UNDER_NO_MEM_REQ                    0          -nan                0          -nan

CHIP_UTILIZATION_UNDER_CRITICAL_MEM_REQ              0          -nan                0          -nan

CHIP_UTILIZATION_UNDER_NONCRITICAL_MEM_REQ             0          -nan                0          -nan

CYCLES_NOT_WAITING_FOR_OFF_CHIP                      0        0.0000                0        0.0000

FUS_BUSY_NOT_WAITING_FOR_OFF_CHIP                    0          -nan                0          -nan

CYCLES_WAITING_FOR_OFF_CHIP                          0        0.0000                0        0.0000

FUS_BUSY_WAITING_FOR_OFF_CHIP                        0          -nan                0          -nan

TOTAL_OFF_CHIP_DELAYS_LEFT                           0                              0              

WRONG_IO_SCHED                                       0                              0              

DVFS_CONFIG_SWITCH                                   0                              0              

MAP_STAGE_RECEIVED_OPS_0                             0        0.000%                0        0.000%
MAP_STAGE_RECEIVED_OPS_1                        229998        6.845%           466643        7.073%
MAP_STAGE_RECEIVED_OPS_2                        335289        9.979%           673979       10.216%
MAP_STAGE_RECEIVED_OPS_3                        219418        6.530%           442361        6.705%
MAP_STAGE_RECEIVED_OPS_4                       1173946       34.939%          2188089       33.166%
MAP_STAGE_RECEIVED_OPS_5                        300447        8.942%           606774        9.197%
MAP_STAGE_RECEIVED_OPS_6                       1100863       32.764%          2219494       33.642%
MAP_STAGE_RECEIVED_OPS_7                             0        0.000%                0        0.000%
MAP_STAGE_RECEIVED_OPS_8                             0        0.000%                0        0.000%
MAP_STAGE_RECEIVED_OPS_MAX                           0        0.000%                0        0.000%
                                               3359961      100.000%          6597340      100.000%
                                                  4.27         1.55              4.28         1.57

MAP_STAGE_WAIT_FOR_DECODE                            0         -nan%                0         -nan%
MAP_STAGE_CONSUME_DECODE                             0         -nan%                0         -nan%
                                                     0         -nan%                0         -nan%
                                                  -nan         -nan              -nan         -nan

MAP_STAGE_WAIT_FOR_DECODE2                           0         -nan%                0         -nan%
MAP_STAGE_CONSUME_DECODE2                            0         -nan%                0         -nan%
                                                     0         -nan%                0         -nan%
                                                  -nan         -nan              -nan         -nan

FTQ_RECOVER_EXEC                                  4414                          15892              

FTQ_RECOVER_DECODE                                 904                           3443              

FTQ_OFFPATH_CYCLES                              374688                        1218694              

FTQ_CYCLES_OFFPATH                              752053                        2050587              

FTQ_CYCLES_ONPATH                              6326396                       12150079              

FTQ_FETCHED_INS_OFFPATH                        2031864                        8674239              

FTQ_FETCHED_INS_ONPATH                        14361492                       28245130              

FTQ_BREAK_FULL_FT_ONPATH                       6276275       99.291%         12016039       99.054%
FTQ_BREAK_MAX_CFS_TAKEN_ONPATH                   32861        0.520%            84388        0.696%
FTQ_BREAK_MAX_BYTES_ONPATH                       11942        0.189%            30317        0.250%
FTQ_BREAK_PRED_BR_ONPATH                             0        0.000%                0        0.000%
FTQ_BREAK_BAR_FETCH_ONPATH                           0        0.000%                0        0.000%
                                               6321078      100.000%         12130744      100.000%
                                                  0.01         0.11              0.01         0.13

FTQ_BREAK_FULL_FT_OFFPATH                       720357       95.113%          1889025       91.261%
FTQ_BREAK_MAX_CFS_TAKEN_OFFPATH                  21829        2.882%            81258        3.926%
FTQ_BREAK_MAX_BYTES_OFFPATH                      15185        2.005%            99639        4.814%
FTQ_BREAK_PRED_BR_OFFPATH                            0        0.000%                0        0.000%
FTQ_BREAK_BAR_FETCH_OFFPATH                          0        0.000%                0        0.000%
                                                757371      100.000%          2069922      100.000%
                                                  0.07         0.32              0.14         0.44



