Scarab gitrev: 3541854
Scarab started at Sat Oct 26 02:25:26 2024

Initialized Ramulator. 
** Heartbeat:   5% -- { 1000004 } -- 0.00 KIPS (90.91 KIPS)
** Heartbeat:  10% -- { 2000007 } -- 90.91 KIPS (90.91 KIPS)
** Heartbeat:  15% -- { 3000010 } -- 142.86 KIPS (103.45 KIPS)
** Heartbeat:  20% -- { 4000011 } -- 250.00 KIPS (121.21 KIPS)
** Heartbeat:  25% -- { 5000011 } -- 111.11 KIPS (119.05 KIPS)
** Heartbeat:  30% -- { 6000011 } -- 125.00 KIPS (120.00 KIPS)
** Heartbeat:  35% -- { 7000011 } -- 142.86 KIPS (122.81 KIPS)
** Heartbeat:  40% -- { 8000014 } -- 166.67 KIPS (126.98 KIPS)
** Heartbeat:  45% -- { 9000015 } -- 250.00 KIPS (134.33 KIPS)
** Heartbeat:  50% -- { 10000015 } -- 125.00 KIPS (133.33 KIPS)
** Heartbeat:  55% -- { 11000020 } -- 111.11 KIPS (130.95 KIPS)
** Heartbeat:  60% -- { 12000020 } -- 125.00 KIPS (130.44 KIPS)
** Heartbeat:  65% -- { 13000022 } -- 142.86 KIPS (131.31 KIPS)
** Heartbeat:  70% -- { 14000024 } -- 200.00 KIPS (134.62 KIPS)
** Heartbeat:  75% -- { 15000029 } -- 125.00 KIPS (133.93 KIPS)
** Heartbeat:  80% -- { 16000031 } -- 100.00 KIPS (131.15 KIPS)
** Heartbeat:  85% -- { 17000031 } -- 111.11 KIPS (129.77 KIPS)
** Heartbeat:  90% -- { 18000032 } -- 142.86 KIPS (130.44 KIPS)
** Heartbeat:  95% -- { 19000032 } -- 250.00 KIPS (133.80 KIPS)
** Core 0 Finished:    insts:20000000    cycles:14200666    time:4437708125000       -- 1.41 IPC (1.41 IPC) --  N/A  KIPS (134.23 KIPS)
Scarab finished at Sat Oct 26 02:27:55 2024

