/* -*- Mode: c -*- */
####################################################################################################
Core 0
####################################################################################################
Cumulative:        Cycles: 24415164              Instructions: 20000000              IPC: 0.81916

Periodic:          Cycles: 12175665              Instructions: 9999996               IPC: 0.82131

EXECUTION_TIME                           3804895312500                  7629738750000              

NODE_CYCLE                                    12175665                       24415164              

NODE_INST_COUNT                                9999996                       20000000              

NODE_INST_COUNT_FETCHED                        9999996                       20000000              

NODE_UOP_COUNT                                14411991                       28823983              

FULL_WINDOW_STALL                              9137961       75.051%         18337429       75.107%

FULL_WINDOW_MEM_OP                             5967268       72.134%         11990594       72.199%
FULL_WINDOW_FP_OP                              2305122       27.865%          4617018       27.800%
FULL_WINDOW_OTHER_OP                                45        0.001%               75        0.000%
                                               8272435      100.000%         16607687      100.000%
                                                  0.28         0.38              0.28         0.38

RET_BLOCKED_DC_MISS                            6162514       50.613%         12378031       50.698%

RET_BLOCKED_L1_MISS                            6165977       50.642%         12383773       50.722%

RET_BLOCKED_L1_MISS_BW_PREF                          0        0.000%                0        0.000%

RET_BLOCKED_L1_ACCESS                            12077        0.099%            24983        0.102%

RET_BLOCKED_MEM_STALL                          6165977       50.642%         12383773       50.722%

RET_BLOCKED_OFFCHIP_DEMAND                           0        0.000%                0        0.000%

OP_ISSUED                                     14411870                       28827403              

OP_RETIRED                                    14411991                       28823983              

REPLAY_SIGNALED                                      0                              0              

REPLAY_COUNTED                                       0                              0              

OFF_CRITICAL_PATH                                    0         -nan%                0         -nan%
ON_CRITICAL_PATH                                     0         -nan%                0         -nan%
                                                     0         -nan%                0         -nan%
                                                  -nan         -nan              -nan         -nan

LD_NO_DEPENDENTS                                     0        0.000%                4        0.000%
LD_DEPENDENTS                                  7821984      100.000%         15643959      100.000%
                                               7821984      100.000%         15643963      100.000%
                                                  1.00         1.00              1.00         1.00

LD_EXEC_CYCLES_0                                     0        0.000%                0        0.000%
LD_EXEC_CYCLES_1                                     0        0.000%                0        0.000%
LD_EXEC_CYCLES_2                                     0        0.000%                0        0.000%
LD_EXEC_CYCLES_3                                 17078       43.379%            34216       43.306%
LD_EXEC_CYCLES_4                                 22291       56.621%            44794       56.694%
                                                 39369      100.000%            79010      100.000%
                                                  3.57         2.73              3.57         2.73

ICACHE_STAGE_STARVED                               344        0.011%             2540        0.041%
ICACHE_STAGE_NOT_STARVED                       3093180       99.989%          6186512       99.959%
                                               3093524      100.000%          6189052      100.000%
                                                  1.00         1.00              1.00         1.00

ICACHE_STAGE_STALLED                           9082037       74.592%         18224334       74.644%
ICACHE_STAGE_NOT_STALLED                       3093524       25.407%          6187957       25.345%
ICACHE_STAGE_OFF_PATH                              104        0.001%             2873        0.012%
                                              12175665      100.000%         24415164      100.000%
                                                  0.25         0.38              0.25         0.38

DECODE_STAGE_STARVED                          12175662      100.000%         24413241       99.999%
DECODE_STAGE_NOT_STARVED                             3        0.000%              150        0.001%
                                              12175665      100.000%         24413391      100.000%
                                                  0.00         0.00              0.00         0.00

DECODE_STAGE_STALLED                                20        0.000%               45        0.000%
DECODE_STAGE_NOT_STALLED                      12175645      100.000%         24413346       99.993%
DECODE_STAGE_OFF_PATH                                0        0.000%             1773        0.007%
                                              12175665      100.000%         24415164      100.000%
                                                  1.00         0.00              1.00         0.01

UOPQ_STAGE_STARVED                                 414        0.013%             2987        0.048%
UOPQ_STAGE_NOT_STARVED                         3093116       99.987%          6186024       99.952%
                                               3093530      100.000%          6189011      100.000%
                                                  1.00         1.00              1.00         1.00

UOPQ_STAGE_STALLED                             9082037       74.592%         18224509       74.644%
UOPQ_STAGE_NOT_STALLED                         3093530       25.407%          6189011       25.349%
UOPQ_STAGE_OFF_PATH                                 98        0.001%             1644        0.007%
                                              12175665      100.000%         24415164      100.000%
                                                  0.25         0.38              0.25         0.38

MAP_STAGE_STARVED                                  318        0.003%             1587        0.007%
MAP_STAGE_NOT_STARVED                         12175263       99.997%         24411288       99.993%
                                              12175581      100.000%         24412875      100.000%
                                                  1.00         1.00              1.00         1.00

MAP_STAGE_STALLED                              9082097       74.592%         18224751       74.645%
MAP_STAGE_NOT_STALLED                          3093484       25.407%          6188124       25.345%
MAP_STAGE_OFF_PATH                                  84        0.001%             2289        0.009%
                                              12175665      100.000%         24415164      100.000%
                                                  0.25         0.38              0.25         0.38

EXEC_STAGE_STARVED                             9515228       78.150%         19096961       78.218%
EXEC_STAGE_NOT_STARVED                         2660399       21.850%          5316562       21.776%
EXEC_STAGE_OFF_PATH                                 38        0.000%             1641        0.007%
                                              12175665      100.000%         24415164      100.000%
                                                  0.22         0.37              0.22         0.37

FU_BUSY_0                                      3856236                        7708406              

FU_BUSY_1                                      1862607                        3725878              

FU_BUSY_2                                      3803790                        7611106              

FU_BUSY_3                                      4117918                        8235765              

FU_BUSY_4                                       692729                        1390392              

FU_BUSY_5                                       165117                         330134              

FU_BUSY_6                                       431926                         863316              

FU_BUSY_7                                       458802                         918059              

FU_BUSY_8                                            0                              0              

FU_BUSY_9                                            0                              0              

FU_BUSY_10                                           0                              0              

FU_BUSY_11                                           0                              0              

FU_BUSY_12                                           0                              0              

FU_BUSY_13                                           0                              0              

FU_BUSY_14                                           0                              0              

FU_BUSY_15                                           0                              0              

FU_BUSY_16                                           0                              0              

FU_BUSY_17                                           0                              0              

FU_BUSY_18                                           0                              0              

FU_BUSY_19                                           0                              0              

FU_BUSY_20                                           0                              0              

FU_BUSY_21                                           0                              0              

FU_BUSY_22                                           0                              0              

FU_BUSY_23                                           0                              0              

FU_BUSY_24                                           0                              0              

FU_BUSY_25                                           0                              0              

FU_BUSY_26                                           0                              0              

FU_BUSY_27                                           0                              0              

FU_BUSY_28                                           0                              0              

FU_BUSY_29                                           0                              0              

FU_BUSY_30                                           0                              0              

FU_BUSY_31                                           0                              0              

FU_REJECTED_OP_INV_NOT_SIMD                          0        0.000%                0        0.000%
FU_REJECTED_OP_NOP_NOT_SIMD                       1739        0.228%             3507        0.230%
FU_REJECTED_OP_CF_NOT_SIMD                           0        0.000%                0        0.000%
FU_REJECTED_OP_MOV_NOT_SIMD                       7372        0.967%            14900        0.976%
FU_REJECTED_OP_CMOV_NOT_SIMD                         0        0.000%                0        0.000%
FU_REJECTED_OP_LDA_NOT_SIMD                       5748        0.754%            11632        0.762%
FU_REJECTED_OP_IMEM_NOT_SIMD                      4135        0.542%             8727        0.571%
FU_REJECTED_OP_IADD_NOT_SIMD                     92293       12.102%           184103       12.055%
FU_REJECTED_OP_IMUL_NOT_SIMD                     18994        2.491%            38233        2.504%
FU_REJECTED_OP_IDIV_NOT_SIMD                    201671       26.444%           403750       26.438%
FU_REJECTED_OP_ICMP_NOT_SIMD                    198356       26.009%           396614       25.971%
FU_REJECTED_OP_LOGIC_NOT_SIMD                    11199        1.468%            22286        1.459%
FU_REJECTED_OP_SHIFT_NOT_SIMD                    16337        2.142%            32632        2.137%
FU_REJECTED_OP_FMEM_NOT_SIMD                         0        0.000%                0        0.000%
FU_REJECTED_OP_FCVT_NOT_SIMD                         0        0.000%                0        0.000%
FU_REJECTED_OP_FADD_NOT_SIMD                         0        0.000%                0        0.000%
FU_REJECTED_OP_FMUL_NOT_SIMD                         0        0.000%                0        0.000%
FU_REJECTED_OP_FMA_NOT_SIMD                          0        0.000%                0        0.000%
FU_REJECTED_OP_FDIV_NOT_SIMD                         0        0.000%                0        0.000%
FU_REJECTED_OP_FCMP_NOT_SIMD                         0        0.000%                0        0.000%
FU_REJECTED_OP_FCMOV_NOT_SIMD                        0        0.000%                0        0.000%
FU_REJECTED_OP_GATHER_NOT_SIMD                       0        0.000%                0        0.000%
FU_REJECTED_OP_SCATTER_NOT_SIMD                      0        0.000%                0        0.000%
FU_REJECTED_OP_PIPELINED_FAST_NOT_SIMD               0        0.000%                0        0.000%
FU_REJECTED_OP_PIPELINED_MEDIUM_NOT_SIMD             0        0.000%                0        0.000%
FU_REJECTED_OP_PIPELINED_SLOW_NOT_SIMD               0        0.000%                0        0.000%
FU_REJECTED_OP_NOTPIPELINED_MEDIUM_NOT_SIMD             0        0.000%                0        0.000%
FU_REJECTED_OP_NOTPIPELINED_SLOW_NOT_SIMD             0        0.000%                0        0.000%
FU_REJECTED_OP_NOTPIPELINED_VERY_SLOW_NOT_SIMD             0        0.000%                0        0.000%
FU_REJECTED_OP_INV_SIMD                              0        0.000%                0        0.000%
FU_REJECTED_OP_NOP_SIMD                              0        0.000%                0        0.000%
FU_REJECTED_OP_CF_SIMD                               0        0.000%                0        0.000%
FU_REJECTED_OP_MOV_SIMD                           4079        0.535%             8023        0.525%
FU_REJECTED_OP_CMOV_SIMD                             0        0.000%                0        0.000%
FU_REJECTED_OP_LDA_SIMD                              0        0.000%                0        0.000%
FU_REJECTED_OP_IMEM_SIMD                             0        0.000%                0        0.000%
FU_REJECTED_OP_IADD_SIMD                             0        0.000%                0        0.000%
FU_REJECTED_OP_IMUL_SIMD                             0        0.000%                0        0.000%
FU_REJECTED_OP_IDIV_SIMD                             0        0.000%                0        0.000%
FU_REJECTED_OP_ICMP_SIMD                             0        0.000%                0        0.000%
FU_REJECTED_OP_LOGIC_SIMD                            0        0.000%                0        0.000%
FU_REJECTED_OP_SHIFT_SIMD                         1457        0.191%             2889        0.189%
FU_REJECTED_OP_FMEM_SIMD                             0        0.000%                0        0.000%
FU_REJECTED_OP_FCVT_SIMD                         91288       11.970%           184418       12.076%
FU_REJECTED_OP_FADD_SIMD                          4438        0.582%             8733        0.572%
FU_REJECTED_OP_FMUL_SIMD                             0        0.000%                0        0.000%
FU_REJECTED_OP_FMA_SIMD                              0        0.000%                0        0.000%
FU_REJECTED_OP_FDIV_SIMD                             0        0.000%                0        0.000%
FU_REJECTED_OP_FCMP_SIMD                        103537       13.576%           206720       13.536%
FU_REJECTED_OP_FCMOV_SIMD                            0        0.000%                0        0.000%
FU_REJECTED_OP_GATHER_SIMD                           0        0.000%                0        0.000%
FU_REJECTED_OP_SCATTER_SIMD                          0        0.000%                0        0.000%
FU_REJECTED_OP_PIPELINED_FAST_SIMD                   0        0.000%                0        0.000%
FU_REJECTED_OP_PIPELINED_MEDIUM_SIMD                 0        0.000%                0        0.000%
FU_REJECTED_OP_PIPELINED_SLOW_SIMD                   0        0.000%                0        0.000%
FU_REJECTED_OP_NOTPIPELINED_MEDIUM_SIMD              0        0.000%                0        0.000%
FU_REJECTED_OP_NOTPIPELINED_SLOW_SIMD                0        0.000%                0        0.000%
FU_REJECTED_OP_NOTPIPELINED_VERY_SLOW_SIMD             0        0.000%                0        0.000%
                                                762643      100.000%          1527167      100.000%
                                                 18.72        16.25             18.73        16.26

OP_WAIT_0                                      6129557                       12260176              

OP_WAIT_1                                      2502190                        5001952              

OP_WAIT_2                                      1366446                        2730298              

OP_WAIT_3                                       835164                        1667477              

OP_WAIT_4                                       426520                         851686              

OP_WAIT_5                                       428383                         856337              

OP_WAIT_6                                       311754                         622762              

OP_WAIT_7                                       179544                         358802              

OP_WAIT_8                                       239723                         479669              

OP_WAIT_9                                       175290                         351703              

OP_WAIT_10                                      122717                         246895              

OP_WAIT_11                                      104448                         209658              

OP_WAIT_12                                      103541                         207135              

OP_WAIT_13                                       76302                         152206              

OP_WAIT_14                                       81671                         162902              

OP_WAIT_15                                       87848                         175609              

OP_WAIT_16                                       91325                         183073              

OP_WAIT_17                                       93082                         186831              

OP_WAIT_18                                      104244                         208993              

OP_WAIT_19                                       93782                         187632              

OP_WAIT_20                                      153568                         306820              

OP_WAIT_21                                      104841                         209869              

OP_WAIT_22                                      110603                         220942              

OP_WAIT_23                                       76730                         153248              

OP_WAIT_24                                       58589                         116972              

OP_WAIT_25                                       56021                         111695              

OP_WAIT_26                                       29410                          58413              

OP_WAIT_27                                       20996                          42196              

OP_WAIT_28                                       16666                          33212              

OP_WAIT_29                                       17999                          36359              

OP_WAIT_30                                       16669                          33621              

OP_WAIT_31                                      196368                         398840              

ROW_SIZE_0                                     9292525                       18649446              

ROW_SIZE_1                                       51515                         100696              

ROW_SIZE_2                                      581241                        1162877              

ROW_SIZE_3                                       30928                          61618              

ROW_SIZE_4                                       20754                          41486              

ROW_SIZE_5                                      170018                         341043              

ROW_SIZE_6                                     2028684                        4056920              

ROW_SIZE_7                                           0                              0              

ROW_SIZE_8                                           0                              0              

ROW_SIZE_9                                           0                              0              

ROW_SIZE_10                                          0                              0              

ROW_SIZE_11                                          0                              0              

ROW_SIZE_12                                          0                              0              

ROW_SIZE_13                                          0                              0              

ROW_SIZE_14                                          0                              0              

ROW_SIZE_15                                          0                              0              

ROW_SIZE_16                                          0                              0              

ROW_SIZE_17                                          0                              0              

ROW_SIZE_18                                          0                              0              

ROW_SIZE_19                                          0                              0              

ROW_SIZE_20                                          0                              0              

ROW_SIZE_21                                          0                              0              

ROW_SIZE_22                                          0                              0              

ROW_SIZE_23                                          0                              0              

ROW_SIZE_24                                          0                              0              

ROW_SIZE_25                                          0                              0              

ROW_SIZE_26                                          0                              0              

ROW_SIZE_27                                          0                              0              

ROW_SIZE_28                                          0                              0              

ROW_SIZE_29                                          0                              0              

ROW_SIZE_30                                          0                              0              

ROW_SIZE_31                                          0                              0              

RET_OP_EXEC_COUNT_0                                  0        0.000%                0        0.000%
RET_OP_EXEC_COUNT_1                           14411991      100.000%         28823983      100.000%
RET_OP_EXEC_COUNT_2                                  0        0.000%                0        0.000%
RET_OP_EXEC_COUNT_3                                  0        0.000%                0        0.000%
RET_OP_EXEC_COUNT_4                                  0        0.000%                0        0.000%
RET_OP_EXEC_COUNT_5                                  0        0.000%                0        0.000%
RET_OP_EXEC_COUNT_6                                  0        0.000%                0        0.000%
RET_OP_EXEC_COUNT_7                                  0        0.000%                0        0.000%
RET_OP_EXEC_COUNT_8                                  0        0.000%                0        0.000%
RET_OP_EXEC_COUNT_9                                  0        0.000%                0        0.000%
RET_OP_EXEC_COUNT_10                                 0        0.000%                0        0.000%
RET_OP_EXEC_COUNT_11                                 0        0.000%                0        0.000%
RET_OP_EXEC_COUNT_12                                 0        0.000%                0        0.000%
RET_OP_EXEC_COUNT_13                                 0        0.000%                0        0.000%
RET_OP_EXEC_COUNT_14                                 0        0.000%                0        0.000%
RET_OP_EXEC_COUNT_15                                 0        0.000%                0        0.000%
RET_OP_EXEC_COUNT_16                                 0        0.000%                0        0.000%
RET_OP_EXEC_COUNT_17                                 0        0.000%                0        0.000%
RET_OP_EXEC_COUNT_18                                 0        0.000%                0        0.000%
RET_OP_EXEC_COUNT_19                                 0        0.000%                0        0.000%
RET_OP_EXEC_COUNT_20                                 0        0.000%                0        0.000%
RET_OP_EXEC_COUNT_21                                 0        0.000%                0        0.000%
RET_OP_EXEC_COUNT_22                                 0        0.000%                0        0.000%
RET_OP_EXEC_COUNT_23                                 0        0.000%                0        0.000%
RET_OP_EXEC_COUNT_24                                 0        0.000%                0        0.000%
RET_OP_EXEC_COUNT_25                                 0        0.000%                0        0.000%
RET_OP_EXEC_COUNT_26                                 0        0.000%                0        0.000%
RET_OP_EXEC_COUNT_27                                 0        0.000%                0        0.000%
RET_OP_EXEC_COUNT_28                                 0        0.000%                0        0.000%
RET_OP_EXEC_COUNT_29                                 0        0.000%                0        0.000%
RET_OP_EXEC_COUNT_30                                 0        0.000%                0        0.000%
RET_OP_EXEC_COUNT_31                                 0        0.000%                0        0.000%
RET_OP_EXEC_COUNT_32                                 0        0.000%                0        0.000%
                                              14411991      100.000%         28823983      100.000%
                                                  1.00         0.00              1.00         0.00

RET_STALL_LENGTH_0                            14389314       99.843%         28777983       99.840%
RET_STALL_LENGTH_100                             20634        0.143%            41878        0.145%
RET_STALL_LENGTH_200                              1064        0.007%             2200        0.008%
RET_STALL_LENGTH_300                               181        0.001%              330        0.001%
RET_STALL_LENGTH_400                               191        0.001%              385        0.001%
RET_STALL_LENGTH_500                                91        0.001%              173        0.001%
RET_STALL_LENGTH_600                                27        0.000%               46        0.000%
RET_STALL_LENGTH_700                                 0        0.000%                8        0.000%
RET_STALL_LENGTH_800                                 1        0.000%                3        0.000%
RET_STALL_LENGTH_900                                34        0.000%               66        0.000%
RET_STALL_LENGTH_1000                               66        0.000%              121        0.000%
RET_STALL_LENGTH_1100                              117        0.001%              234        0.001%
RET_STALL_LENGTH_1200                              215        0.001%              444        0.002%
RET_STALL_LENGTH_1300                               43        0.000%               89        0.000%
RET_STALL_LENGTH_1400                                5        0.000%                8        0.000%
RET_STALL_LENGTH_1500                                1        0.000%                2        0.000%
RET_STALL_LENGTH_1600                                3        0.000%                5        0.000%
RET_STALL_LENGTH_1700                                2        0.000%                5        0.000%
RET_STALL_LENGTH_1800                                1        0.000%                1        0.000%
RET_STALL_LENGTH_1900                                1        0.000%                1        0.000%
RET_STALL_LENGTH_2000                                0        0.000%                1        0.000%
RET_STALL_LENGTH_2100                                0        0.000%                0        0.000%
RET_STALL_LENGTH_2200                                0        0.000%                0        0.000%
RET_STALL_LENGTH_2300                                0        0.000%                0        0.000%
RET_STALL_LENGTH_2400                                0        0.000%                0        0.000%
RET_STALL_LENGTH_2500                                0        0.000%                0        0.000%
RET_STALL_LENGTH_2600                                0        0.000%                0        0.000%
RET_STALL_LENGTH_2700                                0        0.000%                0        0.000%
RET_STALL_LENGTH_2800                                0        0.000%                0        0.000%
RET_STALL_LENGTH_2900                                0        0.000%                0        0.000%
RET_STALL_LENGTH_3000                                0        0.000%                0        0.000%
RET_STALL_LENGTH_3100                                0        0.000%                0        0.000%
RET_STALL_LENGTH_3200                                0        0.000%                0        0.000%
RET_STALL_LENGTH_3300                                0        0.000%                0        0.000%
RET_STALL_LENGTH_3400                                0        0.000%                0        0.000%
RET_STALL_LENGTH_3500                                0        0.000%                0        0.000%
RET_STALL_LENGTH_3600                                0        0.000%                0        0.000%
RET_STALL_LENGTH_3700                                0        0.000%                0        0.000%
RET_STALL_LENGTH_3800                                0        0.000%                0        0.000%
RET_STALL_LENGTH_3900                                0        0.000%                0        0.000%
RET_STALL_LENGTH_4000                                0        0.000%                0        0.000%
RET_STALL_LENGTH_4100                                0        0.000%                0        0.000%
RET_STALL_LENGTH_4200                                0        0.000%                0        0.000%
RET_STALL_LENGTH_4300                                0        0.000%                0        0.000%
RET_STALL_LENGTH_4400                                0        0.000%                0        0.000%
RET_STALL_LENGTH_4500                                0        0.000%                0        0.000%
RET_STALL_LENGTH_4600                                0        0.000%                0        0.000%
RET_STALL_LENGTH_4700                                0        0.000%                0        0.000%
RET_STALL_LENGTH_4800                                0        0.000%                0        0.000%
RET_STALL_LENGTH_4900                                0        0.000%                0        0.000%
RET_STALL_LENGTH_5000                                0        0.000%                0        0.000%
                                              14411991      100.000%         28823983      100.000%
                                                  0.00         0.08              0.00         0.08

MEM_BLOCK_LENGTH_0                                5748      100.000%            11631      100.000%
MEM_BLOCK_LENGTH_100                                 0        0.000%                0        0.000%
MEM_BLOCK_LENGTH_200                                 0        0.000%                0        0.000%
MEM_BLOCK_LENGTH_300                                 0        0.000%                0        0.000%
MEM_BLOCK_LENGTH_400                                 0        0.000%                0        0.000%
MEM_BLOCK_LENGTH_500                                 0        0.000%                0        0.000%
MEM_BLOCK_LENGTH_600                                 0        0.000%                0        0.000%
MEM_BLOCK_LENGTH_700                                 0        0.000%                0        0.000%
MEM_BLOCK_LENGTH_800                                 0        0.000%                0        0.000%
MEM_BLOCK_LENGTH_900                                 0        0.000%                0        0.000%
MEM_BLOCK_LENGTH_1000                                0        0.000%                0        0.000%
MEM_BLOCK_LENGTH_1100                                0        0.000%                0        0.000%
MEM_BLOCK_LENGTH_1200                                0        0.000%                0        0.000%
MEM_BLOCK_LENGTH_1300                                0        0.000%                0        0.000%
MEM_BLOCK_LENGTH_1400                                0        0.000%                0        0.000%
MEM_BLOCK_LENGTH_1500                                0        0.000%                0        0.000%
MEM_BLOCK_LENGTH_1600                                0        0.000%                0        0.000%
MEM_BLOCK_LENGTH_1700                                0        0.000%                0        0.000%
MEM_BLOCK_LENGTH_1800                                0        0.000%                0        0.000%
MEM_BLOCK_LENGTH_1900                                0        0.000%                0        0.000%
MEM_BLOCK_LENGTH_2000                                0        0.000%                0        0.000%
MEM_BLOCK_LENGTH_2100                                0        0.000%                0        0.000%
MEM_BLOCK_LENGTH_2200                                0        0.000%                0        0.000%
MEM_BLOCK_LENGTH_2300                                0        0.000%                0        0.000%
MEM_BLOCK_LENGTH_2400                                0        0.000%                0        0.000%
MEM_BLOCK_LENGTH_2500                                0        0.000%                0        0.000%
MEM_BLOCK_LENGTH_2600                                0        0.000%                0        0.000%
MEM_BLOCK_LENGTH_2700                                0        0.000%                0        0.000%
MEM_BLOCK_LENGTH_2800                                0        0.000%                0        0.000%
MEM_BLOCK_LENGTH_2900                                0        0.000%                0        0.000%
MEM_BLOCK_LENGTH_3000                                0        0.000%                0        0.000%
MEM_BLOCK_LENGTH_3100                                0        0.000%                0        0.000%
MEM_BLOCK_LENGTH_3200                                0        0.000%                0        0.000%
MEM_BLOCK_LENGTH_3300                                0        0.000%                0        0.000%
MEM_BLOCK_LENGTH_3400                                0        0.000%                0        0.000%
MEM_BLOCK_LENGTH_3500                                0        0.000%                0        0.000%
MEM_BLOCK_LENGTH_3600                                0        0.000%                0        0.000%
MEM_BLOCK_LENGTH_3700                                0        0.000%                0        0.000%
MEM_BLOCK_LENGTH_3800                                0        0.000%                0        0.000%
MEM_BLOCK_LENGTH_3900                                0        0.000%                0        0.000%
MEM_BLOCK_LENGTH_4000                                0        0.000%                0        0.000%
MEM_BLOCK_LENGTH_4100                                0        0.000%                0        0.000%
MEM_BLOCK_LENGTH_4200                                0        0.000%                0        0.000%
MEM_BLOCK_LENGTH_4300                                0        0.000%                0        0.000%
MEM_BLOCK_LENGTH_4400                                0        0.000%                0        0.000%
MEM_BLOCK_LENGTH_4500                                0        0.000%                0        0.000%
MEM_BLOCK_LENGTH_4600                                0        0.000%                0        0.000%
MEM_BLOCK_LENGTH_4700                                0        0.000%                0        0.000%
MEM_BLOCK_LENGTH_4800                                0        0.000%                0        0.000%
MEM_BLOCK_LENGTH_4900                                0        0.000%                0        0.000%
MEM_BLOCK_LENGTH_5000                                0        0.000%                0        0.000%
                                                  5748      100.000%            11631      100.000%
                                                  0.00         0.00              0.00         0.00

FUS_BUSY_ON_PATH                              15389051        1.2639         30781156        1.2607

FUS_BUSY_OFF_PATH                                   74        0.0000             1900        0.0001

FU_BUSY_MEM_STALL                               337177        0.0277           676992        0.0277

FUS_EMPTY                                     82016195        6.7361        164538256        6.7392

FU_UNAVAILABLE                                  570489        0.0469          1141186        0.0467

FU_MEM_UNAVAILABLE                              192154        0.0158           385981        0.0158

FU_REPLAY                                            0        0.0000                0        0.0000

FU_STARVED                                    82016181        6.7361        164538152        6.7392

CHIP_UTILIZATION                                     0        0.0000                0        0.0000

CYCLES_UNDER_MEM_REQ                                 0                              0              

CYCLES_UNDER_NO_MEM_REQ                              0                              0              

CYCLES_UNDER_CRITICAL_MEM_REQ                        0                              0              

CYCLES_UNDER_NONCRITICAL_MEM_REQ                     0                              0              

CHIP_UTILIZATION_UNDER_MEM_REQ                       0          -nan                0          -nan

CHIP_UTILIZATION_UNDER_NO_MEM_REQ                    0          -nan                0          -nan

CHIP_UTILIZATION_UNDER_CRITICAL_MEM_REQ              0          -nan                0          -nan

CHIP_UTILIZATION_UNDER_NONCRITICAL_MEM_REQ             0          -nan                0          -nan

CYCLES_NOT_WAITING_FOR_OFF_CHIP                      0        0.0000                0        0.0000

FUS_BUSY_NOT_WAITING_FOR_OFF_CHIP                    0          -nan                0          -nan

CYCLES_WAITING_FOR_OFF_CHIP                          0        0.0000                0        0.0000

FUS_BUSY_WAITING_FOR_OFF_CHIP                        0          -nan                0          -nan

TOTAL_OFF_CHIP_DELAYS_LEFT                           0                              0              

WRONG_IO_SCHED                                       0                              0              

DVFS_CONFIG_SWITCH                                   0                              0              

MAP_STAGE_RECEIVED_OPS_0                             0        0.000%                0        0.000%
MAP_STAGE_RECEIVED_OPS_1                        351664       11.369%           703336       11.369%
MAP_STAGE_RECEIVED_OPS_2                        451213       14.587%           902449       14.587%
MAP_STAGE_RECEIVED_OPS_3                        100239        3.241%           200476        3.241%
MAP_STAGE_RECEIVED_OPS_4                         99963        3.232%           199942        3.232%
MAP_STAGE_RECEIVED_OPS_5                         83674        2.705%           167453        2.707%
MAP_STAGE_RECEIVED_OPS_6                       2006437       64.866%          4012878       64.865%
MAP_STAGE_RECEIVED_OPS_7                             0        0.000%                0        0.000%
MAP_STAGE_RECEIVED_OPS_8                             0        0.000%                0        0.000%
MAP_STAGE_RECEIVED_OPS_MAX                           0        0.000%                0        0.000%
                                               3093190      100.000%          6186534      100.000%
                                                  4.66         1.96              4.66         1.96

MAP_STAGE_WAIT_FOR_DECODE                            0         -nan%                0         -nan%
MAP_STAGE_CONSUME_DECODE                             0         -nan%                0         -nan%
                                                     0         -nan%                0         -nan%
                                                  -nan         -nan              -nan         -nan

MAP_STAGE_WAIT_FOR_DECODE2                           0         -nan%                0         -nan%
MAP_STAGE_CONSUME_DECODE2                            0         -nan%                0         -nan%
                                                     0         -nan%                0         -nan%
                                                  -nan         -nan              -nan         -nan

FTQ_RECOVER_EXEC                                     2                             29              

FTQ_RECOVER_DECODE                                   0                              1              

FTQ_OFFPATH_CYCLES                                1095                           9710              

FTQ_CYCLES_OFFPATH                                1093                          10364              

FTQ_CYCLES_ONPATH                             12174572                       24404800              

FTQ_FETCHED_INS_OFFPATH                           1204                          19862              

FTQ_FETCHED_INS_ONPATH                        14411219                       28823953              

FTQ_BREAK_FULL_FT_ONPATH                      12174044      100.000%         24404039       99.999%
FTQ_BREAK_MAX_CFS_TAKEN_ONPATH                       6        0.000%               52        0.000%
FTQ_BREAK_MAX_BYTES_ONPATH                          22        0.000%              181        0.001%
FTQ_BREAK_PRED_BR_ONPATH                             0        0.000%                0        0.000%
FTQ_BREAK_BAR_FETCH_ONPATH                           0        0.000%                0        0.000%
                                              12174072      100.000%         24404272      100.000%
                                                  0.00         0.00              0.00         0.01

FTQ_BREAK_FULL_FT_OFFPATH                         1095      100.000%            10193       98.066%
FTQ_BREAK_MAX_CFS_TAKEN_OFFPATH                      0        0.000%               10        0.096%
FTQ_BREAK_MAX_BYTES_OFFPATH                          0        0.000%              191        1.838%
FTQ_BREAK_PRED_BR_OFFPATH                            0        0.000%                0        0.000%
FTQ_BREAK_BAR_FETCH_OFFPATH                          0        0.000%                0        0.000%
                                                  1095      100.000%            10394      100.000%
                                                  0.00         0.00              0.04         0.27



