/* -*- Mode: c -*- */
####################################################################################################
Core 0
####################################################################################################
Cumulative:        Cycles: 5401946               Instructions: 20000000              IPC: 3.70237

Periodic:          Cycles: 2676709               Instructions: 9999999               IPC: 3.73593

EXECUTION_TIME                            836471562500                  1688108125000              

NODE_CYCLE                                     2676709                        5401946              

NODE_INST_COUNT                                9999999                       20000000              

NODE_INST_COUNT_FETCHED                        9999999                       20000000              

NODE_UOP_COUNT                                10374252                       20763750              

FULL_WINDOW_STALL                               247419        9.243%           484164        8.963%

FULL_WINDOW_MEM_OP                              172858       99.434%           332914       99.403%
FULL_WINDOW_FP_OP                                   15        0.009%               22        0.007%
FULL_WINDOW_OTHER_OP                               969        0.557%             1977        0.590%
                                                173842      100.000%           334913      100.000%
                                                  0.01         0.15              0.01         0.15

RET_BLOCKED_DC_MISS                             273131       10.204%           544043       10.071%

RET_BLOCKED_L1_MISS                             142446        5.322%           258876        4.792%

RET_BLOCKED_L1_MISS_BW_PREF                          0        0.000%                0        0.000%

RET_BLOCKED_L1_ACCESS                           147443        5.508%           302093        5.592%

RET_BLOCKED_MEM_STALL                           142575        5.327%           259097        4.796%

RET_BLOCKED_OFFCHIP_DEMAND                           0        0.000%                0        0.000%

OP_ISSUED                                     11298287                       22700184              

OP_RETIRED                                    10374252                       20763750              

REPLAY_SIGNALED                                      0                              0              

REPLAY_COUNTED                                       0                              0              

OFF_CRITICAL_PATH                                    0         -nan%                0         -nan%
ON_CRITICAL_PATH                                     0         -nan%                0         -nan%
                                                     0         -nan%                0         -nan%
                                                  -nan         -nan              -nan         -nan

LD_NO_DEPENDENTS                                 21963        0.918%            50153        1.070%
LD_DEPENDENTS                                  2370357       99.082%          4639211       98.930%
                                               2392320      100.000%          4689364      100.000%
                                                  0.99         0.99              0.99         0.98

LD_EXEC_CYCLES_0                                     0        0.000%                0        0.000%
LD_EXEC_CYCLES_1                                     0        0.000%                0        0.000%
LD_EXEC_CYCLES_2                                     0        0.000%                0        0.000%
LD_EXEC_CYCLES_3                                 11501       52.444%            21816       52.887%
LD_EXEC_CYCLES_4                                 10429       47.556%            19434       47.113%
                                                 21930      100.000%            41250      100.000%
                                                  3.48         2.45              3.47         2.43

ICACHE_STAGE_STARVED                             21691        1.026%           115602        2.702%
ICACHE_STAGE_NOT_STARVED                       2091841       98.974%          4163223       97.298%
                                               2113532      100.000%          4278825      100.000%
                                                  0.99         0.98              0.97         0.96

ICACHE_STAGE_STALLED                            208172        7.777%           404059        7.480%
ICACHE_STAGE_NOT_STALLED                       2102988       78.566%          4221723       78.152%
ICACHE_STAGE_OFF_PATH                           365549       13.657%           776164       14.368%
                                               2676709      100.000%          5401946      100.000%
                                                  1.06         0.53              1.07         0.54

DECODE_STAGE_STARVED                           2271333       91.707%          4494621       90.752%
DECODE_STAGE_NOT_STARVED                        205406        8.293%           458030        9.248%
                                               2476739      100.000%          4952651      100.000%
                                                  0.08         0.27              0.09         0.28

DECODE_STAGE_STALLED                             17787        0.665%            37757        0.699%
DECODE_STAGE_NOT_STALLED                       2458952       91.865%          4914894       90.984%
DECODE_STAGE_OFF_PATH                           199970        7.471%           449295        8.317%
                                               2676709      100.000%          5401946      100.000%
                                                  1.07         0.39              1.08         0.42

UOPQ_STAGE_STARVED                              635833       28.443%          1215064       26.872%
UOPQ_STAGE_NOT_STARVED                         1599601       71.557%          3306656       73.128%
                                               2235434      100.000%          4521720      100.000%
                                                  0.72         0.65              0.73         0.67

UOPQ_STAGE_STALLED                              199308        7.446%           384857        7.124%
UOPQ_STAGE_NOT_STALLED                         2235434       83.514%          4521720       83.705%
UOPQ_STAGE_OFF_PATH                             241967        9.040%           495369        9.170%
                                               2676709      100.000%          5401946      100.000%
                                                  1.02         0.43              1.02         0.43

MAP_STAGE_STARVED                                80413        3.348%           212160        4.395%
MAP_STAGE_NOT_STARVED                          2321514       96.652%          4615331       95.605%
                                               2401927      100.000%          4827491      100.000%
                                                  0.97         0.95              0.96         0.94

MAP_STAGE_STALLED                               210733        7.873%           411249        7.613%
MAP_STAGE_NOT_STALLED                          2191194       81.861%          4416242       81.753%
MAP_STAGE_OFF_PATH                              274782       10.266%           574455       10.634%
                                               2676709      100.000%          5401946      100.000%
                                                  1.02         0.45              1.03         0.46

EXEC_STAGE_STARVED                             2247371       83.960%          4506733       83.428%
EXEC_STAGE_NOT_STARVED                          299805       11.201%           631148       11.684%
EXEC_STAGE_OFF_PATH                             129533        4.839%           264065        4.888%
                                               2676709      100.000%          5401946      100.000%
                                                  0.21         0.48              0.21         0.48

FU_BUSY_0                                      2272699                        4550979              

FU_BUSY_1                                      2007785                        4038828              

FU_BUSY_2                                      1301107                        2542600              

FU_BUSY_3                                      1186854                        2344279              

FU_BUSY_4                                      1643116                        3343767              

FU_BUSY_5                                      1630381                        3310672              

FU_BUSY_6                                       363835                         734898              

FU_BUSY_7                                       401458                         812178              

FU_BUSY_8                                            0                              0              

FU_BUSY_9                                            0                              0              

FU_BUSY_10                                           0                              0              

FU_BUSY_11                                           0                              0              

FU_BUSY_12                                           0                              0              

FU_BUSY_13                                           0                              0              

FU_BUSY_14                                           0                              0              

FU_BUSY_15                                           0                              0              

FU_BUSY_16                                           0                              0              

FU_BUSY_17                                           0                              0              

FU_BUSY_18                                           0                              0              

FU_BUSY_19                                           0                              0              

FU_BUSY_20                                           0                              0              

FU_BUSY_21                                           0                              0              

FU_BUSY_22                                           0                              0              

FU_BUSY_23                                           0                              0              

FU_BUSY_24                                           0                              0              

FU_BUSY_25                                           0                              0              

FU_BUSY_26                                           0                              0              

FU_BUSY_27                                           0                              0              

FU_BUSY_28                                           0                              0              

FU_BUSY_29                                           0                              0              

FU_BUSY_30                                           0                              0              

FU_BUSY_31                                           0                              0              

FU_REJECTED_OP_INV_NOT_SIMD                          0        0.000%                0        0.000%
FU_REJECTED_OP_NOP_NOT_SIMD                          0        0.000%                5        0.002%
FU_REJECTED_OP_CF_NOT_SIMD                         149        0.140%              304        0.139%
FU_REJECTED_OP_MOV_NOT_SIMD                        272        0.256%              698        0.318%
FU_REJECTED_OP_CMOV_NOT_SIMD                         5        0.005%                6        0.003%
FU_REJECTED_OP_LDA_NOT_SIMD                         68        0.064%              272        0.124%
FU_REJECTED_OP_IMEM_NOT_SIMD                       301        0.284%              520        0.237%
FU_REJECTED_OP_IADD_NOT_SIMD                    101088       95.218%           208587       95.163%
FU_REJECTED_OP_IMUL_NOT_SIMD                       591        0.557%             1312        0.599%
FU_REJECTED_OP_IDIV_NOT_SIMD                        17        0.016%               60        0.027%
FU_REJECTED_OP_ICMP_NOT_SIMD                         0        0.000%                0        0.000%
FU_REJECTED_OP_LOGIC_NOT_SIMD                      154        0.145%              286        0.130%
FU_REJECTED_OP_SHIFT_NOT_SIMD                      579        0.545%             1216        0.555%
FU_REJECTED_OP_FMEM_NOT_SIMD                       169        0.159%              431        0.197%
FU_REJECTED_OP_FCVT_NOT_SIMD                         0        0.000%                0        0.000%
FU_REJECTED_OP_FADD_NOT_SIMD                         0        0.000%                0        0.000%
FU_REJECTED_OP_FMUL_NOT_SIMD                         0        0.000%                0        0.000%
FU_REJECTED_OP_FMA_NOT_SIMD                          0        0.000%                0        0.000%
FU_REJECTED_OP_FDIV_NOT_SIMD                         0        0.000%                0        0.000%
FU_REJECTED_OP_FCMP_NOT_SIMD                         0        0.000%                0        0.000%
FU_REJECTED_OP_FCMOV_NOT_SIMD                        0        0.000%                0        0.000%
FU_REJECTED_OP_GATHER_NOT_SIMD                       0        0.000%                0        0.000%
FU_REJECTED_OP_SCATTER_NOT_SIMD                      0        0.000%                0        0.000%
FU_REJECTED_OP_PIPELINED_FAST_NOT_SIMD               0        0.000%                0        0.000%
FU_REJECTED_OP_PIPELINED_MEDIUM_NOT_SIMD             0        0.000%                0        0.000%
FU_REJECTED_OP_PIPELINED_SLOW_NOT_SIMD               0        0.000%                0        0.000%
FU_REJECTED_OP_NOTPIPELINED_MEDIUM_NOT_SIMD             0        0.000%                0        0.000%
FU_REJECTED_OP_NOTPIPELINED_SLOW_NOT_SIMD             0        0.000%                0        0.000%
FU_REJECTED_OP_NOTPIPELINED_VERY_SLOW_NOT_SIMD             0        0.000%                0        0.000%
FU_REJECTED_OP_INV_SIMD                              0        0.000%                0        0.000%
FU_REJECTED_OP_NOP_SIMD                              0        0.000%                0        0.000%
FU_REJECTED_OP_CF_SIMD                               0        0.000%                0        0.000%
FU_REJECTED_OP_MOV_SIMD                              0        0.000%                0        0.000%
FU_REJECTED_OP_CMOV_SIMD                             0        0.000%                0        0.000%
FU_REJECTED_OP_LDA_SIMD                              0        0.000%                0        0.000%
FU_REJECTED_OP_IMEM_SIMD                             0        0.000%                0        0.000%
FU_REJECTED_OP_IADD_SIMD                             0        0.000%                0        0.000%
FU_REJECTED_OP_IMUL_SIMD                             0        0.000%                0        0.000%
FU_REJECTED_OP_IDIV_SIMD                             0        0.000%                0        0.000%
FU_REJECTED_OP_ICMP_SIMD                             0        0.000%                0        0.000%
FU_REJECTED_OP_LOGIC_SIMD                            0        0.000%                0        0.000%
FU_REJECTED_OP_SHIFT_SIMD                            0        0.000%                0        0.000%
FU_REJECTED_OP_FMEM_SIMD                             0        0.000%                0        0.000%
FU_REJECTED_OP_FCVT_SIMD                             5        0.005%                8        0.004%
FU_REJECTED_OP_FADD_SIMD                          2767        2.606%             5484        2.502%
FU_REJECTED_OP_FMUL_SIMD                             0        0.000%                0        0.000%
FU_REJECTED_OP_FMA_SIMD                              0        0.000%                0        0.000%
FU_REJECTED_OP_FDIV_SIMD                             0        0.000%                0        0.000%
FU_REJECTED_OP_FCMP_SIMD                             0        0.000%                0        0.000%
FU_REJECTED_OP_FCMOV_SIMD                            0        0.000%                0        0.000%
FU_REJECTED_OP_GATHER_SIMD                           0        0.000%                0        0.000%
FU_REJECTED_OP_SCATTER_SIMD                          0        0.000%                0        0.000%
FU_REJECTED_OP_PIPELINED_FAST_SIMD                   0        0.000%                0        0.000%
FU_REJECTED_OP_PIPELINED_MEDIUM_SIMD                 0        0.000%                0        0.000%
FU_REJECTED_OP_PIPELINED_SLOW_SIMD                   0        0.000%                0        0.000%
FU_REJECTED_OP_NOTPIPELINED_MEDIUM_SIMD              0        0.000%                0        0.000%
FU_REJECTED_OP_NOTPIPELINED_SLOW_SIMD                0        0.000%                0        0.000%
FU_REJECTED_OP_NOTPIPELINED_VERY_SLOW_SIMD             0        0.000%                0        0.000%
                                                106165      100.000%           219189      100.000%
                                                  7.99         5.92              7.95         5.81

OP_WAIT_0                                      6760881                       13475916              

OP_WAIT_1                                      1201036                        2293975              

OP_WAIT_2                                       547239                        1049024              

OP_WAIT_3                                       272566                         564483              

OP_WAIT_4                                       215345                         448547              

OP_WAIT_5                                       175875                         376872              

OP_WAIT_6                                       183800                         390147              

OP_WAIT_7                                       160194                         346441              

OP_WAIT_8                                       125546                         268105              

OP_WAIT_9                                       112271                         239953              

OP_WAIT_10                                       99349                         211834              

OP_WAIT_11                                       72708                         153571              

OP_WAIT_12                                       60473                         125382              

OP_WAIT_13                                       60555                         124585              

OP_WAIT_14                                       46752                          93729              

OP_WAIT_15                                       25941                          53740              

OP_WAIT_16                                       18775                          39532              

OP_WAIT_17                                       16911                          36474              

OP_WAIT_18                                       14052                          31203              

OP_WAIT_19                                       16488                          36537              

OP_WAIT_20                                       14227                          31200              

OP_WAIT_21                                        9072                          20808              

OP_WAIT_22                                        8122                          18538              

OP_WAIT_23                                        6088                          14039              

OP_WAIT_24                                        7671                          17626              

OP_WAIT_25                                        8314                          20293              

OP_WAIT_26                                       16276                          31973              

OP_WAIT_27                                       12099                          25885              

OP_WAIT_28                                        4340                           9113              

OP_WAIT_29                                       10492                          18669              

OP_WAIT_30                                        3062                           6599              

OP_WAIT_31                                       87732                         188957              

ROW_SIZE_0                                      559706                        1121114              

ROW_SIZE_1                                      230704                         467828              

ROW_SIZE_2                                      102154                         223590              

ROW_SIZE_3                                       58911                         123243              

ROW_SIZE_4                                       87588                         170652              

ROW_SIZE_5                                       72579                         141671              

ROW_SIZE_6                                     1508210                        3014675              

ROW_SIZE_7                                           0                              0              

ROW_SIZE_8                                           0                              0              

ROW_SIZE_9                                           0                              0              

ROW_SIZE_10                                          0                              0              

ROW_SIZE_11                                          0                              0              

ROW_SIZE_12                                          0                              0              

ROW_SIZE_13                                          0                              0              

ROW_SIZE_14                                          0                              0              

ROW_SIZE_15                                          0                              0              

ROW_SIZE_16                                          0                              0              

ROW_SIZE_17                                          0                              0              

ROW_SIZE_18                                          0                              0              

ROW_SIZE_19                                          0                              0              

ROW_SIZE_20                                          0                              0              

ROW_SIZE_21                                          0                              0              

ROW_SIZE_22                                          0                              0              

ROW_SIZE_23                                          0                              0              

ROW_SIZE_24                                          0                              0              

ROW_SIZE_25                                          0                              0              

ROW_SIZE_26                                          0                              0              

ROW_SIZE_27                                          0                              0              

ROW_SIZE_28                                          0                              0              

ROW_SIZE_29                                          0                              0              

ROW_SIZE_30                                          0                              0              

ROW_SIZE_31                                          0                              0              

RET_OP_EXEC_COUNT_0                                  0        0.000%                0        0.000%
RET_OP_EXEC_COUNT_1                           10374252      100.000%         20763750      100.000%
RET_OP_EXEC_COUNT_2                                  0        0.000%                0        0.000%
RET_OP_EXEC_COUNT_3                                  0        0.000%                0        0.000%
RET_OP_EXEC_COUNT_4                                  0        0.000%                0        0.000%
RET_OP_EXEC_COUNT_5                                  0        0.000%                0        0.000%
RET_OP_EXEC_COUNT_6                                  0        0.000%                0        0.000%
RET_OP_EXEC_COUNT_7                                  0        0.000%                0        0.000%
RET_OP_EXEC_COUNT_8                                  0        0.000%                0        0.000%
RET_OP_EXEC_COUNT_9                                  0        0.000%                0        0.000%
RET_OP_EXEC_COUNT_10                                 0        0.000%                0        0.000%
RET_OP_EXEC_COUNT_11                                 0        0.000%                0        0.000%
RET_OP_EXEC_COUNT_12                                 0        0.000%                0        0.000%
RET_OP_EXEC_COUNT_13                                 0        0.000%                0        0.000%
RET_OP_EXEC_COUNT_14                                 0        0.000%                0        0.000%
RET_OP_EXEC_COUNT_15                                 0        0.000%                0        0.000%
RET_OP_EXEC_COUNT_16                                 0        0.000%                0        0.000%
RET_OP_EXEC_COUNT_17                                 0        0.000%                0        0.000%
RET_OP_EXEC_COUNT_18                                 0        0.000%                0        0.000%
RET_OP_EXEC_COUNT_19                                 0        0.000%                0        0.000%
RET_OP_EXEC_COUNT_20                                 0        0.000%                0        0.000%
RET_OP_EXEC_COUNT_21                                 0        0.000%                0        0.000%
RET_OP_EXEC_COUNT_22                                 0        0.000%                0        0.000%
RET_OP_EXEC_COUNT_23                                 0        0.000%                0        0.000%
RET_OP_EXEC_COUNT_24                                 0        0.000%                0        0.000%
RET_OP_EXEC_COUNT_25                                 0        0.000%                0        0.000%
RET_OP_EXEC_COUNT_26                                 0        0.000%                0        0.000%
RET_OP_EXEC_COUNT_27                                 0        0.000%                0        0.000%
RET_OP_EXEC_COUNT_28                                 0        0.000%                0        0.000%
RET_OP_EXEC_COUNT_29                                 0        0.000%                0        0.000%
RET_OP_EXEC_COUNT_30                                 0        0.000%                0        0.000%
RET_OP_EXEC_COUNT_31                                 0        0.000%                0        0.000%
RET_OP_EXEC_COUNT_32                                 0        0.000%                0        0.000%
                                              10374252      100.000%         20763750      100.000%
                                                  1.00         0.00              1.00         0.00

RET_STALL_LENGTH_0                            10373458       99.992%         20762199       99.993%
RET_STALL_LENGTH_100                               776        0.007%             1487        0.007%
RET_STALL_LENGTH_200                                 2        0.000%               21        0.000%
RET_STALL_LENGTH_300                                 1        0.000%                5        0.000%
RET_STALL_LENGTH_400                                 1        0.000%                6        0.000%
RET_STALL_LENGTH_500                                 1        0.000%                4        0.000%
RET_STALL_LENGTH_600                                 2        0.000%                5        0.000%
RET_STALL_LENGTH_700                                 0        0.000%                0        0.000%
RET_STALL_LENGTH_800                                 0        0.000%                1        0.000%
RET_STALL_LENGTH_900                                 3        0.000%                3        0.000%
RET_STALL_LENGTH_1000                                2        0.000%                3        0.000%
RET_STALL_LENGTH_1100                                0        0.000%                2        0.000%
RET_STALL_LENGTH_1200                                6        0.000%               11        0.000%
RET_STALL_LENGTH_1300                                0        0.000%                2        0.000%
RET_STALL_LENGTH_1400                                0        0.000%                0        0.000%
RET_STALL_LENGTH_1500                                0        0.000%                0        0.000%
RET_STALL_LENGTH_1600                                0        0.000%                1        0.000%
RET_STALL_LENGTH_1700                                0        0.000%                0        0.000%
RET_STALL_LENGTH_1800                                0        0.000%                0        0.000%
RET_STALL_LENGTH_1900                                0        0.000%                0        0.000%
RET_STALL_LENGTH_2000                                0        0.000%                0        0.000%
RET_STALL_LENGTH_2100                                0        0.000%                0        0.000%
RET_STALL_LENGTH_2200                                0        0.000%                0        0.000%
RET_STALL_LENGTH_2300                                0        0.000%                0        0.000%
RET_STALL_LENGTH_2400                                0        0.000%                0        0.000%
RET_STALL_LENGTH_2500                                0        0.000%                0        0.000%
RET_STALL_LENGTH_2600                                0        0.000%                0        0.000%
RET_STALL_LENGTH_2700                                0        0.000%                0        0.000%
RET_STALL_LENGTH_2800                                0        0.000%                0        0.000%
RET_STALL_LENGTH_2900                                0        0.000%                0        0.000%
RET_STALL_LENGTH_3000                                0        0.000%                0        0.000%
RET_STALL_LENGTH_3100                                0        0.000%                0        0.000%
RET_STALL_LENGTH_3200                                0        0.000%                0        0.000%
RET_STALL_LENGTH_3300                                0        0.000%                0        0.000%
RET_STALL_LENGTH_3400                                0        0.000%                0        0.000%
RET_STALL_LENGTH_3500                                0        0.000%                0        0.000%
RET_STALL_LENGTH_3600                                0        0.000%                0        0.000%
RET_STALL_LENGTH_3700                                0        0.000%                0        0.000%
RET_STALL_LENGTH_3800                                0        0.000%                0        0.000%
RET_STALL_LENGTH_3900                                0        0.000%                0        0.000%
RET_STALL_LENGTH_4000                                0        0.000%                0        0.000%
RET_STALL_LENGTH_4100                                0        0.000%                0        0.000%
RET_STALL_LENGTH_4200                                0        0.000%                0        0.000%
RET_STALL_LENGTH_4300                                0        0.000%                0        0.000%
RET_STALL_LENGTH_4400                                0        0.000%                0        0.000%
RET_STALL_LENGTH_4500                                0        0.000%                0        0.000%
RET_STALL_LENGTH_4600                                0        0.000%                0        0.000%
RET_STALL_LENGTH_4700                                0        0.000%                0        0.000%
RET_STALL_LENGTH_4800                                0        0.000%                0        0.000%
RET_STALL_LENGTH_4900                                0        0.000%                0        0.000%
RET_STALL_LENGTH_5000                                0        0.000%                0        0.000%
                                              10374252      100.000%         20763750      100.000%
                                                  0.00         0.01              0.00         0.02

MEM_BLOCK_LENGTH_0                                  30       96.774%               65       97.015%
MEM_BLOCK_LENGTH_100                                 1        3.226%                2        2.985%
MEM_BLOCK_LENGTH_200                                 0        0.000%                0        0.000%
MEM_BLOCK_LENGTH_300                                 0        0.000%                0        0.000%
MEM_BLOCK_LENGTH_400                                 0        0.000%                0        0.000%
MEM_BLOCK_LENGTH_500                                 0        0.000%                0        0.000%
MEM_BLOCK_LENGTH_600                                 0        0.000%                0        0.000%
MEM_BLOCK_LENGTH_700                                 0        0.000%                0        0.000%
MEM_BLOCK_LENGTH_800                                 0        0.000%                0        0.000%
MEM_BLOCK_LENGTH_900                                 0        0.000%                0        0.000%
MEM_BLOCK_LENGTH_1000                                0        0.000%                0        0.000%
MEM_BLOCK_LENGTH_1100                                0        0.000%                0        0.000%
MEM_BLOCK_LENGTH_1200                                0        0.000%                0        0.000%
MEM_BLOCK_LENGTH_1300                                0        0.000%                0        0.000%
MEM_BLOCK_LENGTH_1400                                0        0.000%                0        0.000%
MEM_BLOCK_LENGTH_1500                                0        0.000%                0        0.000%
MEM_BLOCK_LENGTH_1600                                0        0.000%                0        0.000%
MEM_BLOCK_LENGTH_1700                                0        0.000%                0        0.000%
MEM_BLOCK_LENGTH_1800                                0        0.000%                0        0.000%
MEM_BLOCK_LENGTH_1900                                0        0.000%                0        0.000%
MEM_BLOCK_LENGTH_2000                                0        0.000%                0        0.000%
MEM_BLOCK_LENGTH_2100                                0        0.000%                0        0.000%
MEM_BLOCK_LENGTH_2200                                0        0.000%                0        0.000%
MEM_BLOCK_LENGTH_2300                                0        0.000%                0        0.000%
MEM_BLOCK_LENGTH_2400                                0        0.000%                0        0.000%
MEM_BLOCK_LENGTH_2500                                0        0.000%                0        0.000%
MEM_BLOCK_LENGTH_2600                                0        0.000%                0        0.000%
MEM_BLOCK_LENGTH_2700                                0        0.000%                0        0.000%
MEM_BLOCK_LENGTH_2800                                0        0.000%                0        0.000%
MEM_BLOCK_LENGTH_2900                                0        0.000%                0        0.000%
MEM_BLOCK_LENGTH_3000                                0        0.000%                0        0.000%
MEM_BLOCK_LENGTH_3100                                0        0.000%                0        0.000%
MEM_BLOCK_LENGTH_3200                                0        0.000%                0        0.000%
MEM_BLOCK_LENGTH_3300                                0        0.000%                0        0.000%
MEM_BLOCK_LENGTH_3400                                0        0.000%                0        0.000%
MEM_BLOCK_LENGTH_3500                                0        0.000%                0        0.000%
MEM_BLOCK_LENGTH_3600                                0        0.000%                0        0.000%
MEM_BLOCK_LENGTH_3700                                0        0.000%                0        0.000%
MEM_BLOCK_LENGTH_3800                                0        0.000%                0        0.000%
MEM_BLOCK_LENGTH_3900                                0        0.000%                0        0.000%
MEM_BLOCK_LENGTH_4000                                0        0.000%                0        0.000%
MEM_BLOCK_LENGTH_4100                                0        0.000%                0        0.000%
MEM_BLOCK_LENGTH_4200                                0        0.000%                0        0.000%
MEM_BLOCK_LENGTH_4300                                0        0.000%                0        0.000%
MEM_BLOCK_LENGTH_4400                                0        0.000%                0        0.000%
MEM_BLOCK_LENGTH_4500                                0        0.000%                0        0.000%
MEM_BLOCK_LENGTH_4600                                0        0.000%                0        0.000%
MEM_BLOCK_LENGTH_4700                                0        0.000%                0        0.000%
MEM_BLOCK_LENGTH_4800                                0        0.000%                0        0.000%
MEM_BLOCK_LENGTH_4900                                0        0.000%                0        0.000%
MEM_BLOCK_LENGTH_5000                                0        0.000%                0        0.000%
                                                    31      100.000%               67      100.000%
                                                  0.03         0.18              0.03         0.17

FUS_BUSY_ON_PATH                              10522907        3.9313         21072322        3.9009

FUS_BUSY_OFF_PATH                               284328        0.1062           605879        0.1122

FU_BUSY_MEM_STALL                               154177        0.0576           319962        0.0592

FUS_EMPTY                                     10606437        3.9625         21537367        3.9870

FU_UNAVAILABLE                                    2131        0.0008             4854        0.0009

FU_MEM_UNAVAILABLE                              104034        0.0389           214335        0.0397

FU_REPLAY                                            0        0.0000                0        0.0000

FU_STARVED                                    10569590        3.9487         21459756        3.9726

CHIP_UTILIZATION                                     0        0.0000                0        0.0000

CYCLES_UNDER_MEM_REQ                                 0                              0              

CYCLES_UNDER_NO_MEM_REQ                              0                              0              

CYCLES_UNDER_CRITICAL_MEM_REQ                        0                              0              

CYCLES_UNDER_NONCRITICAL_MEM_REQ                     0                              0              

CHIP_UTILIZATION_UNDER_MEM_REQ                       0          -nan                0          -nan

CHIP_UTILIZATION_UNDER_NO_MEM_REQ                    0          -nan                0          -nan

CHIP_UTILIZATION_UNDER_CRITICAL_MEM_REQ              0          -nan                0          -nan

CHIP_UTILIZATION_UNDER_NONCRITICAL_MEM_REQ             0          -nan                0          -nan

CYCLES_NOT_WAITING_FOR_OFF_CHIP                      0        0.0000                0        0.0000

FUS_BUSY_NOT_WAITING_FOR_OFF_CHIP                    0          -nan                0          -nan

CYCLES_WAITING_FOR_OFF_CHIP                          0        0.0000                0        0.0000

FUS_BUSY_WAITING_FOR_OFF_CHIP                        0          -nan                0          -nan

TOTAL_OFF_CHIP_DELAYS_LEFT                           0                              0              

WRONG_IO_SCHED                                       0                              0              

DVFS_CONFIG_SWITCH                                   0                              0              

MAP_STAGE_RECEIVED_OPS_0                             0        0.000%                0        0.000%
MAP_STAGE_RECEIVED_OPS_1                        172617        8.224%           341600        8.174%
MAP_STAGE_RECEIVED_OPS_2                         72497        3.454%           131500        3.147%
MAP_STAGE_RECEIVED_OPS_3                        183566        8.746%           345418        8.266%
MAP_STAGE_RECEIVED_OPS_4                        116805        5.565%           242560        5.804%
MAP_STAGE_RECEIVED_OPS_5                        296300       14.117%           583025       13.952%
MAP_STAGE_RECEIVED_OPS_6                       1257174       59.895%          2534755       60.657%
MAP_STAGE_RECEIVED_OPS_7                             0        0.000%                0        0.000%
MAP_STAGE_RECEIVED_OPS_8                             0        0.000%                0        0.000%
MAP_STAGE_RECEIVED_OPS_MAX                           0        0.000%                0        0.000%
                                               2098959      100.000%          4178858      100.000%
                                                  4.94         1.62              4.96         1.61

MAP_STAGE_WAIT_FOR_DECODE                            0         -nan%                0         -nan%
MAP_STAGE_CONSUME_DECODE                             0         -nan%                0         -nan%
                                                     0         -nan%                0         -nan%
                                                  -nan         -nan              -nan         -nan

MAP_STAGE_WAIT_FOR_DECODE2                           0         -nan%                0         -nan%
MAP_STAGE_CONSUME_DECODE2                            0         -nan%                0         -nan%
                                                     0         -nan%                0         -nan%
                                                  -nan         -nan              -nan         -nan

FTQ_RECOVER_EXEC                                 11874                          25296              

FTQ_RECOVER_DECODE                                 103                            702              

FTQ_OFFPATH_CYCLES                              419230                         920867              

FTQ_CYCLES_OFFPATH                              650039                        1457999              

FTQ_CYCLES_ONPATH                              2026670                        3943947              

FTQ_FETCHED_INS_OFFPATH                        5711352                       12541506              

FTQ_FETCHED_INS_ONPATH                        10361254                       20737752              

FTQ_BREAK_FULL_FT_ONPATH                       1966437       97.613%          3806265       97.153%
FTQ_BREAK_MAX_CFS_TAKEN_ONPATH                   24502        1.216%            55052        1.405%
FTQ_BREAK_MAX_BYTES_ONPATH                       23594        1.171%            56472        1.441%
FTQ_BREAK_PRED_BR_ONPATH                             0        0.000%                0        0.000%
FTQ_BREAK_BAR_FETCH_ONPATH                           0        0.000%                0        0.000%
                                               2014533      100.000%          3917789      100.000%
                                                  0.04         0.24              0.04         0.26

FTQ_BREAK_FULL_FT_OFFPATH                       539631       81.513%          1221762       82.329%
FTQ_BREAK_MAX_CFS_TAKEN_OFFPATH                  77032       11.636%           160337       10.804%
FTQ_BREAK_MAX_BYTES_OFFPATH                      45353        6.851%           101898        6.866%
FTQ_BREAK_PRED_BR_OFFPATH                            0        0.000%                0        0.000%
FTQ_BREAK_BAR_FETCH_OFFPATH                          0        0.000%                0        0.000%
                                                662016      100.000%          1483997      100.000%
                                                  0.25         0.52              0.25         0.52



