/* -*- Mode: c -*- */
####################################################################################################
Core 0
####################################################################################################
Cumulative:        Cycles: 12262883              Instructions: 20000000              IPC: 1.63094

Periodic:          Cycles: 5989645               Instructions: 9999995               IPC: 1.66955

MISS_WAIT_TIME                               504730984                      752856807              

ICACHE_STAGE_MISS                                   56                            435              

ICACHE_CYCLE                                   5989645                       12262883              

TCACHE_CYCLE                                         0                              0              

ICACHE_CYCLE_ONPATH                            2956642       49.363%          5885351       47.993%
ICACHE_CYCLE_OFFPATH                           3033003       50.637%          6377532       52.007%
                                               5989645      100.000%         12262883      100.000%
                                                  0.51         0.50              0.52         0.51

FETCH_ON_PATH                                  2747129       49.011%          5512751       48.474%
FETCH_OFF_PATH                                 2858022       50.989%          5859784       51.526%
                                               5605151      100.000%         11372535      100.000%
                                                  0.51         0.51              0.52         0.51

FETCHED_OPS_ON_PATH                                  0         -nan%                0         -nan%
FETCHED_OPS_OFF_PATH                                 0         -nan%                0         -nan%
                                                     0         -nan%                0         -nan%
                                                  -nan         -nan              -nan         -nan

INST_LOST_FETCH                               12242840       35.233%         24482518       34.390%
INST_LOST_OFF_PATH                            12799478       36.835%         26208292       36.815%
INST_LOST_FULL_WINDOW                             4290        0.012%            16764        0.024%
INST_LOST_ROB_STALL_OTHER                      2136810        6.149%          3981420        5.593%
INST_LOST_ROB_STALL_WAIT_FOR_RECOVERY              288        0.001%             1506        0.002%
INST_LOST_ROB_STALL_WAIT_FOR_REDIRECT                0        0.000%                0        0.000%
INST_LOST_ROB_STALL_WAIT_FOR_GAP_FILL                0        0.000%                0        0.000%
INST_LOST_ROB_STALL_WAIT_FOR_L1_MISS                 0        0.000%                0        0.000%
INST_LOST_ROB_STALL_WAIT_FOR_MEMORY                  0        0.000%             1512        0.002%
INST_LOST_ROB_STALL_WAIT_FOR_DC_MISS            165576        0.477%          1340886        1.884%
INST_LOST_ROB_BLOCK_ISSUE_FULL                       0        0.000%                0        0.000%
INST_LOST_ROB_BLOCK_ISSUE_GAP_TOO_LARGE              0        0.000%                0        0.000%
INST_LOST_BREAK_DONT                                 0        0.000%                0        0.000%
INST_LOST_BREAK_RENAME                               0        0.000%                0        0.000%
INST_LOST_BREAK_FT_UNAVAILABLE                     180        0.001%              180        0.000%
INST_LOST_BREAK_ICACHE_TO_UOP_CACHE_SWITCH        554668        1.596%          1107651        1.556%
INST_LOST_BREAK_ICACHE_MISS_REQ_SUCCESS            219        0.001%             1698        0.002%
INST_LOST_BREAK_ICACHE_MISS_REQ_FAILURE              0        0.000%              555        0.001%
INST_LOST_BREAK_WAIT_FOR_MISS                     2395        0.007%            85160        0.120%
INST_LOST_BREAK_UOP_CACHE_READ_LIMIT           6454181       18.574%         13193687       18.533%
INST_LOST_BREAK_UOP_CACHE_READ_LIMIT_AND_ISSUE_WIDTH             0        0.000%                0        0.000%
INST_LOST_BREAK_ICACHE_READ_LIMIT               386965        1.114%           768188        1.079%
INST_LOST_BREAK_ICACHE_READ_LIMIT_AND_ISSUE_WIDTH             0        0.000%                0        0.000%
INST_LOST_BREAK_ISSUE_WIDTH                          0        0.000%                0        0.000%
INST_LOST_BREAK_BARRIERT                             0        0.000%                0        0.000%
INST_LOST_BREAK_WAIT_FOR_EMPTY_ROB                   0        0.000%                0        0.000%
INST_LOST_BREAK_APP_EXIT                             1        0.000%                1        0.000%
INST_LOST_BREAK_STALL                                0        0.000%                0        0.000%
                                              34747891      100.000%         71190018      100.000%
                                                  4.60         6.95              4.71         6.94

INST_LOST_TOTAL                               34747891                       71190018              

INST_LOST_WAIT_FOR_ICACHE_MISS_NOT_PREFETCHED             0        0.000%            15115       20.912%
INST_LOST_WAIT_FOR_ICACHE_MISS_PREFETCHED_AND_EVICTED_BY_IFETCH             0        0.000%                0        0.000%
INST_LOST_WAIT_FOR_ICACHE_MISS_PREFETCHED_AND_EVICTED_BY_FDIP             0        0.000%                0        0.000%
INST_LOST_WAIT_FOR_ICACHE_MISS_MSHR_HIT_PREF_OFFPATH            55        2.865%             1520        2.103%
INST_LOST_WAIT_FOR_ICACHE_MISS_MSHR_HIT_PREF_ONPATH          1865       97.135%            55645       76.985%
                                                  1920      100.000%            72280      100.000%
                                                  3.97         3.92              3.14         2.86

FETCH_0_OPS                                     385571        6.437%           925306        7.535%
FETCH_1_OPS                                     620012       10.350%          1263363       10.288%
FETCH_2_OPS                                     360306        6.015%           754197        6.141%
FETCH_3_OPS                                     712910       11.901%          1428487       11.632%
FETCH_4_OPS                                     371081        6.195%           754054        6.140%
FETCH_5_OPS                                    1163160       19.418%          2312948       18.834%
FETCH_6_OPS                                    2377140       39.684%          4842106       39.429%
FETCH_7_OPS                                          0        0.000%                0        0.000%
FETCH_8_OPS                                          0        0.000%                0        0.000%
FETCH_9_OPS                                          0        0.000%                0        0.000%
FETCH_10_OPS                                         0        0.000%                0        0.000%
FETCH_11_OPS                                         0        0.000%                0        0.000%
FETCH_12_OPS                                         0        0.000%                0        0.000%
FETCH_13_OPS                                         0        0.000%                0        0.000%
FETCH_14_OPS                                         0        0.000%                0        0.000%
FETCH_15_OPS                                         0        0.000%                0        0.000%
FETCH_16_OPS                                         0        0.000%                0        0.000%
                                               5990180      100.000%         12280461      100.000%
                                                  4.18         1.72              4.13         1.72

ST_BREAK_DONT                                        0        0.000%                0        0.000%
ST_BREAK_RENAME                                      0        0.000%                0        0.000%
ST_BREAK_FT_UNAVAILABLE                             36        0.001%               36        0.000%
ST_BREAK_ICACHE_TO_UOP_CACHE_SWITCH             201404        3.593%           402614        3.540%
ST_BREAK_ICACHE_MISS_REQ_SUCCESS                    56        0.001%              435        0.004%
ST_BREAK_ICACHE_MISS_REQ_FAILURE                     0        0.000%              111        0.001%
ST_BREAK_WAIT_FOR_MISS                             479        0.009%            17032        0.150%
ST_BREAK_UOP_CACHE_READ_LIMIT                  2038032       36.360%          4143149       36.431%
ST_BREAK_UOP_CACHE_READ_LIMIT_AND_ISSUE_WIDTH        459768        8.203%           922805        8.114%
ST_BREAK_ICACHE_READ_LIMIT                      163522        2.917%           324471        2.853%
ST_BREAK_ICACHE_READ_LIMIT_AND_ISSUE_WIDTH         48947        0.873%            96632        0.850%
ST_BREAK_ISSUE_WIDTH                           2692906       48.043%          5465249       48.057%
ST_BREAK_BARRIERT                                    0        0.000%                0        0.000%
ST_BREAK_WAIT_FOR_EMPTY_ROB                          0        0.000%                0        0.000%
ST_BREAK_APP_EXIT                                    1        0.000%                1        0.000%
ST_BREAK_STALL                                       0        0.000%                0        0.000%
                                               5605151      100.000%         11372535      100.000%
                                                  8.94         2.18              8.94         2.18

ORACLE_ON_PATH_INST                           12242840       48.889%         24482518       48.298%
ORACLE_OFF_PATH_INST                          12799478       51.111%         26208292       51.702%
                                              25042318      100.000%         50690810      100.000%
                                                  0.51         0.51              0.52         0.51

ORACLE_ON_PATH_INST_MEM                        3641301       14.541%          7298490       14.398%
ORACLE_ON_PATH_INST_NOTMEM                     8601539       34.348%         17184028       33.900%
ORACLE_OFF_PATH_INST_MEM                       4042185       16.141%          8255636       16.286%
ORACLE_OFF_PATH_INST_NOTMEM                    8757293       34.970%         17952656       35.416%
                                              25042318      100.000%         50690810      100.000%
                                                  1.72         1.34              1.73         1.35

ICACHE_CYCLE_NONRA_ONPATH                            0         -nan%                0         -nan%
ICACHE_CYCLE_NONRA_OFFPATH                           0         -nan%                0         -nan%
ICACHE_CYCLE_RA_ONPATH                               0         -nan%                0         -nan%
ICACHE_CYCLE_RA_OFFPATH                              0         -nan%                0         -nan%
                                                     0         -nan%                0         -nan%
                                                  -nan         -nan              -nan         -nan

ICACHE_CYCLE_ONPATH_NONRA                            0         -nan%                0         -nan%
ICACHE_CYCLE_OFFPATH_NONRA                           0         -nan%                0         -nan%
                                                     0         -nan%                0         -nan%
                                                  -nan         -nan              -nan         -nan

ICACHE_CYCLE_ONPATH_RA                               0         -nan%                0         -nan%
ICACHE_CYCLE_OFFPATH_RA                              0         -nan%                0         -nan%
                                                     0         -nan%                0         -nan%
                                                  -nan         -nan              -nan         -nan

INACCURATE_OFFPATH_CYCLES                            0        0.0000                0        0.0000

FETCH_ALL_INST                                25042318                       50690810              

EXEC_ALL_INST                                 15887039                       32002164              

RET_ALL_INST                                  12243018                       24482518              

EXEC_ON_PATH_INST                             12242957       77.063%         24482518       76.503%
EXEC_OFF_PATH_INST                             3644082       22.937%          7519646       23.497%
                                              15887039      100.000%         32002164      100.000%
                                                  0.23         0.39              0.23         0.39

EXEC_ON_PATH_INST_MEM                          3641332       22.920%          7298490       22.806%
EXEC_ON_PATH_INST_NOTMEM                       8601625       54.142%         17184028       53.696%
EXEC_OFF_PATH_INST_MEM                         1335342        8.405%          2743434        8.573%
EXEC_OFF_PATH_INST_NOTMEM                      2308740       14.532%          4776212       14.925%
                                              15887039      100.000%         32002164      100.000%
                                                  1.15         0.87              1.16         0.88

EXEC_RA_INST                                         0         -nan%                0         -nan%
EXEC_NONRA_INST                                      0         -nan%                0         -nan%
                                                     0         -nan%                0         -nan%
                                                  -nan         -nan              -nan         -nan

EXEC_ON_PATH_INST_RA                                 0         -nan%                0         -nan%
EXEC_OFF_PATH_INST_RA                                0         -nan%                0         -nan%
                                                     0         -nan%                0         -nan%
                                                  -nan         -nan              -nan         -nan

EXEC_ON_PATH_INST_NONRA                              0         -nan%                0         -nan%
EXEC_OFF_PATH_INST_NONRA                             0         -nan%                0         -nan%
                                                     0         -nan%                0         -nan%
                                                  -nan         -nan              -nan         -nan

EXEC_RA_ON_PATH_INST                                 0         -nan%                0         -nan%
EXEC_RA_OFF_PATH_INST                                0         -nan%                0         -nan%
EXEC_NONRA_ON_PATH_INST                              0         -nan%                0         -nan%
EXEC_NONRA_OFF_PATH_INST                             0         -nan%                0         -nan%
                                                     0         -nan%                0         -nan%
                                                  -nan         -nan              -nan         -nan

ICACHE_THROTTLE_CYCLE                                0                              0              

FETCH_ENABLE_THROTTLE_OFF_PATH                       0         -nan%                0         -nan%
FETCH_ENABLE_THROTTLE_ON_PATH                        0         -nan%                0         -nan%
                                                     0         -nan%                0         -nan%
                                                  -nan         -nan              -nan         -nan

FETCH_DISABLE_THROTTLE_OFF_PATH                      0         -nan%                0         -nan%
FETCH_DISABLE_THROTTLE_ON_PATH                       0         -nan%                0         -nan%
                                                     0         -nan%                0         -nan%
                                                  -nan         -nan              -nan         -nan

FETCH_TH_ADJUST__0                                   0         -nan%                0         -nan%
FETCH_TH_ADJUST__1                                   0         -nan%                0         -nan%
FETCH_TH_ADJUST__2                                   0         -nan%                0         -nan%
FETCH_TH_ADJUST__3                                   0         -nan%                0         -nan%
FETCH_TH_ADJUST__4                                   0         -nan%                0         -nan%
FETCH_TH_ADJUST__5                                   0         -nan%                0         -nan%
FETCH_TH_ADJUST__6                                   0         -nan%                0         -nan%
FETCH_TH_ADJUST__7                                   0         -nan%                0         -nan%
FETCH_TH_ADJUST__8                                   0         -nan%                0         -nan%
FETCH_TH_ADJUST__9                                   0         -nan%                0         -nan%
FETCH_TH_ADJUST__MAX                                 0         -nan%                0         -nan%
                                                     0         -nan%                0         -nan%
                                                  -nan         -nan              -nan         -nan

FETCH_TH_ADJUST_UP                                   0         -nan%                0         -nan%
FETCH_TH_ADJUST_DOWN                                 0         -nan%                0         -nan%
FETCH_TH_ADJUST_SAME                                 0         -nan%                0         -nan%
                                                     0         -nan%                0         -nan%
                                                  -nan         -nan              -nan         -nan

THROTTLE_ADJUST_CACHE_MISS_INFO                      0                              0              

LOW_CONF_COUNT_BP_MIS_0                              0         -nan%                0         -nan%
LOW_CONF_COUNT_BP_MIS_1                              0         -nan%                0         -nan%
LOW_CONF_COUNT_BP_MIS_2                              0         -nan%                0         -nan%
LOW_CONF_COUNT_BP_MIS_3                              0         -nan%                0         -nan%
LOW_CONF_COUNT_BP_MIS_4                              0         -nan%                0         -nan%
LOW_CONF_COUNT_BP_MIS_5                              0         -nan%                0         -nan%
LOW_CONF_COUNT_BP_MIS_6                              0         -nan%                0         -nan%
LOW_CONF_COUNT_BP_MIS_7                              0         -nan%                0         -nan%
LOW_CONF_COUNT_BP_MIS_8                              0         -nan%                0         -nan%
LOW_CONF_COUNT_BP_MIS_9                              0         -nan%                0         -nan%
LOW_CONF_COUNT_BP_MIS_10                             0         -nan%                0         -nan%
LOW_CONF_COUNT_BP_MIS_11                             0         -nan%                0         -nan%
LOW_CONF_COUNT_BP_MIS_12                             0         -nan%                0         -nan%
LOW_CONF_COUNT_BP_MIS_13                             0         -nan%                0         -nan%
LOW_CONF_COUNT_BP_MIS_14                             0         -nan%                0         -nan%
LOW_CONF_COUNT_BP_MIS_15                             0         -nan%                0         -nan%
LOW_CONF_COUNT_BP_MIS_16                             0         -nan%                0         -nan%
LOW_CONF_COUNT_BP_MIS_17                             0         -nan%                0         -nan%
LOW_CONF_COUNT_BP_MIS_18                             0         -nan%                0         -nan%
LOW_CONF_COUNT_BP_MIS_19                             0         -nan%                0         -nan%
LOW_CONF_COUNT_BP_MIS_20                             0         -nan%                0         -nan%
                                                     0         -nan%                0         -nan%
                                                  -nan         -nan              -nan         -nan

LOW_CONF_COUNT_RET_0                                 0         -nan%                0         -nan%
LOW_CONF_COUNT_RET_1                                 0         -nan%                0         -nan%
LOW_CONF_COUNT_RET_2                                 0         -nan%                0         -nan%
LOW_CONF_COUNT_RET_3                                 0         -nan%                0         -nan%
LOW_CONF_COUNT_RET_4                                 0         -nan%                0         -nan%
LOW_CONF_COUNT_RET_5                                 0         -nan%                0         -nan%
LOW_CONF_COUNT_RET_6                                 0         -nan%                0         -nan%
LOW_CONF_COUNT_RET_7                                 0         -nan%                0         -nan%
LOW_CONF_COUNT_RET_8                                 0         -nan%                0         -nan%
LOW_CONF_COUNT_RET_9                                 0         -nan%                0         -nan%
LOW_CONF_COUNT_RET_10                                0         -nan%                0         -nan%
LOW_CONF_COUNT_RET_11                                0         -nan%                0         -nan%
LOW_CONF_COUNT_RET_12                                0         -nan%                0         -nan%
LOW_CONF_COUNT_RET_13                                0         -nan%                0         -nan%
LOW_CONF_COUNT_RET_14                                0         -nan%                0         -nan%
LOW_CONF_COUNT_RET_15                                0         -nan%                0         -nan%
LOW_CONF_COUNT_RET_16                                0         -nan%                0         -nan%
LOW_CONF_COUNT_RET_17                                0         -nan%                0         -nan%
LOW_CONF_COUNT_RET_18                                0         -nan%                0         -nan%
LOW_CONF_COUNT_RET_19                                0         -nan%                0         -nan%
LOW_CONF_COUNT_RET_20                                0         -nan%                0         -nan%
                                                     0         -nan%                0         -nan%
                                                  -nan         -nan              -nan         -nan

CYCLES_RESTEER_MISPRED                               0         -nan%                0         -nan%
CYCLES_RESTEER_MISFETCH                              0         -nan%                0         -nan%
CYCLES_RESTEER_BTB_MISS                              0         -nan%                0         -nan%
                                                     0         -nan%                0         -nan%
                                                  -nan         -nan              -nan         -nan

CYCLES_RESTEER_MISPRED_SAVED_UC_FETCH                0         -nan%                0         -nan%
CYCLES_RESTEER_MISPRED_COULD_BE_SAVED_UC_FETCH             0         -nan%                0         -nan%
CYCLES_RESTEER_MISFETCH_SAVED_UC_FETCH               0         -nan%                0         -nan%
CYCLES_RESTEER_MISFETCH_COULD_BE_SAVED_UC_FETCH             0         -nan%                0         -nan%
CYCLES_RESTEER_BTB_MISS_SAVED_UC_FETCH               0         -nan%                0         -nan%
CYCLES_RESTEER_BTB_MISS_COULD_BE_SAVED_UC_FETCH             0         -nan%                0         -nan%
                                                     0         -nan%                0         -nan%
                                                  -nan         -nan              -nan         -nan

CYCLES_UOC_IC_SWITCH                                 0                              0              



