Scarab gitrev: 3541854
Scarab started at Sat Oct 26 02:26:10 2024

Initialized Ramulator. 
** Heartbeat:   5% -- { 1000004 } -- 0.00 KIPS (125.00 KIPS)
** Heartbeat:  10% -- { 2000007 } -- 111.11 KIPS (117.65 KIPS)
** Heartbeat:  15% -- { 3000010 } -- 166.67 KIPS (130.44 KIPS)
** Heartbeat:  20% -- { 4000011 } -- 250.00 KIPS (148.15 KIPS)
** Heartbeat:  25% -- { 5000011 } -- 111.11 KIPS (138.89 KIPS)
** Heartbeat:  30% -- { 6000011 } -- 125.00 KIPS (136.36 KIPS)
** Heartbeat:  35% -- { 7000011 } -- 125.00 KIPS (134.62 KIPS)
** Heartbeat:  40% -- { 8000014 } -- 142.86 KIPS (135.59 KIPS)
** Heartbeat:  45% -- { 9000015 } -- 250.00 KIPS (142.86 KIPS)
** Heartbeat:  50% -- { 10000015 } -- 111.11 KIPS (138.89 KIPS)
** Heartbeat:  55% -- { 11000020 } -- 100.00 KIPS (134.15 KIPS)
** Heartbeat:  60% -- { 12000020 } -- 125.00 KIPS (133.33 KIPS)
** Heartbeat:  65% -- { 13000022 } -- 166.67 KIPS (135.42 KIPS)
** Heartbeat:  70% -- { 14000024 } -- 250.00 KIPS (140.00 KIPS)
** Heartbeat:  75% -- { 15000029 } -- 166.67 KIPS (141.51 KIPS)
** Heartbeat:  80% -- { 16000031 } -- 90.91 KIPS (136.75 KIPS)
** Heartbeat:  85% -- { 17000031 } -- 111.11 KIPS (134.92 KIPS)
** Heartbeat:  90% -- { 18000032 } -- 142.86 KIPS (135.34 KIPS)
** Heartbeat:  95% -- { 19000035 } -- 250.00 KIPS (138.69 KIPS)
** Core 0 Finished:    insts:20000000    cycles:14010252    time:4378203750000       -- 1.43 IPC (1.43 IPC) --  N/A  KIPS (139.86 KIPS)
Scarab finished at Sat Oct 26 02:28:33 2024

