/* -*- Mode: c -*- */
####################################################################################################
Core 0
####################################################################################################
Cumulative:        Cycles: 17598936              Instructions: 20000000              IPC: 1.13643

Periodic:          Cycles: 8846666               Instructions: 9999998               IPC: 1.13037

ST_OP_INV                                            0        0.000%                0        0.000%
ST_OP_NOP                                         1803        0.015%            13901        0.058%
ST_OP_CF                                        372571        3.111%           726847        3.025%
ST_OP_MOV                                      1069830        8.934%          2220522        9.242%
ST_OP_CMOV                                           0        0.000%                0        0.000%
ST_OP_LDA                                       113878        0.951%           205733        0.856%
ST_OP_ILD                                      1768475       14.768%          3561161       14.822%
ST_OP_IST                                         8124        0.068%            17018        0.071%
ST_OP_IADD                                      144922        1.210%           265087        1.103%
ST_OP_IMUL                                         115        0.001%              344        0.001%
ST_OP_IDIV                                           0        0.000%                0        0.000%
ST_OP_ICMP                                      371784        3.105%           725332        3.019%
ST_OP_LOGIC                                       1556        0.013%             3236        0.013%
ST_OP_SHIFT                                         48        0.000%              133        0.001%
ST_OP_FLD                                      3340422       27.896%          6646106       27.662%
ST_OP_FST                                       530650        4.431%          1009462        4.202%
ST_OP_FCVT                                           0        0.000%                0        0.000%
ST_OP_FADD                                     1169876        9.770%          2276305        9.474%
ST_OP_FMUL                                     1319631       11.020%          2598624       10.816%
ST_OP_FMA                                      1060551        8.857%          2294721        9.551%
ST_OP_FDIV                                       68121        0.569%           119240        0.496%
ST_OP_FCMP                                      632381        5.281%          1342066        5.586%
ST_OP_FCMOV                                          0        0.000%                0        0.000%
ST_OP_GATHER                                         0        0.000%                0        0.000%
ST_OP_SCATTER                                        0        0.000%                0        0.000%
ST_OP_PIPELINED_FAST                                 0        0.000%                0        0.000%
ST_OP_PIPELINED_MEDIUM                               0        0.000%                0        0.000%
ST_OP_PIPELINED_SLOW                                 0        0.000%                0        0.000%
ST_OP_NOTPIPELINED_MEDIUM                            0        0.000%                0        0.000%
ST_OP_NOTPIPELINED_SLOW                              0        0.000%                0        0.000%
ST_OP_NOTPIPELINED_VERY_SLOW                         0        0.000%                0        0.000%
                                              11974738      100.000%         24025838      100.000%
                                                 12.83         5.71             12.85         5.75

ST_NOT_CF                                     11602167       96.889%         23298991       96.975%
ST_CF_BR                                           779        0.007%             1493        0.006%
ST_CF_CBR                                       371792        3.105%           725354        3.019%
ST_CF_CALL                                           0        0.000%                0        0.000%
ST_CF_IBR                                            0        0.000%                0        0.000%
ST_CF_ICALL                                          0        0.000%                0        0.000%
ST_CF_ICO                                            0        0.000%                0        0.000%
ST_CF_RET                                            0        0.000%                0        0.000%
ST_CF_SYS                                            0        0.000%                0        0.000%
                                              11974738      100.000%         24025838      100.000%
                                                  0.06         0.34              0.06         0.34

ST_BAR_NONE                                   11974738      100.000%         24025838      100.000%
ST_BAR_FETCH                                         0        0.000%                0        0.000%
ST_BAR_ISSUE                                         0        0.000%                0        0.000%
ST_BAR_BOTH                                          0        0.000%                0        0.000%
                                              11974738      100.000%         24025838      100.000%
                                                  0.00         0.00              0.00         0.00

ST_NOT_MEM                                     6327067       52.837%         12792091       53.243%
ST_MEM_LD                                      5108897       42.664%         10207267       42.485%
ST_MEM_ST                                       538774        4.499%          1026480        4.272%
ST_MEM_PF                                            0        0.000%                0        0.000%
ST_MEM_WH                                            0        0.000%                0        0.000%
ST_MEM_EVICT                                         0        0.000%                0        0.000%
                                              11974738      100.000%         24025838      100.000%
                                                  0.52         0.45              0.51         0.44

ST_NOT_MEM_OFFPATH                                1375       49.693%            15698       63.255%
ST_MEM_LD_OFFPATH                                 1148       41.489%             7716       31.092%
ST_MEM_ST_OFFPATH                                  244        8.818%             1403        5.653%
ST_MEM_PF_OFFPATH                                    0        0.000%                0        0.000%
ST_MEM_WH_OFFPATH                                    0        0.000%                0        0.000%
ST_MEM_EVIC_OFFPATHT                                 0        0.000%                0        0.000%
                                                  2767      100.000%            24817      100.000%
                                                  0.59         0.49              0.42         0.49

ST_OP_ONPATH                                  11974738                       24025838              

ST_OP_OFFPATH                                     2767                          24817              

ST_FAKE_OP_OFFPATH                                   0        0.000%             6368       25.660%
ST_NOT_FAKE_OP_OFFPATH                            2767      100.000%            18449       74.340%
                                                  2767      100.000%            24817      100.000%
                                                  1.00         1.00              0.74         0.68

ST_FAKE_REASON_NOT_FAKE                           2767      100.000%            18449       74.340%
ST_FAKE_REASON_REDIRECT_TO_NOT_INSTRUMENTED             0        0.000%             6368       25.660%
ST_FAKE_REASON_RETURN_TO_NOT_INSTRUMENTED             0        0.000%                0        0.000%
ST_FAKE_REASON_NONRET_CF_TO_NOT_INSTRUMENTED             0        0.000%                0        0.000%
ST_FAKE_REASON_NOT_TAKEN_TO_NOT_INSTRUMENTED             0        0.000%                0        0.000%
ST_FAKE_REASON_WRONG_PATH_STORE_TO_NEW_REGION             0        0.000%                0        0.000%
                                                  2767      100.000%            24817      100.000%
                                                  0.00         0.00              0.26         0.38

ST_INST_ONPATH                                10004155                       20034690              

ST_INST_OFFPATH                                   2419                          22272              

STATIC_PIN_NOP                                       0                              0              

DYNAMIC_PIN_REP_GREATER_256                          0                              0              

INST_MAP_UPDATE_JITTED                            6862        0.180%            13210        0.175%
INST_MAP_UPDATE_NPC_INV                              0        0.000%                0        0.000%
INST_MAP_UPDATE_NPC_NOP                              0        0.000%                0        0.000%
INST_MAP_UPDATE_NPC_CF                               0        0.000%                0        0.000%
INST_MAP_UPDATE_NPC_MOV                              0        0.000%                0        0.000%
INST_MAP_UPDATE_NPC_CMOV                             0        0.000%                0        0.000%
INST_MAP_UPDATE_NPC_LDA                              0        0.000%                0        0.000%
INST_MAP_UPDATE_NPC_IMEM                             0        0.000%                0        0.000%
INST_MAP_UPDATE_NPC_IADD                             0        0.000%                0        0.000%
INST_MAP_UPDATE_NPC_IMUL                             0        0.000%                0        0.000%
INST_MAP_UPDATE_NPC_IDIV                             0        0.000%                0        0.000%
INST_MAP_UPDATE_NPC_ICMP                             0        0.000%                0        0.000%
INST_MAP_UPDATE_NPC_LOGIC                            0        0.000%                0        0.000%
INST_MAP_UPDATE_NPC_SHIFT                            0        0.000%                0        0.000%
INST_MAP_UPDATE_NPC_FMEM                             0        0.000%                0        0.000%
INST_MAP_UPDATE_NPC_FCVT                             0        0.000%                0        0.000%
INST_MAP_UPDATE_NPC_FADD                             0        0.000%                0        0.000%
INST_MAP_UPDATE_NPC_FMUL                             0        0.000%                0        0.000%
INST_MAP_UPDATE_NPC_FMA                              0        0.000%                0        0.000%
INST_MAP_UPDATE_NPC_FDIV                             0        0.000%                0        0.000%
INST_MAP_UPDATE_NPC_FCMP                             0        0.000%                0        0.000%
INST_MAP_UPDATE_NPC_FCMOV                            0        0.000%                0        0.000%
INST_MAP_UPDATE_NPC_GATHER                           0        0.000%                0        0.000%
INST_MAP_UPDATE_NPC_SCATTER                          0        0.000%                0        0.000%
INST_MAP_UPDATE_NPC_PIPELINED_FAST                   0        0.000%                0        0.000%
INST_MAP_UPDATE_NPC_PIPELINED_MEDIUM                 0        0.000%                0        0.000%
INST_MAP_UPDATE_NPC_PIPELINED_SLOW                   0        0.000%                0        0.000%
INST_MAP_UPDATE_NPC_NOTPIPELINED_MEDIUM              0        0.000%                0        0.000%
INST_MAP_UPDATE_NPC_NOTPIPELINED_SLOW                0        0.000%                0        0.000%
INST_MAP_UPDATE_NPC_NOTPIPELINED_VERY_SLOW             0        0.000%                0        0.000%
INST_MAP_UPDATE_MEM_INV                              0        0.000%                0        0.000%
INST_MAP_UPDATE_MEM_NOP                              0        0.000%                0        0.000%
INST_MAP_UPDATE_MEM_CF                               0        0.000%                0        0.000%
INST_MAP_UPDATE_MEM_MOV                        1991133       52.242%          3852215       51.046%
INST_MAP_UPDATE_MEM_CMOV                             0        0.000%                0        0.000%
INST_MAP_UPDATE_MEM_LDA                              0        0.000%                0        0.000%
INST_MAP_UPDATE_MEM_IMEM                             0        0.000%                0        0.000%
INST_MAP_UPDATE_MEM_IADD                             0        0.000%                0        0.000%
INST_MAP_UPDATE_MEM_IMUL                             0        0.000%                0        0.000%
INST_MAP_UPDATE_MEM_IDIV                             0        0.000%                0        0.000%
INST_MAP_UPDATE_MEM_ICMP                             0        0.000%                0        0.000%
INST_MAP_UPDATE_MEM_LOGIC                            0        0.000%                0        0.000%
INST_MAP_UPDATE_MEM_SHIFT                            0        0.000%                0        0.000%
INST_MAP_UPDATE_MEM_FMEM                             0        0.000%                0        0.000%
INST_MAP_UPDATE_MEM_FCVT                             0        0.000%                0        0.000%
INST_MAP_UPDATE_MEM_FADD                             0        0.000%                0        0.000%
INST_MAP_UPDATE_MEM_FMUL                             0        0.000%                0        0.000%
INST_MAP_UPDATE_MEM_FMA                         963072       25.269%          1873539       24.826%
INST_MAP_UPDATE_MEM_FDIV                        252031        6.613%           541122        7.170%
INST_MAP_UPDATE_MEM_FCMP                        283384        7.435%           612283        8.113%
INST_MAP_UPDATE_MEM_FCMOV                            0        0.000%                0        0.000%
INST_MAP_UPDATE_MEM_GATHER                      216568        5.682%           478708        6.343%
INST_MAP_UPDATE_MEM_SCATTER                          0        0.000%                0        0.000%
INST_MAP_UPDATE_MEM_PIPELINED_FAST                   0        0.000%                0        0.000%
INST_MAP_UPDATE_MEM_PIPELINED_MEDIUM                 0        0.000%                0        0.000%
INST_MAP_UPDATE_MEM_PIPELINED_SLOW               98304        2.579%           175485        2.325%
INST_MAP_UPDATE_MEM_NOTPIPELINED_MEDIUM              0        0.000%                0        0.000%
INST_MAP_UPDATE_MEM_NOTPIPELINED_SLOW                0        0.000%                0        0.000%
INST_MAP_UPDATE_MEM_NOTPIPELINED_VERY_SLOW             0        0.000%                0        0.000%
                                               3811354      100.000%          7546562      100.000%
                                                 40.25         7.80             40.45         7.81



