/* -*- Mode: c -*- */
####################################################################################################
Core 0
####################################################################################################
Cumulative:        Cycles: 20613383              Instructions: 20000000              IPC: 0.97024

Periodic:          Cycles: 10326203              Instructions: 9999999               IPC: 0.96841

ST_OP_INV                                            0        0.000%                0        0.000%
ST_OP_NOP                                       531163        2.846%          1152658        3.066%
ST_OP_CF                                       3234397       17.328%          6490108       17.261%
ST_OP_MOV                                      1864629        9.990%          3751329        9.977%
ST_OP_CMOV                                       14078        0.075%            27855        0.074%
ST_OP_LDA                                       888149        4.758%          1781106        4.737%
ST_OP_ILD                                      4349374       23.302%          8740071       23.245%
ST_OP_IST                                      2346632       12.572%          4721591       12.557%
ST_OP_IADD                                     2575298       13.797%          5194120       13.814%
ST_OP_IMUL                                        3870        0.021%             7675        0.020%
ST_OP_IDIV                                           0        0.000%                0        0.000%
ST_OP_ICMP                                     1385001        7.420%          2773615        7.377%
ST_OP_LOGIC                                    1033646        5.538%          2078285        5.527%
ST_OP_SHIFT                                     205698        1.102%           411701        1.095%
ST_OP_FLD                                       114391        0.613%           230412        0.613%
ST_OP_FST                                        15520        0.083%            30809        0.082%
ST_OP_FCVT                                       23443        0.126%            47761        0.127%
ST_OP_FADD                                           0        0.000%                0        0.000%
ST_OP_FMUL                                       12750        0.068%            25885        0.069%
ST_OP_FMA                                            0        0.000%                0        0.000%
ST_OP_FDIV                                           0        0.000%                0        0.000%
ST_OP_FCMP                                           0        0.000%                0        0.000%
ST_OP_FCMOV                                          0        0.000%                0        0.000%
ST_OP_GATHER                                         0        0.000%                0        0.000%
ST_OP_SCATTER                                        0        0.000%                0        0.000%
ST_OP_PIPELINED_FAST                             34012        0.182%            68239        0.181%
ST_OP_PIPELINED_MEDIUM                               0        0.000%                0        0.000%
ST_OP_PIPELINED_SLOW                                 0        0.000%                0        0.000%
ST_OP_NOTPIPELINED_MEDIUM                        33250        0.178%            66599        0.177%
ST_OP_NOTPIPELINED_SLOW                              0        0.000%                0        0.000%
ST_OP_NOTPIPELINED_VERY_SLOW                         0        0.000%                0        0.000%
                                              18665301      100.000%         37599819      100.000%
                                                  6.15         3.42              6.14         3.42

ST_NOT_CF                                     15430904       82.672%         31109711       82.739%
ST_CF_BR                                        299310        1.604%           603815        1.606%
ST_CF_CBR                                      2171819       11.636%          4350045       11.569%
ST_CF_CALL                                      200166        1.072%           401711        1.068%
ST_CF_IBR                                       111267        0.596%           223731        0.595%
ST_CF_ICALL                                     123137        0.660%           249356        0.663%
ST_CF_ICO                                            0        0.000%                0        0.000%
ST_CF_RET                                       328698        1.761%           661450        1.759%
ST_CF_SYS                                            0        0.000%                0        0.000%
                                              18665301      100.000%         37599819      100.000%
                                                  0.46         1.15              0.46         1.15

ST_BAR_NONE                                   18665301      100.000%         37599819      100.000%
ST_BAR_FETCH                                         0        0.000%                0        0.000%
ST_BAR_ISSUE                                         0        0.000%                0        0.000%
ST_BAR_BOTH                                          0        0.000%                0        0.000%
                                              18665301      100.000%         37599819      100.000%
                                                  0.00         0.00              0.00         0.00

ST_NOT_MEM                                    11839384       63.430%         23876936       63.503%
ST_MEM_LD                                      4463765       23.915%          8970483       23.858%
ST_MEM_ST                                      2362152       12.655%          4752400       12.639%
ST_MEM_PF                                            0        0.000%                0        0.000%
ST_MEM_WH                                            0        0.000%                0        0.000%
ST_MEM_EVICT                                         0        0.000%                0        0.000%
                                              18665301      100.000%         37599819      100.000%
                                                  0.49         0.59              0.49         0.59

ST_NOT_MEM_OFFPATH                             6334074       65.583%         13106436       65.707%
ST_MEM_LD_OFFPATH                              2191325       22.689%          4513750       22.629%
ST_MEM_ST_OFFPATH                              1132685       11.728%          2326710       11.665%
ST_MEM_PF_OFFPATH                                    0        0.000%                0        0.000%
ST_MEM_WH_OFFPATH                                    0        0.000%                0        0.000%
ST_MEM_EVIC_OFFPATHT                                 0        0.000%                0        0.000%
                                               9658084      100.000%         19946896      100.000%
                                                  0.46         0.59              0.46         0.59

ST_OP_ONPATH                                  18665301                       37599819              

ST_OP_OFFPATH                                  9658084                       19946896              

ST_FAKE_OP_OFFPATH                               57687        0.597%           215841        1.082%
ST_NOT_FAKE_OP_OFFPATH                         9600397       99.403%         19731055       98.918%
                                               9658084      100.000%         19946896      100.000%
                                                  0.99         0.99              0.99         0.98

ST_FAKE_REASON_NOT_FAKE                        9600397       99.403%         19731055       98.918%
ST_FAKE_REASON_REDIRECT_TO_NOT_INSTRUMENTED         57687        0.597%           215841        1.082%
ST_FAKE_REASON_RETURN_TO_NOT_INSTRUMENTED             0        0.000%                0        0.000%
ST_FAKE_REASON_NONRET_CF_TO_NOT_INSTRUMENTED             0        0.000%                0        0.000%
ST_FAKE_REASON_NOT_TAKEN_TO_NOT_INSTRUMENTED             0        0.000%                0        0.000%
ST_FAKE_REASON_WRONG_PATH_STORE_TO_NEW_REGION             0        0.000%                0        0.000%
                                               9658084      100.000%         19946896      100.000%
                                                  0.01         0.08              0.01         0.10

ST_INST_ONPATH                                14853522                       29927564              

ST_INST_OFFPATH                                8328546                       17179667              

STATIC_PIN_NOP                                       0                              0              

DYNAMIC_PIN_REP_GREATER_256                          0                              0              

INST_MAP_UPDATE_JITTED                          361307       16.209%           722586       16.120%
INST_MAP_UPDATE_NPC_INV                              0        0.000%                0        0.000%
INST_MAP_UPDATE_NPC_NOP                              0        0.000%                0        0.000%
INST_MAP_UPDATE_NPC_CF                               0        0.000%                0        0.000%
INST_MAP_UPDATE_NPC_MOV                              0        0.000%                0        0.000%
INST_MAP_UPDATE_NPC_CMOV                             0        0.000%                0        0.000%
INST_MAP_UPDATE_NPC_LDA                              0        0.000%                0        0.000%
INST_MAP_UPDATE_NPC_IMEM                             0        0.000%                0        0.000%
INST_MAP_UPDATE_NPC_IADD                             0        0.000%                0        0.000%
INST_MAP_UPDATE_NPC_IMUL                         16375        0.735%            33328        0.744%
INST_MAP_UPDATE_NPC_IDIV                             0        0.000%                0        0.000%
INST_MAP_UPDATE_NPC_ICMP                             0        0.000%                0        0.000%
INST_MAP_UPDATE_NPC_LOGIC                            0        0.000%                0        0.000%
INST_MAP_UPDATE_NPC_SHIFT                            0        0.000%                0        0.000%
INST_MAP_UPDATE_NPC_FMEM                             0        0.000%                0        0.000%
INST_MAP_UPDATE_NPC_FCVT                             0        0.000%                0        0.000%
INST_MAP_UPDATE_NPC_FADD                             0        0.000%                0        0.000%
INST_MAP_UPDATE_NPC_FMUL                             0        0.000%                0        0.000%
INST_MAP_UPDATE_NPC_FMA                              0        0.000%                0        0.000%
INST_MAP_UPDATE_NPC_FDIV                             0        0.000%                0        0.000%
INST_MAP_UPDATE_NPC_FCMP                             0        0.000%                0        0.000%
INST_MAP_UPDATE_NPC_FCMOV                            0        0.000%                0        0.000%
INST_MAP_UPDATE_NPC_GATHER                           0        0.000%                0        0.000%
INST_MAP_UPDATE_NPC_SCATTER                          0        0.000%                0        0.000%
INST_MAP_UPDATE_NPC_PIPELINED_FAST                   0        0.000%                0        0.000%
INST_MAP_UPDATE_NPC_PIPELINED_MEDIUM                 0        0.000%                0        0.000%
INST_MAP_UPDATE_NPC_PIPELINED_SLOW                   0        0.000%                0        0.000%
INST_MAP_UPDATE_NPC_NOTPIPELINED_MEDIUM              0        0.000%                0        0.000%
INST_MAP_UPDATE_NPC_NOTPIPELINED_SLOW                0        0.000%                0        0.000%
INST_MAP_UPDATE_NPC_NOTPIPELINED_VERY_SLOW             0        0.000%                0        0.000%
INST_MAP_UPDATE_MEM_INV                              0        0.000%                0        0.000%
INST_MAP_UPDATE_MEM_NOP                              0        0.000%                0        0.000%
INST_MAP_UPDATE_MEM_CF                               0        0.000%                0        0.000%
INST_MAP_UPDATE_MEM_MOV                        1304296       58.514%          2619662       58.443%
INST_MAP_UPDATE_MEM_CMOV                             0        0.000%                0        0.000%
INST_MAP_UPDATE_MEM_LDA                              0        0.000%                0        0.000%
INST_MAP_UPDATE_MEM_IMEM                             0        0.000%                0        0.000%
INST_MAP_UPDATE_MEM_IADD                             0        0.000%                0        0.000%
INST_MAP_UPDATE_MEM_IMUL                        365262       16.387%           745679       16.635%
INST_MAP_UPDATE_MEM_IDIV                             0        0.000%                0        0.000%
INST_MAP_UPDATE_MEM_ICMP                             0        0.000%                0        0.000%
INST_MAP_UPDATE_MEM_LOGIC                       148212        6.649%           294652        6.573%
INST_MAP_UPDATE_MEM_SHIFT                        24251        1.088%            48228        1.076%
INST_MAP_UPDATE_MEM_FMEM                             0        0.000%                0        0.000%
INST_MAP_UPDATE_MEM_FCVT                             0        0.000%                0        0.000%
INST_MAP_UPDATE_MEM_FADD                             0        0.000%                0        0.000%
INST_MAP_UPDATE_MEM_FMUL                          4159        0.187%             8546        0.191%
INST_MAP_UPDATE_MEM_FMA                              0        0.000%                0        0.000%
INST_MAP_UPDATE_MEM_FDIV                             0        0.000%                0        0.000%
INST_MAP_UPDATE_MEM_FCMP                             0        0.000%                0        0.000%
INST_MAP_UPDATE_MEM_FCMOV                            0        0.000%                0        0.000%
INST_MAP_UPDATE_MEM_GATHER                           0        0.000%                0        0.000%
INST_MAP_UPDATE_MEM_SCATTER                          0        0.000%                0        0.000%
INST_MAP_UPDATE_MEM_PIPELINED_FAST                   0        0.000%                0        0.000%
INST_MAP_UPDATE_MEM_PIPELINED_MEDIUM                 0        0.000%                0        0.000%
INST_MAP_UPDATE_MEM_PIPELINED_SLOW                5165        0.232%             9777        0.218%
INST_MAP_UPDATE_MEM_NOTPIPELINED_MEDIUM              0        0.000%                0        0.000%
INST_MAP_UPDATE_MEM_NOTPIPELINED_SLOW                0        0.000%                0        0.000%
INST_MAP_UPDATE_MEM_NOTPIPELINED_VERY_SLOW             0        0.000%                0        0.000%
                                               2229027      100.000%          4482458      100.000%
                                                 29.00         6.25             29.03         6.23



