Scarab gitrev: 3541854
Scarab started at Sat Oct 26 02:38:03 2024

Initialized Ramulator. 
** Heartbeat:   5% -- { 1000005 } -- 0.00 KIPS (200.00 KIPS)
** Heartbeat:  10% -- { 2000009 } -- 250.00 KIPS (222.22 KIPS)
** Heartbeat:  15% -- { 3000013 } -- 200.00 KIPS (214.29 KIPS)
** Heartbeat:  20% -- { 4000015 } -- 200.00 KIPS (210.53 KIPS)
** Heartbeat:  25% -- { 5000019 } -- 200.00 KIPS (208.33 KIPS)
** Heartbeat:  30% -- { 6000020 } -- 250.00 KIPS (214.29 KIPS)
** Heartbeat:  35% -- { 7000022 } -- 250.00 KIPS (218.75 KIPS)
** Heartbeat:  40% -- { 8000024 } -- 250.00 KIPS (222.22 KIPS)
** Heartbeat:  45% -- { 9000027 } -- 166.67 KIPS (214.29 KIPS)
** Heartbeat:  50% -- { 10000028 } -- 142.86 KIPS (204.08 KIPS)
** Heartbeat:  55% -- { 11000032 } -- 166.67 KIPS (200.00 KIPS)
** Heartbeat:  60% -- { 12000037 } -- 166.67 KIPS (196.72 KIPS)
** Heartbeat:  65% -- { 13000039 } -- 200.00 KIPS (196.97 KIPS)
** Heartbeat:  70% -- { 14000039 } -- 200.00 KIPS (197.18 KIPS)
** Heartbeat:  75% -- { 15000039 } -- 250.00 KIPS (200.00 KIPS)
** Heartbeat:  80% -- { 16000041 } -- 200.00 KIPS (200.00 KIPS)
** Heartbeat:  85% -- { 17000041 } -- 200.00 KIPS (200.00 KIPS)
** Heartbeat:  90% -- { 18000041 } -- 250.00 KIPS (202.25 KIPS)
** Heartbeat:  95% -- { 19000041 } -- 333.33 KIPS (206.52 KIPS)
** Core 0 Finished:    insts:20000002    cycles:14755162    time:4610988125000       -- 1.36 IPC (1.36 IPC) --  N/A  KIPS (212.77 KIPS)
Scarab finished at Sat Oct 26 02:39:37 2024

