/* -*- Mode: c -*- */
####################################################################################################
Core 0
####################################################################################################
Cumulative:        Cycles: 28954924              Instructions: 20000000              IPC: 0.69073

Periodic:          Cycles: 14371730              Instructions: 9999999               IPC: 0.69581

ST_OP_INV                                            0        0.000%                0        0.000%
ST_OP_NOP                                      1149310        3.010%          2312498        3.035%
ST_OP_CF                                       7769160       20.350%         15508859       20.353%
ST_OP_MOV                                      5106474       13.376%         10298229       13.515%
ST_OP_CMOV                                       60218        0.158%           121281        0.159%
ST_OP_LDA                                       445767        1.168%           890845        1.169%
ST_OP_ILD                                     10444798       27.359%         20784628       27.277%
ST_OP_IST                                      3588961        9.401%          7157258        9.393%
ST_OP_IADD                                     4266017       11.174%          8485543       11.136%
ST_OP_IMUL                                       78807        0.206%           159183        0.209%
ST_OP_IDIV                                       37611        0.099%            75345        0.099%
ST_OP_ICMP                                     2895446        7.584%          5780794        7.586%
ST_OP_LOGIC                                    2124879        5.566%          4217071        5.534%
ST_OP_SHIFT                                     209381        0.548%           407218        0.534%
ST_OP_FLD                                            0        0.000%                0        0.000%
ST_OP_FST                                            0        0.000%                0        0.000%
ST_OP_FCVT                                           0        0.000%                0        0.000%
ST_OP_FADD                                           0        0.000%                0        0.000%
ST_OP_FMUL                                           0        0.000%                0        0.000%
ST_OP_FMA                                            0        0.000%                0        0.000%
ST_OP_FDIV                                           0        0.000%                0        0.000%
ST_OP_FCMP                                           0        0.000%                0        0.000%
ST_OP_FCMOV                                          0        0.000%                0        0.000%
ST_OP_GATHER                                         0        0.000%                0        0.000%
ST_OP_SCATTER                                        0        0.000%                0        0.000%
ST_OP_PIPELINED_FAST                                 0        0.000%                0        0.000%
ST_OP_PIPELINED_MEDIUM                               0        0.000%                0        0.000%
ST_OP_PIPELINED_SLOW                                 0        0.000%                0        0.000%
ST_OP_NOTPIPELINED_MEDIUM                            0        0.000%                0        0.000%
ST_OP_NOTPIPELINED_SLOW                              0        0.000%                0        0.000%
ST_OP_NOTPIPELINED_VERY_SLOW                         0        0.000%                0        0.000%
                                              38176829      100.000%         76198752      100.000%
                                                  5.70         3.14              5.69         3.14

ST_NOT_CF                                     30407669       79.650%         60689893       79.647%
ST_CF_BR                                        458383        1.201%           924223        1.213%
ST_CF_CBR                                      5527136       14.478%         10999184       14.435%
ST_CF_CALL                                       20916        0.055%            42141        0.055%
ST_CF_IBR                                            0        0.000%                0        0.000%
ST_CF_ICALL                                     901472        2.361%          1811849        2.378%
ST_CF_ICO                                            0        0.000%                0        0.000%
ST_CF_RET                                       861253        2.256%          1731462        2.272%
ST_CF_SYS                                            0        0.000%                0        0.000%
                                              38176829      100.000%         76198752      100.000%
                                                  0.58         1.30              0.58         1.30

ST_BAR_NONE                                   38176829      100.000%         76198752      100.000%
ST_BAR_FETCH                                         0        0.000%                0        0.000%
ST_BAR_ISSUE                                         0        0.000%                0        0.000%
ST_BAR_BOTH                                          0        0.000%                0        0.000%
                                              38176829      100.000%         76198752      100.000%
                                                  0.00         0.00              0.00         0.00

ST_NOT_MEM                                    24143070       63.240%         48256866       63.330%
ST_MEM_LD                                     10444798       27.359%         20784628       27.277%
ST_MEM_ST                                      3588961        9.401%          7157258        9.393%
ST_MEM_PF                                            0        0.000%                0        0.000%
ST_MEM_WH                                            0        0.000%                0        0.000%
ST_MEM_EVICT                                         0        0.000%                0        0.000%
                                              38176829      100.000%         76198752      100.000%
                                                  0.46         0.55              0.46         0.55

ST_NOT_MEM_OFFPATH                            31394187       62.593%         63246885       62.787%
ST_MEM_LD_OFFPATH                             14446609       28.803%         28871944       28.662%
ST_MEM_ST_OFFPATH                              4315338        8.604%          8613967        8.551%
ST_MEM_PF_OFFPATH                                    0        0.000%                0        0.000%
ST_MEM_WH_OFFPATH                                    0        0.000%                0        0.000%
ST_MEM_EVIC_OFFPATHT                                 0        0.000%                0        0.000%
                                              50156134      100.000%        100732796      100.000%
                                                  0.46         0.54              0.46         0.54

ST_OP_ONPATH                                  38176829                       76198752              

ST_OP_OFFPATH                                 50156134                      100732796              

ST_FAKE_OP_OFFPATH                              103353        0.206%           246935        0.245%
ST_NOT_FAKE_OP_OFFPATH                        50052781       99.794%        100485861       99.755%
                                              50156134      100.000%        100732796      100.000%
                                                  1.00         1.00              1.00         1.00

ST_FAKE_REASON_NOT_FAKE                       50052781       99.794%        100485861       99.755%
ST_FAKE_REASON_REDIRECT_TO_NOT_INSTRUMENTED        103353        0.206%           246935        0.245%
ST_FAKE_REASON_RETURN_TO_NOT_INSTRUMENTED             0        0.000%                0        0.000%
ST_FAKE_REASON_NONRET_CF_TO_NOT_INSTRUMENTED             0        0.000%                0        0.000%
ST_FAKE_REASON_NOT_TAKEN_TO_NOT_INSTRUMENTED             0        0.000%                0        0.000%
ST_FAKE_REASON_WRONG_PATH_STORE_TO_NEW_REGION             0        0.000%                0        0.000%
                                              50156134      100.000%        100732796      100.000%
                                                  0.00         0.05              0.00         0.05

ST_INST_ONPATH                                31438146                       62701652              

ST_INST_OFFPATH                               41671809                       83587146              

STATIC_PIN_NOP                                       0                              0              

DYNAMIC_PIN_REP_GREATER_256                          0                              0              

INST_MAP_UPDATE_JITTED                          896245       29.643%          1795131       29.754%
INST_MAP_UPDATE_NPC_INV                              0        0.000%                0        0.000%
INST_MAP_UPDATE_NPC_NOP                              0        0.000%                0        0.000%
INST_MAP_UPDATE_NPC_CF                               0        0.000%                0        0.000%
INST_MAP_UPDATE_NPC_MOV                              0        0.000%                0        0.000%
INST_MAP_UPDATE_NPC_CMOV                             0        0.000%                0        0.000%
INST_MAP_UPDATE_NPC_LDA                              0        0.000%                0        0.000%
INST_MAP_UPDATE_NPC_IMEM                             0        0.000%                0        0.000%
INST_MAP_UPDATE_NPC_IADD                             0        0.000%                0        0.000%
INST_MAP_UPDATE_NPC_IMUL                          6372        0.211%            12869        0.213%
INST_MAP_UPDATE_NPC_IDIV                             0        0.000%                0        0.000%
INST_MAP_UPDATE_NPC_ICMP                             0        0.000%                0        0.000%
INST_MAP_UPDATE_NPC_LOGIC                            0        0.000%                0        0.000%
INST_MAP_UPDATE_NPC_SHIFT                            0        0.000%                0        0.000%
INST_MAP_UPDATE_NPC_FMEM                             0        0.000%                0        0.000%
INST_MAP_UPDATE_NPC_FCVT                             0        0.000%                0        0.000%
INST_MAP_UPDATE_NPC_FADD                             0        0.000%                0        0.000%
INST_MAP_UPDATE_NPC_FMUL                             0        0.000%                0        0.000%
INST_MAP_UPDATE_NPC_FMA                              0        0.000%                0        0.000%
INST_MAP_UPDATE_NPC_FDIV                             0        0.000%                0        0.000%
INST_MAP_UPDATE_NPC_FCMP                             0        0.000%                0        0.000%
INST_MAP_UPDATE_NPC_FCMOV                            0        0.000%                0        0.000%
INST_MAP_UPDATE_NPC_GATHER                           0        0.000%                0        0.000%
INST_MAP_UPDATE_NPC_SCATTER                          0        0.000%                0        0.000%
INST_MAP_UPDATE_NPC_PIPELINED_FAST                   0        0.000%                0        0.000%
INST_MAP_UPDATE_NPC_PIPELINED_MEDIUM                 0        0.000%                0        0.000%
INST_MAP_UPDATE_NPC_PIPELINED_SLOW                   0        0.000%                0        0.000%
INST_MAP_UPDATE_NPC_NOTPIPELINED_MEDIUM              0        0.000%                0        0.000%
INST_MAP_UPDATE_NPC_NOTPIPELINED_SLOW                0        0.000%                0        0.000%
INST_MAP_UPDATE_NPC_NOTPIPELINED_VERY_SLOW             0        0.000%                0        0.000%
INST_MAP_UPDATE_MEM_INV                              0        0.000%                0        0.000%
INST_MAP_UPDATE_MEM_NOP                              0        0.000%                0        0.000%
INST_MAP_UPDATE_MEM_CF                               0        0.000%                0        0.000%
INST_MAP_UPDATE_MEM_MOV                        1556885       51.494%          3103118       51.434%
INST_MAP_UPDATE_MEM_CMOV                             0        0.000%                0        0.000%
INST_MAP_UPDATE_MEM_LDA                              0        0.000%                0        0.000%
INST_MAP_UPDATE_MEM_IMEM                             0        0.000%                0        0.000%
INST_MAP_UPDATE_MEM_IADD                             0        0.000%                0        0.000%
INST_MAP_UPDATE_MEM_IMUL                        270225        8.938%           531115        8.803%
INST_MAP_UPDATE_MEM_IDIV                          5038        0.167%            10135        0.168%
INST_MAP_UPDATE_MEM_ICMP                             0        0.000%                0        0.000%
INST_MAP_UPDATE_MEM_LOGIC                       288650        9.547%           580784        9.627%
INST_MAP_UPDATE_MEM_SHIFT                            0        0.000%                0        0.000%
INST_MAP_UPDATE_MEM_FMEM                             0        0.000%                0        0.000%
INST_MAP_UPDATE_MEM_FCVT                             0        0.000%                0        0.000%
INST_MAP_UPDATE_MEM_FADD                             0        0.000%                0        0.000%
INST_MAP_UPDATE_MEM_FMUL                             0        0.000%                0        0.000%
INST_MAP_UPDATE_MEM_FMA                              0        0.000%                0        0.000%
INST_MAP_UPDATE_MEM_FDIV                             0        0.000%                0        0.000%
INST_MAP_UPDATE_MEM_FCMP                             0        0.000%                0        0.000%
INST_MAP_UPDATE_MEM_FCMOV                            0        0.000%                0        0.000%
INST_MAP_UPDATE_MEM_GATHER                           0        0.000%                0        0.000%
INST_MAP_UPDATE_MEM_SCATTER                          0        0.000%                0        0.000%
INST_MAP_UPDATE_MEM_PIPELINED_FAST                   0        0.000%                0        0.000%
INST_MAP_UPDATE_MEM_PIPELINED_MEDIUM                 0        0.000%                0        0.000%
INST_MAP_UPDATE_MEM_PIPELINED_SLOW                   0        0.000%                0        0.000%
INST_MAP_UPDATE_MEM_NOTPIPELINED_MEDIUM              0        0.000%                0        0.000%
INST_MAP_UPDATE_MEM_NOTPIPELINED_SLOW                0        0.000%                0        0.000%
INST_MAP_UPDATE_MEM_NOTPIPELINED_VERY_SLOW             0        0.000%                0        0.000%
                                               3023415      100.000%          6033152      100.000%
                                                 24.39         9.05             24.35         9.08



