Scarab gitrev: 3541854
Scarab started at Sat Oct 26 02:18:51 2024

Initialized Ramulator. 
** Heartbeat:   5% -- { 1000001 } -- 0.00 KIPS (111.11 KIPS)
** Heartbeat:  10% -- { 2000001 } -- 100.00 KIPS (105.26 KIPS)
** Heartbeat:  15% -- { 3000002 } -- 111.11 KIPS (107.14 KIPS)
** Heartbeat:  20% -- { 4000005 } -- 111.11 KIPS (108.11 KIPS)
** Heartbeat:  25% -- { 5000008 } -- 111.11 KIPS (108.70 KIPS)
** Heartbeat:  30% -- { 6000010 } -- 111.11 KIPS (109.09 KIPS)
** Heartbeat:  35% -- { 7000014 } -- 100.00 KIPS (107.69 KIPS)
** Heartbeat:  40% -- { 8000015 } -- 125.00 KIPS (109.59 KIPS)
** Heartbeat:  45% -- { 9000020 } -- 111.11 KIPS (109.76 KIPS)
** Heartbeat:  50% -- { 10000022 } -- 111.11 KIPS (109.89 KIPS)
** Heartbeat:  55% -- { 11000024 } -- 125.00 KIPS (111.11 KIPS)
** Heartbeat:  60% -- { 12000025 } -- 111.11 KIPS (111.11 KIPS)
** Heartbeat:  65% -- { 13000028 } -- 100.00 KIPS (110.17 KIPS)
** Heartbeat:  70% -- { 14000032 } -- 111.11 KIPS (110.24 KIPS)
** Heartbeat:  75% -- { 15000035 } -- 125.00 KIPS (111.11 KIPS)
** Heartbeat:  80% -- { 16000035 } -- 111.11 KIPS (111.11 KIPS)
** Heartbeat:  85% -- { 17000038 } -- 111.11 KIPS (111.11 KIPS)
** Heartbeat:  90% -- { 18000041 } -- 100.00 KIPS (110.43 KIPS)
** Heartbeat:  95% -- { 19000041 } -- 100.00 KIPS (109.83 KIPS)
Warning could not fetch inst from frontend
Warning could not fetch inst from frontend
Warning could not fetch inst from frontend
Warning could not fetch inst from frontend
Warning could not fetch inst from frontend
Warning could not fetch inst from frontend
Warning could not fetch inst from frontend
Warning could not fetch inst from frontend
Warning could not fetch inst from frontend
Warning could not fetch inst from frontend
Warning could not fetch inst from frontend
Warning could not fetch inst from frontend
Warning could not fetch inst from frontend
Warning could not fetch inst from frontend
Warning could not fetch inst from frontend
Warning could not fetch inst from frontend
Warning could not fetch inst from frontend
Warning could not fetch inst from frontend
Warning could not fetch inst from frontend
Warning could not fetch inst from frontend
Warning could not fetch inst from frontend
Warning could not fetch inst from frontend
** Core 0 Finished:    insts:20000000    cycles:20594455    time:6435767187500       -- 0.97 IPC (0.97 IPC) --  N/A  KIPS (109.89 KIPS)
Scarab finished at Sat Oct 26 02:21:53 2024

