/* -*- Mode: c -*- */
####################################################################################################
Core 0
####################################################################################################
Cumulative:        Cycles: 24273268              Instructions: 20000000              IPC: 0.82395

Periodic:          Cycles: 12107071              Instructions: 9999996               IPC: 0.82596

EXECUTION_TIME                           3783459687500                  7585396250000              

NODE_CYCLE                                    12107071                       24273268              

NODE_INST_COUNT                                9999996                       20000000              

NODE_INST_COUNT_FETCHED                        9999996                       20000000              

NODE_UOP_COUNT                                14411991                       28823983              

FULL_WINDOW_STALL                              9070979       74.923%         18198512       74.973%

FULL_WINDOW_MEM_OP                             6124591       74.187%         12296073       74.215%
FULL_WINDOW_FP_OP                              2130947       25.812%          4271855       25.784%
FULL_WINDOW_OTHER_OP                               124        0.002%              204        0.001%
                                               8255662      100.000%         16568132      100.000%
                                                  0.26         0.38              0.26         0.38

RET_BLOCKED_DC_MISS                            6333723       52.314%         12710488       52.364%

RET_BLOCKED_L1_MISS                            6350393       52.452%         12743304       52.499%

RET_BLOCKED_L1_MISS_BW_PREF                          0        0.000%                0        0.000%

RET_BLOCKED_L1_ACCESS                                2        0.000%              181        0.001%

RET_BLOCKED_MEM_STALL                          6350393       52.452%         12743304       52.499%

RET_BLOCKED_OFFCHIP_DEMAND                           0        0.000%                0        0.000%

OP_ISSUED                                     14411874                       28827397              

OP_RETIRED                                    14411991                       28823983              

REPLAY_SIGNALED                                      0                              0              

REPLAY_COUNTED                                       0                              0              

OFF_CRITICAL_PATH                                    0         -nan%                0         -nan%
ON_CRITICAL_PATH                                     0         -nan%                0         -nan%
                                                     0         -nan%                0         -nan%
                                                  -nan         -nan              -nan         -nan

LD_NO_DEPENDENTS                                     0        0.000%                4        0.000%
LD_DEPENDENTS                                  7821984      100.000%         15643959      100.000%
                                               7821984      100.000%         15643963      100.000%
                                                  1.00         1.00              1.00         1.00

LD_EXEC_CYCLES_0                                     0        0.000%                0        0.000%
LD_EXEC_CYCLES_1                                     0        0.000%                0        0.000%
LD_EXEC_CYCLES_2                                     0        0.000%                0        0.000%
LD_EXEC_CYCLES_3                                  3693       53.960%             7225       53.713%
LD_EXEC_CYCLES_4                                  3151       46.040%             6226       46.287%
                                                  6844      100.000%            13451      100.000%
                                                  3.46         2.40              3.46         2.41

ICACHE_STAGE_STARVED                               356        0.012%             2552        0.041%
ICACHE_STAGE_NOT_STARVED                       3093180       99.988%          6186512       99.959%
                                               3093536      100.000%          6189064      100.000%
                                                  1.00         1.00              1.00         1.00

ICACHE_STAGE_STALLED                           9013437       74.448%         18082466       74.495%
ICACHE_STAGE_NOT_STALLED                       3093536       25.551%          6187969       25.493%
ICACHE_STAGE_OFF_PATH                               98        0.001%             2833        0.012%
                                              12107071      100.000%         24273268      100.000%
                                                  0.26         0.38              0.26         0.38

DECODE_STAGE_STARVED                          12107068      100.000%         24271351       99.999%
DECODE_STAGE_NOT_STARVED                             3        0.000%              147        0.001%
                                              12107071      100.000%         24271498      100.000%
                                                  0.00         0.00              0.00         0.00

DECODE_STAGE_STALLED                                19        0.000%               54        0.000%
DECODE_STAGE_NOT_STALLED                      12107052      100.000%         24271444       99.992%
DECODE_STAGE_OFF_PATH                                0        0.000%             1770        0.007%
                                              12107071      100.000%         24273268      100.000%
                                                  1.00         0.00              1.00         0.01

UOPQ_STAGE_STARVED                                 426        0.014%             3045        0.049%
UOPQ_STAGE_NOT_STARVED                         3093116       99.986%          6185983       99.951%
                                               3093542      100.000%          6189028      100.000%
                                                  1.00         1.00              1.00         1.00

UOPQ_STAGE_STALLED                             9013437       74.448%         18082641       74.496%
UOPQ_STAGE_NOT_STALLED                         3093542       25.552%          6189028       25.497%
UOPQ_STAGE_OFF_PATH                                 92        0.001%             1599        0.007%
                                              12107071      100.000%         24273268      100.000%
                                                  0.26         0.38              0.26         0.38

MAP_STAGE_STARVED                                  331        0.003%             1593        0.007%
MAP_STAGE_NOT_STARVED                         12106662       99.997%         24269448       99.993%
                                              12106993      100.000%         24271041      100.000%
                                                  1.00         1.00              1.00         1.00

MAP_STAGE_STALLED                              9013496       74.448%         18082911       74.497%
MAP_STAGE_NOT_STALLED                          3093497       25.551%          6188130       25.494%
MAP_STAGE_OFF_PATH                                  78        0.001%             2227        0.009%
                                              12107071      100.000%         24273268      100.000%
                                                  0.26         0.38              0.26         0.38

EXEC_STAGE_STARVED                             9692181       80.054%         19448902       80.125%
EXEC_STAGE_NOT_STARVED                         2414853       19.946%          4822688       19.868%
EXEC_STAGE_OFF_PATH                                 37        0.000%             1678        0.007%
                                              12107071      100.000%         24273268      100.000%
                                                  0.20         0.36              0.20         0.36

FU_BUSY_0                                      3783911                        7563340              

FU_BUSY_1                                      1932830                        3867085              

FU_BUSY_2                                      3739032                        7483418              

FU_BUSY_3                                      4082845                        8160987              

FU_BUSY_4                                       703746                        1412184              

FU_BUSY_5                                       156198                         312200              

FU_BUSY_6                                       300993                         601267              

FU_BUSY_7                                       376592                         753858              

FU_BUSY_8                                            0                              0              

FU_BUSY_9                                            0                              0              

FU_BUSY_10                                           0                              0              

FU_BUSY_11                                           0                              0              

FU_BUSY_12                                           0                              0              

FU_BUSY_13                                           0                              0              

FU_BUSY_14                                           0                              0              

FU_BUSY_15                                           0                              0              

FU_BUSY_16                                           0                              0              

FU_BUSY_17                                           0                              0              

FU_BUSY_18                                           0                              0              

FU_BUSY_19                                           0                              0              

FU_BUSY_20                                           0                              0              

FU_BUSY_21                                           0                              0              

FU_BUSY_22                                           0                              0              

FU_BUSY_23                                           0                              0              

FU_BUSY_24                                           0                              0              

FU_BUSY_25                                           0                              0              

FU_BUSY_26                                           0                              0              

FU_BUSY_27                                           0                              0              

FU_BUSY_28                                           0                              0              

FU_BUSY_29                                           0                              0              

FU_BUSY_30                                           0                              0              

FU_BUSY_31                                           0                              0              

FU_REJECTED_OP_INV_NOT_SIMD                          0        0.000%                0        0.000%
FU_REJECTED_OP_NOP_NOT_SIMD                       2616        0.444%             4865        0.413%
FU_REJECTED_OP_CF_NOT_SIMD                           0        0.000%                0        0.000%
FU_REJECTED_OP_MOV_NOT_SIMD                      29738        5.043%            59470        5.043%
FU_REJECTED_OP_CMOV_NOT_SIMD                         0        0.000%                0        0.000%
FU_REJECTED_OP_LDA_NOT_SIMD                       4962        0.841%             9991        0.847%
FU_REJECTED_OP_IMEM_NOT_SIMD                         0        0.000%                0        0.000%
FU_REJECTED_OP_IADD_NOT_SIMD                     12589        2.135%            25158        2.134%
FU_REJECTED_OP_IMUL_NOT_SIMD                     31345        5.315%            62510        5.301%
FU_REJECTED_OP_IDIV_NOT_SIMD                    254982       43.240%           509891       43.241%
FU_REJECTED_OP_ICMP_NOT_SIMD                    192538       32.651%           385515       32.694%
FU_REJECTED_OP_LOGIC_NOT_SIMD                     3639        0.617%             7349        0.623%
FU_REJECTED_OP_SHIFT_NOT_SIMD                     4857        0.824%             9672        0.820%
FU_REJECTED_OP_FMEM_NOT_SIMD                         0        0.000%                0        0.000%
FU_REJECTED_OP_FCVT_NOT_SIMD                         0        0.000%                0        0.000%
FU_REJECTED_OP_FADD_NOT_SIMD                         0        0.000%                0        0.000%
FU_REJECTED_OP_FMUL_NOT_SIMD                         0        0.000%                0        0.000%
FU_REJECTED_OP_FMA_NOT_SIMD                          0        0.000%                0        0.000%
FU_REJECTED_OP_FDIV_NOT_SIMD                         0        0.000%                0        0.000%
FU_REJECTED_OP_FCMP_NOT_SIMD                         0        0.000%                0        0.000%
FU_REJECTED_OP_FCMOV_NOT_SIMD                        0        0.000%                0        0.000%
FU_REJECTED_OP_GATHER_NOT_SIMD                       0        0.000%                0        0.000%
FU_REJECTED_OP_SCATTER_NOT_SIMD                      0        0.000%                0        0.000%
FU_REJECTED_OP_PIPELINED_FAST_NOT_SIMD               0        0.000%                0        0.000%
FU_REJECTED_OP_PIPELINED_MEDIUM_NOT_SIMD             0        0.000%                0        0.000%
FU_REJECTED_OP_PIPELINED_SLOW_NOT_SIMD               0        0.000%                0        0.000%
FU_REJECTED_OP_NOTPIPELINED_MEDIUM_NOT_SIMD             0        0.000%                0        0.000%
FU_REJECTED_OP_NOTPIPELINED_SLOW_NOT_SIMD             0        0.000%                0        0.000%
FU_REJECTED_OP_NOTPIPELINED_VERY_SLOW_NOT_SIMD             0        0.000%                0        0.000%
FU_REJECTED_OP_INV_SIMD                              0        0.000%                0        0.000%
FU_REJECTED_OP_NOP_SIMD                              0        0.000%                0        0.000%
FU_REJECTED_OP_CF_SIMD                               0        0.000%                0        0.000%
FU_REJECTED_OP_MOV_SIMD                           2313        0.392%             4425        0.375%
FU_REJECTED_OP_CMOV_SIMD                             0        0.000%                0        0.000%
FU_REJECTED_OP_LDA_SIMD                              0        0.000%                0        0.000%
FU_REJECTED_OP_IMEM_SIMD                             0        0.000%                0        0.000%
FU_REJECTED_OP_IADD_SIMD                             0        0.000%                0        0.000%
FU_REJECTED_OP_IMUL_SIMD                             0        0.000%                0        0.000%
FU_REJECTED_OP_IDIV_SIMD                             0        0.000%                0        0.000%
FU_REJECTED_OP_ICMP_SIMD                             0        0.000%                0        0.000%
FU_REJECTED_OP_LOGIC_SIMD                            0        0.000%                0        0.000%
FU_REJECTED_OP_SHIFT_SIMD                          556        0.094%             1122        0.095%
FU_REJECTED_OP_FMEM_SIMD                             0        0.000%                0        0.000%
FU_REJECTED_OP_FCVT_SIMD                             0        0.000%                0        0.000%
FU_REJECTED_OP_FADD_SIMD                            91        0.015%              181        0.015%
FU_REJECTED_OP_FMUL_SIMD                             0        0.000%                0        0.000%
FU_REJECTED_OP_FMA_SIMD                              0        0.000%                0        0.000%
FU_REJECTED_OP_FDIV_SIMD                             0        0.000%                0        0.000%
FU_REJECTED_OP_FCMP_SIMD                         49467        8.389%            99028        8.398%
FU_REJECTED_OP_FCMOV_SIMD                            0        0.000%                0        0.000%
FU_REJECTED_OP_GATHER_SIMD                           0        0.000%                0        0.000%
FU_REJECTED_OP_SCATTER_SIMD                          0        0.000%                0        0.000%
FU_REJECTED_OP_PIPELINED_FAST_SIMD                   0        0.000%                0        0.000%
FU_REJECTED_OP_PIPELINED_MEDIUM_SIMD                 0        0.000%                0        0.000%
FU_REJECTED_OP_PIPELINED_SLOW_SIMD                   0        0.000%                0        0.000%
FU_REJECTED_OP_NOTPIPELINED_MEDIUM_SIMD              0        0.000%                0        0.000%
FU_REJECTED_OP_NOTPIPELINED_SLOW_SIMD                0        0.000%                0        0.000%
FU_REJECTED_OP_NOTPIPELINED_VERY_SLOW_SIMD             0        0.000%                0        0.000%
                                                589693      100.000%          1179177      100.000%
                                                 12.29        11.08             12.30        11.08

OP_WAIT_0                                      6234877                       12470248              

OP_WAIT_1                                      2457794                        4911987              

OP_WAIT_2                                      1299802                        2597540              

OP_WAIT_3                                       844280                        1686836              

OP_WAIT_4                                       443478                         887123              

OP_WAIT_5                                       386085                         771292              

OP_WAIT_6                                       316223                         634059              

OP_WAIT_7                                       188314                         377025              

OP_WAIT_8                                       257453                         516248              

OP_WAIT_9                                       203218                         406516              

OP_WAIT_10                                      123013                         245469              

OP_WAIT_11                                      112367                         224995              

OP_WAIT_12                                      125437                         249655              

OP_WAIT_13                                       70088                         139756              

OP_WAIT_14                                       74700                         149080              

OP_WAIT_15                                       85939                         172277              

OP_WAIT_16                                       89308                         178880              

OP_WAIT_17                                      107835                         215914              

OP_WAIT_18                                      120671                         240669              

OP_WAIT_19                                      104346                         208656              

OP_WAIT_20                                      167058                         333373              

OP_WAIT_21                                       98166                         196513              

OP_WAIT_22                                      109696                         218468              

OP_WAIT_23                                       45876                          91767              

OP_WAIT_24                                       51896                         104260              

OP_WAIT_25                                       68109                         136602              

OP_WAIT_26                                       31022                          63234              

OP_WAIT_27                                       14970                          30311              

OP_WAIT_28                                        8652                          17780              

OP_WAIT_29                                       11407                          23163              

OP_WAIT_30                                        8788                          17780              

OP_WAIT_31                                      151123                         306507              

ROW_SIZE_0                                     9250455                       18559880              

ROW_SIZE_1                                       49110                          96209              

ROW_SIZE_2                                      542773                        1087055              

ROW_SIZE_3                                       34532                          68469              

ROW_SIZE_4                                       24812                          49379              

ROW_SIZE_5                                      157843                         316447              

ROW_SIZE_6                                     2047546                        4094751              

ROW_SIZE_7                                           0                              0              

ROW_SIZE_8                                           0                              0              

ROW_SIZE_9                                           0                              0              

ROW_SIZE_10                                          0                              0              

ROW_SIZE_11                                          0                              0              

ROW_SIZE_12                                          0                              0              

ROW_SIZE_13                                          0                              0              

ROW_SIZE_14                                          0                              0              

ROW_SIZE_15                                          0                              0              

ROW_SIZE_16                                          0                              0              

ROW_SIZE_17                                          0                              0              

ROW_SIZE_18                                          0                              0              

ROW_SIZE_19                                          0                              0              

ROW_SIZE_20                                          0                              0              

ROW_SIZE_21                                          0                              0              

ROW_SIZE_22                                          0                              0              

ROW_SIZE_23                                          0                              0              

ROW_SIZE_24                                          0                              0              

ROW_SIZE_25                                          0                              0              

ROW_SIZE_26                                          0                              0              

ROW_SIZE_27                                          0                              0              

ROW_SIZE_28                                          0                              0              

ROW_SIZE_29                                          0                              0              

ROW_SIZE_30                                          0                              0              

ROW_SIZE_31                                          0                              0              

RET_OP_EXEC_COUNT_0                                  0        0.000%                0        0.000%
RET_OP_EXEC_COUNT_1                           14411991      100.000%         28823983      100.000%
RET_OP_EXEC_COUNT_2                                  0        0.000%                0        0.000%
RET_OP_EXEC_COUNT_3                                  0        0.000%                0        0.000%
RET_OP_EXEC_COUNT_4                                  0        0.000%                0        0.000%
RET_OP_EXEC_COUNT_5                                  0        0.000%                0        0.000%
RET_OP_EXEC_COUNT_6                                  0        0.000%                0        0.000%
RET_OP_EXEC_COUNT_7                                  0        0.000%                0        0.000%
RET_OP_EXEC_COUNT_8                                  0        0.000%                0        0.000%
RET_OP_EXEC_COUNT_9                                  0        0.000%                0        0.000%
RET_OP_EXEC_COUNT_10                                 0        0.000%                0        0.000%
RET_OP_EXEC_COUNT_11                                 0        0.000%                0        0.000%
RET_OP_EXEC_COUNT_12                                 0        0.000%                0        0.000%
RET_OP_EXEC_COUNT_13                                 0        0.000%                0        0.000%
RET_OP_EXEC_COUNT_14                                 0        0.000%                0        0.000%
RET_OP_EXEC_COUNT_15                                 0        0.000%                0        0.000%
RET_OP_EXEC_COUNT_16                                 0        0.000%                0        0.000%
RET_OP_EXEC_COUNT_17                                 0        0.000%                0        0.000%
RET_OP_EXEC_COUNT_18                                 0        0.000%                0        0.000%
RET_OP_EXEC_COUNT_19                                 0        0.000%                0        0.000%
RET_OP_EXEC_COUNT_20                                 0        0.000%                0        0.000%
RET_OP_EXEC_COUNT_21                                 0        0.000%                0        0.000%
RET_OP_EXEC_COUNT_22                                 0        0.000%                0        0.000%
RET_OP_EXEC_COUNT_23                                 0        0.000%                0        0.000%
RET_OP_EXEC_COUNT_24                                 0        0.000%                0        0.000%
RET_OP_EXEC_COUNT_25                                 0        0.000%                0        0.000%
RET_OP_EXEC_COUNT_26                                 0        0.000%                0        0.000%
RET_OP_EXEC_COUNT_27                                 0        0.000%                0        0.000%
RET_OP_EXEC_COUNT_28                                 0        0.000%                0        0.000%
RET_OP_EXEC_COUNT_29                                 0        0.000%                0        0.000%
RET_OP_EXEC_COUNT_30                                 0        0.000%                0        0.000%
RET_OP_EXEC_COUNT_31                                 0        0.000%                0        0.000%
RET_OP_EXEC_COUNT_32                                 0        0.000%                0        0.000%
                                              14411991      100.000%         28823983      100.000%
                                                  1.00         0.00              1.00         0.00

RET_STALL_LENGTH_0                            14388996       99.840%         28777388       99.838%
RET_STALL_LENGTH_100                             20216        0.140%            41022        0.142%
RET_STALL_LENGTH_200                              1730        0.012%             3551        0.012%
RET_STALL_LENGTH_300                               254        0.002%              461        0.002%
RET_STALL_LENGTH_400                               194        0.001%              354        0.001%
RET_STALL_LENGTH_500                                86        0.001%              177        0.001%
RET_STALL_LENGTH_600                                24        0.000%               43        0.000%
RET_STALL_LENGTH_700                                 3        0.000%               11        0.000%
RET_STALL_LENGTH_800                                 3        0.000%                5        0.000%
RET_STALL_LENGTH_900                                20        0.000%               45        0.000%
RET_STALL_LENGTH_1000                               69        0.000%              136        0.000%
RET_STALL_LENGTH_1100                               97        0.001%              197        0.001%
RET_STALL_LENGTH_1200                              229        0.002%              456        0.002%
RET_STALL_LENGTH_1300                               52        0.000%              104        0.000%
RET_STALL_LENGTH_1400                                8        0.000%               13        0.000%
RET_STALL_LENGTH_1500                                2        0.000%                7        0.000%
RET_STALL_LENGTH_1600                                6        0.000%               10        0.000%
RET_STALL_LENGTH_1700                                1        0.000%                2        0.000%
RET_STALL_LENGTH_1800                                1        0.000%                1        0.000%
RET_STALL_LENGTH_1900                                0        0.000%                0        0.000%
RET_STALL_LENGTH_2000                                0        0.000%                0        0.000%
RET_STALL_LENGTH_2100                                0        0.000%                0        0.000%
RET_STALL_LENGTH_2200                                0        0.000%                0        0.000%
RET_STALL_LENGTH_2300                                0        0.000%                0        0.000%
RET_STALL_LENGTH_2400                                0        0.000%                0        0.000%
RET_STALL_LENGTH_2500                                0        0.000%                0        0.000%
RET_STALL_LENGTH_2600                                0        0.000%                0        0.000%
RET_STALL_LENGTH_2700                                0        0.000%                0        0.000%
RET_STALL_LENGTH_2800                                0        0.000%                0        0.000%
RET_STALL_LENGTH_2900                                0        0.000%                0        0.000%
RET_STALL_LENGTH_3000                                0        0.000%                0        0.000%
RET_STALL_LENGTH_3100                                0        0.000%                0        0.000%
RET_STALL_LENGTH_3200                                0        0.000%                0        0.000%
RET_STALL_LENGTH_3300                                0        0.000%                0        0.000%
RET_STALL_LENGTH_3400                                0        0.000%                0        0.000%
RET_STALL_LENGTH_3500                                0        0.000%                0        0.000%
RET_STALL_LENGTH_3600                                0        0.000%                0        0.000%
RET_STALL_LENGTH_3700                                0        0.000%                0        0.000%
RET_STALL_LENGTH_3800                                0        0.000%                0        0.000%
RET_STALL_LENGTH_3900                                0        0.000%                0        0.000%
RET_STALL_LENGTH_4000                                0        0.000%                0        0.000%
RET_STALL_LENGTH_4100                                0        0.000%                0        0.000%
RET_STALL_LENGTH_4200                                0        0.000%                0        0.000%
RET_STALL_LENGTH_4300                                0        0.000%                0        0.000%
RET_STALL_LENGTH_4400                                0        0.000%                0        0.000%
RET_STALL_LENGTH_4500                                0        0.000%                0        0.000%
RET_STALL_LENGTH_4600                                0        0.000%                0        0.000%
RET_STALL_LENGTH_4700                                0        0.000%                0        0.000%
RET_STALL_LENGTH_4800                                0        0.000%                0        0.000%
RET_STALL_LENGTH_4900                                0        0.000%                0        0.000%
RET_STALL_LENGTH_5000                                0        0.000%                0        0.000%
                                              14411991      100.000%         28823983      100.000%
                                                  0.00         0.08              0.00         0.08

MEM_BLOCK_LENGTH_0                                   0         -nan%                0         -nan%
MEM_BLOCK_LENGTH_100                                 0         -nan%                0         -nan%
MEM_BLOCK_LENGTH_200                                 0         -nan%                0         -nan%
MEM_BLOCK_LENGTH_300                                 0         -nan%                0         -nan%
MEM_BLOCK_LENGTH_400                                 0         -nan%                0         -nan%
MEM_BLOCK_LENGTH_500                                 0         -nan%                0         -nan%
MEM_BLOCK_LENGTH_600                                 0         -nan%                0         -nan%
MEM_BLOCK_LENGTH_700                                 0         -nan%                0         -nan%
MEM_BLOCK_LENGTH_800                                 0         -nan%                0         -nan%
MEM_BLOCK_LENGTH_900                                 0         -nan%                0         -nan%
MEM_BLOCK_LENGTH_1000                                0         -nan%                0         -nan%
MEM_BLOCK_LENGTH_1100                                0         -nan%                0         -nan%
MEM_BLOCK_LENGTH_1200                                0         -nan%                0         -nan%
MEM_BLOCK_LENGTH_1300                                0         -nan%                0         -nan%
MEM_BLOCK_LENGTH_1400                                0         -nan%                0         -nan%
MEM_BLOCK_LENGTH_1500                                0         -nan%                0         -nan%
MEM_BLOCK_LENGTH_1600                                0         -nan%                0         -nan%
MEM_BLOCK_LENGTH_1700                                0         -nan%                0         -nan%
MEM_BLOCK_LENGTH_1800                                0         -nan%                0         -nan%
MEM_BLOCK_LENGTH_1900                                0         -nan%                0         -nan%
MEM_BLOCK_LENGTH_2000                                0         -nan%                0         -nan%
MEM_BLOCK_LENGTH_2100                                0         -nan%                0         -nan%
MEM_BLOCK_LENGTH_2200                                0         -nan%                0         -nan%
MEM_BLOCK_LENGTH_2300                                0         -nan%                0         -nan%
MEM_BLOCK_LENGTH_2400                                0         -nan%                0         -nan%
MEM_BLOCK_LENGTH_2500                                0         -nan%                0         -nan%
MEM_BLOCK_LENGTH_2600                                0         -nan%                0         -nan%
MEM_BLOCK_LENGTH_2700                                0         -nan%                0         -nan%
MEM_BLOCK_LENGTH_2800                                0         -nan%                0         -nan%
MEM_BLOCK_LENGTH_2900                                0         -nan%                0         -nan%
MEM_BLOCK_LENGTH_3000                                0         -nan%                0         -nan%
MEM_BLOCK_LENGTH_3100                                0         -nan%                0         -nan%
MEM_BLOCK_LENGTH_3200                                0         -nan%                0         -nan%
MEM_BLOCK_LENGTH_3300                                0         -nan%                0         -nan%
MEM_BLOCK_LENGTH_3400                                0         -nan%                0         -nan%
MEM_BLOCK_LENGTH_3500                                0         -nan%                0         -nan%
MEM_BLOCK_LENGTH_3600                                0         -nan%                0         -nan%
MEM_BLOCK_LENGTH_3700                                0         -nan%                0         -nan%
MEM_BLOCK_LENGTH_3800                                0         -nan%                0         -nan%
MEM_BLOCK_LENGTH_3900                                0         -nan%                0         -nan%
MEM_BLOCK_LENGTH_4000                                0         -nan%                0         -nan%
MEM_BLOCK_LENGTH_4100                                0         -nan%                0         -nan%
MEM_BLOCK_LENGTH_4200                                0         -nan%                0         -nan%
MEM_BLOCK_LENGTH_4300                                0         -nan%                0         -nan%
MEM_BLOCK_LENGTH_4400                                0         -nan%                0         -nan%
MEM_BLOCK_LENGTH_4500                                0         -nan%                0         -nan%
MEM_BLOCK_LENGTH_4600                                0         -nan%                0         -nan%
MEM_BLOCK_LENGTH_4700                                0         -nan%                0         -nan%
MEM_BLOCK_LENGTH_4800                                0         -nan%                0         -nan%
MEM_BLOCK_LENGTH_4900                                0         -nan%                0         -nan%
MEM_BLOCK_LENGTH_5000                                0         -nan%                0         -nan%
                                                     0         -nan%                0         -nan%
                                                  -nan         -nan              -nan         -nan

FUS_BUSY_ON_PATH                              15076076        1.2452         30152462        1.2422

FUS_BUSY_OFF_PATH                                   71        0.0000             1877        0.0001

FU_BUSY_MEM_STALL                                24204        0.0020            48283        0.0020

FUS_EMPTY                                     81780421        6.7548        164031805        6.7577

FU_UNAVAILABLE                                  577013        0.0477          1153838        0.0475

FU_MEM_UNAVAILABLE                               12680        0.0010            25339        0.0010

FU_REPLAY                                            0        0.0000                0        0.0000

FU_STARVED                                    81780409        6.7548        164031714        6.7577

CHIP_UTILIZATION                                     0        0.0000                0        0.0000

CYCLES_UNDER_MEM_REQ                                 0                              0              

CYCLES_UNDER_NO_MEM_REQ                              0                              0              

CYCLES_UNDER_CRITICAL_MEM_REQ                        0                              0              

CYCLES_UNDER_NONCRITICAL_MEM_REQ                     0                              0              

CHIP_UTILIZATION_UNDER_MEM_REQ                       0          -nan                0          -nan

CHIP_UTILIZATION_UNDER_NO_MEM_REQ                    0          -nan                0          -nan

CHIP_UTILIZATION_UNDER_CRITICAL_MEM_REQ              0          -nan                0          -nan

CHIP_UTILIZATION_UNDER_NONCRITICAL_MEM_REQ             0          -nan                0          -nan

CYCLES_NOT_WAITING_FOR_OFF_CHIP                      0        0.0000                0        0.0000

FUS_BUSY_NOT_WAITING_FOR_OFF_CHIP                    0          -nan                0          -nan

CYCLES_WAITING_FOR_OFF_CHIP                          0        0.0000                0        0.0000

FUS_BUSY_WAITING_FOR_OFF_CHIP                        0          -nan                0          -nan

TOTAL_OFF_CHIP_DELAYS_LEFT                           0                              0              

WRONG_IO_SCHED                                       0                              0              

DVFS_CONFIG_SWITCH                                   0                              0              

MAP_STAGE_RECEIVED_OPS_0                             0        0.000%                0        0.000%
MAP_STAGE_RECEIVED_OPS_1                        351664       11.369%           703337       11.369%
MAP_STAGE_RECEIVED_OPS_2                        451213       14.587%           902448       14.587%
MAP_STAGE_RECEIVED_OPS_3                        100239        3.241%           200476        3.241%
MAP_STAGE_RECEIVED_OPS_4                         99963        3.232%           199942        3.232%
MAP_STAGE_RECEIVED_OPS_5                         83674        2.705%           167452        2.707%
MAP_STAGE_RECEIVED_OPS_6                       2006437       64.866%          4012879       64.865%
MAP_STAGE_RECEIVED_OPS_7                             0        0.000%                0        0.000%
MAP_STAGE_RECEIVED_OPS_8                             0        0.000%                0        0.000%
MAP_STAGE_RECEIVED_OPS_MAX                           0        0.000%                0        0.000%
                                               3093190      100.000%          6186534      100.000%
                                                  4.66         1.96              4.66         1.96

MAP_STAGE_WAIT_FOR_DECODE                            0         -nan%                0         -nan%
MAP_STAGE_CONSUME_DECODE                             0         -nan%                0         -nan%
                                                     0         -nan%                0         -nan%
                                                  -nan         -nan              -nan         -nan

MAP_STAGE_WAIT_FOR_DECODE2                           0         -nan%                0         -nan%
MAP_STAGE_CONSUME_DECODE2                            0         -nan%                0         -nan%
                                                     0         -nan%                0         -nan%
                                                  -nan         -nan              -nan         -nan

FTQ_RECOVER_EXEC                                     2                             29              

FTQ_RECOVER_DECODE                                   0                              1              

FTQ_OFFPATH_CYCLES                                1970                          10103              

FTQ_CYCLES_OFFPATH                                1968                          10757              

FTQ_CYCLES_ONPATH                             12105103                       24262511              

FTQ_FETCHED_INS_OFFPATH                           1204                          19783              

FTQ_FETCHED_INS_ONPATH                        14411219                       28823953              

FTQ_BREAK_FULL_FT_ONPATH                      12104575      100.000%         24261750       99.999%
FTQ_BREAK_MAX_CFS_TAKEN_ONPATH                       6        0.000%               52        0.000%
FTQ_BREAK_MAX_BYTES_ONPATH                          22        0.000%              181        0.001%
FTQ_BREAK_PRED_BR_ONPATH                             0        0.000%                0        0.000%
FTQ_BREAK_BAR_FETCH_ONPATH                           0        0.000%                0        0.000%
                                              12104603      100.000%         24261983      100.000%
                                                  0.00         0.00              0.00         0.01

FTQ_BREAK_FULL_FT_OFFPATH                         1970      100.000%            10586       98.137%
FTQ_BREAK_MAX_CFS_TAKEN_OFFPATH                      0        0.000%               10        0.093%
FTQ_BREAK_MAX_BYTES_OFFPATH                          0        0.000%              191        1.771%
FTQ_BREAK_PRED_BR_OFFPATH                            0        0.000%                0        0.000%
FTQ_BREAK_BAR_FETCH_OFFPATH                          0        0.000%                0        0.000%
                                                  1970      100.000%            10787      100.000%
                                                  0.00         0.00              0.04         0.26



