               ramulator.active_cycles_0             6588267                                      # Total active cycles for level _0
                 ramulator.busy_cycles_0             6588267                                      # (All-bank refresh only. busy cycles only include refresh time in rank level) The sum of cycles that the DRAM part is active or under refresh for level _0
            ramulator.serving_requests_0            23555012                                      # The sum of read and write requests that are served in this DRAM element per memory cycle for level _0
    ramulator.average_serving_requests_0            2.587759                                      # The average of read and write requests that are served in this DRAM element per memory cycle for level _0
             ramulator.active_cycles_0_0             6588267                                      # Total active cycles for level _0_0
               ramulator.busy_cycles_0_0             6867987                                      # (All-bank refresh only. busy cycles only include refresh time in rank level) The sum of cycles that the DRAM part is active or under refresh for level _0_0
          ramulator.serving_requests_0_0            23555012                                      # The sum of read and write requests that are served in this DRAM element per memory cycle for level _0_0
  ramulator.average_serving_requests_0_0            2.587759                                      # The average of read and write requests that are served in this DRAM element per memory cycle for level _0_0
           ramulator.active_cycles_0_0_0             3688501                                      # Total active cycles for level _0_0_0
             ramulator.busy_cycles_0_0_0             3688501                                      # (All-bank refresh only. busy cycles only include refresh time in rank level) The sum of cycles that the DRAM part is active or under refresh for level _0_0_0
        ramulator.serving_requests_0_0_0             5767700                                      # The sum of read and write requests that are served in this DRAM element per memory cycle for level _0_0_0
ramulator.average_serving_requests_0_0_0            0.633641                                      # The average of read and write requests that are served in this DRAM element per memory cycle for level _0_0_0
         ramulator.active_cycles_0_0_0_0             1276000                                      # Total active cycles for level _0_0_0_0
           ramulator.busy_cycles_0_0_0_0             1276000                                      # (All-bank refresh only. busy cycles only include refresh time in rank level) The sum of cycles that the DRAM part is active or under refresh for level _0_0_0_0
      ramulator.serving_requests_0_0_0_0             1494471                                      # The sum of read and write requests that are served in this DRAM element per memory cycle for level _0_0_0_0
ramulator.average_serving_requests_0_0_0_0            0.164183                                      # The average of read and write requests that are served in this DRAM element per memory cycle for level _0_0_0_0
         ramulator.active_cycles_0_0_0_1             1175509                                      # Total active cycles for level _0_0_0_1
           ramulator.busy_cycles_0_0_0_1             1175509                                      # (All-bank refresh only. busy cycles only include refresh time in rank level) The sum of cycles that the DRAM part is active or under refresh for level _0_0_0_1
      ramulator.serving_requests_0_0_0_1             1387975                                      # The sum of read and write requests that are served in this DRAM element per memory cycle for level _0_0_0_1
ramulator.average_serving_requests_0_0_0_1            0.152483                                      # The average of read and write requests that are served in this DRAM element per memory cycle for level _0_0_0_1
         ramulator.active_cycles_0_0_0_2             1224797                                      # Total active cycles for level _0_0_0_2
           ramulator.busy_cycles_0_0_0_2             1224797                                      # (All-bank refresh only. busy cycles only include refresh time in rank level) The sum of cycles that the DRAM part is active or under refresh for level _0_0_0_2
      ramulator.serving_requests_0_0_0_2             1444771                                      # The sum of read and write requests that are served in this DRAM element per memory cycle for level _0_0_0_2
ramulator.average_serving_requests_0_0_0_2            0.158723                                      # The average of read and write requests that are served in this DRAM element per memory cycle for level _0_0_0_2
         ramulator.active_cycles_0_0_0_3             1208580                                      # Total active cycles for level _0_0_0_3
           ramulator.busy_cycles_0_0_0_3             1208580                                      # (All-bank refresh only. busy cycles only include refresh time in rank level) The sum of cycles that the DRAM part is active or under refresh for level _0_0_0_3
      ramulator.serving_requests_0_0_0_3             1440483                                      # The sum of read and write requests that are served in this DRAM element per memory cycle for level _0_0_0_3
ramulator.average_serving_requests_0_0_0_3            0.158252                                      # The average of read and write requests that are served in this DRAM element per memory cycle for level _0_0_0_3
           ramulator.active_cycles_0_0_1             3683145                                      # Total active cycles for level _0_0_1
             ramulator.busy_cycles_0_0_1             3683145                                      # (All-bank refresh only. busy cycles only include refresh time in rank level) The sum of cycles that the DRAM part is active or under refresh for level _0_0_1
        ramulator.serving_requests_0_0_1             5918463                                      # The sum of read and write requests that are served in this DRAM element per memory cycle for level _0_0_1
ramulator.average_serving_requests_0_0_1            0.650204                                      # The average of read and write requests that are served in this DRAM element per memory cycle for level _0_0_1
         ramulator.active_cycles_0_0_1_0             1260288                                      # Total active cycles for level _0_0_1_0
           ramulator.busy_cycles_0_0_1_0             1260288                                      # (All-bank refresh only. busy cycles only include refresh time in rank level) The sum of cycles that the DRAM part is active or under refresh for level _0_0_1_0
      ramulator.serving_requests_0_0_1_0             1490742                                      # The sum of read and write requests that are served in this DRAM element per memory cycle for level _0_0_1_0
ramulator.average_serving_requests_0_0_1_0            0.163773                                      # The average of read and write requests that are served in this DRAM element per memory cycle for level _0_0_1_0
         ramulator.active_cycles_0_0_1_1             1330026                                      # Total active cycles for level _0_0_1_1
           ramulator.busy_cycles_0_0_1_1             1330026                                      # (All-bank refresh only. busy cycles only include refresh time in rank level) The sum of cycles that the DRAM part is active or under refresh for level _0_0_1_1
      ramulator.serving_requests_0_0_1_1             1587338                                      # The sum of read and write requests that are served in this DRAM element per memory cycle for level _0_0_1_1
ramulator.average_serving_requests_0_0_1_1            0.174385                                      # The average of read and write requests that are served in this DRAM element per memory cycle for level _0_0_1_1
         ramulator.active_cycles_0_0_1_2             1179588                                      # Total active cycles for level _0_0_1_2
           ramulator.busy_cycles_0_0_1_2             1179588                                      # (All-bank refresh only. busy cycles only include refresh time in rank level) The sum of cycles that the DRAM part is active or under refresh for level _0_0_1_2
      ramulator.serving_requests_0_0_1_2             1393468                                      # The sum of read and write requests that are served in this DRAM element per memory cycle for level _0_0_1_2
ramulator.average_serving_requests_0_0_1_2            0.153087                                      # The average of read and write requests that are served in this DRAM element per memory cycle for level _0_0_1_2
         ramulator.active_cycles_0_0_1_3             1222702                                      # Total active cycles for level _0_0_1_3
           ramulator.busy_cycles_0_0_1_3             1222702                                      # (All-bank refresh only. busy cycles only include refresh time in rank level) The sum of cycles that the DRAM part is active or under refresh for level _0_0_1_3
      ramulator.serving_requests_0_0_1_3             1446915                                      # The sum of read and write requests that are served in this DRAM element per memory cycle for level _0_0_1_3
ramulator.average_serving_requests_0_0_1_3            0.158958                                      # The average of read and write requests that are served in this DRAM element per memory cycle for level _0_0_1_3
           ramulator.active_cycles_0_0_2             3727425                                      # Total active cycles for level _0_0_2
             ramulator.busy_cycles_0_0_2             3727425                                      # (All-bank refresh only. busy cycles only include refresh time in rank level) The sum of cycles that the DRAM part is active or under refresh for level _0_0_2
        ramulator.serving_requests_0_0_2             5915606                                      # The sum of read and write requests that are served in this DRAM element per memory cycle for level _0_0_2
ramulator.average_serving_requests_0_0_2            0.649890                                      # The average of read and write requests that are served in this DRAM element per memory cycle for level _0_0_2
         ramulator.active_cycles_0_0_2_0             1252518                                      # Total active cycles for level _0_0_2_0
           ramulator.busy_cycles_0_0_2_0             1252518                                      # (All-bank refresh only. busy cycles only include refresh time in rank level) The sum of cycles that the DRAM part is active or under refresh for level _0_0_2_0
      ramulator.serving_requests_0_0_2_0             1476631                                      # The sum of read and write requests that are served in this DRAM element per memory cycle for level _0_0_2_0
ramulator.average_serving_requests_0_0_2_0            0.162223                                      # The average of read and write requests that are served in this DRAM element per memory cycle for level _0_0_2_0
         ramulator.active_cycles_0_0_2_1             1209350                                      # Total active cycles for level _0_0_2_1
           ramulator.busy_cycles_0_0_2_1             1209350                                      # (All-bank refresh only. busy cycles only include refresh time in rank level) The sum of cycles that the DRAM part is active or under refresh for level _0_0_2_1
      ramulator.serving_requests_0_0_2_1             1420403                                      # The sum of read and write requests that are served in this DRAM element per memory cycle for level _0_0_2_1
ramulator.average_serving_requests_0_0_2_1            0.156046                                      # The average of read and write requests that are served in this DRAM element per memory cycle for level _0_0_2_1
         ramulator.active_cycles_0_0_2_2             1273465                                      # Total active cycles for level _0_0_2_2
           ramulator.busy_cycles_0_0_2_2             1273465                                      # (All-bank refresh only. busy cycles only include refresh time in rank level) The sum of cycles that the DRAM part is active or under refresh for level _0_0_2_2
      ramulator.serving_requests_0_0_2_2             1516701                                      # The sum of read and write requests that are served in this DRAM element per memory cycle for level _0_0_2_2
ramulator.average_serving_requests_0_0_2_2            0.166625                                      # The average of read and write requests that are served in this DRAM element per memory cycle for level _0_0_2_2
         ramulator.active_cycles_0_0_2_3             1273735                                      # Total active cycles for level _0_0_2_3
           ramulator.busy_cycles_0_0_2_3             1273735                                      # (All-bank refresh only. busy cycles only include refresh time in rank level) The sum of cycles that the DRAM part is active or under refresh for level _0_0_2_3
      ramulator.serving_requests_0_0_2_3             1501871                                      # The sum of read and write requests that are served in this DRAM element per memory cycle for level _0_0_2_3
ramulator.average_serving_requests_0_0_2_3            0.164996                                      # The average of read and write requests that are served in this DRAM element per memory cycle for level _0_0_2_3
           ramulator.active_cycles_0_0_3             3748305                                      # Total active cycles for level _0_0_3
             ramulator.busy_cycles_0_0_3             3748305                                      # (All-bank refresh only. busy cycles only include refresh time in rank level) The sum of cycles that the DRAM part is active or under refresh for level _0_0_3
        ramulator.serving_requests_0_0_3             5953243                                      # The sum of read and write requests that are served in this DRAM element per memory cycle for level _0_0_3
ramulator.average_serving_requests_0_0_3            0.654025                                      # The average of read and write requests that are served in this DRAM element per memory cycle for level _0_0_3
         ramulator.active_cycles_0_0_3_0             1224040                                      # Total active cycles for level _0_0_3_0
           ramulator.busy_cycles_0_0_3_0             1224040                                      # (All-bank refresh only. busy cycles only include refresh time in rank level) The sum of cycles that the DRAM part is active or under refresh for level _0_0_3_0
      ramulator.serving_requests_0_0_3_0             1456038                                      # The sum of read and write requests that are served in this DRAM element per memory cycle for level _0_0_3_0
ramulator.average_serving_requests_0_0_3_0            0.159961                                      # The average of read and write requests that are served in this DRAM element per memory cycle for level _0_0_3_0
         ramulator.active_cycles_0_0_3_1             1309710                                      # Total active cycles for level _0_0_3_1
           ramulator.busy_cycles_0_0_3_1             1309710                                      # (All-bank refresh only. busy cycles only include refresh time in rank level) The sum of cycles that the DRAM part is active or under refresh for level _0_0_3_1
      ramulator.serving_requests_0_0_3_1             1565662                                      # The sum of read and write requests that are served in this DRAM element per memory cycle for level _0_0_3_1
ramulator.average_serving_requests_0_0_3_1            0.172004                                      # The average of read and write requests that are served in this DRAM element per memory cycle for level _0_0_3_1
         ramulator.active_cycles_0_0_3_2             1210070                                      # Total active cycles for level _0_0_3_2
           ramulator.busy_cycles_0_0_3_2             1210070                                      # (All-bank refresh only. busy cycles only include refresh time in rank level) The sum of cycles that the DRAM part is active or under refresh for level _0_0_3_2
      ramulator.serving_requests_0_0_3_2             1436957                                      # The sum of read and write requests that are served in this DRAM element per memory cycle for level _0_0_3_2
ramulator.average_serving_requests_0_0_3_2            0.157864                                      # The average of read and write requests that are served in this DRAM element per memory cycle for level _0_0_3_2
         ramulator.active_cycles_0_0_3_3             1266613                                      # Total active cycles for level _0_0_3_3
           ramulator.busy_cycles_0_0_3_3             1266613                                      # (All-bank refresh only. busy cycles only include refresh time in rank level) The sum of cycles that the DRAM part is active or under refresh for level _0_0_3_3
      ramulator.serving_requests_0_0_3_3             1494586                                      # The sum of read and write requests that are served in this DRAM element per memory cycle for level _0_0_3_3
ramulator.average_serving_requests_0_0_3_3            0.164196                                      # The average of read and write requests that are served in this DRAM element per memory cycle for level _0_0_3_3
      ramulator.read_transaction_bytes_0            52143616                                      # The total byte of read transaction per channel
     ramulator.write_transaction_bytes_0             1267136                                      # The total byte of write transaction per channel
       ramulator.row_hits_channel_0_core              640026                                      # Number of row hits per channel per core
     ramulator.row_misses_channel_0_core               27155                                      # Number of row misses per channel per core
  ramulator.row_conflicts_channel_0_core              167362                                      # Number of row conflicts per channel per core
  ramulator.read_row_hits_channel_0_core              622060                                      # Number of row hits for read requests per channel per core
                                     [0]            622060.0                                      # 
ramulator.read_row_misses_channel_0_core               26590                                      # Number of row misses for read requests per channel per core
                                     [0]             26590.0                                      # 
ramulator.read_row_conflicts_channel_0_core              166094                                      # Number of row conflicts for read requests per channel per core
                                     [0]            166094.0                                      # 
 ramulator.write_row_hits_channel_0_core               17966                                      # Number of row hits for write requests per channel per core
                                     [0]             17966.0                                      # 
ramulator.write_row_misses_channel_0_core                 565                                      # Number of row misses for write requests per channel per core
                                     [0]               565.0                                      # 
ramulator.write_row_conflicts_channel_0_core                1268                                      # Number of row conflicts for write requests per channel per core
                                     [0]              1268.0                                      # 
      ramulator.useless_activates_0_core                  20                                      # Number of useless activations. E.g, ACT -> PRE w/o RD or WR
            ramulator.read_latency_avg_0           81.955359                                      # The average memory latency cycles (in memory time domain) per request for all read requests in this channel
            ramulator.read_latency_sum_0            66772637                                      # The memory latency cycles (in memory time domain) sum for all read requests in this channel
        ramulator.req_queue_length_avg_0           21.538622                                      # Average of read and write queue length per memory cycle per channel.
        ramulator.req_queue_length_sum_0           196054786                                      # Sum of read and write queue length per memory cycle per channel.
   ramulator.read_req_queue_length_avg_0            6.975795                                      # Read queue length average per memory cycle per channel.
   ramulator.read_req_queue_length_sum_0            63497005                                      # Read queue length sum per memory cycle per channel.
  ramulator.write_req_queue_length_avg_0           14.562827                                      # Write queue length average per memory cycle per channel.
  ramulator.write_req_queue_length_sum_0           132557781                                      # Write queue length sum per memory cycle per channel.
              ramulator.record_read_hits                 0.0                                      # record read hit count for this core when it reaches request limit or to the end
                                     [0]                 0.0                                      # 
            ramulator.record_read_misses                 0.0                                      # record_read_miss count for this core when it reaches request limit or to the end
                                     [0]                 0.0                                      # 
         ramulator.record_read_conflicts                 0.0                                      # record read conflict count for this core when it reaches request limit or to the end
                                     [0]                 0.0                                      # 
             ramulator.record_write_hits                 0.0                                      # record write hit count for this core when it reaches request limit or to the end
                                     [0]                 0.0                                      # 
           ramulator.record_write_misses                 0.0                                      # record write miss count for this core when it reaches request limit or to the end
                                     [0]                 0.0                                      # 
        ramulator.record_write_conflicts                 0.0                                      # record write conflict for this core when it reaches request limit or to the end
                                     [0]                 0.0                                      # 
                 ramulator.dram_capacity          8589934592                                      # Number of bytes in simulated DRAM
                   ramulator.dram_cycles             9102476                                      # Number of DRAM cycles simulated
             ramulator.incoming_requests              834555                                      # Number of incoming requests to DRAM
                 ramulator.read_requests              814744                                      # Number of incoming read requests to DRAM per core
                                     [0]            814744.0                                      # 
                ramulator.write_requests               19811                                      # Number of incoming write requests to DRAM per core
                                     [0]             19811.0                                      # 
       ramulator.ramulator_active_cycles             6588267                                      # The total number of cycles that the DRAM part is active (serving R/W)
 ramulator.incoming_requests_per_channel            834555.0                                      # Number of incoming requests to each DRAM channel
                                     [0]            834555.0                                      # 
ramulator.incoming_read_reqs_per_channel            814744.0                                      # Number of incoming read requests to each DRAM channel
                                     [0]            814744.0                                      # 
     ramulator.physical_page_replacement                   0                                      # The number of times that physical page replacement happens.
             ramulator.maximum_bandwidth         19200000000                                      # The theoretical maximum bandwidth (Bps)
          ramulator.in_queue_req_num_sum           196054786                                      # Sum of read/write queue length
     ramulator.in_queue_read_req_num_sum            63497005                                      # Sum of read queue length
    ramulator.in_queue_write_req_num_sum           132557781                                      # Sum of write queue length
          ramulator.in_queue_req_num_avg           21.538622                                      # Average of read/write queue length per memory cycle
     ramulator.in_queue_read_req_num_avg            6.975795                                      # Average of read queue length per memory cycle
    ramulator.in_queue_write_req_num_avg           14.562827                                      # Average of write queue length per memory cycle
          ramulator.record_read_requests                 0.0                                      # record read requests for this core when it reaches request limit or to the end
                                     [0]                 0.0                                      # 
         ramulator.record_write_requests                 0.0                                      # record write requests for this core when it reaches request limit or to the end
                                     [0]                 0.0                                      # 
