Scarab gitrev: 3541854
Scarab started at Sat Oct 26 02:14:11 2024

Initialized Ramulator. 
** Heartbeat:   5% -- { 1000000 } -- 0.00 KIPS (166.67 KIPS)
** Heartbeat:  10% -- { 2000000 } -- 166.67 KIPS (166.67 KIPS)
** Heartbeat:  15% -- { 3000003 } -- 142.86 KIPS (157.89 KIPS)
** Heartbeat:  20% -- { 4000007 } -- 125.00 KIPS (148.15 KIPS)
** Heartbeat:  25% -- { 5000008 } -- 142.86 KIPS (147.06 KIPS)
** Heartbeat:  30% -- { 6000008 } -- 125.00 KIPS (142.86 KIPS)
** Heartbeat:  35% -- { 7000011 } -- 142.86 KIPS (142.86 KIPS)
** Heartbeat:  40% -- { 8000013 } -- 142.86 KIPS (142.86 KIPS)
** Heartbeat:  45% -- { 9000017 } -- 100.00 KIPS (136.36 KIPS)
** Heartbeat:  50% -- { 10000018 } -- 142.86 KIPS (136.99 KIPS)
** Heartbeat:  55% -- { 11000018 } -- 100.00 KIPS (132.53 KIPS)
** Heartbeat:  60% -- { 12000021 } -- 142.86 KIPS (133.33 KIPS)
** Heartbeat:  65% -- { 13000021 } -- 125.00 KIPS (132.65 KIPS)
** Heartbeat:  70% -- { 14000021 } -- 125.00 KIPS (132.08 KIPS)
** Heartbeat:  75% -- { 15000023 } -- 125.00 KIPS (131.58 KIPS)
** Heartbeat:  80% -- { 16000026 } -- 111.11 KIPS (130.08 KIPS)
** Heartbeat:  85% -- { 17000026 } -- 111.11 KIPS (128.79 KIPS)
** Heartbeat:  90% -- { 18000026 } -- 111.11 KIPS (127.66 KIPS)
** Heartbeat:  95% -- { 19000026 } -- 71.43 KIPS (122.58 KIPS)
** Core 0 Finished:    insts:20000000    cycles:12114029    time:3785634062500       -- 1.65 IPC (1.65 IPC) --  N/A  KIPS (121.21 KIPS)
Scarab finished at Sat Oct 26 02:16:56 2024

