/* -*- Mode: c -*- */
####################################################################################################
Core 0
####################################################################################################
Cumulative:        Cycles: 13904769              Instructions: 20000000              IPC: 1.43836

Periodic:          Cycles: 6884421               Instructions: 10000000              IPC: 1.45255

EXECUTION_TIME                           2151381562500                  4345240312500              

NODE_CYCLE                                     6884421                       13904769              

NODE_INST_COUNT                               10000000                       20000000              

NODE_INST_COUNT_FETCHED                       10000000                       20000000              

NODE_UOP_COUNT                                12536991                       25073846              

FULL_WINDOW_STALL                              4202810       61.048%          8535991       61.389%

FULL_WINDOW_MEM_OP                              514587       14.441%          1087362       15.009%
FULL_WINDOW_FP_OP                              2984921       83.768%          6039544       83.367%
FULL_WINDOW_OTHER_OP                             63814        1.791%           117607        1.623%
                                               3563322      100.000%          7244513      100.000%
                                                  0.87         0.22              0.87         0.22

RET_BLOCKED_DC_MISS                             126205        1.833%           313629        2.256%

RET_BLOCKED_L1_MISS                             101988        1.481%           257354        1.851%

RET_BLOCKED_L1_MISS_BW_PREF                          0        0.000%                0        0.000%

RET_BLOCKED_L1_ACCESS                            24217        0.352%            56275        0.405%

RET_BLOCKED_MEM_STALL                           101988        1.481%           257354        1.851%

RET_BLOCKED_OFFCHIP_DEMAND                           0        0.000%                0        0.000%

OP_ISSUED                                     12549830                       25113115              

OP_RETIRED                                    12536991                       25073846              

REPLAY_SIGNALED                                      0                              0              

REPLAY_COUNTED                                       0                              0              

OFF_CRITICAL_PATH                                    0         -nan%                0         -nan%
ON_CRITICAL_PATH                                     0         -nan%                0         -nan%
                                                     0         -nan%                0         -nan%
                                                  -nan         -nan              -nan         -nan

LD_NO_DEPENDENTS                                 74655        1.870%           149342        1.871%
LD_DEPENDENTS                                  3917504       98.130%          7834619       98.129%
                                               3992159      100.000%          7983961      100.000%
                                                  0.98         0.97              0.98         0.97

LD_EXEC_CYCLES_0                                     0        0.000%                0        0.000%
LD_EXEC_CYCLES_1                                     0        0.000%                0        0.000%
LD_EXEC_CYCLES_2                                     0        0.000%                0        0.000%
LD_EXEC_CYCLES_3                                    48       55.172%              117       55.714%
LD_EXEC_CYCLES_4                                    39       44.828%               93       44.286%
                                                    87      100.000%              210      100.000%
                                                  3.45         2.38              3.44         2.35

ICACHE_STAGE_STARVED                               195        0.007%             3434        0.063%
ICACHE_STAGE_NOT_STARVED                       2723789       99.993%          5447781       99.937%
                                               2723984      100.000%          5451215      100.000%
                                                  1.00         1.00              1.00         1.00

ICACHE_STAGE_STALLED                           4149916       60.280%          8421197       60.563%
ICACHE_STAGE_NOT_STALLED                       2723984       39.567%          5449600       39.192%
ICACHE_STAGE_OFF_PATH                            10521        0.153%            33972        0.244%
                                               6884421      100.000%         13904769      100.000%
                                                  0.40         0.38              0.40         0.39

DECODE_STAGE_STARVED                           6884067       99.998%         13899993       99.996%
DECODE_STAGE_NOT_STARVED                           128        0.002%              603        0.004%
                                               6884195      100.000%         13900596      100.000%
                                                  0.00         0.00              0.00         0.01

DECODE_STAGE_STALLED                               271        0.004%             1330        0.010%
DECODE_STAGE_NOT_STALLED                       6883924       99.993%         13899266       99.960%
DECODE_STAGE_OFF_PATH                              226        0.003%             4173        0.030%
                                               6884421      100.000%         13904769      100.000%
                                                  1.00         0.01              1.00         0.02

UOPQ_STAGE_STARVED                                6025        0.221%            18591        0.341%
UOPQ_STAGE_NOT_STARVED                         2718526       99.779%          5434861       99.659%
                                               2724551      100.000%          5453452      100.000%
                                                  1.00         1.00              1.00         0.99

UOPQ_STAGE_STALLED                             4149921       60.280%          8421212       60.563%
UOPQ_STAGE_NOT_STALLED                         2724551       39.576%          5453452       39.220%
UOPQ_STAGE_OFF_PATH                               9949        0.145%            30105        0.217%
                                               6884421      100.000%         13904769      100.000%
                                                  0.40         0.38              0.40         0.39

MAP_STAGE_STARVED                                  611        0.009%             3306        0.024%
MAP_STAGE_NOT_STARVED                          6875626       99.991%         13874814       99.976%
                                               6876237      100.000%         13878120      100.000%
                                                  1.00         1.00              1.00         1.00

MAP_STAGE_STALLED                              4151624       60.305%          8426429       60.601%
MAP_STAGE_NOT_STALLED                          2724613       39.577%          5451691       39.207%
MAP_STAGE_OFF_PATH                                8184        0.119%            26649        0.192%
                                               6884421      100.000%         13904769      100.000%
                                                  0.40         0.38              0.40         0.39

EXEC_STAGE_STARVED                             1016110       14.760%          2127244       15.299%
EXEC_STAGE_NOT_STARVED                         5866147       85.209%         11768543       84.637%
EXEC_STAGE_OFF_PATH                               2164        0.031%             8982        0.065%
                                               6884421      100.000%         13904769      100.000%
                                                  0.85         0.14              0.85         0.14

FU_BUSY_0                                      6468275                       12998180              

FU_BUSY_1                                      3047219                        6064254              

FU_BUSY_2                                      2127291                        4247791              

FU_BUSY_3                                      1866234                        3740476              

FU_BUSY_4                                      1551835                        3082288              

FU_BUSY_5                                      1279353                        2547497              

FU_BUSY_6                                       676069                        1346518              

FU_BUSY_7                                       657753                        1323913              

FU_BUSY_8                                            0                              0              

FU_BUSY_9                                            0                              0              

FU_BUSY_10                                           0                              0              

FU_BUSY_11                                           0                              0              

FU_BUSY_12                                           0                              0              

FU_BUSY_13                                           0                              0              

FU_BUSY_14                                           0                              0              

FU_BUSY_15                                           0                              0              

FU_BUSY_16                                           0                              0              

FU_BUSY_17                                           0                              0              

FU_BUSY_18                                           0                              0              

FU_BUSY_19                                           0                              0              

FU_BUSY_20                                           0                              0              

FU_BUSY_21                                           0                              0              

FU_BUSY_22                                           0                              0              

FU_BUSY_23                                           0                              0              

FU_BUSY_24                                           0                              0              

FU_BUSY_25                                           0                              0              

FU_BUSY_26                                           0                              0              

FU_BUSY_27                                           0                              0              

FU_BUSY_28                                           0                              0              

FU_BUSY_29                                           0                              0              

FU_BUSY_30                                           0                              0              

FU_BUSY_31                                           0                              0              

FU_REJECTED_OP_INV_NOT_SIMD                          0        0.000%                0        0.000%
FU_REJECTED_OP_NOP_NOT_SIMD                     148751        3.013%           290246        2.947%
FU_REJECTED_OP_CF_NOT_SIMD                      946109       19.166%          1899624       19.287%
FU_REJECTED_OP_MOV_NOT_SIMD                      96999        1.965%           203684        2.068%
FU_REJECTED_OP_CMOV_NOT_SIMD                         0        0.000%                0        0.000%
FU_REJECTED_OP_LDA_NOT_SIMD                     280711        5.687%           542236        5.505%
FU_REJECTED_OP_IMEM_NOT_SIMD                         1        0.000%                1        0.000%
FU_REJECTED_OP_IADD_NOT_SIMD                      2368        0.048%             5013        0.051%
FU_REJECTED_OP_IMUL_NOT_SIMD                    683241       13.841%          1365334       13.863%
FU_REJECTED_OP_IDIV_NOT_SIMD                         0        0.000%                0        0.000%
FU_REJECTED_OP_ICMP_NOT_SIMD                         0        0.000%                0        0.000%
FU_REJECTED_OP_LOGIC_NOT_SIMD                   221477        4.487%           484768        4.922%
FU_REJECTED_OP_SHIFT_NOT_SIMD                   152439        3.088%           336014        3.412%
FU_REJECTED_OP_FMEM_NOT_SIMD                      6967        0.141%            11596        0.118%
FU_REJECTED_OP_FCVT_NOT_SIMD                         0        0.000%                0        0.000%
FU_REJECTED_OP_FADD_NOT_SIMD                         0        0.000%                0        0.000%
FU_REJECTED_OP_FMUL_NOT_SIMD                         0        0.000%                0        0.000%
FU_REJECTED_OP_FMA_NOT_SIMD                          0        0.000%                0        0.000%
FU_REJECTED_OP_FDIV_NOT_SIMD                         0        0.000%                0        0.000%
FU_REJECTED_OP_FCMP_NOT_SIMD                         0        0.000%                0        0.000%
FU_REJECTED_OP_FCMOV_NOT_SIMD                        0        0.000%                0        0.000%
FU_REJECTED_OP_GATHER_NOT_SIMD                       0        0.000%                0        0.000%
FU_REJECTED_OP_SCATTER_NOT_SIMD                      0        0.000%                0        0.000%
FU_REJECTED_OP_PIPELINED_FAST_NOT_SIMD               0        0.000%                0        0.000%
FU_REJECTED_OP_PIPELINED_MEDIUM_NOT_SIMD             0        0.000%                0        0.000%
FU_REJECTED_OP_PIPELINED_SLOW_NOT_SIMD               0        0.000%                0        0.000%
FU_REJECTED_OP_NOTPIPELINED_MEDIUM_NOT_SIMD             0        0.000%                0        0.000%
FU_REJECTED_OP_NOTPIPELINED_SLOW_NOT_SIMD             0        0.000%                0        0.000%
FU_REJECTED_OP_NOTPIPELINED_VERY_SLOW_NOT_SIMD             0        0.000%                0        0.000%
FU_REJECTED_OP_INV_SIMD                              0        0.000%                0        0.000%
FU_REJECTED_OP_NOP_SIMD                              0        0.000%                0        0.000%
FU_REJECTED_OP_CF_SIMD                               0        0.000%                0        0.000%
FU_REJECTED_OP_MOV_SIMD                         176017        3.566%           364950        3.705%
FU_REJECTED_OP_CMOV_SIMD                             0        0.000%                0        0.000%
FU_REJECTED_OP_LDA_SIMD                              0        0.000%                0        0.000%
FU_REJECTED_OP_IMEM_SIMD                             0        0.000%                0        0.000%
FU_REJECTED_OP_IADD_SIMD                             0        0.000%                0        0.000%
FU_REJECTED_OP_IMUL_SIMD                             0        0.000%                0        0.000%
FU_REJECTED_OP_IDIV_SIMD                             0        0.000%                0        0.000%
FU_REJECTED_OP_ICMP_SIMD                             0        0.000%                0        0.000%
FU_REJECTED_OP_LOGIC_SIMD                            0        0.000%                0        0.000%
FU_REJECTED_OP_SHIFT_SIMD                       257434        5.215%           540491        5.488%
FU_REJECTED_OP_FMEM_SIMD                             0        0.000%                0        0.000%
FU_REJECTED_OP_FCVT_SIMD                             0        0.000%                0        0.000%
FU_REJECTED_OP_FADD_SIMD                         73518        1.489%           146524        1.488%
FU_REJECTED_OP_FMUL_SIMD                             0        0.000%                0        0.000%
FU_REJECTED_OP_FMA_SIMD                         306381        6.207%           619706        6.292%
FU_REJECTED_OP_FDIV_SIMD                        548891       11.119%          1116313       11.334%
FU_REJECTED_OP_FCMP_SIMD                        264122        5.351%           548533        5.569%
FU_REJECTED_OP_FCMOV_SIMD                       635732       12.879%          1108500       11.255%
FU_REJECTED_OP_GATHER_SIMD                      135199        2.739%           265578        2.696%
FU_REJECTED_OP_SCATTER_SIMD                          0        0.000%                0        0.000%
FU_REJECTED_OP_PIPELINED_FAST_SIMD                   0        0.000%                0        0.000%
FU_REJECTED_OP_PIPELINED_MEDIUM_SIMD                 0        0.000%                0        0.000%
FU_REJECTED_OP_PIPELINED_SLOW_SIMD                   0        0.000%                0        0.000%
FU_REJECTED_OP_NOTPIPELINED_MEDIUM_SIMD              0        0.000%                0        0.000%
FU_REJECTED_OP_NOTPIPELINED_SLOW_SIMD                0        0.000%                0        0.000%
FU_REJECTED_OP_NOTPIPELINED_VERY_SLOW_SIMD             0        0.000%                0        0.000%
                                               4936357      100.000%          9849111      100.000%
                                                 25.01        20.66             24.68        20.54

OP_WAIT_0                                      6407890                       12835792              

OP_WAIT_1                                      1514613                        2982670              

OP_WAIT_2                                       582568                        1145818              

OP_WAIT_3                                       342365                         689012              

OP_WAIT_4                                       187246                         387080              

OP_WAIT_5                                       233579                         465724              

OP_WAIT_6                                       131913                         260618              

OP_WAIT_7                                       105555                         210278              

OP_WAIT_8                                        57306                         124902              

OP_WAIT_9                                        39142                          81608              

OP_WAIT_10                                       48209                          91424              

OP_WAIT_11                                       31279                          68652              

OP_WAIT_12                                       23743                          48968              

OP_WAIT_13                                       36462                          76570              

OP_WAIT_14                                       40285                          82650              

OP_WAIT_15                                       33330                          67413              

OP_WAIT_16                                       52064                         106011              

OP_WAIT_17                                       35287                          76434              

OP_WAIT_18                                       28725                          58913              

OP_WAIT_19                                       25492                          51103              

OP_WAIT_20                                       12874                          26809              

OP_WAIT_21                                       24806                          51686              

OP_WAIT_22                                       20936                          39313              

OP_WAIT_23                                       16310                          32393              

OP_WAIT_24                                       28233                          52014              

OP_WAIT_25                                       18046                          34141              

OP_WAIT_26                                       19375                          35118              

OP_WAIT_27                                       25287                          45333              

OP_WAIT_28                                       37470                          67596              

OP_WAIT_29                                       25584                          44209              

OP_WAIT_30                                       15531                          29232              

OP_WAIT_31                                     2335486                        4704362              

ROW_SIZE_0                                     4380177                        8891335              

ROW_SIZE_1                                      222475                         449827              

ROW_SIZE_2                                      145808                         289478              

ROW_SIZE_3                                      124713                         251464              

ROW_SIZE_4                                      178633                         358873              

ROW_SIZE_5                                       61455                         119695              

ROW_SIZE_6                                     1771159                        3542784              

ROW_SIZE_7                                           0                              0              

ROW_SIZE_8                                           0                              0              

ROW_SIZE_9                                           0                              0              

ROW_SIZE_10                                          0                              0              

ROW_SIZE_11                                          0                              0              

ROW_SIZE_12                                          0                              0              

ROW_SIZE_13                                          0                              0              

ROW_SIZE_14                                          0                              0              

ROW_SIZE_15                                          0                              0              

ROW_SIZE_16                                          0                              0              

ROW_SIZE_17                                          0                              0              

ROW_SIZE_18                                          0                              0              

ROW_SIZE_19                                          0                              0              

ROW_SIZE_20                                          0                              0              

ROW_SIZE_21                                          0                              0              

ROW_SIZE_22                                          0                              0              

ROW_SIZE_23                                          0                              0              

ROW_SIZE_24                                          0                              0              

ROW_SIZE_25                                          0                              0              

ROW_SIZE_26                                          0                              0              

ROW_SIZE_27                                          0                              0              

ROW_SIZE_28                                          0                              0              

ROW_SIZE_29                                          0                              0              

ROW_SIZE_30                                          0                              0              

ROW_SIZE_31                                          0                              0              

RET_OP_EXEC_COUNT_0                                  0        0.000%                0        0.000%
RET_OP_EXEC_COUNT_1                           12536991      100.000%         25073846      100.000%
RET_OP_EXEC_COUNT_2                                  0        0.000%                0        0.000%
RET_OP_EXEC_COUNT_3                                  0        0.000%                0        0.000%
RET_OP_EXEC_COUNT_4                                  0        0.000%                0        0.000%
RET_OP_EXEC_COUNT_5                                  0        0.000%                0        0.000%
RET_OP_EXEC_COUNT_6                                  0        0.000%                0        0.000%
RET_OP_EXEC_COUNT_7                                  0        0.000%                0        0.000%
RET_OP_EXEC_COUNT_8                                  0        0.000%                0        0.000%
RET_OP_EXEC_COUNT_9                                  0        0.000%                0        0.000%
RET_OP_EXEC_COUNT_10                                 0        0.000%                0        0.000%
RET_OP_EXEC_COUNT_11                                 0        0.000%                0        0.000%
RET_OP_EXEC_COUNT_12                                 0        0.000%                0        0.000%
RET_OP_EXEC_COUNT_13                                 0        0.000%                0        0.000%
RET_OP_EXEC_COUNT_14                                 0        0.000%                0        0.000%
RET_OP_EXEC_COUNT_15                                 0        0.000%                0        0.000%
RET_OP_EXEC_COUNT_16                                 0        0.000%                0        0.000%
RET_OP_EXEC_COUNT_17                                 0        0.000%                0        0.000%
RET_OP_EXEC_COUNT_18                                 0        0.000%                0        0.000%
RET_OP_EXEC_COUNT_19                                 0        0.000%                0        0.000%
RET_OP_EXEC_COUNT_20                                 0        0.000%                0        0.000%
RET_OP_EXEC_COUNT_21                                 0        0.000%                0        0.000%
RET_OP_EXEC_COUNT_22                                 0        0.000%                0        0.000%
RET_OP_EXEC_COUNT_23                                 0        0.000%                0        0.000%
RET_OP_EXEC_COUNT_24                                 0        0.000%                0        0.000%
RET_OP_EXEC_COUNT_25                                 0        0.000%                0        0.000%
RET_OP_EXEC_COUNT_26                                 0        0.000%                0        0.000%
RET_OP_EXEC_COUNT_27                                 0        0.000%                0        0.000%
RET_OP_EXEC_COUNT_28                                 0        0.000%                0        0.000%
RET_OP_EXEC_COUNT_29                                 0        0.000%                0        0.000%
RET_OP_EXEC_COUNT_30                                 0        0.000%                0        0.000%
RET_OP_EXEC_COUNT_31                                 0        0.000%                0        0.000%
RET_OP_EXEC_COUNT_32                                 0        0.000%                0        0.000%
                                              12536991      100.000%         25073846      100.000%
                                                  1.00         0.00              1.00         0.00

RET_STALL_LENGTH_0                            12536819       99.999%         25073390       99.998%
RET_STALL_LENGTH_100                                64        0.001%              241        0.001%
RET_STALL_LENGTH_200                                18        0.000%               39        0.000%
RET_STALL_LENGTH_300                                20        0.000%               25        0.000%
RET_STALL_LENGTH_400                                19        0.000%               25        0.000%
RET_STALL_LENGTH_500                                13        0.000%               16        0.000%
RET_STALL_LENGTH_600                                 9        0.000%               13        0.000%
RET_STALL_LENGTH_700                                 7        0.000%               13        0.000%
RET_STALL_LENGTH_800                                 7        0.000%               22        0.000%
RET_STALL_LENGTH_900                                 3        0.000%               15        0.000%
RET_STALL_LENGTH_1000                                4        0.000%               24        0.000%
RET_STALL_LENGTH_1100                                7        0.000%               20        0.000%
RET_STALL_LENGTH_1200                                1        0.000%                3        0.000%
RET_STALL_LENGTH_1300                                0        0.000%                0        0.000%
RET_STALL_LENGTH_1400                                0        0.000%                0        0.000%
RET_STALL_LENGTH_1500                                0        0.000%                0        0.000%
RET_STALL_LENGTH_1600                                0        0.000%                0        0.000%
RET_STALL_LENGTH_1700                                0        0.000%                0        0.000%
RET_STALL_LENGTH_1800                                0        0.000%                0        0.000%
RET_STALL_LENGTH_1900                                0        0.000%                0        0.000%
RET_STALL_LENGTH_2000                                0        0.000%                0        0.000%
RET_STALL_LENGTH_2100                                0        0.000%                0        0.000%
RET_STALL_LENGTH_2200                                0        0.000%                0        0.000%
RET_STALL_LENGTH_2300                                0        0.000%                0        0.000%
RET_STALL_LENGTH_2400                                0        0.000%                0        0.000%
RET_STALL_LENGTH_2500                                0        0.000%                0        0.000%
RET_STALL_LENGTH_2600                                0        0.000%                0        0.000%
RET_STALL_LENGTH_2700                                0        0.000%                0        0.000%
RET_STALL_LENGTH_2800                                0        0.000%                0        0.000%
RET_STALL_LENGTH_2900                                0        0.000%                0        0.000%
RET_STALL_LENGTH_3000                                0        0.000%                0        0.000%
RET_STALL_LENGTH_3100                                0        0.000%                0        0.000%
RET_STALL_LENGTH_3200                                0        0.000%                0        0.000%
RET_STALL_LENGTH_3300                                0        0.000%                0        0.000%
RET_STALL_LENGTH_3400                                0        0.000%                0        0.000%
RET_STALL_LENGTH_3500                                0        0.000%                0        0.000%
RET_STALL_LENGTH_3600                                0        0.000%                0        0.000%
RET_STALL_LENGTH_3700                                0        0.000%                0        0.000%
RET_STALL_LENGTH_3800                                0        0.000%                0        0.000%
RET_STALL_LENGTH_3900                                0        0.000%                0        0.000%
RET_STALL_LENGTH_4000                                0        0.000%                0        0.000%
RET_STALL_LENGTH_4100                                0        0.000%                0        0.000%
RET_STALL_LENGTH_4200                                0        0.000%                0        0.000%
RET_STALL_LENGTH_4300                                0        0.000%                0        0.000%
RET_STALL_LENGTH_4400                                0        0.000%                0        0.000%
RET_STALL_LENGTH_4500                                0        0.000%                0        0.000%
RET_STALL_LENGTH_4600                                0        0.000%                0        0.000%
RET_STALL_LENGTH_4700                                0        0.000%                0        0.000%
RET_STALL_LENGTH_4800                                0        0.000%                0        0.000%
RET_STALL_LENGTH_4900                                0        0.000%                0        0.000%
RET_STALL_LENGTH_5000                                0        0.000%                0        0.000%
                                              12536991      100.000%         25073846      100.000%
                                                  0.00         0.02              0.00         0.02

MEM_BLOCK_LENGTH_0                                   0         -nan%                3      100.000%
MEM_BLOCK_LENGTH_100                                 0         -nan%                0        0.000%
MEM_BLOCK_LENGTH_200                                 0         -nan%                0        0.000%
MEM_BLOCK_LENGTH_300                                 0         -nan%                0        0.000%
MEM_BLOCK_LENGTH_400                                 0         -nan%                0        0.000%
MEM_BLOCK_LENGTH_500                                 0         -nan%                0        0.000%
MEM_BLOCK_LENGTH_600                                 0         -nan%                0        0.000%
MEM_BLOCK_LENGTH_700                                 0         -nan%                0        0.000%
MEM_BLOCK_LENGTH_800                                 0         -nan%                0        0.000%
MEM_BLOCK_LENGTH_900                                 0         -nan%                0        0.000%
MEM_BLOCK_LENGTH_1000                                0         -nan%                0        0.000%
MEM_BLOCK_LENGTH_1100                                0         -nan%                0        0.000%
MEM_BLOCK_LENGTH_1200                                0         -nan%                0        0.000%
MEM_BLOCK_LENGTH_1300                                0         -nan%                0        0.000%
MEM_BLOCK_LENGTH_1400                                0         -nan%                0        0.000%
MEM_BLOCK_LENGTH_1500                                0         -nan%                0        0.000%
MEM_BLOCK_LENGTH_1600                                0         -nan%                0        0.000%
MEM_BLOCK_LENGTH_1700                                0         -nan%                0        0.000%
MEM_BLOCK_LENGTH_1800                                0         -nan%                0        0.000%
MEM_BLOCK_LENGTH_1900                                0         -nan%                0        0.000%
MEM_BLOCK_LENGTH_2000                                0         -nan%                0        0.000%
MEM_BLOCK_LENGTH_2100                                0         -nan%                0        0.000%
MEM_BLOCK_LENGTH_2200                                0         -nan%                0        0.000%
MEM_BLOCK_LENGTH_2300                                0         -nan%                0        0.000%
MEM_BLOCK_LENGTH_2400                                0         -nan%                0        0.000%
MEM_BLOCK_LENGTH_2500                                0         -nan%                0        0.000%
MEM_BLOCK_LENGTH_2600                                0         -nan%                0        0.000%
MEM_BLOCK_LENGTH_2700                                0         -nan%                0        0.000%
MEM_BLOCK_LENGTH_2800                                0         -nan%                0        0.000%
MEM_BLOCK_LENGTH_2900                                0         -nan%                0        0.000%
MEM_BLOCK_LENGTH_3000                                0         -nan%                0        0.000%
MEM_BLOCK_LENGTH_3100                                0         -nan%                0        0.000%
MEM_BLOCK_LENGTH_3200                                0         -nan%                0        0.000%
MEM_BLOCK_LENGTH_3300                                0         -nan%                0        0.000%
MEM_BLOCK_LENGTH_3400                                0         -nan%                0        0.000%
MEM_BLOCK_LENGTH_3500                                0         -nan%                0        0.000%
MEM_BLOCK_LENGTH_3600                                0         -nan%                0        0.000%
MEM_BLOCK_LENGTH_3700                                0         -nan%                0        0.000%
MEM_BLOCK_LENGTH_3800                                0         -nan%                0        0.000%
MEM_BLOCK_LENGTH_3900                                0         -nan%                0        0.000%
MEM_BLOCK_LENGTH_4000                                0         -nan%                0        0.000%
MEM_BLOCK_LENGTH_4100                                0         -nan%                0        0.000%
MEM_BLOCK_LENGTH_4200                                0         -nan%                0        0.000%
MEM_BLOCK_LENGTH_4300                                0         -nan%                0        0.000%
MEM_BLOCK_LENGTH_4400                                0         -nan%                0        0.000%
MEM_BLOCK_LENGTH_4500                                0         -nan%                0        0.000%
MEM_BLOCK_LENGTH_4600                                0         -nan%                0        0.000%
MEM_BLOCK_LENGTH_4700                                0         -nan%                0        0.000%
MEM_BLOCK_LENGTH_4800                                0         -nan%                0        0.000%
MEM_BLOCK_LENGTH_4900                                0         -nan%                0        0.000%
MEM_BLOCK_LENGTH_5000                                0         -nan%                0        0.000%
                                                     0         -nan%                3      100.000%
                                                  -nan         -nan              0.00         0.00

FUS_BUSY_ON_PATH                              17670787        2.5668         35339546        2.5415

FUS_BUSY_OFF_PATH                                 3242        0.0005            11371        0.0008

FU_BUSY_MEM_STALL                               176065        0.0256           354017        0.0255

FUS_EMPTY                                     37401339        5.4328         75887235        5.4576

FU_UNAVAILABLE                                 4860474        0.7060          9697587        0.6974

FU_MEM_UNAVAILABLE                               75883        0.0110           151524        0.0109

FU_REPLAY                                            0        0.0000                0        0.0000

FU_STARVED                                    37401102        5.4327         75886571        5.4576

CHIP_UTILIZATION                                     0        0.0000                0        0.0000

CYCLES_UNDER_MEM_REQ                                 0                              0              

CYCLES_UNDER_NO_MEM_REQ                              0                              0              

CYCLES_UNDER_CRITICAL_MEM_REQ                        0                              0              

CYCLES_UNDER_NONCRITICAL_MEM_REQ                     0                              0              

CHIP_UTILIZATION_UNDER_MEM_REQ                       0          -nan                0          -nan

CHIP_UTILIZATION_UNDER_NO_MEM_REQ                    0          -nan                0          -nan

CHIP_UTILIZATION_UNDER_CRITICAL_MEM_REQ              0          -nan                0          -nan

CHIP_UTILIZATION_UNDER_NONCRITICAL_MEM_REQ             0          -nan                0          -nan

CYCLES_NOT_WAITING_FOR_OFF_CHIP                      0        0.0000                0        0.0000

FUS_BUSY_NOT_WAITING_FOR_OFF_CHIP                    0          -nan                0          -nan

CYCLES_WAITING_FOR_OFF_CHIP                          0        0.0000                0        0.0000

FUS_BUSY_WAITING_FOR_OFF_CHIP                        0          -nan                0          -nan

TOTAL_OFF_CHIP_DELAYS_LEFT                           0                              0              

WRONG_IO_SCHED                                       0                              0              

DVFS_CONFIG_SWITCH                                   0                              0              

MAP_STAGE_RECEIVED_OPS_0                             0        0.000%                0        0.000%
MAP_STAGE_RECEIVED_OPS_1                        223919        8.221%           447949        8.222%
MAP_STAGE_RECEIVED_OPS_2                        261236        9.591%           522490        9.590%
MAP_STAGE_RECEIVED_OPS_3                        223893        8.220%           447800        8.219%
MAP_STAGE_RECEIVED_OPS_4                        335992       12.335%           672087       12.336%
MAP_STAGE_RECEIVED_OPS_5                        298603       10.962%           597510       10.967%
MAP_STAGE_RECEIVED_OPS_6                       1380243       50.672%          2760210       50.664%
MAP_STAGE_RECEIVED_OPS_7                             0        0.000%                0        0.000%
MAP_STAGE_RECEIVED_OPS_8                             0        0.000%                0        0.000%
MAP_STAGE_RECEIVED_OPS_MAX                           0        0.000%                0        0.000%
                                               2723886      100.000%          5448046      100.000%
                                                  4.60         1.73              4.60         1.73

MAP_STAGE_WAIT_FOR_DECODE                            0         -nan%                0         -nan%
MAP_STAGE_CONSUME_DECODE                             0         -nan%                0         -nan%
                                                     0         -nan%                0         -nan%
                                                  -nan         -nan              -nan         -nan

MAP_STAGE_WAIT_FOR_DECODE2                           0         -nan%                0         -nan%
MAP_STAGE_CONSUME_DECODE2                            0         -nan%                0         -nan%
                                                     0         -nan%                0         -nan%
                                                  -nan         -nan              -nan         -nan

FTQ_RECOVER_EXEC                                   116                            339              

FTQ_RECOVER_DECODE                                   0                              5              

FTQ_OFFPATH_CYCLES                                9897                          32130              

FTQ_CYCLES_OFFPATH                               21770                          64723              

FTQ_CYCLES_ONPATH                              6862651                       13840046              

FTQ_FETCHED_INS_OFFPATH                          48315                         148108              

FTQ_FETCHED_INS_ONPATH                        12536227                       25073502              

FTQ_BREAK_FULL_FT_ONPATH                       6860641       99.978%         13835324       99.971%
FTQ_BREAK_MAX_CFS_TAKEN_ONPATH                     900        0.013%             2357        0.017%
FTQ_BREAK_MAX_BYTES_ONPATH                         639        0.009%             1666        0.012%
FTQ_BREAK_PRED_BR_ONPATH                             0        0.000%                0        0.000%
FTQ_BREAK_BAR_FETCH_ONPATH                           0        0.000%                0        0.000%
                                               6862180      100.000%         13839347      100.000%
                                                  0.00         0.02              0.00         0.03

FTQ_BREAK_FULL_FT_OFFPATH                        21706       99.178%            63938       98.265%
FTQ_BREAK_MAX_CFS_TAKEN_OFFPATH                     82        0.375%              469        0.721%
FTQ_BREAK_MAX_BYTES_OFFPATH                         98        0.448%              660        1.014%
FTQ_BREAK_PRED_BR_OFFPATH                            0        0.000%                0        0.000%
FTQ_BREAK_BAR_FETCH_OFFPATH                          0        0.000%                0        0.000%
                                                 21886      100.000%            65067      100.000%
                                                  0.01         0.15              0.03         0.22



