/* -*- Mode: c -*- */
####################################################################################################
Core 0
####################################################################################################
Cumulative:        Cycles: 12714668              Instructions: 20000000              IPC: 1.57299

Periodic:          Cycles: 6222741               Instructions: 9999996               IPC: 1.60701

MISS_WAIT_TIME                               522936970                      790626098              

ICACHE_STAGE_MISS                                   56                            435              

ICACHE_CYCLE                                   6222741                       12714668              

TCACHE_CYCLE                                         0                              0              

ICACHE_CYCLE_ONPATH                            2984306       47.958%          5938415       46.705%
ICACHE_CYCLE_OFFPATH                           3238435       52.042%          6776253       53.295%
                                               6222741      100.000%         12714668      100.000%
                                                  0.52         0.51              0.53         0.52

FETCH_ON_PATH                                  2746703       47.672%          5511840       47.181%
FETCH_OFF_PATH                                 3014918       52.328%          6170380       52.819%
                                               5761621      100.000%         11682220      100.000%
                                                  0.52         0.51              0.53         0.51

FETCHED_OPS_ON_PATH                                  0         -nan%                0         -nan%
FETCHED_OPS_OFF_PATH                                 0         -nan%                0         -nan%
                                                     0         -nan%                0         -nan%
                                                  -nan         -nan              -nan         -nan

INST_LOST_FETCH                               12242818       33.875%         24482518       33.134%
INST_LOST_OFF_PATH                            13509774       37.381%         27612818       37.370%
INST_LOST_FULL_WINDOW                             5946        0.016%            19854        0.027%
INST_LOST_ROB_STALL_OTHER                      2340384        6.476%          4351368        5.889%
INST_LOST_ROB_STALL_WAIT_FOR_RECOVERY             2592        0.007%             5634        0.008%
INST_LOST_ROB_STALL_WAIT_FOR_REDIRECT                0        0.000%                0        0.000%
INST_LOST_ROB_STALL_WAIT_FOR_GAP_FILL                0        0.000%                0        0.000%
INST_LOST_ROB_STALL_WAIT_FOR_L1_MISS                 0        0.000%                0        0.000%
INST_LOST_ROB_STALL_WAIT_FOR_MEMORY                  0        0.000%             1704        0.002%
INST_LOST_ROB_STALL_WAIT_FOR_DC_MISS            417798        1.156%          1816128        2.458%
INST_LOST_ROB_BLOCK_ISSUE_FULL                       0        0.000%                0        0.000%
INST_LOST_ROB_BLOCK_ISSUE_GAP_TOO_LARGE              0        0.000%                0        0.000%
INST_LOST_BREAK_DONT                                 0        0.000%                0        0.000%
INST_LOST_BREAK_RENAME                               0        0.000%                0        0.000%
INST_LOST_BREAK_FT_UNAVAILABLE                     255        0.001%              255        0.000%
INST_LOST_BREAK_ICACHE_TO_UOP_CACHE_SWITCH        563868        1.560%          1124973        1.523%
INST_LOST_BREAK_ICACHE_MISS_REQ_SUCCESS            219        0.001%             1702        0.002%
INST_LOST_BREAK_ICACHE_MISS_REQ_FAILURE              0        0.000%              860        0.001%
INST_LOST_BREAK_WAIT_FOR_MISS                     2400        0.007%            84865        0.115%
INST_LOST_BREAK_UOP_CACHE_READ_LIMIT           6665585       18.443%         13614346       18.425%
INST_LOST_BREAK_UOP_CACHE_READ_LIMIT_AND_ISSUE_WIDTH             0        0.000%                0        0.000%
INST_LOST_BREAK_ICACHE_READ_LIMIT               389178        1.077%           772644        1.046%
INST_LOST_BREAK_ICACHE_READ_LIMIT_AND_ISSUE_WIDTH             0        0.000%                0        0.000%
INST_LOST_BREAK_ISSUE_WIDTH                          0        0.000%                0        0.000%
INST_LOST_BREAK_BARRIERT                             0        0.000%                0        0.000%
INST_LOST_BREAK_WAIT_FOR_EMPTY_ROB                   0        0.000%                0        0.000%
INST_LOST_BREAK_APP_EXIT                             1        0.000%                1        0.000%
INST_LOST_BREAK_STALL                                0        0.000%                0        0.000%
                                              36140818      100.000%         73889670      100.000%
                                                  4.64         6.92              4.74         6.92

INST_LOST_TOTAL                               36140818                       73889670              

INST_LOST_WAIT_FOR_ICACHE_MISS_NOT_PREFETCHED             0        0.000%            14595       20.275%
INST_LOST_WAIT_FOR_ICACHE_MISS_PREFETCHED_AND_EVICTED_BY_IFETCH             0        0.000%                0        0.000%
INST_LOST_WAIT_FOR_ICACHE_MISS_PREFETCHED_AND_EVICTED_BY_FDIP             0        0.000%                0        0.000%
INST_LOST_WAIT_FOR_ICACHE_MISS_MSHR_HIT_PREF_OFFPATH            55        2.865%             1520        2.112%
INST_LOST_WAIT_FOR_ICACHE_MISS_MSHR_HIT_PREF_ONPATH          1865       97.135%            55870       77.613%
                                                  1920      100.000%            71985      100.000%
                                                  3.97         3.92              3.17         2.89

FETCH_0_OPS                                     462214        7.427%          1067426        8.384%
FETCH_1_OPS                                     635427       10.210%          1294337       10.166%
FETCH_2_OPS                                     374212        6.013%           782262        6.144%
FETCH_3_OPS                                     729691       11.725%          1461494       11.479%
FETCH_4_OPS                                     384522        6.179%           780122        6.127%
FETCH_5_OPS                                    1181686       18.988%          2348137       18.442%
FETCH_6_OPS                                    2455525       39.457%          4998470       39.258%
FETCH_7_OPS                                          0        0.000%                0        0.000%
FETCH_8_OPS                                          0        0.000%                0        0.000%
FETCH_9_OPS                                          0        0.000%                0        0.000%
FETCH_10_OPS                                         0        0.000%                0        0.000%
FETCH_11_OPS                                         0        0.000%                0        0.000%
FETCH_12_OPS                                         0        0.000%                0        0.000%
FETCH_13_OPS                                         0        0.000%                0        0.000%
FETCH_14_OPS                                         0        0.000%                0        0.000%
FETCH_15_OPS                                         0        0.000%                0        0.000%
FETCH_16_OPS                                         0        0.000%                0        0.000%
                                               6223277      100.000%         12732248      100.000%
                                                  4.14         1.72              4.09         1.72

ST_BREAK_DONT                                        0        0.000%                0        0.000%
ST_BREAK_RENAME                                      0        0.000%                0        0.000%
ST_BREAK_FT_UNAVAILABLE                             51        0.001%               51        0.000%
ST_BREAK_ICACHE_TO_UOP_CACHE_SWITCH             204118        3.543%           407701        3.490%
ST_BREAK_ICACHE_MISS_REQ_SUCCESS                    56        0.001%              435        0.004%
ST_BREAK_ICACHE_MISS_REQ_FAILURE                     0        0.000%              172        0.001%
ST_BREAK_WAIT_FOR_MISS                             480        0.008%            16973        0.145%
ST_BREAK_UOP_CACHE_READ_LIMIT                  2110468       36.630%          4285412       36.683%
ST_BREAK_UOP_CACHE_READ_LIMIT_AND_ISSUE_WIDTH        473947        8.226%           950650        8.138%
ST_BREAK_ICACHE_READ_LIMIT                      164518        2.855%           326547        2.795%
ST_BREAK_ICACHE_READ_LIMIT_AND_ISSUE_WIDTH         49486        0.859%            97580        0.835%
ST_BREAK_ISSUE_WIDTH                           2758496       47.877%          5596698       47.908%
ST_BREAK_BARRIERT                                    0        0.000%                0        0.000%
ST_BREAK_WAIT_FOR_EMPTY_ROB                          0        0.000%                0        0.000%
ST_BREAK_APP_EXIT                                    1        0.000%                1        0.000%
ST_BREAK_STALL                                       0        0.000%                0        0.000%
                                               5761621      100.000%         11682220      100.000%
                                                  8.94         2.18              8.94         2.18

ORACLE_ON_PATH_INST                           12242818       47.540%         24482518       46.996%
ORACLE_OFF_PATH_INST                          13509774       52.460%         27612818       53.004%
                                              25752592      100.000%         52095336      100.000%
                                                  0.52         0.51              0.53         0.52

ORACLE_ON_PATH_INST_MEM                        3641297       14.140%          7298490       14.010%
ORACLE_ON_PATH_INST_NOTMEM                     8601521       33.401%         17184028       32.986%
ORACLE_OFF_PATH_INST_MEM                       4263141       16.554%          8692584       16.686%
ORACLE_OFF_PATH_INST_NOTMEM                    9246633       35.906%         18920234       36.318%
                                              25752592      100.000%         52095336      100.000%
                                                  1.74         1.36              1.75         1.37

ICACHE_CYCLE_NONRA_ONPATH                            0         -nan%                0         -nan%
ICACHE_CYCLE_NONRA_OFFPATH                           0         -nan%                0         -nan%
ICACHE_CYCLE_RA_ONPATH                               0         -nan%                0         -nan%
ICACHE_CYCLE_RA_OFFPATH                              0         -nan%                0         -nan%
                                                     0         -nan%                0         -nan%
                                                  -nan         -nan              -nan         -nan

ICACHE_CYCLE_ONPATH_NONRA                            0         -nan%                0         -nan%
ICACHE_CYCLE_OFFPATH_NONRA                           0         -nan%                0         -nan%
                                                     0         -nan%                0         -nan%
                                                  -nan         -nan              -nan         -nan

ICACHE_CYCLE_ONPATH_RA                               0         -nan%                0         -nan%
ICACHE_CYCLE_OFFPATH_RA                              0         -nan%                0         -nan%
                                                     0         -nan%                0         -nan%
                                                  -nan         -nan              -nan         -nan

INACCURATE_OFFPATH_CYCLES                            0        0.0000                0        0.0000

FETCH_ALL_INST                                25752592                       52095336              

EXEC_ALL_INST                                 16319960                       32867257              

RET_ALL_INST                                  12243019                       24482518              

EXEC_ON_PATH_INST                             12242939       75.018%         24482518       74.489%
EXEC_OFF_PATH_INST                             4077021       24.982%          8384739       25.511%
                                              16319960      100.000%         32867257      100.000%
                                                  0.25         0.40              0.26         0.40

EXEC_ON_PATH_INST_MEM                          3641326       22.312%          7298490       22.206%
EXEC_ON_PATH_INST_NOTMEM                       8601613       52.706%         17184028       52.283%
EXEC_OFF_PATH_INST_MEM                         1483342        9.089%          3038981        9.246%
EXEC_OFF_PATH_INST_NOTMEM                      2593679       15.893%          5345758       16.265%
                                              16319960      100.000%         32867257      100.000%
                                                  1.19         0.91              1.20         0.92

EXEC_RA_INST                                         0         -nan%                0         -nan%
EXEC_NONRA_INST                                      0         -nan%                0         -nan%
                                                     0         -nan%                0         -nan%
                                                  -nan         -nan              -nan         -nan

EXEC_ON_PATH_INST_RA                                 0         -nan%                0         -nan%
EXEC_OFF_PATH_INST_RA                                0         -nan%                0         -nan%
                                                     0         -nan%                0         -nan%
                                                  -nan         -nan              -nan         -nan

EXEC_ON_PATH_INST_NONRA                              0         -nan%                0         -nan%
EXEC_OFF_PATH_INST_NONRA                             0         -nan%                0         -nan%
                                                     0         -nan%                0         -nan%
                                                  -nan         -nan              -nan         -nan

EXEC_RA_ON_PATH_INST                                 0         -nan%                0         -nan%
EXEC_RA_OFF_PATH_INST                                0         -nan%                0         -nan%
EXEC_NONRA_ON_PATH_INST                              0         -nan%                0         -nan%
EXEC_NONRA_OFF_PATH_INST                             0         -nan%                0         -nan%
                                                     0         -nan%                0         -nan%
                                                  -nan         -nan              -nan         -nan

ICACHE_THROTTLE_CYCLE                                0                              0              

FETCH_ENABLE_THROTTLE_OFF_PATH                       0         -nan%                0         -nan%
FETCH_ENABLE_THROTTLE_ON_PATH                        0         -nan%                0         -nan%
                                                     0         -nan%                0         -nan%
                                                  -nan         -nan              -nan         -nan

FETCH_DISABLE_THROTTLE_OFF_PATH                      0         -nan%                0         -nan%
FETCH_DISABLE_THROTTLE_ON_PATH                       0         -nan%                0         -nan%
                                                     0         -nan%                0         -nan%
                                                  -nan         -nan              -nan         -nan

FETCH_TH_ADJUST__0                                   0         -nan%                0         -nan%
FETCH_TH_ADJUST__1                                   0         -nan%                0         -nan%
FETCH_TH_ADJUST__2                                   0         -nan%                0         -nan%
FETCH_TH_ADJUST__3                                   0         -nan%                0         -nan%
FETCH_TH_ADJUST__4                                   0         -nan%                0         -nan%
FETCH_TH_ADJUST__5                                   0         -nan%                0         -nan%
FETCH_TH_ADJUST__6                                   0         -nan%                0         -nan%
FETCH_TH_ADJUST__7                                   0         -nan%                0         -nan%
FETCH_TH_ADJUST__8                                   0         -nan%                0         -nan%
FETCH_TH_ADJUST__9                                   0         -nan%                0         -nan%
FETCH_TH_ADJUST__MAX                                 0         -nan%                0         -nan%
                                                     0         -nan%                0         -nan%
                                                  -nan         -nan              -nan         -nan

FETCH_TH_ADJUST_UP                                   0         -nan%                0         -nan%
FETCH_TH_ADJUST_DOWN                                 0         -nan%                0         -nan%
FETCH_TH_ADJUST_SAME                                 0         -nan%                0         -nan%
                                                     0         -nan%                0         -nan%
                                                  -nan         -nan              -nan         -nan

THROTTLE_ADJUST_CACHE_MISS_INFO                      0                              0              

LOW_CONF_COUNT_BP_MIS_0                              0         -nan%                0         -nan%
LOW_CONF_COUNT_BP_MIS_1                              0         -nan%                0         -nan%
LOW_CONF_COUNT_BP_MIS_2                              0         -nan%                0         -nan%
LOW_CONF_COUNT_BP_MIS_3                              0         -nan%                0         -nan%
LOW_CONF_COUNT_BP_MIS_4                              0         -nan%                0         -nan%
LOW_CONF_COUNT_BP_MIS_5                              0         -nan%                0         -nan%
LOW_CONF_COUNT_BP_MIS_6                              0         -nan%                0         -nan%
LOW_CONF_COUNT_BP_MIS_7                              0         -nan%                0         -nan%
LOW_CONF_COUNT_BP_MIS_8                              0         -nan%                0         -nan%
LOW_CONF_COUNT_BP_MIS_9                              0         -nan%                0         -nan%
LOW_CONF_COUNT_BP_MIS_10                             0         -nan%                0         -nan%
LOW_CONF_COUNT_BP_MIS_11                             0         -nan%                0         -nan%
LOW_CONF_COUNT_BP_MIS_12                             0         -nan%                0         -nan%
LOW_CONF_COUNT_BP_MIS_13                             0         -nan%                0         -nan%
LOW_CONF_COUNT_BP_MIS_14                             0         -nan%                0         -nan%
LOW_CONF_COUNT_BP_MIS_15                             0         -nan%                0         -nan%
LOW_CONF_COUNT_BP_MIS_16                             0         -nan%                0         -nan%
LOW_CONF_COUNT_BP_MIS_17                             0         -nan%                0         -nan%
LOW_CONF_COUNT_BP_MIS_18                             0         -nan%                0         -nan%
LOW_CONF_COUNT_BP_MIS_19                             0         -nan%                0         -nan%
LOW_CONF_COUNT_BP_MIS_20                             0         -nan%                0         -nan%
                                                     0         -nan%                0         -nan%
                                                  -nan         -nan              -nan         -nan

LOW_CONF_COUNT_RET_0                                 0         -nan%                0         -nan%
LOW_CONF_COUNT_RET_1                                 0         -nan%                0         -nan%
LOW_CONF_COUNT_RET_2                                 0         -nan%                0         -nan%
LOW_CONF_COUNT_RET_3                                 0         -nan%                0         -nan%
LOW_CONF_COUNT_RET_4                                 0         -nan%                0         -nan%
LOW_CONF_COUNT_RET_5                                 0         -nan%                0         -nan%
LOW_CONF_COUNT_RET_6                                 0         -nan%                0         -nan%
LOW_CONF_COUNT_RET_7                                 0         -nan%                0         -nan%
LOW_CONF_COUNT_RET_8                                 0         -nan%                0         -nan%
LOW_CONF_COUNT_RET_9                                 0         -nan%                0         -nan%
LOW_CONF_COUNT_RET_10                                0         -nan%                0         -nan%
LOW_CONF_COUNT_RET_11                                0         -nan%                0         -nan%
LOW_CONF_COUNT_RET_12                                0         -nan%                0         -nan%
LOW_CONF_COUNT_RET_13                                0         -nan%                0         -nan%
LOW_CONF_COUNT_RET_14                                0         -nan%                0         -nan%
LOW_CONF_COUNT_RET_15                                0         -nan%                0         -nan%
LOW_CONF_COUNT_RET_16                                0         -nan%                0         -nan%
LOW_CONF_COUNT_RET_17                                0         -nan%                0         -nan%
LOW_CONF_COUNT_RET_18                                0         -nan%                0         -nan%
LOW_CONF_COUNT_RET_19                                0         -nan%                0         -nan%
LOW_CONF_COUNT_RET_20                                0         -nan%                0         -nan%
                                                     0         -nan%                0         -nan%
                                                  -nan         -nan              -nan         -nan

CYCLES_RESTEER_MISPRED                               0         -nan%                0         -nan%
CYCLES_RESTEER_MISFETCH                              0         -nan%                0         -nan%
CYCLES_RESTEER_BTB_MISS                              0         -nan%                0         -nan%
                                                     0         -nan%                0         -nan%
                                                  -nan         -nan              -nan         -nan

CYCLES_RESTEER_MISPRED_SAVED_UC_FETCH                0         -nan%                0         -nan%
CYCLES_RESTEER_MISPRED_COULD_BE_SAVED_UC_FETCH             0         -nan%                0         -nan%
CYCLES_RESTEER_MISFETCH_SAVED_UC_FETCH               0         -nan%                0         -nan%
CYCLES_RESTEER_MISFETCH_COULD_BE_SAVED_UC_FETCH             0         -nan%                0         -nan%
CYCLES_RESTEER_BTB_MISS_SAVED_UC_FETCH               0         -nan%                0         -nan%
CYCLES_RESTEER_BTB_MISS_COULD_BE_SAVED_UC_FETCH             0         -nan%                0         -nan%
                                                     0         -nan%                0         -nan%
                                                  -nan         -nan              -nan         -nan

CYCLES_UOC_IC_SWITCH                                 0                              0              



