/* -*- Mode: c -*- */
####################################################################################################
Core 0
####################################################################################################
Cumulative:        Cycles: 5274180               Instructions: 20000000              IPC: 3.79206

Periodic:          Cycles: 2621930               Instructions: 9999999               IPC: 3.81398

MISS_WAIT_TIME                              3128067582                     4473430867              

ICACHE_STAGE_MISS                                  824                           2540              

ICACHE_CYCLE                                   2621930                        5274180              

TCACHE_CYCLE                                         0                              0              

ICACHE_CYCLE_ONPATH                            2270791       86.608%          4535771       86.000%
ICACHE_CYCLE_OFFPATH                            351139       13.392%           738409       14.000%
                                               2621930      100.000%          5274180      100.000%
                                                  0.13         0.32              0.14         0.33

FETCH_ON_PATH                                  2114717       87.337%          4247595       86.719%
FETCH_OFF_PATH                                  306626       12.663%           650527       13.281%
                                               2421343      100.000%          4898122      100.000%
                                                  0.13         0.31              0.13         0.32

FETCHED_OPS_ON_PATH                                  0         -nan%                0         -nan%
FETCHED_OPS_OFF_PATH                                 0         -nan%                0         -nan%
                                                     0         -nan%                0         -nan%
                                                  -nan         -nan              -nan         -nan

INST_LOST_FETCH                               10374006       67.155%         20763750       67.059%
INST_LOST_OFF_PATH                             1476379        9.557%          3127327       10.100%
INST_LOST_FULL_WINDOW                            20808        0.135%            42762        0.138%
INST_LOST_ROB_STALL_OTHER                       260436        1.686%           509514        1.646%
INST_LOST_ROB_STALL_WAIT_FOR_RECOVERY             1032        0.007%             2310        0.007%
INST_LOST_ROB_STALL_WAIT_FOR_REDIRECT                0        0.000%                0        0.000%
INST_LOST_ROB_STALL_WAIT_FOR_GAP_FILL                0        0.000%                0        0.000%
INST_LOST_ROB_STALL_WAIT_FOR_L1_MISS                 0        0.000%                0        0.000%
INST_LOST_ROB_STALL_WAIT_FOR_MEMORY                 60        0.000%              390        0.001%
INST_LOST_ROB_STALL_WAIT_FOR_DC_MISS            921186        5.963%          1701372        5.495%
INST_LOST_ROB_BLOCK_ISSUE_FULL                       0        0.000%                0        0.000%
INST_LOST_ROB_BLOCK_ISSUE_GAP_TOO_LARGE              0        0.000%                0        0.000%
INST_LOST_BREAK_DONT                                 0        0.000%                0        0.000%
INST_LOST_BREAK_RENAME                               0        0.000%                0        0.000%
INST_LOST_BREAK_FT_UNAVAILABLE                     410        0.003%              410        0.001%
INST_LOST_BREAK_ICACHE_TO_UOP_CACHE_SWITCH         63609        0.412%           139766        0.451%
INST_LOST_BREAK_ICACHE_MISS_REQ_SUCCESS           3292        0.021%             9896        0.032%
INST_LOST_BREAK_ICACHE_MISS_REQ_FAILURE            302        0.002%             6267        0.020%
INST_LOST_BREAK_WAIT_FOR_MISS                    60875        0.394%           311935        1.007%
INST_LOST_BREAK_UOP_CACHE_READ_LIMIT           2233109       14.456%          4277147       13.814%
INST_LOST_BREAK_UOP_CACHE_READ_LIMIT_AND_ISSUE_WIDTH             0        0.000%                0        0.000%
INST_LOST_BREAK_ICACHE_READ_LIMIT                32346        0.209%            70550        0.228%
INST_LOST_BREAK_ICACHE_READ_LIMIT_AND_ISSUE_WIDTH             0        0.000%                0        0.000%
INST_LOST_BREAK_ISSUE_WIDTH                          0        0.000%                0        0.000%
INST_LOST_BREAK_BARRIERT                             0        0.000%                0        0.000%
INST_LOST_BREAK_WAIT_FOR_EMPTY_ROB                   0        0.000%                0        0.000%
INST_LOST_BREAK_APP_EXIT                             3        0.000%                3        0.000%
INST_LOST_BREAK_STALL                                0        0.000%                0        0.000%
                                              15447853      100.000%         30963399      100.000%
                                                  3.61         6.22              3.58         6.21

INST_LOST_TOTAL                               15447853                       30963399              

INST_LOST_WAIT_FOR_ICACHE_MISS_NOT_PREFETCHED          4390        8.436%            68875       24.596%
INST_LOST_WAIT_FOR_ICACHE_MISS_PREFETCHED_AND_EVICTED_BY_IFETCH             0        0.000%                0        0.000%
INST_LOST_WAIT_FOR_ICACHE_MISS_PREFETCHED_AND_EVICTED_BY_FDIP             0        0.000%                0        0.000%
INST_LOST_WAIT_FOR_ICACHE_MISS_MSHR_HIT_PREF_OFFPATH           990        1.902%             3970        1.418%
INST_LOST_WAIT_FOR_ICACHE_MISS_MSHR_HIT_PREF_ONPATH         46660       89.662%           207185       73.987%
                                                 52040      100.000%           280030      100.000%
                                                  3.64         3.47              3.00         2.72

FETCH_0_OPS                                     226444        8.594%           507320        9.500%
FETCH_1_OPS                                     191751        7.277%           380753        7.130%
FETCH_2_OPS                                      88012        3.340%           162244        3.038%
FETCH_3_OPS                                     208204        7.902%           394360        7.385%
FETCH_4_OPS                                     140923        5.348%           292325        5.474%
FETCH_5_OPS                                     383630       14.559%           786698       14.731%
FETCH_6_OPS                                    1396026       52.980%          2816661       52.743%
FETCH_7_OPS                                          0        0.000%                0        0.000%
FETCH_8_OPS                                          0        0.000%                0        0.000%
FETCH_9_OPS                                          0        0.000%                0        0.000%
FETCH_10_OPS                                         0        0.000%                0        0.000%
FETCH_11_OPS                                         0        0.000%                0        0.000%
FETCH_12_OPS                                         0        0.000%                0        0.000%
FETCH_13_OPS                                         0        0.000%                0        0.000%
FETCH_14_OPS                                         0        0.000%                0        0.000%
FETCH_15_OPS                                         0        0.000%                0        0.000%
FETCH_16_OPS                                         0        0.000%                0        0.000%
                                               2634990      100.000%          5340361      100.000%
                                                  4.50         1.59              4.47         1.58

ST_BREAK_DONT                                        0        0.000%                0        0.000%
ST_BREAK_RENAME                                      0        0.000%                0        0.000%
ST_BREAK_FT_UNAVAILABLE                             82        0.003%               82        0.002%
ST_BREAK_ICACHE_TO_UOP_CACHE_SWITCH              24182        0.999%            52972        1.081%
ST_BREAK_ICACHE_MISS_REQ_SUCCESS                   824        0.034%             2540        0.052%
ST_BREAK_ICACHE_MISS_REQ_FAILURE                    61        0.003%             1254        0.026%
ST_BREAK_WAIT_FOR_MISS                           12175        0.503%            62387        1.274%
ST_BREAK_UOP_CACHE_READ_LIMIT                   741590       30.627%          1399780       28.578%
ST_BREAK_UOP_CACHE_READ_LIMIT_AND_ISSUE_WIDTH        176217        7.278%           333921        6.817%
ST_BREAK_ICACHE_READ_LIMIT                       14833        0.613%            32232        0.658%
ST_BREAK_ICACHE_READ_LIMIT_AND_ISSUE_WIDTH          5068        0.209%            10990        0.224%
ST_BREAK_ISSUE_WIDTH                           1446310       59.732%          3001963       61.288%
ST_BREAK_BARRIERT                                    0        0.000%                0        0.000%
ST_BREAK_WAIT_FOR_EMPTY_ROB                          0        0.000%                0        0.000%
ST_BREAK_APP_EXIT                                    1        0.000%                1        0.000%
ST_BREAK_STALL                                       0        0.000%                0        0.000%
                                               2421343      100.000%          4898122      100.000%
                                                  9.43         1.98              9.48         1.99

ORACLE_ON_PATH_INST                           10374006       87.542%         20763750       86.910%
ORACLE_OFF_PATH_INST                           1476379       12.458%          3127327       13.090%
                                              11850385      100.000%         23891077      100.000%
                                                  0.12         0.31              0.13         0.32

ORACLE_ON_PATH_INST_MEM                        2983076       25.173%          5872548       24.581%
ORACLE_ON_PATH_INST_NOTMEM                     7390930       62.369%         14891202       62.330%
ORACLE_OFF_PATH_INST_MEM                        452259        3.816%           977368        4.091%
ORACLE_OFF_PATH_INST_NOTMEM                    1024120        8.642%          2149959        8.999%
                                              11850385      100.000%         23891077      100.000%
                                                  0.96         0.69              0.98         0.71

ICACHE_CYCLE_NONRA_ONPATH                            0         -nan%                0         -nan%
ICACHE_CYCLE_NONRA_OFFPATH                           0         -nan%                0         -nan%
ICACHE_CYCLE_RA_ONPATH                               0         -nan%                0         -nan%
ICACHE_CYCLE_RA_OFFPATH                              0         -nan%                0         -nan%
                                                     0         -nan%                0         -nan%
                                                  -nan         -nan              -nan         -nan

ICACHE_CYCLE_ONPATH_NONRA                            0         -nan%                0         -nan%
ICACHE_CYCLE_OFFPATH_NONRA                           0         -nan%                0         -nan%
                                                     0         -nan%                0         -nan%
                                                  -nan         -nan              -nan         -nan

ICACHE_CYCLE_ONPATH_RA                               0         -nan%                0         -nan%
ICACHE_CYCLE_OFFPATH_RA                              0         -nan%                0         -nan%
                                                     0         -nan%                0         -nan%
                                                  -nan         -nan              -nan         -nan

INACCURATE_OFFPATH_CYCLES                            0        0.0000                0        0.0000

FETCH_ALL_INST                                11850385                       23891077              

EXEC_ALL_INST                                 10636225                       21316134              

RET_ALL_INST                                  10374252                       20763750              

EXEC_ON_PATH_INST                             10374229       97.537%         20763750       97.409%
EXEC_OFF_PATH_INST                              261996        2.463%           552384        2.591%
                                              10636225      100.000%         21316134      100.000%
                                                  0.02         0.15              0.03         0.16

EXEC_ON_PATH_INST_MEM                          2983115       28.047%          5872548       27.550%
EXEC_ON_PATH_INST_NOTMEM                       7391114       69.490%         14891202       69.859%
EXEC_OFF_PATH_INST_MEM                          109138        1.026%           225426        1.058%
EXEC_OFF_PATH_INST_NOTMEM                       152858        1.437%           326958        1.534%
                                              10636225      100.000%         21316134      100.000%
                                                  0.76         0.37              0.77         0.37

EXEC_RA_INST                                         0         -nan%                0         -nan%
EXEC_NONRA_INST                                      0         -nan%                0         -nan%
                                                     0         -nan%                0         -nan%
                                                  -nan         -nan              -nan         -nan

EXEC_ON_PATH_INST_RA                                 0         -nan%                0         -nan%
EXEC_OFF_PATH_INST_RA                                0         -nan%                0         -nan%
                                                     0         -nan%                0         -nan%
                                                  -nan         -nan              -nan         -nan

EXEC_ON_PATH_INST_NONRA                              0         -nan%                0         -nan%
EXEC_OFF_PATH_INST_NONRA                             0         -nan%                0         -nan%
                                                     0         -nan%                0         -nan%
                                                  -nan         -nan              -nan         -nan

EXEC_RA_ON_PATH_INST                                 0         -nan%                0         -nan%
EXEC_RA_OFF_PATH_INST                                0         -nan%                0         -nan%
EXEC_NONRA_ON_PATH_INST                              0         -nan%                0         -nan%
EXEC_NONRA_OFF_PATH_INST                             0         -nan%                0         -nan%
                                                     0         -nan%                0         -nan%
                                                  -nan         -nan              -nan         -nan

ICACHE_THROTTLE_CYCLE                                0                              0              

FETCH_ENABLE_THROTTLE_OFF_PATH                       0         -nan%                0         -nan%
FETCH_ENABLE_THROTTLE_ON_PATH                        0         -nan%                0         -nan%
                                                     0         -nan%                0         -nan%
                                                  -nan         -nan              -nan         -nan

FETCH_DISABLE_THROTTLE_OFF_PATH                      0         -nan%                0         -nan%
FETCH_DISABLE_THROTTLE_ON_PATH                       0         -nan%                0         -nan%
                                                     0         -nan%                0         -nan%
                                                  -nan         -nan              -nan         -nan

FETCH_TH_ADJUST__0                                   0         -nan%                0         -nan%
FETCH_TH_ADJUST__1                                   0         -nan%                0         -nan%
FETCH_TH_ADJUST__2                                   0         -nan%                0         -nan%
FETCH_TH_ADJUST__3                                   0         -nan%                0         -nan%
FETCH_TH_ADJUST__4                                   0         -nan%                0         -nan%
FETCH_TH_ADJUST__5                                   0         -nan%                0         -nan%
FETCH_TH_ADJUST__6                                   0         -nan%                0         -nan%
FETCH_TH_ADJUST__7                                   0         -nan%                0         -nan%
FETCH_TH_ADJUST__8                                   0         -nan%                0         -nan%
FETCH_TH_ADJUST__9                                   0         -nan%                0         -nan%
FETCH_TH_ADJUST__MAX                                 0         -nan%                0         -nan%
                                                     0         -nan%                0         -nan%
                                                  -nan         -nan              -nan         -nan

FETCH_TH_ADJUST_UP                                   0         -nan%                0         -nan%
FETCH_TH_ADJUST_DOWN                                 0         -nan%                0         -nan%
FETCH_TH_ADJUST_SAME                                 0         -nan%                0         -nan%
                                                     0         -nan%                0         -nan%
                                                  -nan         -nan              -nan         -nan

THROTTLE_ADJUST_CACHE_MISS_INFO                      0                              0              

LOW_CONF_COUNT_BP_MIS_0                              0         -nan%                0         -nan%
LOW_CONF_COUNT_BP_MIS_1                              0         -nan%                0         -nan%
LOW_CONF_COUNT_BP_MIS_2                              0         -nan%                0         -nan%
LOW_CONF_COUNT_BP_MIS_3                              0         -nan%                0         -nan%
LOW_CONF_COUNT_BP_MIS_4                              0         -nan%                0         -nan%
LOW_CONF_COUNT_BP_MIS_5                              0         -nan%                0         -nan%
LOW_CONF_COUNT_BP_MIS_6                              0         -nan%                0         -nan%
LOW_CONF_COUNT_BP_MIS_7                              0         -nan%                0         -nan%
LOW_CONF_COUNT_BP_MIS_8                              0         -nan%                0         -nan%
LOW_CONF_COUNT_BP_MIS_9                              0         -nan%                0         -nan%
LOW_CONF_COUNT_BP_MIS_10                             0         -nan%                0         -nan%
LOW_CONF_COUNT_BP_MIS_11                             0         -nan%                0         -nan%
LOW_CONF_COUNT_BP_MIS_12                             0         -nan%                0         -nan%
LOW_CONF_COUNT_BP_MIS_13                             0         -nan%                0         -nan%
LOW_CONF_COUNT_BP_MIS_14                             0         -nan%                0         -nan%
LOW_CONF_COUNT_BP_MIS_15                             0         -nan%                0         -nan%
LOW_CONF_COUNT_BP_MIS_16                             0         -nan%                0         -nan%
LOW_CONF_COUNT_BP_MIS_17                             0         -nan%                0         -nan%
LOW_CONF_COUNT_BP_MIS_18                             0         -nan%                0         -nan%
LOW_CONF_COUNT_BP_MIS_19                             0         -nan%                0         -nan%
LOW_CONF_COUNT_BP_MIS_20                             0         -nan%                0         -nan%
                                                     0         -nan%                0         -nan%
                                                  -nan         -nan              -nan         -nan

LOW_CONF_COUNT_RET_0                                 0         -nan%                0         -nan%
LOW_CONF_COUNT_RET_1                                 0         -nan%                0         -nan%
LOW_CONF_COUNT_RET_2                                 0         -nan%                0         -nan%
LOW_CONF_COUNT_RET_3                                 0         -nan%                0         -nan%
LOW_CONF_COUNT_RET_4                                 0         -nan%                0         -nan%
LOW_CONF_COUNT_RET_5                                 0         -nan%                0         -nan%
LOW_CONF_COUNT_RET_6                                 0         -nan%                0         -nan%
LOW_CONF_COUNT_RET_7                                 0         -nan%                0         -nan%
LOW_CONF_COUNT_RET_8                                 0         -nan%                0         -nan%
LOW_CONF_COUNT_RET_9                                 0         -nan%                0         -nan%
LOW_CONF_COUNT_RET_10                                0         -nan%                0         -nan%
LOW_CONF_COUNT_RET_11                                0         -nan%                0         -nan%
LOW_CONF_COUNT_RET_12                                0         -nan%                0         -nan%
LOW_CONF_COUNT_RET_13                                0         -nan%                0         -nan%
LOW_CONF_COUNT_RET_14                                0         -nan%                0         -nan%
LOW_CONF_COUNT_RET_15                                0         -nan%                0         -nan%
LOW_CONF_COUNT_RET_16                                0         -nan%                0         -nan%
LOW_CONF_COUNT_RET_17                                0         -nan%                0         -nan%
LOW_CONF_COUNT_RET_18                                0         -nan%                0         -nan%
LOW_CONF_COUNT_RET_19                                0         -nan%                0         -nan%
LOW_CONF_COUNT_RET_20                                0         -nan%                0         -nan%
                                                     0         -nan%                0         -nan%
                                                  -nan         -nan              -nan         -nan

CYCLES_RESTEER_MISPRED                               0         -nan%                0         -nan%
CYCLES_RESTEER_MISFETCH                              0         -nan%                0         -nan%
CYCLES_RESTEER_BTB_MISS                              0         -nan%                0         -nan%
                                                     0         -nan%                0         -nan%
                                                  -nan         -nan              -nan         -nan

CYCLES_RESTEER_MISPRED_SAVED_UC_FETCH                0         -nan%                0         -nan%
CYCLES_RESTEER_MISPRED_COULD_BE_SAVED_UC_FETCH             0         -nan%                0         -nan%
CYCLES_RESTEER_MISFETCH_SAVED_UC_FETCH               0         -nan%                0         -nan%
CYCLES_RESTEER_MISFETCH_COULD_BE_SAVED_UC_FETCH             0         -nan%                0         -nan%
CYCLES_RESTEER_BTB_MISS_SAVED_UC_FETCH               0         -nan%                0         -nan%
CYCLES_RESTEER_BTB_MISS_COULD_BE_SAVED_UC_FETCH             0         -nan%                0         -nan%
                                                     0         -nan%                0         -nan%
                                                  -nan         -nan              -nan         -nan

CYCLES_UOC_IC_SWITCH                                 0                              0              



