/* -*- Mode: c -*- */
####################################################################################################
Core 0
####################################################################################################
Cumulative:        Cycles: 8724681               Instructions: 20000000              IPC: 2.29235

Periodic:          Cycles: 4226972               Instructions: 9999998               IPC: 2.36576

ST_OP_INV                                            0        0.000%                0        0.000%
ST_OP_NOP                                       125463        0.858%           328199        1.095%
ST_OP_CF                                       2553786       17.458%          5210826       17.387%
ST_OP_MOV                                      1088828        7.443%          2214158        7.388%
ST_OP_CMOV                                        3363        0.023%             6853        0.023%
ST_OP_LDA                                       467360        3.195%           955234        3.187%
ST_OP_ILD                                      1858484       12.705%          3794365       12.661%
ST_OP_IST                                       375237        2.565%           761601        2.541%
ST_OP_IADD                                      515128        3.521%          1048673        3.499%
ST_OP_IMUL                                         140        0.001%              285        0.001%
ST_OP_IDIV                                        1856        0.013%             3730        0.012%
ST_OP_ICMP                                     1413584        9.663%          2887196        9.634%
ST_OP_LOGIC                                     965612        6.601%          1966897        6.563%
ST_OP_SHIFT                                      10014        0.068%            20615        0.069%
ST_OP_FLD                                      2551293       17.441%          5219243       17.415%
ST_OP_FST                                       100190        0.685%           205007        0.684%
ST_OP_FCVT                                       24709        0.169%            51362        0.171%
ST_OP_FADD                                     1223393        8.363%          2507014        8.365%
ST_OP_FMUL                                     1212672        8.290%          2492661        8.317%
ST_OP_FMA                                        81356        0.556%           180771        0.603%
ST_OP_FDIV                                       31679        0.217%            64906        0.217%
ST_OP_FCMP                                       22798        0.156%            47028        0.157%
ST_OP_FCMOV                                          0        0.000%                0        0.000%
ST_OP_GATHER                                         0        0.000%                0        0.000%
ST_OP_SCATTER                                        0        0.000%                0        0.000%
ST_OP_PIPELINED_FAST                                 0        0.000%                0        0.000%
ST_OP_PIPELINED_MEDIUM                            1310        0.009%             2709        0.009%
ST_OP_PIPELINED_SLOW                                 0        0.000%                0        0.000%
ST_OP_NOTPIPELINED_MEDIUM                            0        0.000%                0        0.000%
ST_OP_NOTPIPELINED_SLOW                              0        0.000%                0        0.000%
ST_OP_NOTPIPELINED_VERY_SLOW                         0        0.000%                0        0.000%
                                              14628255      100.000%         29969333      100.000%
                                                  9.50         5.67              9.50         5.68

ST_NOT_CF                                     12074469       82.542%         24758507       82.613%
ST_CF_BR                                        307220        2.100%           627469        2.094%
ST_CF_CBR                                      2183370       14.926%          4454061       14.862%
ST_CF_CALL                                       26465        0.181%            54602        0.182%
ST_CF_IBR                                         4098        0.028%             8369        0.028%
ST_CF_ICALL                                       2679        0.018%             5281        0.018%
ST_CF_ICO                                            0        0.000%                0        0.000%
ST_CF_RET                                        29954        0.205%            61044        0.204%
ST_CF_SYS                                            0        0.000%                0        0.000%
                                              14628255      100.000%         29969333      100.000%
                                                  0.34         0.73              0.34         0.73

ST_BAR_NONE                                   14628255      100.000%         29969333      100.000%
ST_BAR_FETCH                                         0        0.000%                0        0.000%
ST_BAR_ISSUE                                         0        0.000%                0        0.000%
ST_BAR_BOTH                                          0        0.000%                0        0.000%
                                              14628255      100.000%         29969333      100.000%
                                                  0.00         0.00              0.00         0.00

ST_NOT_MEM                                     9743051       66.604%         19989117       66.699%
ST_MEM_LD                                      4409777       30.146%          9013608       30.076%
ST_MEM_ST                                       475427        3.250%           966608        3.225%
ST_MEM_PF                                            0        0.000%                0        0.000%
ST_MEM_WH                                            0        0.000%                0        0.000%
ST_MEM_EVICT                                         0        0.000%                0        0.000%
                                              14628255      100.000%         29969333      100.000%
                                                  0.37         0.46              0.37         0.46

ST_NOT_MEM_OFFPATH                             3726975       65.661%          8323807       65.892%
ST_MEM_LD_OFFPATH                              1812992       31.941%          4000172       31.666%
ST_MEM_ST_OFFPATH                               136152        2.399%           308505        2.442%
ST_MEM_PF_OFFPATH                                    0        0.000%                0        0.000%
ST_MEM_WH_OFFPATH                                    0        0.000%                0        0.000%
ST_MEM_EVIC_OFFPATHT                                 0        0.000%                0        0.000%
                                               5676119      100.000%         12632484      100.000%
                                                  0.37         0.44              0.37         0.44

ST_OP_ONPATH                                  14628255                       29969333              

ST_OP_OFFPATH                                  5676119                       12632484              

ST_FAKE_OP_OFFPATH                               31303        0.551%           179646        1.422%
ST_NOT_FAKE_OP_OFFPATH                         5644816       99.449%         12452838       98.578%
                                               5676119      100.000%         12632484      100.000%
                                                  0.99         0.99              0.99         0.98

ST_FAKE_REASON_NOT_FAKE                        5644816       99.449%         12452838       98.578%
ST_FAKE_REASON_REDIRECT_TO_NOT_INSTRUMENTED         31303        0.551%           179646        1.422%
ST_FAKE_REASON_RETURN_TO_NOT_INSTRUMENTED             0        0.000%                0        0.000%
ST_FAKE_REASON_NONRET_CF_TO_NOT_INSTRUMENTED             0        0.000%                0        0.000%
ST_FAKE_REASON_NOT_TAKEN_TO_NOT_INSTRUMENTED             0        0.000%                0        0.000%
ST_FAKE_REASON_WRONG_PATH_STORE_TO_NEW_REGION             0        0.000%                0        0.000%
                                               5676119      100.000%         12632484      100.000%
                                                  0.01         0.07              0.01         0.12

ST_INST_ONPATH                                14013589                       28700989              

ST_INST_OFFPATH                                5444612                       12105586              

STATIC_PIN_NOP                                       0                              0              

DYNAMIC_PIN_REP_GREATER_256                          0                              0              

INST_MAP_UPDATE_JITTED                          549867       29.224%          1111377       29.437%
INST_MAP_UPDATE_NPC_INV                              0        0.000%                0        0.000%
INST_MAP_UPDATE_NPC_NOP                              0        0.000%                0        0.000%
INST_MAP_UPDATE_NPC_CF                               0        0.000%                0        0.000%
INST_MAP_UPDATE_NPC_MOV                              0        0.000%                0        0.000%
INST_MAP_UPDATE_NPC_CMOV                             0        0.000%                0        0.000%
INST_MAP_UPDATE_NPC_LDA                              0        0.000%                0        0.000%
INST_MAP_UPDATE_NPC_IMEM                             0        0.000%                0        0.000%
INST_MAP_UPDATE_NPC_IADD                             0        0.000%                0        0.000%
INST_MAP_UPDATE_NPC_IMUL                          1092        0.058%             2178        0.058%
INST_MAP_UPDATE_NPC_IDIV                             0        0.000%                0        0.000%
INST_MAP_UPDATE_NPC_ICMP                             0        0.000%                0        0.000%
INST_MAP_UPDATE_NPC_LOGIC                            0        0.000%                0        0.000%
INST_MAP_UPDATE_NPC_SHIFT                            0        0.000%                0        0.000%
INST_MAP_UPDATE_NPC_FMEM                             0        0.000%                0        0.000%
INST_MAP_UPDATE_NPC_FCVT                             0        0.000%                0        0.000%
INST_MAP_UPDATE_NPC_FADD                             0        0.000%                0        0.000%
INST_MAP_UPDATE_NPC_FMUL                             0        0.000%                0        0.000%
INST_MAP_UPDATE_NPC_FMA                              0        0.000%                0        0.000%
INST_MAP_UPDATE_NPC_FDIV                             0        0.000%                0        0.000%
INST_MAP_UPDATE_NPC_FCMP                             0        0.000%                0        0.000%
INST_MAP_UPDATE_NPC_FCMOV                            0        0.000%                0        0.000%
INST_MAP_UPDATE_NPC_GATHER                           0        0.000%                0        0.000%
INST_MAP_UPDATE_NPC_SCATTER                          0        0.000%                0        0.000%
INST_MAP_UPDATE_NPC_PIPELINED_FAST                   0        0.000%                0        0.000%
INST_MAP_UPDATE_NPC_PIPELINED_MEDIUM                 0        0.000%                0        0.000%
INST_MAP_UPDATE_NPC_PIPELINED_SLOW                   0        0.000%                0        0.000%
INST_MAP_UPDATE_NPC_NOTPIPELINED_MEDIUM              0        0.000%                0        0.000%
INST_MAP_UPDATE_NPC_NOTPIPELINED_SLOW                0        0.000%                0        0.000%
INST_MAP_UPDATE_NPC_NOTPIPELINED_VERY_SLOW             0        0.000%                0        0.000%
INST_MAP_UPDATE_MEM_INV                              0        0.000%                0        0.000%
INST_MAP_UPDATE_MEM_NOP                              0        0.000%                0        0.000%
INST_MAP_UPDATE_MEM_CF                               0        0.000%                0        0.000%
INST_MAP_UPDATE_MEM_MOV                        1223898       65.047%          2445087       64.763%
INST_MAP_UPDATE_MEM_CMOV                             0        0.000%                0        0.000%
INST_MAP_UPDATE_MEM_LDA                              0        0.000%                0        0.000%
INST_MAP_UPDATE_MEM_IMEM                             0        0.000%                0        0.000%
INST_MAP_UPDATE_MEM_IADD                             0        0.000%                0        0.000%
INST_MAP_UPDATE_MEM_IMUL                         55846        2.968%           110409        2.924%
INST_MAP_UPDATE_MEM_IDIV                             0        0.000%                0        0.000%
INST_MAP_UPDATE_MEM_ICMP                             0        0.000%                0        0.000%
INST_MAP_UPDATE_MEM_LOGIC                         5288        0.281%            11319        0.300%
INST_MAP_UPDATE_MEM_SHIFT                         3100        0.165%             6605        0.175%
INST_MAP_UPDATE_MEM_FMEM                             0        0.000%                0        0.000%
INST_MAP_UPDATE_MEM_FCVT                             0        0.000%                0        0.000%
INST_MAP_UPDATE_MEM_FADD                             0        0.000%                0        0.000%
INST_MAP_UPDATE_MEM_FMUL                            14        0.001%               26        0.001%
INST_MAP_UPDATE_MEM_FMA                          31371        1.667%            66308        1.756%
INST_MAP_UPDATE_MEM_FDIV                         10791        0.574%            21571        0.571%
INST_MAP_UPDATE_MEM_FCMP                             0        0.000%                0        0.000%
INST_MAP_UPDATE_MEM_FCMOV                           84        0.004%              159        0.004%
INST_MAP_UPDATE_MEM_GATHER                           0        0.000%                4        0.000%
INST_MAP_UPDATE_MEM_SCATTER                          0        0.000%                0        0.000%
INST_MAP_UPDATE_MEM_PIPELINED_FAST                   0        0.000%                0        0.000%
INST_MAP_UPDATE_MEM_PIPELINED_MEDIUM                 0        0.000%                0        0.000%
INST_MAP_UPDATE_MEM_PIPELINED_SLOW                 210        0.011%              401        0.011%
INST_MAP_UPDATE_MEM_NOTPIPELINED_MEDIUM              0        0.000%                0        0.000%
INST_MAP_UPDATE_MEM_NOTPIPELINED_SLOW                0        0.000%                0        0.000%
INST_MAP_UPDATE_MEM_NOTPIPELINED_VERY_SLOW             0        0.000%                0        0.000%
                                               1881561      100.000%          3775444      100.000%
                                                 23.85         8.62             23.79         8.68



