/* -*- Mode: c -*- */
####################################################################################################
Core 0
####################################################################################################
Cumulative:        Cycles: 34664252              Instructions: 20000000              IPC: 0.57696

Periodic:          Cycles: 16772225              Instructions: 9999997               IPC: 0.59622

MISS_WAIT_TIME                             28637444198                    44614500562              

ICACHE_STAGE_MISS                                 1200                           3242              

ICACHE_CYCLE                                  16772225                       34664252              

TCACHE_CYCLE                                         0                              0              

ICACHE_CYCLE_ONPATH                           13358036       79.644%         28501220       82.221%
ICACHE_CYCLE_OFFPATH                           3414189       20.356%          6163032       17.779%
                                              16772225      100.000%         34664252      100.000%
                                                  0.20         0.37              0.18         0.35

FETCH_ON_PATH                                  2917769       83.090%          5822547       84.096%
FETCH_OFF_PATH                                  593787       16.910%          1101105       15.904%
                                               3511556      100.000%          6923652      100.000%
                                                  0.17         0.35              0.16         0.34

FETCHED_OPS_ON_PATH                                  0         -nan%                0         -nan%
FETCHED_OPS_OFF_PATH                                 0         -nan%                0         -nan%
                                                     0         -nan%                0         -nan%
                                                  -nan         -nan              -nan         -nan

INST_LOST_FETCH                               12101436       12.053%         24173226       11.652%
INST_LOST_OFF_PATH                             2760217        2.749%          5009867        2.415%
INST_LOST_FULL_WINDOW                            26814        0.027%            57414        0.028%
INST_LOST_ROB_STALL_OTHER                      1321380        1.316%          2705904        1.304%
INST_LOST_ROB_STALL_WAIT_FOR_RECOVERY              630        0.001%             2700        0.001%
INST_LOST_ROB_STALL_WAIT_FOR_REDIRECT                0        0.000%                0        0.000%
INST_LOST_ROB_STALL_WAIT_FOR_GAP_FILL                0        0.000%                0        0.000%
INST_LOST_ROB_STALL_WAIT_FOR_L1_MISS                 0        0.000%                0        0.000%
INST_LOST_ROB_STALL_WAIT_FOR_MEMORY                  6        0.000%               24        0.000%
INST_LOST_ROB_STALL_WAIT_FOR_DC_MISS          78215184       77.903%        163677558       78.893%
INST_LOST_ROB_BLOCK_ISSUE_FULL                       0        0.000%                0        0.000%
INST_LOST_ROB_BLOCK_ISSUE_GAP_TOO_LARGE              0        0.000%                0        0.000%
INST_LOST_BREAK_DONT                                 0        0.000%                0        0.000%
INST_LOST_BREAK_RENAME                               0        0.000%                0        0.000%
INST_LOST_BREAK_FT_UNAVAILABLE                    2130        0.002%             2130        0.001%
INST_LOST_BREAK_ICACHE_TO_UOP_CACHE_SWITCH         69852        0.070%           128861        0.062%
INST_LOST_BREAK_ICACHE_MISS_REQ_SUCCESS           4174        0.004%            11855        0.006%
INST_LOST_BREAK_ICACHE_MISS_REQ_FAILURE             60        0.000%              166        0.000%
INST_LOST_BREAK_WAIT_FOR_MISS                   273185        0.272%           802335        0.387%
INST_LOST_BREAK_UOP_CACHE_READ_LIMIT           5583719        5.561%         10815192        5.213%
INST_LOST_BREAK_UOP_CACHE_READ_LIMIT_AND_ISSUE_WIDTH             0        0.000%                0        0.000%
INST_LOST_BREAK_ICACHE_READ_LIMIT                41982        0.042%            81451        0.039%
INST_LOST_BREAK_ICACHE_READ_LIMIT_AND_ISSUE_WIDTH             0        0.000%                0        0.000%
INST_LOST_BREAK_ISSUE_WIDTH                          0        0.000%                0        0.000%
INST_LOST_BREAK_BARRIERT                             0        0.000%                0        0.000%
INST_LOST_BREAK_WAIT_FOR_EMPTY_ROB                   0        0.000%                0        0.000%
INST_LOST_BREAK_APP_EXIT                             0        0.000%                0        0.000%
INST_LOST_BREAK_STALL                                0        0.000%                0        0.000%
                                             100400769      100.000%        207468683      100.000%
                                                  8.20         3.02              8.24         2.93

INST_LOST_TOTAL                              100400769                      207468683              

INST_LOST_WAIT_FOR_ICACHE_MISS_NOT_PREFETCHED             0        0.000%            88240       12.977%
INST_LOST_WAIT_FOR_ICACHE_MISS_PREFETCHED_AND_EVICTED_BY_IFETCH             0        0.000%                0        0.000%
INST_LOST_WAIT_FOR_ICACHE_MISS_PREFETCHED_AND_EVICTED_BY_FDIP             0        0.000%                0        0.000%
INST_LOST_WAIT_FOR_ICACHE_MISS_MSHR_HIT_PREF_OFFPATH          8650        3.417%            21225        3.121%
INST_LOST_WAIT_FOR_ICACHE_MISS_MSHR_HIT_PREF_ONPATH        244465       96.583%           570530       83.902%
                                                253115      100.000%           679995      100.000%
                                                  3.97         3.90              3.45         3.20

FETCH_0_OPS                                   13372041       79.463%         28066481       80.586%
FETCH_1_OPS                                     497876        2.959%           947447        2.720%
FETCH_2_OPS                                     180066        1.070%           355832        1.022%
FETCH_3_OPS                                     127926        0.760%           265293        0.762%
FETCH_4_OPS                                     937665        5.572%          1812616        5.204%
FETCH_5_OPS                                     405793        2.411%           804317        2.309%
FETCH_6_OPS                                    1306707        7.765%          2576009        7.396%
FETCH_7_OPS                                          0        0.000%                0        0.000%
FETCH_8_OPS                                          0        0.000%                0        0.000%
FETCH_9_OPS                                          0        0.000%                0        0.000%
FETCH_10_OPS                                         0        0.000%                0        0.000%
FETCH_11_OPS                                         0        0.000%                0        0.000%
FETCH_12_OPS                                         0        0.000%                0        0.000%
FETCH_13_OPS                                         0        0.000%                0        0.000%
FETCH_14_OPS                                         0        0.000%                0        0.000%
FETCH_15_OPS                                         0        0.000%                0        0.000%
FETCH_16_OPS                                         0        0.000%                0        0.000%
                                              16828074      100.000%         34827995      100.000%
                                                  0.88         1.74              0.84         1.72

ST_BREAK_DONT                                        0        0.000%                0        0.000%
ST_BREAK_RENAME                                      0        0.000%                0        0.000%
ST_BREAK_FT_UNAVAILABLE                            426        0.012%              426        0.006%
ST_BREAK_ICACHE_TO_UOP_CACHE_SWITCH              24481        0.697%            44741        0.646%
ST_BREAK_ICACHE_MISS_REQ_SUCCESS                  1200        0.034%             3242        0.047%
ST_BREAK_ICACHE_MISS_REQ_FAILURE                    12        0.000%               34        0.000%
ST_BREAK_WAIT_FOR_MISS                           54637        1.556%           160467        2.318%
ST_BREAK_UOP_CACHE_READ_LIMIT                  1972268       56.165%          3830814       55.329%
ST_BREAK_UOP_CACHE_READ_LIMIT_AND_ISSUE_WIDTH        171651        4.888%           350786        5.066%
ST_BREAK_ICACHE_READ_LIMIT                       35732        1.018%            66823        0.965%
ST_BREAK_ICACHE_READ_LIMIT_AND_ISSUE_WIDTH          9468        0.270%            17995        0.260%
ST_BREAK_ISSUE_WIDTH                           1241680       35.360%          2448323       35.362%
ST_BREAK_BARRIERT                                    0        0.000%                0        0.000%
ST_BREAK_WAIT_FOR_EMPTY_ROB                          0        0.000%                0        0.000%
ST_BREAK_APP_EXIT                                    1        0.000%                1        0.000%
ST_BREAK_STALL                                       0        0.000%                0        0.000%
                                               3511556      100.000%          6923652      100.000%
                                                  8.45         1.95              8.44         1.96

ORACLE_ON_PATH_INST                           12101436       81.427%         24173226       82.833%
ORACLE_OFF_PATH_INST                           2760217       18.573%          5009867       17.167%
                                              14861653      100.000%         29183093      100.000%
                                                  0.19         0.36              0.17         0.35

ORACLE_ON_PATH_INST_MEM                        3221912       21.679%          6436170       22.054%
ORACLE_ON_PATH_INST_NOTMEM                     8879524       59.748%         17737056       60.779%
ORACLE_OFF_PATH_INST_MEM                        712277        4.793%          1284961        4.403%
ORACLE_OFF_PATH_INST_NOTMEM                    2047940       13.780%          3724906       12.764%
                                              14861653      100.000%         29183093      100.000%
                                                  1.11         0.84              1.08         0.81

ICACHE_CYCLE_NONRA_ONPATH                            0         -nan%                0         -nan%
ICACHE_CYCLE_NONRA_OFFPATH                           0         -nan%                0         -nan%
ICACHE_CYCLE_RA_ONPATH                               0         -nan%                0         -nan%
ICACHE_CYCLE_RA_OFFPATH                              0         -nan%                0         -nan%
                                                     0         -nan%                0         -nan%
                                                  -nan         -nan              -nan         -nan

ICACHE_CYCLE_ONPATH_NONRA                            0         -nan%                0         -nan%
ICACHE_CYCLE_OFFPATH_NONRA                           0         -nan%                0         -nan%
                                                     0         -nan%                0         -nan%
                                                  -nan         -nan              -nan         -nan

ICACHE_CYCLE_ONPATH_RA                               0         -nan%                0         -nan%
ICACHE_CYCLE_OFFPATH_RA                              0         -nan%                0         -nan%
                                                     0         -nan%                0         -nan%
                                                  -nan         -nan              -nan         -nan

INACCURATE_OFFPATH_CYCLES                            0        0.0000                0        0.0000

FETCH_ALL_INST                                14861653                       29183093              

EXEC_ALL_INST                                 13866631                       27240552              

RET_ALL_INST                                  12101818                       24173226              

EXEC_ON_PATH_INST                             12101635       87.272%         24173226       88.740%
EXEC_OFF_PATH_INST                             1764996       12.728%          3067326       11.260%
                                              13866631      100.000%         27240552      100.000%
                                                  0.13         0.31              0.11         0.30

EXEC_ON_PATH_INST_MEM                          3221955       23.235%          6436170       23.627%
EXEC_ON_PATH_INST_NOTMEM                       8879680       64.036%         17737056       65.113%
EXEC_OFF_PATH_INST_MEM                          490987        3.541%           847879        3.113%
EXEC_OFF_PATH_INST_NOTMEM                      1274009        9.188%          2219447        8.148%
                                              13866631      100.000%         27240552      100.000%
                                                  0.99         0.71              0.96         0.67

EXEC_RA_INST                                         0         -nan%                0         -nan%
EXEC_NONRA_INST                                      0         -nan%                0         -nan%
                                                     0         -nan%                0         -nan%
                                                  -nan         -nan              -nan         -nan

EXEC_ON_PATH_INST_RA                                 0         -nan%                0         -nan%
EXEC_OFF_PATH_INST_RA                                0         -nan%                0         -nan%
                                                     0         -nan%                0         -nan%
                                                  -nan         -nan              -nan         -nan

EXEC_ON_PATH_INST_NONRA                              0         -nan%                0         -nan%
EXEC_OFF_PATH_INST_NONRA                             0         -nan%                0         -nan%
                                                     0         -nan%                0         -nan%
                                                  -nan         -nan              -nan         -nan

EXEC_RA_ON_PATH_INST                                 0         -nan%                0         -nan%
EXEC_RA_OFF_PATH_INST                                0         -nan%                0         -nan%
EXEC_NONRA_ON_PATH_INST                              0         -nan%                0         -nan%
EXEC_NONRA_OFF_PATH_INST                             0         -nan%                0         -nan%
                                                     0         -nan%                0         -nan%
                                                  -nan         -nan              -nan         -nan

ICACHE_THROTTLE_CYCLE                                0                              0              

FETCH_ENABLE_THROTTLE_OFF_PATH                       0         -nan%                0         -nan%
FETCH_ENABLE_THROTTLE_ON_PATH                        0         -nan%                0         -nan%
                                                     0         -nan%                0         -nan%
                                                  -nan         -nan              -nan         -nan

FETCH_DISABLE_THROTTLE_OFF_PATH                      0         -nan%                0         -nan%
FETCH_DISABLE_THROTTLE_ON_PATH                       0         -nan%                0         -nan%
                                                     0         -nan%                0         -nan%
                                                  -nan         -nan              -nan         -nan

FETCH_TH_ADJUST__0                                   0         -nan%                0         -nan%
FETCH_TH_ADJUST__1                                   0         -nan%                0         -nan%
FETCH_TH_ADJUST__2                                   0         -nan%                0         -nan%
FETCH_TH_ADJUST__3                                   0         -nan%                0         -nan%
FETCH_TH_ADJUST__4                                   0         -nan%                0         -nan%
FETCH_TH_ADJUST__5                                   0         -nan%                0         -nan%
FETCH_TH_ADJUST__6                                   0         -nan%                0         -nan%
FETCH_TH_ADJUST__7                                   0         -nan%                0         -nan%
FETCH_TH_ADJUST__8                                   0         -nan%                0         -nan%
FETCH_TH_ADJUST__9                                   0         -nan%                0         -nan%
FETCH_TH_ADJUST__MAX                                 0         -nan%                0         -nan%
                                                     0         -nan%                0         -nan%
                                                  -nan         -nan              -nan         -nan

FETCH_TH_ADJUST_UP                                   0         -nan%                0         -nan%
FETCH_TH_ADJUST_DOWN                                 0         -nan%                0         -nan%
FETCH_TH_ADJUST_SAME                                 0         -nan%                0         -nan%
                                                     0         -nan%                0         -nan%
                                                  -nan         -nan              -nan         -nan

THROTTLE_ADJUST_CACHE_MISS_INFO                      0                              0              

LOW_CONF_COUNT_BP_MIS_0                              0         -nan%                0         -nan%
LOW_CONF_COUNT_BP_MIS_1                              0         -nan%                0         -nan%
LOW_CONF_COUNT_BP_MIS_2                              0         -nan%                0         -nan%
LOW_CONF_COUNT_BP_MIS_3                              0         -nan%                0         -nan%
LOW_CONF_COUNT_BP_MIS_4                              0         -nan%                0         -nan%
LOW_CONF_COUNT_BP_MIS_5                              0         -nan%                0         -nan%
LOW_CONF_COUNT_BP_MIS_6                              0         -nan%                0         -nan%
LOW_CONF_COUNT_BP_MIS_7                              0         -nan%                0         -nan%
LOW_CONF_COUNT_BP_MIS_8                              0         -nan%                0         -nan%
LOW_CONF_COUNT_BP_MIS_9                              0         -nan%                0         -nan%
LOW_CONF_COUNT_BP_MIS_10                             0         -nan%                0         -nan%
LOW_CONF_COUNT_BP_MIS_11                             0         -nan%                0         -nan%
LOW_CONF_COUNT_BP_MIS_12                             0         -nan%                0         -nan%
LOW_CONF_COUNT_BP_MIS_13                             0         -nan%                0         -nan%
LOW_CONF_COUNT_BP_MIS_14                             0         -nan%                0         -nan%
LOW_CONF_COUNT_BP_MIS_15                             0         -nan%                0         -nan%
LOW_CONF_COUNT_BP_MIS_16                             0         -nan%                0         -nan%
LOW_CONF_COUNT_BP_MIS_17                             0         -nan%                0         -nan%
LOW_CONF_COUNT_BP_MIS_18                             0         -nan%                0         -nan%
LOW_CONF_COUNT_BP_MIS_19                             0         -nan%                0         -nan%
LOW_CONF_COUNT_BP_MIS_20                             0         -nan%                0         -nan%
                                                     0         -nan%                0         -nan%
                                                  -nan         -nan              -nan         -nan

LOW_CONF_COUNT_RET_0                                 0         -nan%                0         -nan%
LOW_CONF_COUNT_RET_1                                 0         -nan%                0         -nan%
LOW_CONF_COUNT_RET_2                                 0         -nan%                0         -nan%
LOW_CONF_COUNT_RET_3                                 0         -nan%                0         -nan%
LOW_CONF_COUNT_RET_4                                 0         -nan%                0         -nan%
LOW_CONF_COUNT_RET_5                                 0         -nan%                0         -nan%
LOW_CONF_COUNT_RET_6                                 0         -nan%                0         -nan%
LOW_CONF_COUNT_RET_7                                 0         -nan%                0         -nan%
LOW_CONF_COUNT_RET_8                                 0         -nan%                0         -nan%
LOW_CONF_COUNT_RET_9                                 0         -nan%                0         -nan%
LOW_CONF_COUNT_RET_10                                0         -nan%                0         -nan%
LOW_CONF_COUNT_RET_11                                0         -nan%                0         -nan%
LOW_CONF_COUNT_RET_12                                0         -nan%                0         -nan%
LOW_CONF_COUNT_RET_13                                0         -nan%                0         -nan%
LOW_CONF_COUNT_RET_14                                0         -nan%                0         -nan%
LOW_CONF_COUNT_RET_15                                0         -nan%                0         -nan%
LOW_CONF_COUNT_RET_16                                0         -nan%                0         -nan%
LOW_CONF_COUNT_RET_17                                0         -nan%                0         -nan%
LOW_CONF_COUNT_RET_18                                0         -nan%                0         -nan%
LOW_CONF_COUNT_RET_19                                0         -nan%                0         -nan%
LOW_CONF_COUNT_RET_20                                0         -nan%                0         -nan%
                                                     0         -nan%                0         -nan%
                                                  -nan         -nan              -nan         -nan

CYCLES_RESTEER_MISPRED                               0         -nan%                0         -nan%
CYCLES_RESTEER_MISFETCH                              0         -nan%                0         -nan%
CYCLES_RESTEER_BTB_MISS                              0         -nan%                0         -nan%
                                                     0         -nan%                0         -nan%
                                                  -nan         -nan              -nan         -nan

CYCLES_RESTEER_MISPRED_SAVED_UC_FETCH                0         -nan%                0         -nan%
CYCLES_RESTEER_MISPRED_COULD_BE_SAVED_UC_FETCH             0         -nan%                0         -nan%
CYCLES_RESTEER_MISFETCH_SAVED_UC_FETCH               0         -nan%                0         -nan%
CYCLES_RESTEER_MISFETCH_COULD_BE_SAVED_UC_FETCH             0         -nan%                0         -nan%
CYCLES_RESTEER_BTB_MISS_SAVED_UC_FETCH               0         -nan%                0         -nan%
CYCLES_RESTEER_BTB_MISS_COULD_BE_SAVED_UC_FETCH             0         -nan%                0         -nan%
                                                     0         -nan%                0         -nan%
                                                  -nan         -nan              -nan         -nan

CYCLES_UOC_IC_SWITCH                                 0                              0              



