/* -*- Mode: c -*- */
####################################################################################################
Core 0
####################################################################################################
Cumulative:        Cycles: 16893768              Instructions: 20000000              IPC: 1.18387

Periodic:          Cycles: 8470108               Instructions: 9999996               IPC: 1.18062

EXECUTION_TIME                           2646908750000                  5279302500000              

NODE_CYCLE                                     8470108                       16893768              

NODE_INST_COUNT                                9999996                       20000000              

NODE_INST_COUNT_FETCHED                        9999996                       20000000              

NODE_UOP_COUNT                                11371085                       22729224              

FULL_WINDOW_STALL                              5563796       65.687%         11056783       65.449%

FULL_WINDOW_MEM_OP                              747088       15.805%          1563132       16.616%
FULL_WINDOW_FP_OP                              3815020       80.707%          7518562       79.920%
FULL_WINDOW_OTHER_OP                            164867        3.488%           325909        3.464%
                                               4726975      100.000%          9407603      100.000%
                                                  0.88         0.29              0.87         0.29

RET_BLOCKED_DC_MISS                             103924        1.227%           313435        1.855%

RET_BLOCKED_L1_MISS                              67239        0.794%           244667        1.448%

RET_BLOCKED_L1_MISS_BW_PREF                          0        0.000%                0        0.000%

RET_BLOCKED_L1_ACCESS                            36714        0.433%            77816        0.461%

RET_BLOCKED_MEM_STALL                            67265        0.794%           245874        1.455%

RET_BLOCKED_OFFCHIP_DEMAND                           0        0.000%                0        0.000%

OP_ISSUED                                     12545545                       25097770              

OP_RETIRED                                    11371085                       22729224              

REPLAY_SIGNALED                                      0                              0              

REPLAY_COUNTED                                       0                              0              

OFF_CRITICAL_PATH                                    0         -nan%                0         -nan%
ON_CRITICAL_PATH                                     0         -nan%                0         -nan%
                                                     0         -nan%                0         -nan%
                                                  -nan         -nan              -nan         -nan

LD_NO_DEPENDENTS                                 20700        0.692%            42359        0.709%
LD_DEPENDENTS                                  2971150       99.308%          5932726       99.291%
                                               2991850      100.000%          5975085      100.000%
                                                  0.99         0.99              0.99         0.99

LD_EXEC_CYCLES_0                                     0        0.000%                0        0.000%
LD_EXEC_CYCLES_1                                     0        0.000%                0        0.000%
LD_EXEC_CYCLES_2                                     0        0.000%                0        0.000%
LD_EXEC_CYCLES_3                                  3327       44.154%             6537       43.761%
LD_EXEC_CYCLES_4                                  4208       55.846%             8401       56.239%
                                                  7535      100.000%            14938      100.000%
                                                  3.56         2.71              3.56         2.72

ICACHE_STAGE_STARVED                              3817        0.145%            20941        0.397%
ICACHE_STAGE_NOT_STARVED                       2624509       99.855%          5247340       99.603%
                                               2628326      100.000%          5268281      100.000%
                                                  1.00         1.00              1.00         0.99

ICACHE_STAGE_STALLED                           4662211       55.043%          9307438       55.094%
ICACHE_STAGE_NOT_STALLED                       2626471       31.009%          5257905       31.123%
ICACHE_STAGE_OFF_PATH                          1181426       13.948%          2328425       13.783%
                                               8470108      100.000%         16893768      100.000%
                                                  0.59         0.62              0.59         0.61

DECODE_STAGE_STARVED                           7969906       97.850%         15895606       97.863%
DECODE_STAGE_NOT_STARVED                        175155        2.150%           347043        2.137%
                                               8145061      100.000%         16242649      100.000%
                                                  0.02         0.14              0.02         0.14

DECODE_STAGE_STALLED                            258496        3.052%           526258        3.115%
DECODE_STAGE_NOT_STALLED                       7886565       93.111%         15716391       93.031%
DECODE_STAGE_OFF_PATH                           325047        3.838%           651119        3.854%
                                               8470108      100.000%         16893768      100.000%
                                                  1.01         0.28              1.01         0.28

UOPQ_STAGE_STARVED                              706797       24.603%          1437626       24.944%
UOPQ_STAGE_NOT_STARVED                         2166054       75.397%          4325808       75.056%
                                               2872851      100.000%          5763434      100.000%
                                                  0.75         0.69              0.75         0.69

UOPQ_STAGE_STALLED                             4585072       54.132%          9157419       54.206%
UOPQ_STAGE_NOT_STALLED                         2872851       33.918%          5763434       34.116%
UOPQ_STAGE_OFF_PATH                            1012185       11.950%          1972915       11.678%
                                               8470108      100.000%         16893768      100.000%
                                                  0.58         0.58              0.57         0.58

MAP_STAGE_STARVED                                42255        0.563%            98649        0.658%
MAP_STAGE_NOT_STARVED                          7457116       99.437%         14899522       99.342%
                                               7499371      100.000%         14998171      100.000%
                                                  0.99         0.99              0.99         0.99

MAP_STAGE_STALLED                              4815241       56.850%          9615836       56.919%
MAP_STAGE_NOT_STALLED                          2684130       31.689%          5382335       31.860%
MAP_STAGE_OFF_PATH                              970737       11.461%          1895597       11.221%
                                               8470108      100.000%         16893768      100.000%
                                                  0.55         0.58              0.54         0.58

EXEC_STAGE_STARVED                             1014034       11.972%          2113222       12.509%
EXEC_STAGE_NOT_STARVED                         6908280       81.561%         13733743       81.295%
EXEC_STAGE_OFF_PATH                             547794        6.467%          1046803        6.196%
                                               8470108      100.000%         16893768      100.000%
                                                  0.94         0.36              0.94         0.36

FU_BUSY_0                                      8094968                       16056837              

FU_BUSY_1                                      2969214                        5931313              

FU_BUSY_2                                      1622513                        3234124              

FU_BUSY_3                                      1494873                        2995672              

FU_BUSY_4                                      1458252                        2917064              

FU_BUSY_5                                      1502566                        3009678              

FU_BUSY_6                                       755283                        1515892              

FU_BUSY_7                                       783347                        1573021              

FU_BUSY_8                                            0                              0              

FU_BUSY_9                                            0                              0              

FU_BUSY_10                                           0                              0              

FU_BUSY_11                                           0                              0              

FU_BUSY_12                                           0                              0              

FU_BUSY_13                                           0                              0              

FU_BUSY_14                                           0                              0              

FU_BUSY_15                                           0                              0              

FU_BUSY_16                                           0                              0              

FU_BUSY_17                                           0                              0              

FU_BUSY_18                                           0                              0              

FU_BUSY_19                                           0                              0              

FU_BUSY_20                                           0                              0              

FU_BUSY_21                                           0                              0              

FU_BUSY_22                                           0                              0              

FU_BUSY_23                                           0                              0              

FU_BUSY_24                                           0                              0              

FU_BUSY_25                                           0                              0              

FU_BUSY_26                                           0                              0              

FU_BUSY_27                                           0                              0              

FU_BUSY_28                                           0                              0              

FU_BUSY_29                                           0                              0              

FU_BUSY_30                                           0                              0              

FU_BUSY_31                                           0                              0              

FU_REJECTED_OP_INV_NOT_SIMD                          0        0.000%                0        0.000%
FU_REJECTED_OP_NOP_NOT_SIMD                      40765        0.599%            79553        0.591%
FU_REJECTED_OP_CF_NOT_SIMD                      207776        3.054%           412968        3.066%
FU_REJECTED_OP_MOV_NOT_SIMD                      42615        0.626%            84774        0.629%
FU_REJECTED_OP_CMOV_NOT_SIMD                         0        0.000%                1        0.000%
FU_REJECTED_OP_LDA_NOT_SIMD                      26049        0.383%            53145        0.395%
FU_REJECTED_OP_IMEM_NOT_SIMD                       259        0.004%              948        0.007%
FU_REJECTED_OP_IADD_NOT_SIMD                     50694        0.745%           101530        0.754%
FU_REJECTED_OP_IMUL_NOT_SIMD                    120492        1.771%           240141        1.783%
FU_REJECTED_OP_IDIV_NOT_SIMD                         0        0.000%                0        0.000%
FU_REJECTED_OP_ICMP_NOT_SIMD                         0        0.000%                0        0.000%
FU_REJECTED_OP_LOGIC_NOT_SIMD                    38519        0.566%            78122        0.580%
FU_REJECTED_OP_SHIFT_NOT_SIMD                    28614        0.421%            57145        0.424%
FU_REJECTED_OP_FMEM_NOT_SIMD                     60478        0.889%           119397        0.886%
FU_REJECTED_OP_FCVT_NOT_SIMD                         0        0.000%                0        0.000%
FU_REJECTED_OP_FADD_NOT_SIMD                         0        0.000%                0        0.000%
FU_REJECTED_OP_FMUL_NOT_SIMD                         0        0.000%                0        0.000%
FU_REJECTED_OP_FMA_NOT_SIMD                          0        0.000%                0        0.000%
FU_REJECTED_OP_FDIV_NOT_SIMD                         0        0.000%                0        0.000%
FU_REJECTED_OP_FCMP_NOT_SIMD                         0        0.000%                0        0.000%
FU_REJECTED_OP_FCMOV_NOT_SIMD                        0        0.000%                0        0.000%
FU_REJECTED_OP_GATHER_NOT_SIMD                       0        0.000%                0        0.000%
FU_REJECTED_OP_SCATTER_NOT_SIMD                      0        0.000%                0        0.000%
FU_REJECTED_OP_PIPELINED_FAST_NOT_SIMD               0        0.000%                0        0.000%
FU_REJECTED_OP_PIPELINED_MEDIUM_NOT_SIMD             0        0.000%                0        0.000%
FU_REJECTED_OP_PIPELINED_SLOW_NOT_SIMD               0        0.000%                0        0.000%
FU_REJECTED_OP_NOTPIPELINED_MEDIUM_NOT_SIMD             0        0.000%                0        0.000%
FU_REJECTED_OP_NOTPIPELINED_SLOW_NOT_SIMD             0        0.000%                0        0.000%
FU_REJECTED_OP_NOTPIPELINED_VERY_SLOW_NOT_SIMD             0        0.000%                0        0.000%
FU_REJECTED_OP_INV_SIMD                              0        0.000%                0        0.000%
FU_REJECTED_OP_NOP_SIMD                              0        0.000%                0        0.000%
FU_REJECTED_OP_CF_SIMD                               0        0.000%                0        0.000%
FU_REJECTED_OP_MOV_SIMD                          59795        0.879%           117759        0.874%
FU_REJECTED_OP_CMOV_SIMD                             0        0.000%                0        0.000%
FU_REJECTED_OP_LDA_SIMD                              0        0.000%                0        0.000%
FU_REJECTED_OP_IMEM_SIMD                             0        0.000%                0        0.000%
FU_REJECTED_OP_IADD_SIMD                             0        0.000%                0        0.000%
FU_REJECTED_OP_IMUL_SIMD                             0        0.000%                0        0.000%
FU_REJECTED_OP_IDIV_SIMD                             0        0.000%                0        0.000%
FU_REJECTED_OP_ICMP_SIMD                             0        0.000%                0        0.000%
FU_REJECTED_OP_LOGIC_SIMD                        45737        0.672%            89594        0.665%
FU_REJECTED_OP_SHIFT_SIMD                        39289        0.578%            74558        0.554%
FU_REJECTED_OP_FMEM_SIMD                             0        0.000%                0        0.000%
FU_REJECTED_OP_FCVT_SIMD                           617        0.009%             2248        0.017%
FU_REJECTED_OP_FADD_SIMD                        332273        4.884%           673548        5.001%
FU_REJECTED_OP_FMUL_SIMD                         76097        1.119%           146683        1.089%
FU_REJECTED_OP_FMA_SIMD                         178679        2.626%           353166        2.622%
FU_REJECTED_OP_FDIV_SIMD                        234204        3.443%           458302        3.403%
FU_REJECTED_OP_FCMP_SIMD                        219610        3.228%           430881        3.199%
FU_REJECTED_OP_FCMOV_SIMD                      4931461       72.489%          9754218       72.422%
FU_REJECTED_OP_GATHER_SIMD                       68991        1.014%           139910        1.039%
FU_REJECTED_OP_SCATTER_SIMD                          0        0.000%                0        0.000%
FU_REJECTED_OP_PIPELINED_FAST_SIMD                   0        0.000%                0        0.000%
FU_REJECTED_OP_PIPELINED_MEDIUM_SIMD                 0        0.000%                0        0.000%
FU_REJECTED_OP_PIPELINED_SLOW_SIMD                   0        0.000%                0        0.000%
FU_REJECTED_OP_NOTPIPELINED_MEDIUM_SIMD              0        0.000%                0        0.000%
FU_REJECTED_OP_NOTPIPELINED_SLOW_SIMD                0        0.000%                0        0.000%
FU_REJECTED_OP_NOTPIPELINED_VERY_SLOW_SIMD             0        0.000%                0        0.000%
                                               6803014      100.000%         13468591      100.000%
                                                 44.37        12.42             44.35        12.45

OP_WAIT_0                                      5734908                       11483106              

OP_WAIT_1                                      2112348                        4242545              

OP_WAIT_2                                       832074                        1667258              

OP_WAIT_3                                       423865                         847836              

OP_WAIT_4                                       255847                         511196              

OP_WAIT_5                                       210806                         421613              

OP_WAIT_6                                       146428                         290260              

OP_WAIT_7                                        68353                         137218              

OP_WAIT_8                                        47503                          93750              

OP_WAIT_9                                        34734                          70050              

OP_WAIT_10                                       43903                          87130              

OP_WAIT_11                                       30839                          61415              

OP_WAIT_12                                       29963                          57144              

OP_WAIT_13                                       21381                          43182              

OP_WAIT_14                                       19250                          37841              

OP_WAIT_15                                       19179                          38412              

OP_WAIT_16                                       23888                          47607              

OP_WAIT_17                                       23627                          46906              

OP_WAIT_18                                       27136                          53991              

OP_WAIT_19                                       31284                          60003              

OP_WAIT_20                                       14853                          29737              

OP_WAIT_21                                       12030                          24020              

OP_WAIT_22                                        9554                          19009              

OP_WAIT_23                                       14213                          27893              

OP_WAIT_24                                       11563                          22711              

OP_WAIT_25                                       14391                          28628              

OP_WAIT_26                                       11854                          23566              

OP_WAIT_27                                        8097                          16071              

OP_WAIT_28                                        8477                          16629              

OP_WAIT_29                                        6712                          13408              

OP_WAIT_30                                       19154                          38145              

OP_WAIT_31                                     1102871                        2170944              

ROW_SIZE_0                                     5860856                       11683521              

ROW_SIZE_1                                      530788                        1054215              

ROW_SIZE_2                                      208944                         411627              

ROW_SIZE_3                                      151211                         296922              

ROW_SIZE_4                                       86666                         173195              

ROW_SIZE_5                                       73066                         145403              

ROW_SIZE_6                                     1542797                        3090199              

ROW_SIZE_7                                           0                              0              

ROW_SIZE_8                                           0                              0              

ROW_SIZE_9                                           0                              0              

ROW_SIZE_10                                          0                              0              

ROW_SIZE_11                                          0                              0              

ROW_SIZE_12                                          0                              0              

ROW_SIZE_13                                          0                              0              

ROW_SIZE_14                                          0                              0              

ROW_SIZE_15                                          0                              0              

ROW_SIZE_16                                          0                              0              

ROW_SIZE_17                                          0                              0              

ROW_SIZE_18                                          0                              0              

ROW_SIZE_19                                          0                              0              

ROW_SIZE_20                                          0                              0              

ROW_SIZE_21                                          0                              0              

ROW_SIZE_22                                          0                              0              

ROW_SIZE_23                                          0                              0              

ROW_SIZE_24                                          0                              0              

ROW_SIZE_25                                          0                              0              

ROW_SIZE_26                                          0                              0              

ROW_SIZE_27                                          0                              0              

ROW_SIZE_28                                          0                              0              

ROW_SIZE_29                                          0                              0              

ROW_SIZE_30                                          0                              0              

ROW_SIZE_31                                          0                              0              

RET_OP_EXEC_COUNT_0                                  0        0.000%                0        0.000%
RET_OP_EXEC_COUNT_1                           11371085      100.000%         22729224      100.000%
RET_OP_EXEC_COUNT_2                                  0        0.000%                0        0.000%
RET_OP_EXEC_COUNT_3                                  0        0.000%                0        0.000%
RET_OP_EXEC_COUNT_4                                  0        0.000%                0        0.000%
RET_OP_EXEC_COUNT_5                                  0        0.000%                0        0.000%
RET_OP_EXEC_COUNT_6                                  0        0.000%                0        0.000%
RET_OP_EXEC_COUNT_7                                  0        0.000%                0        0.000%
RET_OP_EXEC_COUNT_8                                  0        0.000%                0        0.000%
RET_OP_EXEC_COUNT_9                                  0        0.000%                0        0.000%
RET_OP_EXEC_COUNT_10                                 0        0.000%                0        0.000%
RET_OP_EXEC_COUNT_11                                 0        0.000%                0        0.000%
RET_OP_EXEC_COUNT_12                                 0        0.000%                0        0.000%
RET_OP_EXEC_COUNT_13                                 0        0.000%                0        0.000%
RET_OP_EXEC_COUNT_14                                 0        0.000%                0        0.000%
RET_OP_EXEC_COUNT_15                                 0        0.000%                0        0.000%
RET_OP_EXEC_COUNT_16                                 0        0.000%                0        0.000%
RET_OP_EXEC_COUNT_17                                 0        0.000%                0        0.000%
RET_OP_EXEC_COUNT_18                                 0        0.000%                0        0.000%
RET_OP_EXEC_COUNT_19                                 0        0.000%                0        0.000%
RET_OP_EXEC_COUNT_20                                 0        0.000%                0        0.000%
RET_OP_EXEC_COUNT_21                                 0        0.000%                0        0.000%
RET_OP_EXEC_COUNT_22                                 0        0.000%                0        0.000%
RET_OP_EXEC_COUNT_23                                 0        0.000%                0        0.000%
RET_OP_EXEC_COUNT_24                                 0        0.000%                0        0.000%
RET_OP_EXEC_COUNT_25                                 0        0.000%                0        0.000%
RET_OP_EXEC_COUNT_26                                 0        0.000%                0        0.000%
RET_OP_EXEC_COUNT_27                                 0        0.000%                0        0.000%
RET_OP_EXEC_COUNT_28                                 0        0.000%                0        0.000%
RET_OP_EXEC_COUNT_29                                 0        0.000%                0        0.000%
RET_OP_EXEC_COUNT_30                                 0        0.000%                0        0.000%
RET_OP_EXEC_COUNT_31                                 0        0.000%                0        0.000%
RET_OP_EXEC_COUNT_32                                 0        0.000%                0        0.000%
                                              11371085      100.000%         22729224      100.000%
                                                  1.00         0.00              1.00         0.00

RET_STALL_LENGTH_0                            11370969       99.999%         22728748       99.998%
RET_STALL_LENGTH_100                                94        0.001%              380        0.002%
RET_STALL_LENGTH_200                                 7        0.000%               24        0.000%
RET_STALL_LENGTH_300                                 0        0.000%                4        0.000%
RET_STALL_LENGTH_400                                 1        0.000%                6        0.000%
RET_STALL_LENGTH_500                                 2        0.000%                5        0.000%
RET_STALL_LENGTH_600                                 0        0.000%                5        0.000%
RET_STALL_LENGTH_700                                 1        0.000%                5        0.000%
RET_STALL_LENGTH_800                                 0        0.000%                6        0.000%
RET_STALL_LENGTH_900                                 1        0.000%               13        0.000%
RET_STALL_LENGTH_1000                                3        0.000%                7        0.000%
RET_STALL_LENGTH_1100                                2        0.000%               11        0.000%
RET_STALL_LENGTH_1200                                5        0.000%                9        0.000%
RET_STALL_LENGTH_1300                                0        0.000%                1        0.000%
RET_STALL_LENGTH_1400                                0        0.000%                0        0.000%
RET_STALL_LENGTH_1500                                0        0.000%                0        0.000%
RET_STALL_LENGTH_1600                                0        0.000%                0        0.000%
RET_STALL_LENGTH_1700                                0        0.000%                0        0.000%
RET_STALL_LENGTH_1800                                0        0.000%                0        0.000%
RET_STALL_LENGTH_1900                                0        0.000%                0        0.000%
RET_STALL_LENGTH_2000                                0        0.000%                0        0.000%
RET_STALL_LENGTH_2100                                0        0.000%                0        0.000%
RET_STALL_LENGTH_2200                                0        0.000%                0        0.000%
RET_STALL_LENGTH_2300                                0        0.000%                0        0.000%
RET_STALL_LENGTH_2400                                0        0.000%                0        0.000%
RET_STALL_LENGTH_2500                                0        0.000%                0        0.000%
RET_STALL_LENGTH_2600                                0        0.000%                0        0.000%
RET_STALL_LENGTH_2700                                0        0.000%                0        0.000%
RET_STALL_LENGTH_2800                                0        0.000%                0        0.000%
RET_STALL_LENGTH_2900                                0        0.000%                0        0.000%
RET_STALL_LENGTH_3000                                0        0.000%                0        0.000%
RET_STALL_LENGTH_3100                                0        0.000%                0        0.000%
RET_STALL_LENGTH_3200                                0        0.000%                0        0.000%
RET_STALL_LENGTH_3300                                0        0.000%                0        0.000%
RET_STALL_LENGTH_3400                                0        0.000%                0        0.000%
RET_STALL_LENGTH_3500                                0        0.000%                0        0.000%
RET_STALL_LENGTH_3600                                0        0.000%                0        0.000%
RET_STALL_LENGTH_3700                                0        0.000%                0        0.000%
RET_STALL_LENGTH_3800                                0        0.000%                0        0.000%
RET_STALL_LENGTH_3900                                0        0.000%                0        0.000%
RET_STALL_LENGTH_4000                                0        0.000%                0        0.000%
RET_STALL_LENGTH_4100                                0        0.000%                0        0.000%
RET_STALL_LENGTH_4200                                0        0.000%                0        0.000%
RET_STALL_LENGTH_4300                                0        0.000%                0        0.000%
RET_STALL_LENGTH_4400                                0        0.000%                0        0.000%
RET_STALL_LENGTH_4500                                0        0.000%                0        0.000%
RET_STALL_LENGTH_4600                                0        0.000%                0        0.000%
RET_STALL_LENGTH_4700                                0        0.000%                0        0.000%
RET_STALL_LENGTH_4800                                0        0.000%                0        0.000%
RET_STALL_LENGTH_4900                                0        0.000%                0        0.000%
RET_STALL_LENGTH_5000                                0        0.000%                0        0.000%
                                              11371085      100.000%         22729224      100.000%
                                                  0.00         0.01              0.00         0.02

MEM_BLOCK_LENGTH_0                                  49       96.078%              126       93.333%
MEM_BLOCK_LENGTH_100                                 2        3.922%                3        2.222%
MEM_BLOCK_LENGTH_200                                 0        0.000%                3        2.222%
MEM_BLOCK_LENGTH_300                                 0        0.000%                2        1.481%
MEM_BLOCK_LENGTH_400                                 0        0.000%                0        0.000%
MEM_BLOCK_LENGTH_500                                 0        0.000%                0        0.000%
MEM_BLOCK_LENGTH_600                                 0        0.000%                0        0.000%
MEM_BLOCK_LENGTH_700                                 0        0.000%                0        0.000%
MEM_BLOCK_LENGTH_800                                 0        0.000%                0        0.000%
MEM_BLOCK_LENGTH_900                                 0        0.000%                0        0.000%
MEM_BLOCK_LENGTH_1000                                0        0.000%                1        0.741%
MEM_BLOCK_LENGTH_1100                                0        0.000%                0        0.000%
MEM_BLOCK_LENGTH_1200                                0        0.000%                0        0.000%
MEM_BLOCK_LENGTH_1300                                0        0.000%                0        0.000%
MEM_BLOCK_LENGTH_1400                                0        0.000%                0        0.000%
MEM_BLOCK_LENGTH_1500                                0        0.000%                0        0.000%
MEM_BLOCK_LENGTH_1600                                0        0.000%                0        0.000%
MEM_BLOCK_LENGTH_1700                                0        0.000%                0        0.000%
MEM_BLOCK_LENGTH_1800                                0        0.000%                0        0.000%
MEM_BLOCK_LENGTH_1900                                0        0.000%                0        0.000%
MEM_BLOCK_LENGTH_2000                                0        0.000%                0        0.000%
MEM_BLOCK_LENGTH_2100                                0        0.000%                0        0.000%
MEM_BLOCK_LENGTH_2200                                0        0.000%                0        0.000%
MEM_BLOCK_LENGTH_2300                                0        0.000%                0        0.000%
MEM_BLOCK_LENGTH_2400                                0        0.000%                0        0.000%
MEM_BLOCK_LENGTH_2500                                0        0.000%                0        0.000%
MEM_BLOCK_LENGTH_2600                                0        0.000%                0        0.000%
MEM_BLOCK_LENGTH_2700                                0        0.000%                0        0.000%
MEM_BLOCK_LENGTH_2800                                0        0.000%                0        0.000%
MEM_BLOCK_LENGTH_2900                                0        0.000%                0        0.000%
MEM_BLOCK_LENGTH_3000                                0        0.000%                0        0.000%
MEM_BLOCK_LENGTH_3100                                0        0.000%                0        0.000%
MEM_BLOCK_LENGTH_3200                                0        0.000%                0        0.000%
MEM_BLOCK_LENGTH_3300                                0        0.000%                0        0.000%
MEM_BLOCK_LENGTH_3400                                0        0.000%                0        0.000%
MEM_BLOCK_LENGTH_3500                                0        0.000%                0        0.000%
MEM_BLOCK_LENGTH_3600                                0        0.000%                0        0.000%
MEM_BLOCK_LENGTH_3700                                0        0.000%                0        0.000%
MEM_BLOCK_LENGTH_3800                                0        0.000%                0        0.000%
MEM_BLOCK_LENGTH_3900                                0        0.000%                0        0.000%
MEM_BLOCK_LENGTH_4000                                0        0.000%                0        0.000%
MEM_BLOCK_LENGTH_4100                                0        0.000%                0        0.000%
MEM_BLOCK_LENGTH_4200                                0        0.000%                0        0.000%
MEM_BLOCK_LENGTH_4300                                0        0.000%                0        0.000%
MEM_BLOCK_LENGTH_4400                                0        0.000%                0        0.000%
MEM_BLOCK_LENGTH_4500                                0        0.000%                0        0.000%
MEM_BLOCK_LENGTH_4600                                0        0.000%                0        0.000%
MEM_BLOCK_LENGTH_4700                                0        0.000%                0        0.000%
MEM_BLOCK_LENGTH_4800                                0        0.000%                0        0.000%
MEM_BLOCK_LENGTH_4900                                0        0.000%                0        0.000%
MEM_BLOCK_LENGTH_5000                                0        0.000%                0        0.000%
                                                    51      100.000%              135      100.000%
                                                  0.04         0.19              0.19         0.96

FUS_BUSY_ON_PATH                              18230779        2.1524         36311782        2.1494

FUS_BUSY_OFF_PATH                               450237        0.0532           921819        0.0546

FU_BUSY_MEM_STALL                               438110        0.0517           888309        0.0526

FUS_EMPTY                                     49079848        5.7945         97916543        5.7960

FU_UNAVAILABLE                                 6419545        0.7579         12691038        0.7512

FU_MEM_UNAVAILABLE                              383469        0.0453           777553        0.0460

FU_REPLAY                                            0        0.0000                0        0.0000

FU_STARVED                                    49051639        5.7911         97857190        5.7925

CHIP_UTILIZATION                                     0        0.0000                0        0.0000

CYCLES_UNDER_MEM_REQ                                 0                              0              

CYCLES_UNDER_NO_MEM_REQ                              0                              0              

CYCLES_UNDER_CRITICAL_MEM_REQ                        0                              0              

CYCLES_UNDER_NONCRITICAL_MEM_REQ                     0                              0              

CHIP_UTILIZATION_UNDER_MEM_REQ                       0          -nan                0          -nan

CHIP_UTILIZATION_UNDER_NO_MEM_REQ                    0          -nan                0          -nan

CHIP_UTILIZATION_UNDER_CRITICAL_MEM_REQ              0          -nan                0          -nan

CHIP_UTILIZATION_UNDER_NONCRITICAL_MEM_REQ             0          -nan                0          -nan

CYCLES_NOT_WAITING_FOR_OFF_CHIP                      0        0.0000                0        0.0000

FUS_BUSY_NOT_WAITING_FOR_OFF_CHIP                    0          -nan                0          -nan

CYCLES_WAITING_FOR_OFF_CHIP                          0        0.0000                0        0.0000

FUS_BUSY_WAITING_FOR_OFF_CHIP                        0          -nan                0          -nan

TOTAL_OFF_CHIP_DELAYS_LEFT                           0                              0              

WRONG_IO_SCHED                                       0                              0              

DVFS_CONFIG_SWITCH                                   0                              0              

MAP_STAGE_RECEIVED_OPS_0                             0        0.000%                0        0.000%
MAP_STAGE_RECEIVED_OPS_1                        256567        9.751%           514551        9.780%
MAP_STAGE_RECEIVED_OPS_2                        346650       13.175%           690917       13.132%
MAP_STAGE_RECEIVED_OPS_3                        357026       13.569%           717220       13.632%
MAP_STAGE_RECEIVED_OPS_4                        225591        8.574%           452756        8.605%
MAP_STAGE_RECEIVED_OPS_5                        237074        9.010%           472118        8.973%
MAP_STAGE_RECEIVED_OPS_6                       1208295       45.922%          2413890       45.879%
MAP_STAGE_RECEIVED_OPS_7                             0        0.000%                0        0.000%
MAP_STAGE_RECEIVED_OPS_8                             0        0.000%                0        0.000%
MAP_STAGE_RECEIVED_OPS_MAX                           0        0.000%                0        0.000%
                                               2631203      100.000%          5261452      100.000%
                                                  4.32         1.83              4.31         1.84

MAP_STAGE_WAIT_FOR_DECODE                            0         -nan%                0         -nan%
MAP_STAGE_CONSUME_DECODE                             0         -nan%                0         -nan%
                                                     0         -nan%                0         -nan%
                                                  -nan         -nan              -nan         -nan

MAP_STAGE_WAIT_FOR_DECODE2                           0         -nan%                0         -nan%
MAP_STAGE_CONSUME_DECODE2                            0         -nan%                0         -nan%
                                                     0         -nan%                0         -nan%
                                                  -nan         -nan              -nan         -nan

FTQ_RECOVER_EXEC                                 11040                          23040              

FTQ_RECOVER_DECODE                                   0                            290              

FTQ_OFFPATH_CYCLES                             1906703                        3835229              

FTQ_CYCLES_OFFPATH                             2056919                        4140928              

FTQ_CYCLES_ONPATH                              6413189                       12752840              

FTQ_FETCHED_INS_OFFPATH                        4272249                        9114523              

FTQ_FETCHED_INS_ONPATH                        11359620                       22705894              

FTQ_BREAK_FULL_FT_ONPATH                       6311960       98.593%         12545144       98.552%
FTQ_BREAK_MAX_CFS_TAKEN_ONPATH                   61045        0.954%           127048        0.998%
FTQ_BREAK_MAX_BYTES_ONPATH                       29064        0.454%            57238        0.450%
FTQ_BREAK_PRED_BR_ONPATH                             0        0.000%                0        0.000%
FTQ_BREAK_BAR_FETCH_ONPATH                           0        0.000%                0        0.000%
                                               6402069      100.000%         12729430      100.000%
                                                  0.02         0.16              0.02         0.17

FTQ_BREAK_FULL_FT_OFFPATH                      2000042       96.716%          4014405       96.401%
FTQ_BREAK_MAX_CFS_TAKEN_OFFPATH                  43017        2.080%            92316        2.217%
FTQ_BREAK_MAX_BYTES_OFFPATH                      24900        1.204%            57537        1.382%
FTQ_BREAK_PRED_BR_OFFPATH                            0        0.000%                0        0.000%
FTQ_BREAK_BAR_FETCH_OFFPATH                          0        0.000%                0        0.000%
                                               2067959      100.000%          4164258      100.000%
                                                  0.04         0.25              0.05         0.27



