Scarab gitrev: 3541854
Scarab started at Sat Oct 26 02:13:18 2024

Initialized Ramulator. 
** Heartbeat:   5% -- { 1000000 } -- 0.00 KIPS (166.67 KIPS)
** Heartbeat:  10% -- { 2000000 } -- 142.86 KIPS (153.85 KIPS)
** Heartbeat:  15% -- { 3000003 } -- 166.67 KIPS (157.89 KIPS)
** Heartbeat:  20% -- { 4000004 } -- 125.00 KIPS (148.15 KIPS)
** Heartbeat:  25% -- { 5000008 } -- 166.67 KIPS (151.52 KIPS)
** Heartbeat:  30% -- { 6000008 } -- 142.86 KIPS (150.00 KIPS)
** Heartbeat:  35% -- { 7000011 } -- 125.00 KIPS (145.83 KIPS)
** Heartbeat:  40% -- { 8000013 } -- 166.67 KIPS (148.15 KIPS)
** Heartbeat:  45% -- { 9000017 } -- 142.86 KIPS (147.54 KIPS)
** Heartbeat:  50% -- { 10000018 } -- 166.67 KIPS (149.25 KIPS)
** Heartbeat:  55% -- { 11000018 } -- 125.00 KIPS (146.67 KIPS)
** Heartbeat:  60% -- { 12000018 } -- 142.86 KIPS (146.34 KIPS)
** Heartbeat:  65% -- { 13000018 } -- 142.86 KIPS (146.07 KIPS)
** Heartbeat:  70% -- { 14000019 } -- 142.86 KIPS (145.83 KIPS)
** Heartbeat:  75% -- { 15000023 } -- 142.86 KIPS (145.63 KIPS)
** Heartbeat:  80% -- { 16000026 } -- 100.00 KIPS (141.59 KIPS)
** Heartbeat:  85% -- { 17000026 } -- 125.00 KIPS (140.50 KIPS)
** Heartbeat:  90% -- { 18000026 } -- 125.00 KIPS (139.54 KIPS)
** Heartbeat:  95% -- { 19000026 } -- 125.00 KIPS (138.69 KIPS)
** Core 0 Finished:    insts:20000000    cycles:12175761    time:3804925312500       -- 1.64 IPC (1.64 IPC) --  N/A  KIPS (136.05 KIPS)
Scarab finished at Sat Oct 26 02:15:45 2024

