               ramulator.active_cycles_0             6959361                                      # Total active cycles for level _0
                 ramulator.busy_cycles_0             6959361                                      # (All-bank refresh only. busy cycles only include refresh time in rank level) The sum of cycles that the DRAM part is active or under refresh for level _0
            ramulator.serving_requests_0            16705064                                      # The sum of read and write requests that are served in this DRAM element per memory cycle for level _0
    ramulator.average_serving_requests_0            2.033335                                      # The average of read and write requests that are served in this DRAM element per memory cycle for level _0
             ramulator.active_cycles_0_0             6959361                                      # Total active cycles for level _0_0
               ramulator.busy_cycles_0_0             7056381                                      # (All-bank refresh only. busy cycles only include refresh time in rank level) The sum of cycles that the DRAM part is active or under refresh for level _0_0
          ramulator.serving_requests_0_0            16705064                                      # The sum of read and write requests that are served in this DRAM element per memory cycle for level _0_0
  ramulator.average_serving_requests_0_0            2.033335                                      # The average of read and write requests that are served in this DRAM element per memory cycle for level _0_0
           ramulator.active_cycles_0_0_0             3198022                                      # Total active cycles for level _0_0_0
             ramulator.busy_cycles_0_0_0             3198022                                      # (All-bank refresh only. busy cycles only include refresh time in rank level) The sum of cycles that the DRAM part is active or under refresh for level _0_0_0
        ramulator.serving_requests_0_0_0             4260128                                      # The sum of read and write requests that are served in this DRAM element per memory cycle for level _0_0_0
ramulator.average_serving_requests_0_0_0            0.518541                                      # The average of read and write requests that are served in this DRAM element per memory cycle for level _0_0_0
         ramulator.active_cycles_0_0_0_0              976776                                      # Total active cycles for level _0_0_0_0
           ramulator.busy_cycles_0_0_0_0              976776                                      # (All-bank refresh only. busy cycles only include refresh time in rank level) The sum of cycles that the DRAM part is active or under refresh for level _0_0_0_0
      ramulator.serving_requests_0_0_0_0             1042032                                      # The sum of read and write requests that are served in this DRAM element per memory cycle for level _0_0_0_0
ramulator.average_serving_requests_0_0_0_0            0.126836                                      # The average of read and write requests that are served in this DRAM element per memory cycle for level _0_0_0_0
         ramulator.active_cycles_0_0_0_1              971077                                      # Total active cycles for level _0_0_0_1
           ramulator.busy_cycles_0_0_0_1              971077                                      # (All-bank refresh only. busy cycles only include refresh time in rank level) The sum of cycles that the DRAM part is active or under refresh for level _0_0_0_1
      ramulator.serving_requests_0_0_0_1             1040371                                      # The sum of read and write requests that are served in this DRAM element per memory cycle for level _0_0_0_1
ramulator.average_serving_requests_0_0_0_1            0.126634                                      # The average of read and write requests that are served in this DRAM element per memory cycle for level _0_0_0_1
         ramulator.active_cycles_0_0_0_2              949803                                      # Total active cycles for level _0_0_0_2
           ramulator.busy_cycles_0_0_0_2              949803                                      # (All-bank refresh only. busy cycles only include refresh time in rank level) The sum of cycles that the DRAM part is active or under refresh for level _0_0_0_2
      ramulator.serving_requests_0_0_0_2             1019493                                      # The sum of read and write requests that are served in this DRAM element per memory cycle for level _0_0_0_2
ramulator.average_serving_requests_0_0_0_2            0.124092                                      # The average of read and write requests that are served in this DRAM element per memory cycle for level _0_0_0_2
         ramulator.active_cycles_0_0_0_3             1088538                                      # Total active cycles for level _0_0_0_3
           ramulator.busy_cycles_0_0_0_3             1088538                                      # (All-bank refresh only. busy cycles only include refresh time in rank level) The sum of cycles that the DRAM part is active or under refresh for level _0_0_0_3
      ramulator.serving_requests_0_0_0_3             1158015                                      # The sum of read and write requests that are served in this DRAM element per memory cycle for level _0_0_0_3
ramulator.average_serving_requests_0_0_0_3            0.140953                                      # The average of read and write requests that are served in this DRAM element per memory cycle for level _0_0_0_3
           ramulator.active_cycles_0_0_1             3094943                                      # Total active cycles for level _0_0_1
             ramulator.busy_cycles_0_0_1             3094943                                      # (All-bank refresh only. busy cycles only include refresh time in rank level) The sum of cycles that the DRAM part is active or under refresh for level _0_0_1
        ramulator.serving_requests_0_0_1             4137841                                      # The sum of read and write requests that are served in this DRAM element per memory cycle for level _0_0_1
ramulator.average_serving_requests_0_0_1            0.503657                                      # The average of read and write requests that are served in this DRAM element per memory cycle for level _0_0_1
         ramulator.active_cycles_0_0_1_0              909642                                      # Total active cycles for level _0_0_1_0
           ramulator.busy_cycles_0_0_1_0              909642                                      # (All-bank refresh only. busy cycles only include refresh time in rank level) The sum of cycles that the DRAM part is active or under refresh for level _0_0_1_0
      ramulator.serving_requests_0_0_1_0              969692                                      # The sum of read and write requests that are served in this DRAM element per memory cycle for level _0_0_1_0
ramulator.average_serving_requests_0_0_1_0            0.118031                                      # The average of read and write requests that are served in this DRAM element per memory cycle for level _0_0_1_0
         ramulator.active_cycles_0_0_1_1              995017                                      # Total active cycles for level _0_0_1_1
           ramulator.busy_cycles_0_0_1_1              995017                                      # (All-bank refresh only. busy cycles only include refresh time in rank level) The sum of cycles that the DRAM part is active or under refresh for level _0_0_1_1
      ramulator.serving_requests_0_0_1_1             1067056                                      # The sum of read and write requests that are served in this DRAM element per memory cycle for level _0_0_1_1
ramulator.average_serving_requests_0_0_1_1            0.129882                                      # The average of read and write requests that are served in this DRAM element per memory cycle for level _0_0_1_1
         ramulator.active_cycles_0_0_1_2             1005771                                      # Total active cycles for level _0_0_1_2
           ramulator.busy_cycles_0_0_1_2             1005771                                      # (All-bank refresh only. busy cycles only include refresh time in rank level) The sum of cycles that the DRAM part is active or under refresh for level _0_0_1_2
      ramulator.serving_requests_0_0_1_2             1077386                                      # The sum of read and write requests that are served in this DRAM element per memory cycle for level _0_0_1_2
ramulator.average_serving_requests_0_0_1_2            0.131139                                      # The average of read and write requests that are served in this DRAM element per memory cycle for level _0_0_1_2
         ramulator.active_cycles_0_0_1_3              957072                                      # Total active cycles for level _0_0_1_3
           ramulator.busy_cycles_0_0_1_3              957072                                      # (All-bank refresh only. busy cycles only include refresh time in rank level) The sum of cycles that the DRAM part is active or under refresh for level _0_0_1_3
      ramulator.serving_requests_0_0_1_3             1023707                                      # The sum of read and write requests that are served in this DRAM element per memory cycle for level _0_0_1_3
ramulator.average_serving_requests_0_0_1_3            0.124605                                      # The average of read and write requests that are served in this DRAM element per memory cycle for level _0_0_1_3
           ramulator.active_cycles_0_0_2             3109063                                      # Total active cycles for level _0_0_2
             ramulator.busy_cycles_0_0_2             3109063                                      # (All-bank refresh only. busy cycles only include refresh time in rank level) The sum of cycles that the DRAM part is active or under refresh for level _0_0_2
        ramulator.serving_requests_0_0_2             4148108                                      # The sum of read and write requests that are served in this DRAM element per memory cycle for level _0_0_2
ramulator.average_serving_requests_0_0_2            0.504906                                      # The average of read and write requests that are served in this DRAM element per memory cycle for level _0_0_2
         ramulator.active_cycles_0_0_2_0              962337                                      # Total active cycles for level _0_0_2_0
           ramulator.busy_cycles_0_0_2_0              962337                                      # (All-bank refresh only. busy cycles only include refresh time in rank level) The sum of cycles that the DRAM part is active or under refresh for level _0_0_2_0
      ramulator.serving_requests_0_0_2_0             1027981                                      # The sum of read and write requests that are served in this DRAM element per memory cycle for level _0_0_2_0
ramulator.average_serving_requests_0_0_2_0            0.125125                                      # The average of read and write requests that are served in this DRAM element per memory cycle for level _0_0_2_0
         ramulator.active_cycles_0_0_2_1              993969                                      # Total active cycles for level _0_0_2_1
           ramulator.busy_cycles_0_0_2_1              993969                                      # (All-bank refresh only. busy cycles only include refresh time in rank level) The sum of cycles that the DRAM part is active or under refresh for level _0_0_2_1
      ramulator.serving_requests_0_0_2_1             1059757                                      # The sum of read and write requests that are served in this DRAM element per memory cycle for level _0_0_2_1
ramulator.average_serving_requests_0_0_2_1            0.128993                                      # The average of read and write requests that are served in this DRAM element per memory cycle for level _0_0_2_1
         ramulator.active_cycles_0_0_2_2              965474                                      # Total active cycles for level _0_0_2_2
           ramulator.busy_cycles_0_0_2_2              965474                                      # (All-bank refresh only. busy cycles only include refresh time in rank level) The sum of cycles that the DRAM part is active or under refresh for level _0_0_2_2
      ramulator.serving_requests_0_0_2_2             1030551                                      # The sum of read and write requests that are served in this DRAM element per memory cycle for level _0_0_2_2
ramulator.average_serving_requests_0_0_2_2            0.125438                                      # The average of read and write requests that are served in this DRAM element per memory cycle for level _0_0_2_2
         ramulator.active_cycles_0_0_2_3              962107                                      # Total active cycles for level _0_0_2_3
           ramulator.busy_cycles_0_0_2_3              962107                                      # (All-bank refresh only. busy cycles only include refresh time in rank level) The sum of cycles that the DRAM part is active or under refresh for level _0_0_2_3
      ramulator.serving_requests_0_0_2_3             1029819                                      # The sum of read and write requests that are served in this DRAM element per memory cycle for level _0_0_2_3
ramulator.average_serving_requests_0_0_2_3            0.125349                                      # The average of read and write requests that are served in this DRAM element per memory cycle for level _0_0_2_3
           ramulator.active_cycles_0_0_3             3094804                                      # Total active cycles for level _0_0_3
             ramulator.busy_cycles_0_0_3             3094804                                      # (All-bank refresh only. busy cycles only include refresh time in rank level) The sum of cycles that the DRAM part is active or under refresh for level _0_0_3
        ramulator.serving_requests_0_0_3             4158691                                      # The sum of read and write requests that are served in this DRAM element per memory cycle for level _0_0_3
ramulator.average_serving_requests_0_0_3            0.506194                                      # The average of read and write requests that are served in this DRAM element per memory cycle for level _0_0_3
         ramulator.active_cycles_0_0_3_0              907657                                      # Total active cycles for level _0_0_3_0
           ramulator.busy_cycles_0_0_3_0              907657                                      # (All-bank refresh only. busy cycles only include refresh time in rank level) The sum of cycles that the DRAM part is active or under refresh for level _0_0_3_0
      ramulator.serving_requests_0_0_3_0              972550                                      # The sum of read and write requests that are served in this DRAM element per memory cycle for level _0_0_3_0
ramulator.average_serving_requests_0_0_3_0            0.118378                                      # The average of read and write requests that are served in this DRAM element per memory cycle for level _0_0_3_0
         ramulator.active_cycles_0_0_3_1              951569                                      # Total active cycles for level _0_0_3_1
           ramulator.busy_cycles_0_0_3_1              951569                                      # (All-bank refresh only. busy cycles only include refresh time in rank level) The sum of cycles that the DRAM part is active or under refresh for level _0_0_3_1
      ramulator.serving_requests_0_0_3_1             1014434                                      # The sum of read and write requests that are served in this DRAM element per memory cycle for level _0_0_3_1
ramulator.average_serving_requests_0_0_3_1            0.123477                                      # The average of read and write requests that are served in this DRAM element per memory cycle for level _0_0_3_1
         ramulator.active_cycles_0_0_3_2             1034732                                      # Total active cycles for level _0_0_3_2
           ramulator.busy_cycles_0_0_3_2             1034732                                      # (All-bank refresh only. busy cycles only include refresh time in rank level) The sum of cycles that the DRAM part is active or under refresh for level _0_0_3_2
      ramulator.serving_requests_0_0_3_2             1103490                                      # The sum of read and write requests that are served in this DRAM element per memory cycle for level _0_0_3_2
ramulator.average_serving_requests_0_0_3_2            0.134316                                      # The average of read and write requests that are served in this DRAM element per memory cycle for level _0_0_3_2
         ramulator.active_cycles_0_0_3_3             1004581                                      # Total active cycles for level _0_0_3_3
           ramulator.busy_cycles_0_0_3_3             1004581                                      # (All-bank refresh only. busy cycles only include refresh time in rank level) The sum of cycles that the DRAM part is active or under refresh for level _0_0_3_3
      ramulator.serving_requests_0_0_3_3             1068217                                      # The sum of read and write requests that are served in this DRAM element per memory cycle for level _0_0_3_3
ramulator.average_serving_requests_0_0_3_3            0.130023                                      # The average of read and write requests that are served in this DRAM element per memory cycle for level _0_0_3_3
      ramulator.read_transaction_bytes_0            11610432                                      # The total byte of read transaction per channel
     ramulator.write_transaction_bytes_0             4213952                                      # The total byte of write transaction per channel
       ramulator.row_hits_channel_0_core               99020                                      # Number of row hits per channel per core
     ramulator.row_misses_channel_0_core               15475                                      # Number of row misses per channel per core
  ramulator.row_conflicts_channel_0_core              132761                                      # Number of row conflicts per channel per core
  ramulator.read_row_hits_channel_0_core               96616                                      # Number of row hits for read requests per channel per core
                                     [0]             96616.0                                      # 
ramulator.read_row_misses_channel_0_core               10790                                      # Number of row misses for read requests per channel per core
                                     [0]             10790.0                                      # 
ramulator.read_row_conflicts_channel_0_core               74007                                      # Number of row conflicts for read requests per channel per core
                                     [0]             74007.0                                      # 
 ramulator.write_row_hits_channel_0_core                2404                                      # Number of row hits for write requests per channel per core
                                     [0]              2404.0                                      # 
ramulator.write_row_misses_channel_0_core                4685                                      # Number of row misses for write requests per channel per core
                                     [0]              4685.0                                      # 
ramulator.write_row_conflicts_channel_0_core               58754                                      # Number of row conflicts for write requests per channel per core
                                     [0]             58754.0                                      # 
      ramulator.useless_activates_0_core                  12                                      # Number of useless activations. E.g, ACT -> PRE w/o RD or WR
            ramulator.read_latency_avg_0           55.091906                                      # The average memory latency cycles (in memory time domain) per request for all read requests in this channel
            ramulator.read_latency_sum_0             9995600                                      # The memory latency cycles (in memory time domain) sum for all read requests in this channel
        ramulator.req_queue_length_avg_0           14.630356                                      # Average of read and write queue length per memory cycle per channel.
        ramulator.req_queue_length_sum_0           120197155                                      # Sum of read and write queue length per memory cycle per channel.
   ramulator.read_req_queue_length_avg_0            1.049022                                      # Read queue length average per memory cycle per channel.
   ramulator.read_req_queue_length_sum_0             8618344                                      # Read queue length sum per memory cycle per channel.
  ramulator.write_req_queue_length_avg_0           13.581334                                      # Write queue length average per memory cycle per channel.
  ramulator.write_req_queue_length_sum_0           111578811                                      # Write queue length sum per memory cycle per channel.
              ramulator.record_read_hits                 0.0                                      # record read hit count for this core when it reaches request limit or to the end
                                     [0]                 0.0                                      # 
            ramulator.record_read_misses                 0.0                                      # record_read_miss count for this core when it reaches request limit or to the end
                                     [0]                 0.0                                      # 
         ramulator.record_read_conflicts                 0.0                                      # record read conflict count for this core when it reaches request limit or to the end
                                     [0]                 0.0                                      # 
             ramulator.record_write_hits                 0.0                                      # record write hit count for this core when it reaches request limit or to the end
                                     [0]                 0.0                                      # 
           ramulator.record_write_misses                 0.0                                      # record write miss count for this core when it reaches request limit or to the end
                                     [0]                 0.0                                      # 
        ramulator.record_write_conflicts                 0.0                                      # record write conflict for this core when it reaches request limit or to the end
                                     [0]                 0.0                                      # 
                 ramulator.dram_capacity          8589934592                                      # Number of bytes in simulated DRAM
                   ramulator.dram_cycles             8215600                                      # Number of DRAM cycles simulated
             ramulator.incoming_requests              247286                                      # Number of incoming requests to DRAM
                 ramulator.read_requests              181435                                      # Number of incoming read requests to DRAM per core
                                     [0]            181435.0                                      # 
                ramulator.write_requests               65851                                      # Number of incoming write requests to DRAM per core
                                     [0]             65851.0                                      # 
       ramulator.ramulator_active_cycles             6959371                                      # The total number of cycles that the DRAM part is active (serving R/W)
 ramulator.incoming_requests_per_channel            247286.0                                      # Number of incoming requests to each DRAM channel
                                     [0]            247286.0                                      # 
ramulator.incoming_read_reqs_per_channel            181435.0                                      # Number of incoming read requests to each DRAM channel
                                     [0]            181435.0                                      # 
     ramulator.physical_page_replacement                   0                                      # The number of times that physical page replacement happens.
             ramulator.maximum_bandwidth         19200000000                                      # The theoretical maximum bandwidth (Bps)
          ramulator.in_queue_req_num_sum           120197155                                      # Sum of read/write queue length
     ramulator.in_queue_read_req_num_sum             8618344                                      # Sum of read queue length
    ramulator.in_queue_write_req_num_sum           111578811                                      # Sum of write queue length
          ramulator.in_queue_req_num_avg           14.630356                                      # Average of read/write queue length per memory cycle
     ramulator.in_queue_read_req_num_avg            1.049022                                      # Average of read queue length per memory cycle
    ramulator.in_queue_write_req_num_avg           13.581334                                      # Average of write queue length per memory cycle
          ramulator.record_read_requests                 0.0                                      # record read requests for this core when it reaches request limit or to the end
                                     [0]                 0.0                                      # 
         ramulator.record_write_requests                 0.0                                      # record write requests for this core when it reaches request limit or to the end
                                     [0]                 0.0                                      # 
