Scarab gitrev: 3541854
Scarab started at Sat Oct 26 02:25:33 2024

Initialized Ramulator. 
** Heartbeat:   5% -- { 1000004 } -- 0.00 KIPS (90.91 KIPS)
** Heartbeat:  10% -- { 2000007 } -- 111.11 KIPS (100.00 KIPS)
** Heartbeat:  15% -- { 3000010 } -- 142.86 KIPS (111.11 KIPS)
** Heartbeat:  20% -- { 4000011 } -- 250.00 KIPS (129.03 KIPS)
** Heartbeat:  25% -- { 5000011 } -- 125.00 KIPS (128.21 KIPS)
** Heartbeat:  30% -- { 6000011 } -- 142.86 KIPS (130.44 KIPS)
** Heartbeat:  35% -- { 7000011 } -- 142.86 KIPS (132.08 KIPS)
** Heartbeat:  40% -- { 8000014 } -- 166.67 KIPS (135.59 KIPS)
** Heartbeat:  45% -- { 9000015 } -- 250.00 KIPS (142.86 KIPS)
** Heartbeat:  50% -- { 10000015 } -- 125.00 KIPS (140.85 KIPS)
** Heartbeat:  55% -- { 11000020 } -- 125.00 KIPS (139.24 KIPS)
** Heartbeat:  60% -- { 12000022 } -- 125.00 KIPS (137.93 KIPS)
** Heartbeat:  65% -- { 13000022 } -- 142.86 KIPS (138.30 KIPS)
** Heartbeat:  70% -- { 14000024 } -- 250.00 KIPS (142.86 KIPS)
** Heartbeat:  75% -- { 15000029 } -- 125.00 KIPS (141.51 KIPS)
** Heartbeat:  80% -- { 16000031 } -- 100.00 KIPS (137.93 KIPS)
** Heartbeat:  85% -- { 17000031 } -- 125.00 KIPS (137.10 KIPS)
** Heartbeat:  90% -- { 18000032 } -- 142.86 KIPS (137.40 KIPS)
** Heartbeat:  95% -- { 19000032 } -- 250.00 KIPS (140.74 KIPS)
** Core 0 Finished:    insts:20000000    cycles:14182815    time:4432129687500       -- 1.41 IPC (1.41 IPC) --  N/A  KIPS (141.84 KIPS)
Scarab finished at Sat Oct 26 02:27:54 2024

