               ramulator.active_cycles_0             7508119                                      # Total active cycles for level _0
                 ramulator.busy_cycles_0             7508119                                      # (All-bank refresh only. busy cycles only include refresh time in rank level) The sum of cycles that the DRAM part is active or under refresh for level _0
            ramulator.serving_requests_0            22613239                                      # The sum of read and write requests that are served in this DRAM element per memory cycle for level _0
    ramulator.average_serving_requests_0            2.444233                                      # The average of read and write requests that are served in this DRAM element per memory cycle for level _0
             ramulator.active_cycles_0_0             7508119                                      # Total active cycles for level _0_0
               ramulator.busy_cycles_0_0             7721059                                      # (All-bank refresh only. busy cycles only include refresh time in rank level) The sum of cycles that the DRAM part is active or under refresh for level _0_0
          ramulator.serving_requests_0_0            22613239                                      # The sum of read and write requests that are served in this DRAM element per memory cycle for level _0_0
  ramulator.average_serving_requests_0_0            2.444233                                      # The average of read and write requests that are served in this DRAM element per memory cycle for level _0_0
           ramulator.active_cycles_0_0_0             3855319                                      # Total active cycles for level _0_0_0
             ramulator.busy_cycles_0_0_0             3855319                                      # (All-bank refresh only. busy cycles only include refresh time in rank level) The sum of cycles that the DRAM part is active or under refresh for level _0_0_0
        ramulator.serving_requests_0_0_0             5784125                                      # The sum of read and write requests that are served in this DRAM element per memory cycle for level _0_0_0
ramulator.average_serving_requests_0_0_0            0.625198                                      # The average of read and write requests that are served in this DRAM element per memory cycle for level _0_0_0
         ramulator.active_cycles_0_0_0_0             1118759                                      # Total active cycles for level _0_0_0_0
           ramulator.busy_cycles_0_0_0_0             1118759                                      # (All-bank refresh only. busy cycles only include refresh time in rank level) The sum of cycles that the DRAM part is active or under refresh for level _0_0_0_0
      ramulator.serving_requests_0_0_0_0             1328021                                      # The sum of read and write requests that are served in this DRAM element per memory cycle for level _0_0_0_0
ramulator.average_serving_requests_0_0_0_0            0.143544                                      # The average of read and write requests that are served in this DRAM element per memory cycle for level _0_0_0_0
         ramulator.active_cycles_0_0_0_1             1158192                                      # Total active cycles for level _0_0_0_1
           ramulator.busy_cycles_0_0_0_1             1158192                                      # (All-bank refresh only. busy cycles only include refresh time in rank level) The sum of cycles that the DRAM part is active or under refresh for level _0_0_0_1
      ramulator.serving_requests_0_0_0_1             1372956                                      # The sum of read and write requests that are served in this DRAM element per memory cycle for level _0_0_0_1
ramulator.average_serving_requests_0_0_0_1            0.148401                                      # The average of read and write requests that are served in this DRAM element per memory cycle for level _0_0_0_1
         ramulator.active_cycles_0_0_0_2             1326636                                      # Total active cycles for level _0_0_0_2
           ramulator.busy_cycles_0_0_0_2             1326636                                      # (All-bank refresh only. busy cycles only include refresh time in rank level) The sum of cycles that the DRAM part is active or under refresh for level _0_0_0_2
      ramulator.serving_requests_0_0_0_2             1571744                                      # The sum of read and write requests that are served in this DRAM element per memory cycle for level _0_0_0_2
ramulator.average_serving_requests_0_0_0_2            0.169888                                      # The average of read and write requests that are served in this DRAM element per memory cycle for level _0_0_0_2
         ramulator.active_cycles_0_0_0_3             1273416                                      # Total active cycles for level _0_0_0_3
           ramulator.busy_cycles_0_0_0_3             1273416                                      # (All-bank refresh only. busy cycles only include refresh time in rank level) The sum of cycles that the DRAM part is active or under refresh for level _0_0_0_3
      ramulator.serving_requests_0_0_0_3             1511404                                      # The sum of read and write requests that are served in this DRAM element per memory cycle for level _0_0_0_3
ramulator.average_serving_requests_0_0_0_3            0.163366                                      # The average of read and write requests that are served in this DRAM element per memory cycle for level _0_0_0_3
           ramulator.active_cycles_0_0_1             3918643                                      # Total active cycles for level _0_0_1
             ramulator.busy_cycles_0_0_1             3918643                                      # (All-bank refresh only. busy cycles only include refresh time in rank level) The sum of cycles that the DRAM part is active or under refresh for level _0_0_1
        ramulator.serving_requests_0_0_1             5942989                                      # The sum of read and write requests that are served in this DRAM element per memory cycle for level _0_0_1
ramulator.average_serving_requests_0_0_1            0.642369                                      # The average of read and write requests that are served in this DRAM element per memory cycle for level _0_0_1
         ramulator.active_cycles_0_0_1_0             1314605                                      # Total active cycles for level _0_0_1_0
           ramulator.busy_cycles_0_0_1_0             1314605                                      # (All-bank refresh only. busy cycles only include refresh time in rank level) The sum of cycles that the DRAM part is active or under refresh for level _0_0_1_0
      ramulator.serving_requests_0_0_1_0             1560988                                      # The sum of read and write requests that are served in this DRAM element per memory cycle for level _0_0_1_0
ramulator.average_serving_requests_0_0_1_0            0.168725                                      # The average of read and write requests that are served in this DRAM element per memory cycle for level _0_0_1_0
         ramulator.active_cycles_0_0_1_1             1312911                                      # Total active cycles for level _0_0_1_1
           ramulator.busy_cycles_0_0_1_1             1312911                                      # (All-bank refresh only. busy cycles only include refresh time in rank level) The sum of cycles that the DRAM part is active or under refresh for level _0_0_1_1
      ramulator.serving_requests_0_0_1_1             1561390                                      # The sum of read and write requests that are served in this DRAM element per memory cycle for level _0_0_1_1
ramulator.average_serving_requests_0_0_1_1            0.168768                                      # The average of read and write requests that are served in this DRAM element per memory cycle for level _0_0_1_1
         ramulator.active_cycles_0_0_1_2             1161828                                      # Total active cycles for level _0_0_1_2
           ramulator.busy_cycles_0_0_1_2             1161828                                      # (All-bank refresh only. busy cycles only include refresh time in rank level) The sum of cycles that the DRAM part is active or under refresh for level _0_0_1_2
      ramulator.serving_requests_0_0_1_2             1379431                                      # The sum of read and write requests that are served in this DRAM element per memory cycle for level _0_0_1_2
ramulator.average_serving_requests_0_0_1_2            0.149101                                      # The average of read and write requests that are served in this DRAM element per memory cycle for level _0_0_1_2
         ramulator.active_cycles_0_0_1_3             1214441                                      # Total active cycles for level _0_0_1_3
           ramulator.busy_cycles_0_0_1_3             1214441                                      # (All-bank refresh only. busy cycles only include refresh time in rank level) The sum of cycles that the DRAM part is active or under refresh for level _0_0_1_3
      ramulator.serving_requests_0_0_1_3             1441180                                      # The sum of read and write requests that are served in this DRAM element per memory cycle for level _0_0_1_3
ramulator.average_serving_requests_0_0_1_3            0.155775                                      # The average of read and write requests that are served in this DRAM element per memory cycle for level _0_0_1_3
           ramulator.active_cycles_0_0_2             3690637                                      # Total active cycles for level _0_0_2
             ramulator.busy_cycles_0_0_2             3690637                                      # (All-bank refresh only. busy cycles only include refresh time in rank level) The sum of cycles that the DRAM part is active or under refresh for level _0_0_2
        ramulator.serving_requests_0_0_2             5453136                                      # The sum of read and write requests that are served in this DRAM element per memory cycle for level _0_0_2
ramulator.average_serving_requests_0_0_2            0.589422                                      # The average of read and write requests that are served in this DRAM element per memory cycle for level _0_0_2
         ramulator.active_cycles_0_0_2_0             1354858                                      # Total active cycles for level _0_0_2_0
           ramulator.busy_cycles_0_0_2_0             1354858                                      # (All-bank refresh only. busy cycles only include refresh time in rank level) The sum of cycles that the DRAM part is active or under refresh for level _0_0_2_0
      ramulator.serving_requests_0_0_2_0             1601945                                      # The sum of read and write requests that are served in this DRAM element per memory cycle for level _0_0_2_0
ramulator.average_serving_requests_0_0_2_0            0.173152                                      # The average of read and write requests that are served in this DRAM element per memory cycle for level _0_0_2_0
         ramulator.active_cycles_0_0_2_1              947948                                      # Total active cycles for level _0_0_2_1
           ramulator.busy_cycles_0_0_2_1              947948                                      # (All-bank refresh only. busy cycles only include refresh time in rank level) The sum of cycles that the DRAM part is active or under refresh for level _0_0_2_1
      ramulator.serving_requests_0_0_2_1             1123266                                      # The sum of read and write requests that are served in this DRAM element per memory cycle for level _0_0_2_1
ramulator.average_serving_requests_0_0_2_1            0.121412                                      # The average of read and write requests that are served in this DRAM element per memory cycle for level _0_0_2_1
         ramulator.active_cycles_0_0_2_2             1067427                                      # Total active cycles for level _0_0_2_2
           ramulator.busy_cycles_0_0_2_2             1067427                                      # (All-bank refresh only. busy cycles only include refresh time in rank level) The sum of cycles that the DRAM part is active or under refresh for level _0_0_2_2
      ramulator.serving_requests_0_0_2_2             1259706                                      # The sum of read and write requests that are served in this DRAM element per memory cycle for level _0_0_2_2
ramulator.average_serving_requests_0_0_2_2            0.136160                                      # The average of read and write requests that are served in this DRAM element per memory cycle for level _0_0_2_2
         ramulator.active_cycles_0_0_2_3             1239948                                      # Total active cycles for level _0_0_2_3
           ramulator.busy_cycles_0_0_2_3             1239948                                      # (All-bank refresh only. busy cycles only include refresh time in rank level) The sum of cycles that the DRAM part is active or under refresh for level _0_0_2_3
      ramulator.serving_requests_0_0_2_3             1468219                                      # The sum of read and write requests that are served in this DRAM element per memory cycle for level _0_0_2_3
ramulator.average_serving_requests_0_0_2_3            0.158698                                      # The average of read and write requests that are served in this DRAM element per memory cycle for level _0_0_2_3
           ramulator.active_cycles_0_0_3             3652137                                      # Total active cycles for level _0_0_3
             ramulator.busy_cycles_0_0_3             3652137                                      # (All-bank refresh only. busy cycles only include refresh time in rank level) The sum of cycles that the DRAM part is active or under refresh for level _0_0_3
        ramulator.serving_requests_0_0_3             5432989                                      # The sum of read and write requests that are served in this DRAM element per memory cycle for level _0_0_3
ramulator.average_serving_requests_0_0_3            0.587244                                      # The average of read and write requests that are served in this DRAM element per memory cycle for level _0_0_3
         ramulator.active_cycles_0_0_3_0             1232298                                      # Total active cycles for level _0_0_3_0
           ramulator.busy_cycles_0_0_3_0             1232298                                      # (All-bank refresh only. busy cycles only include refresh time in rank level) The sum of cycles that the DRAM part is active or under refresh for level _0_0_3_0
      ramulator.serving_requests_0_0_3_0             1455880                                      # The sum of read and write requests that are served in this DRAM element per memory cycle for level _0_0_3_0
ramulator.average_serving_requests_0_0_3_0            0.157364                                      # The average of read and write requests that are served in this DRAM element per memory cycle for level _0_0_3_0
         ramulator.active_cycles_0_0_3_1             1197016                                      # Total active cycles for level _0_0_3_1
           ramulator.busy_cycles_0_0_3_1             1197016                                      # (All-bank refresh only. busy cycles only include refresh time in rank level) The sum of cycles that the DRAM part is active or under refresh for level _0_0_3_1
      ramulator.serving_requests_0_0_3_1             1419464                                      # The sum of read and write requests that are served in this DRAM element per memory cycle for level _0_0_3_1
ramulator.average_serving_requests_0_0_3_1            0.153428                                      # The average of read and write requests that are served in this DRAM element per memory cycle for level _0_0_3_1
         ramulator.active_cycles_0_0_3_2              997667                                      # Total active cycles for level _0_0_3_2
           ramulator.busy_cycles_0_0_3_2              997667                                      # (All-bank refresh only. busy cycles only include refresh time in rank level) The sum of cycles that the DRAM part is active or under refresh for level _0_0_3_2
      ramulator.serving_requests_0_0_3_2             1183953                                      # The sum of read and write requests that are served in this DRAM element per memory cycle for level _0_0_3_2
ramulator.average_serving_requests_0_0_3_2            0.127972                                      # The average of read and write requests that are served in this DRAM element per memory cycle for level _0_0_3_2
         ramulator.active_cycles_0_0_3_3             1163097                                      # Total active cycles for level _0_0_3_3
           ramulator.busy_cycles_0_0_3_3             1163097                                      # (All-bank refresh only. busy cycles only include refresh time in rank level) The sum of cycles that the DRAM part is active or under refresh for level _0_0_3_3
      ramulator.serving_requests_0_0_3_3             1373692                                      # The sum of read and write requests that are served in this DRAM element per memory cycle for level _0_0_3_3
ramulator.average_serving_requests_0_0_3_3            0.148480                                      # The average of read and write requests that are served in this DRAM element per memory cycle for level _0_0_3_3
      ramulator.read_transaction_bytes_0            38769344                                      # The total byte of read transaction per channel
     ramulator.write_transaction_bytes_0            27435264                                      # The total byte of write transaction per channel
       ramulator.row_hits_channel_0_core              812204                                      # Number of row hits per channel per core
     ramulator.row_misses_channel_0_core               28677                                      # Number of row misses per channel per core
  ramulator.row_conflicts_channel_0_core              193566                                      # Number of row conflicts per channel per core
  ramulator.read_row_hits_channel_0_core              457197                                      # Number of row hits for read requests per channel per core
                                     [0]            457197.0                                      # 
ramulator.read_row_misses_channel_0_core               16709                                      # Number of row misses for read requests per channel per core
                                     [0]             16709.0                                      # 
ramulator.read_row_conflicts_channel_0_core              131865                                      # Number of row conflicts for read requests per channel per core
                                     [0]            131865.0                                      # 
 ramulator.write_row_hits_channel_0_core              355007                                      # Number of row hits for write requests per channel per core
                                     [0]            355007.0                                      # 
ramulator.write_row_misses_channel_0_core               11968                                      # Number of row misses for write requests per channel per core
                                     [0]             11968.0                                      # 
ramulator.write_row_conflicts_channel_0_core               61701                                      # Number of row conflicts for write requests per channel per core
                                     [0]             61701.0                                      # 
      ramulator.useless_activates_0_core                3125                                      # Number of useless activations. E.g, ACT -> PRE w/o RD or WR
            ramulator.read_latency_avg_0           93.638603                                      # The average memory latency cycles (in memory time domain) per request for all read requests in this channel
            ramulator.read_latency_sum_0            56723550                                      # The memory latency cycles (in memory time domain) sum for all read requests in this channel
        ramulator.req_queue_length_avg_0           19.898158                                      # Average of read and write queue length per memory cycle per channel.
        ramulator.req_queue_length_sum_0           184091168                                      # Sum of read and write queue length per memory cycle per channel.
   ramulator.read_req_queue_length_avg_0            5.825041                                      # Read queue length average per memory cycle per channel.
   ramulator.read_req_queue_length_sum_0            53891355                                      # Read queue length sum per memory cycle per channel.
  ramulator.write_req_queue_length_avg_0           14.073116                                      # Write queue length average per memory cycle per channel.
  ramulator.write_req_queue_length_sum_0           130199813                                      # Write queue length sum per memory cycle per channel.
              ramulator.record_read_hits                 0.0                                      # record read hit count for this core when it reaches request limit or to the end
                                     [0]                 0.0                                      # 
            ramulator.record_read_misses                 0.0                                      # record_read_miss count for this core when it reaches request limit or to the end
                                     [0]                 0.0                                      # 
         ramulator.record_read_conflicts                 0.0                                      # record read conflict count for this core when it reaches request limit or to the end
                                     [0]                 0.0                                      # 
             ramulator.record_write_hits                 0.0                                      # record write hit count for this core when it reaches request limit or to the end
                                     [0]                 0.0                                      # 
           ramulator.record_write_misses                 0.0                                      # record write miss count for this core when it reaches request limit or to the end
                                     [0]                 0.0                                      # 
        ramulator.record_write_conflicts                 0.0                                      # record write conflict for this core when it reaches request limit or to the end
                                     [0]                 0.0                                      # 
                 ramulator.dram_capacity          8589934592                                      # Number of bytes in simulated DRAM
                   ramulator.dram_cycles             9251669                                      # Number of DRAM cycles simulated
             ramulator.incoming_requests             1034460                                      # Number of incoming requests to DRAM
                 ramulator.read_requests              605771                                      # Number of incoming read requests to DRAM per core
                                     [0]            605771.0                                      # 
                ramulator.write_requests              428689                                      # Number of incoming write requests to DRAM per core
                                     [0]            428689.0                                      # 
       ramulator.ramulator_active_cycles             7508119                                      # The total number of cycles that the DRAM part is active (serving R/W)
 ramulator.incoming_requests_per_channel           1034460.0                                      # Number of incoming requests to each DRAM channel
                                     [0]           1034460.0                                      # 
ramulator.incoming_read_reqs_per_channel            605771.0                                      # Number of incoming read requests to each DRAM channel
                                     [0]            605771.0                                      # 
     ramulator.physical_page_replacement                   0                                      # The number of times that physical page replacement happens.
             ramulator.maximum_bandwidth         19200000000                                      # The theoretical maximum bandwidth (Bps)
          ramulator.in_queue_req_num_sum           184091168                                      # Sum of read/write queue length
     ramulator.in_queue_read_req_num_sum            53891355                                      # Sum of read queue length
    ramulator.in_queue_write_req_num_sum           130199813                                      # Sum of write queue length
          ramulator.in_queue_req_num_avg           19.898158                                      # Average of read/write queue length per memory cycle
     ramulator.in_queue_read_req_num_avg            5.825041                                      # Average of read queue length per memory cycle
    ramulator.in_queue_write_req_num_avg           14.073116                                      # Average of write queue length per memory cycle
          ramulator.record_read_requests                 0.0                                      # record read requests for this core when it reaches request limit or to the end
                                     [0]                 0.0                                      # 
         ramulator.record_write_requests                 0.0                                      # record write requests for this core when it reaches request limit or to the end
                                     [0]                 0.0                                      # 
