/* -*- Mode: c -*- */
####################################################################################################
Core 0
####################################################################################################
Cumulative:        Cycles: 7009120               Instructions: 20000000              IPC: 2.85343

Periodic:          Cycles: 3373381               Instructions: 10000000              IPC: 2.96438

EXECUTION_TIME                           1054181562500                  2190350000000              

NODE_CYCLE                                     3373381                        7009120              

NODE_INST_COUNT                               10000000                       20000000              

NODE_INST_COUNT_FETCHED                       10000000                       20000000              

NODE_UOP_COUNT                                10463590                       20934875              

FULL_WINDOW_STALL                               378608       11.223%           842253       12.017%

FULL_WINDOW_MEM_OP                              101808       32.597%           307513       43.288%
FULL_WINDOW_FP_OP                               204407       65.448%           391096       55.054%
FULL_WINDOW_OTHER_OP                              6105        1.955%            11783        1.659%
                                                312320      100.000%           710392      100.000%
                                                  0.69         0.32              0.58         0.37

RET_BLOCKED_DC_MISS                             172554        5.115%           500800        7.145%

RET_BLOCKED_L1_MISS                              68883        2.042%           253287        3.614%

RET_BLOCKED_L1_MISS_BW_PREF                          0        0.000%                0        0.000%

RET_BLOCKED_L1_ACCESS                           103671        3.073%           247678        3.534%

RET_BLOCKED_MEM_STALL                            68883        2.042%           253287        3.614%

RET_BLOCKED_OFFCHIP_DEMAND                           0        0.000%                0        0.000%

OP_ISSUED                                     12703608                       25945980              

OP_RETIRED                                    10463590                       20934875              

REPLAY_SIGNALED                                      0                              0              

REPLAY_COUNTED                                       0                              0              

OFF_CRITICAL_PATH                                    0         -nan%                0         -nan%
ON_CRITICAL_PATH                                     0         -nan%                0         -nan%
                                                     0         -nan%                0         -nan%
                                                  -nan         -nan              -nan         -nan

LD_NO_DEPENDENTS                                 38916        1.258%            77169        1.248%
LD_DEPENDENTS                                  3054311       98.742%          6106006       98.752%
                                               3093227      100.000%          6183175      100.000%
                                                  0.99         0.98              0.99         0.98

LD_EXEC_CYCLES_0                                     0        0.000%                0        0.000%
LD_EXEC_CYCLES_1                                     0        0.000%                0        0.000%
LD_EXEC_CYCLES_2                                     0        0.000%                0        0.000%
LD_EXEC_CYCLES_3                                   460       64.067%              693       63.346%
LD_EXEC_CYCLES_4                                   258       35.933%              401       36.654%
                                                   718      100.000%             1094      100.000%
                                                  3.36         2.07              3.37         2.10

ICACHE_STAGE_STARVED                              3777        0.163%            53466        1.147%
ICACHE_STAGE_NOT_STARVED                       2306457       99.837%          4607030       98.853%
                                               2310234      100.000%          4660496      100.000%
                                                  1.00         1.00              0.99         0.98

ICACHE_STAGE_STALLED                            190679        5.652%           366106        5.223%
ICACHE_STAGE_NOT_STALLED                       2308443       68.431%          4633965       66.113%
ICACHE_STAGE_OFF_PATH                           874259       25.916%          2009049       28.663%
                                               3373381      100.000%          7009120      100.000%
                                                  1.20         0.75              1.23         0.80

DECODE_STAGE_STARVED                           2943382       93.011%          6072397       93.361%
DECODE_STAGE_NOT_STARVED                        221172        6.989%           431795        6.639%
                                               3164554      100.000%          6504192      100.000%
                                                  0.07         0.25              0.07         0.24

DECODE_STAGE_STALLED                            115174        3.414%           218937        3.124%
DECODE_STAGE_NOT_STALLED                       3049380       90.395%          6285255       89.673%
DECODE_STAGE_OFF_PATH                           208827        6.190%           504928        7.204%
                                               3373381      100.000%          7009120      100.000%
                                                  1.03         0.35              1.04         0.38

UOPQ_STAGE_STARVED                              811984       31.815%          1795214       34.408%
UOPQ_STAGE_NOT_STARVED                         1740241       68.185%          3422268       65.592%
                                               2552225      100.000%          5217482      100.000%
                                                  0.68         0.62              0.66         0.60

UOPQ_STAGE_STALLED                              171338        5.079%           331194        4.725%
UOPQ_STAGE_NOT_STALLED                         2552225       75.658%          5217482       74.438%
UOPQ_STAGE_OFF_PATH                             649818       19.263%          1460444       20.836%
                                               3373381      100.000%          7009120      100.000%
                                                  1.14         0.64              1.16         0.67

MAP_STAGE_STARVED                               101312        3.839%           240096        4.530%
MAP_STAGE_NOT_STARVED                          2537633       96.161%          5059778       95.470%
                                               2638945      100.000%          5299874      100.000%
                                                  0.96         0.94              0.95         0.93

MAP_STAGE_STALLED                               204988        6.077%           394744        5.632%
MAP_STAGE_NOT_STALLED                          2433957       72.152%          4905130       69.982%
MAP_STAGE_OFF_PATH                              734436       21.772%          1709246       24.386%
                                               3373381      100.000%          7009120      100.000%
                                                  1.16         0.68              1.19         0.73

EXEC_STAGE_STARVED                             1524310       45.186%          3147492       44.906%
EXEC_STAGE_NOT_STARVED                         1284443       38.076%          2538551       36.218%
EXEC_STAGE_OFF_PATH                             564628       16.738%          1323077       18.877%
                                               3373381      100.000%          7009120      100.000%
                                                  0.72         0.63              0.74         0.65

FU_BUSY_0                                      2865895                        5817598              

FU_BUSY_1                                      2225859                        4499063              

FU_BUSY_2                                      1905012                        3865546              

FU_BUSY_3                                      1725163                        3491544              

FU_BUSY_4                                      1669880                        3370028              

FU_BUSY_5                                      1474731                        2981622              

FU_BUSY_6                                       197995                         400458              

FU_BUSY_7                                       255509                         508093              

FU_BUSY_8                                            0                              0              

FU_BUSY_9                                            0                              0              

FU_BUSY_10                                           0                              0              

FU_BUSY_11                                           0                              0              

FU_BUSY_12                                           0                              0              

FU_BUSY_13                                           0                              0              

FU_BUSY_14                                           0                              0              

FU_BUSY_15                                           0                              0              

FU_BUSY_16                                           0                              0              

FU_BUSY_17                                           0                              0              

FU_BUSY_18                                           0                              0              

FU_BUSY_19                                           0                              0              

FU_BUSY_20                                           0                              0              

FU_BUSY_21                                           0                              0              

FU_BUSY_22                                           0                              0              

FU_BUSY_23                                           0                              0              

FU_BUSY_24                                           0                              0              

FU_BUSY_25                                           0                              0              

FU_BUSY_26                                           0                              0              

FU_BUSY_27                                           0                              0              

FU_BUSY_28                                           0                              0              

FU_BUSY_29                                           0                              0              

FU_BUSY_30                                           0                              0              

FU_BUSY_31                                           0                              0              

FU_REJECTED_OP_INV_NOT_SIMD                          0        0.000%                0        0.000%
FU_REJECTED_OP_NOP_NOT_SIMD                       4858        0.984%            11211        1.136%
FU_REJECTED_OP_CF_NOT_SIMD                      129351       26.209%           245197       24.844%
FU_REJECTED_OP_MOV_NOT_SIMD                      24760        5.017%            49650        5.031%
FU_REJECTED_OP_CMOV_NOT_SIMD                       947        0.192%             1711        0.173%
FU_REJECTED_OP_LDA_NOT_SIMD                      23172        4.695%            47646        4.828%
FU_REJECTED_OP_IMEM_NOT_SIMD                         2        0.000%                6        0.001%
FU_REJECTED_OP_IADD_NOT_SIMD                     13414        2.718%            25285        2.562%
FU_REJECTED_OP_IMUL_NOT_SIMD                     52462       10.630%           120174       12.176%
FU_REJECTED_OP_IDIV_NOT_SIMD                         0        0.000%                0        0.000%
FU_REJECTED_OP_ICMP_NOT_SIMD                         0        0.000%                0        0.000%
FU_REJECTED_OP_LOGIC_NOT_SIMD                     8766        1.776%            18464        1.871%
FU_REJECTED_OP_SHIFT_NOT_SIMD                    20670        4.188%            43538        4.411%
FU_REJECTED_OP_FMEM_NOT_SIMD                      2754        0.558%             5559        0.563%
FU_REJECTED_OP_FCVT_NOT_SIMD                         0        0.000%                0        0.000%
FU_REJECTED_OP_FADD_NOT_SIMD                         5        0.001%                6        0.001%
FU_REJECTED_OP_FMUL_NOT_SIMD                         0        0.000%                0        0.000%
FU_REJECTED_OP_FMA_NOT_SIMD                          0        0.000%                0        0.000%
FU_REJECTED_OP_FDIV_NOT_SIMD                         0        0.000%                0        0.000%
FU_REJECTED_OP_FCMP_NOT_SIMD                         0        0.000%                0        0.000%
FU_REJECTED_OP_FCMOV_NOT_SIMD                        0        0.000%                0        0.000%
FU_REJECTED_OP_GATHER_NOT_SIMD                       0        0.000%                0        0.000%
FU_REJECTED_OP_SCATTER_NOT_SIMD                      0        0.000%                0        0.000%
FU_REJECTED_OP_PIPELINED_FAST_NOT_SIMD               0        0.000%                0        0.000%
FU_REJECTED_OP_PIPELINED_MEDIUM_NOT_SIMD             0        0.000%                0        0.000%
FU_REJECTED_OP_PIPELINED_SLOW_NOT_SIMD               0        0.000%                0        0.000%
FU_REJECTED_OP_NOTPIPELINED_MEDIUM_NOT_SIMD             0        0.000%                0        0.000%
FU_REJECTED_OP_NOTPIPELINED_SLOW_NOT_SIMD             0        0.000%                0        0.000%
FU_REJECTED_OP_NOTPIPELINED_VERY_SLOW_NOT_SIMD             0        0.000%                0        0.000%
FU_REJECTED_OP_INV_SIMD                              0        0.000%                0        0.000%
FU_REJECTED_OP_NOP_SIMD                              0        0.000%                0        0.000%
FU_REJECTED_OP_CF_SIMD                               0        0.000%                0        0.000%
FU_REJECTED_OP_MOV_SIMD                           2089        0.423%             5004        0.507%
FU_REJECTED_OP_CMOV_SIMD                             0        0.000%                0        0.000%
FU_REJECTED_OP_LDA_SIMD                              0        0.000%                0        0.000%
FU_REJECTED_OP_IMEM_SIMD                             0        0.000%                0        0.000%
FU_REJECTED_OP_IADD_SIMD                             0        0.000%                0        0.000%
FU_REJECTED_OP_IMUL_SIMD                             0        0.000%                0        0.000%
FU_REJECTED_OP_IDIV_SIMD                             0        0.000%                0        0.000%
FU_REJECTED_OP_ICMP_SIMD                             0        0.000%                0        0.000%
FU_REJECTED_OP_LOGIC_SIMD                         4125        0.836%             8192        0.830%
FU_REJECTED_OP_SHIFT_SIMD                         3164        0.641%             6187        0.627%
FU_REJECTED_OP_FMEM_SIMD                             0        0.000%                0        0.000%
FU_REJECTED_OP_FCVT_SIMD                             6        0.001%               18        0.002%
FU_REJECTED_OP_FADD_SIMD                          6081        1.232%            11564        1.172%
FU_REJECTED_OP_FMUL_SIMD                          4296        0.870%             8533        0.865%
FU_REJECTED_OP_FMA_SIMD                          17773        3.601%            35767        3.624%
FU_REJECTED_OP_FDIV_SIMD                         23813        4.825%            44688        4.528%
FU_REJECTED_OP_FCMP_SIMD                          2533        0.513%             6482        0.657%
FU_REJECTED_OP_FCMOV_SIMD                       147215       29.829%           289336       29.317%
FU_REJECTED_OP_GATHER_SIMD                        1280        0.259%             2720        0.276%
FU_REJECTED_OP_SCATTER_SIMD                          0        0.000%                0        0.000%
FU_REJECTED_OP_PIPELINED_FAST_SIMD                   0        0.000%                0        0.000%
FU_REJECTED_OP_PIPELINED_MEDIUM_SIMD                 0        0.000%                0        0.000%
FU_REJECTED_OP_PIPELINED_SLOW_SIMD                   0        0.000%                0        0.000%
FU_REJECTED_OP_NOTPIPELINED_MEDIUM_SIMD              0        0.000%                0        0.000%
FU_REJECTED_OP_NOTPIPELINED_SLOW_SIMD                0        0.000%                0        0.000%
FU_REJECTED_OP_NOTPIPELINED_VERY_SLOW_SIMD             0        0.000%                0        0.000%
                                                493536      100.000%           986938      100.000%
                                                 23.32        21.53             23.14        21.39

OP_WAIT_0                                      6267855                       12546762              

OP_WAIT_1                                      1761529                        3524050              

OP_WAIT_2                                       862150                        1708946              

OP_WAIT_3                                       500439                         995891              

OP_WAIT_4                                       308263                         607101              

OP_WAIT_5                                       211636                         412288              

OP_WAIT_6                                       141008                         278316              

OP_WAIT_7                                        81017                         157594              

OP_WAIT_8                                        54455                         107236              

OP_WAIT_9                                        39287                          81339              

OP_WAIT_10                                       31460                          61528              

OP_WAIT_11                                       24243                          51315              

OP_WAIT_12                                       21482                          45762              

OP_WAIT_13                                       14156                          33470              

OP_WAIT_14                                       11277                          25100              

OP_WAIT_15                                       10359                          23112              

OP_WAIT_16                                        7824                          21123              

OP_WAIT_17                                        6812                          17611              

OP_WAIT_18                                        6406                          17828              

OP_WAIT_19                                        6433                          18407              

OP_WAIT_20                                        6538                          16879              

OP_WAIT_21                                        3631                          11785              

OP_WAIT_22                                        3414                          11051              

OP_WAIT_23                                        3752                          12540              

OP_WAIT_24                                        2716                           8831              

OP_WAIT_25                                        2274                           9879              

OP_WAIT_26                                        2861                           8570              

OP_WAIT_27                                        2731                           7353              

OP_WAIT_28                                        2935                           8379              

OP_WAIT_29                                        2702                           4887              

OP_WAIT_30                                        2332                           3923              

OP_WAIT_31                                       59613                          96019              

ROW_SIZE_0                                     1095982                        2395357              

ROW_SIZE_1                                      331564                         679761              

ROW_SIZE_2                                      105214                         214447              

ROW_SIZE_3                                       89229                         186424              

ROW_SIZE_4                                      135905                         277799              

ROW_SIZE_5                                       46537                          92630              

ROW_SIZE_6                                     1479601                        2948767              

ROW_SIZE_7                                           0                              0              

ROW_SIZE_8                                           0                              0              

ROW_SIZE_9                                           0                              0              

ROW_SIZE_10                                          0                              0              

ROW_SIZE_11                                          0                              0              

ROW_SIZE_12                                          0                              0              

ROW_SIZE_13                                          0                              0              

ROW_SIZE_14                                          0                              0              

ROW_SIZE_15                                          0                              0              

ROW_SIZE_16                                          0                              0              

ROW_SIZE_17                                          0                              0              

ROW_SIZE_18                                          0                              0              

ROW_SIZE_19                                          0                              0              

ROW_SIZE_20                                          0                              0              

ROW_SIZE_21                                          0                              0              

ROW_SIZE_22                                          0                              0              

ROW_SIZE_23                                          0                              0              

ROW_SIZE_24                                          0                              0              

ROW_SIZE_25                                          0                              0              

ROW_SIZE_26                                          0                              0              

ROW_SIZE_27                                          0                              0              

ROW_SIZE_28                                          0                              0              

ROW_SIZE_29                                          0                              0              

ROW_SIZE_30                                          0                              0              

ROW_SIZE_31                                          0                              0              

RET_OP_EXEC_COUNT_0                                  0        0.000%                0        0.000%
RET_OP_EXEC_COUNT_1                           10463590      100.000%         20934875      100.000%
RET_OP_EXEC_COUNT_2                                  0        0.000%                0        0.000%
RET_OP_EXEC_COUNT_3                                  0        0.000%                0        0.000%
RET_OP_EXEC_COUNT_4                                  0        0.000%                0        0.000%
RET_OP_EXEC_COUNT_5                                  0        0.000%                0        0.000%
RET_OP_EXEC_COUNT_6                                  0        0.000%                0        0.000%
RET_OP_EXEC_COUNT_7                                  0        0.000%                0        0.000%
RET_OP_EXEC_COUNT_8                                  0        0.000%                0        0.000%
RET_OP_EXEC_COUNT_9                                  0        0.000%                0        0.000%
RET_OP_EXEC_COUNT_10                                 0        0.000%                0        0.000%
RET_OP_EXEC_COUNT_11                                 0        0.000%                0        0.000%
RET_OP_EXEC_COUNT_12                                 0        0.000%                0        0.000%
RET_OP_EXEC_COUNT_13                                 0        0.000%                0        0.000%
RET_OP_EXEC_COUNT_14                                 0        0.000%                0        0.000%
RET_OP_EXEC_COUNT_15                                 0        0.000%                0        0.000%
RET_OP_EXEC_COUNT_16                                 0        0.000%                0        0.000%
RET_OP_EXEC_COUNT_17                                 0        0.000%                0        0.000%
RET_OP_EXEC_COUNT_18                                 0        0.000%                0        0.000%
RET_OP_EXEC_COUNT_19                                 0        0.000%                0        0.000%
RET_OP_EXEC_COUNT_20                                 0        0.000%                0        0.000%
RET_OP_EXEC_COUNT_21                                 0        0.000%                0        0.000%
RET_OP_EXEC_COUNT_22                                 0        0.000%                0        0.000%
RET_OP_EXEC_COUNT_23                                 0        0.000%                0        0.000%
RET_OP_EXEC_COUNT_24                                 0        0.000%                0        0.000%
RET_OP_EXEC_COUNT_25                                 0        0.000%                0        0.000%
RET_OP_EXEC_COUNT_26                                 0        0.000%                0        0.000%
RET_OP_EXEC_COUNT_27                                 0        0.000%                0        0.000%
RET_OP_EXEC_COUNT_28                                 0        0.000%                0        0.000%
RET_OP_EXEC_COUNT_29                                 0        0.000%                0        0.000%
RET_OP_EXEC_COUNT_30                                 0        0.000%                0        0.000%
RET_OP_EXEC_COUNT_31                                 0        0.000%                0        0.000%
RET_OP_EXEC_COUNT_32                                 0        0.000%                0        0.000%
                                              10463590      100.000%         20934875      100.000%
                                                  1.00         0.00              1.00         0.00

RET_STALL_LENGTH_0                            10462949       99.994%         20932655       99.989%
RET_STALL_LENGTH_100                               629        0.006%             2159        0.010%
RET_STALL_LENGTH_200                                 8        0.000%               33        0.000%
RET_STALL_LENGTH_300                                 0        0.000%                2        0.000%
RET_STALL_LENGTH_400                                 0        0.000%                1        0.000%
RET_STALL_LENGTH_500                                 0        0.000%                3        0.000%
RET_STALL_LENGTH_600                                 0        0.000%                4        0.000%
RET_STALL_LENGTH_700                                 1        0.000%                2        0.000%
RET_STALL_LENGTH_800                                 0        0.000%                1        0.000%
RET_STALL_LENGTH_900                                 0        0.000%                0        0.000%
RET_STALL_LENGTH_1000                                0        0.000%                1        0.000%
RET_STALL_LENGTH_1100                                0        0.000%                0        0.000%
RET_STALL_LENGTH_1200                                2        0.000%               11        0.000%
RET_STALL_LENGTH_1300                                1        0.000%                3        0.000%
RET_STALL_LENGTH_1400                                0        0.000%                0        0.000%
RET_STALL_LENGTH_1500                                0        0.000%                0        0.000%
RET_STALL_LENGTH_1600                                0        0.000%                0        0.000%
RET_STALL_LENGTH_1700                                0        0.000%                0        0.000%
RET_STALL_LENGTH_1800                                0        0.000%                0        0.000%
RET_STALL_LENGTH_1900                                0        0.000%                0        0.000%
RET_STALL_LENGTH_2000                                0        0.000%                0        0.000%
RET_STALL_LENGTH_2100                                0        0.000%                0        0.000%
RET_STALL_LENGTH_2200                                0        0.000%                0        0.000%
RET_STALL_LENGTH_2300                                0        0.000%                0        0.000%
RET_STALL_LENGTH_2400                                0        0.000%                0        0.000%
RET_STALL_LENGTH_2500                                0        0.000%                0        0.000%
RET_STALL_LENGTH_2600                                0        0.000%                0        0.000%
RET_STALL_LENGTH_2700                                0        0.000%                0        0.000%
RET_STALL_LENGTH_2800                                0        0.000%                0        0.000%
RET_STALL_LENGTH_2900                                0        0.000%                0        0.000%
RET_STALL_LENGTH_3000                                0        0.000%                0        0.000%
RET_STALL_LENGTH_3100                                0        0.000%                0        0.000%
RET_STALL_LENGTH_3200                                0        0.000%                0        0.000%
RET_STALL_LENGTH_3300                                0        0.000%                0        0.000%
RET_STALL_LENGTH_3400                                0        0.000%                0        0.000%
RET_STALL_LENGTH_3500                                0        0.000%                0        0.000%
RET_STALL_LENGTH_3600                                0        0.000%                0        0.000%
RET_STALL_LENGTH_3700                                0        0.000%                0        0.000%
RET_STALL_LENGTH_3800                                0        0.000%                0        0.000%
RET_STALL_LENGTH_3900                                0        0.000%                0        0.000%
RET_STALL_LENGTH_4000                                0        0.000%                0        0.000%
RET_STALL_LENGTH_4100                                0        0.000%                0        0.000%
RET_STALL_LENGTH_4200                                0        0.000%                0        0.000%
RET_STALL_LENGTH_4300                                0        0.000%                0        0.000%
RET_STALL_LENGTH_4400                                0        0.000%                0        0.000%
RET_STALL_LENGTH_4500                                0        0.000%                0        0.000%
RET_STALL_LENGTH_4600                                0        0.000%                0        0.000%
RET_STALL_LENGTH_4700                                0        0.000%                0        0.000%
RET_STALL_LENGTH_4800                                0        0.000%                0        0.000%
RET_STALL_LENGTH_4900                                0        0.000%                0        0.000%
RET_STALL_LENGTH_5000                                0        0.000%                0        0.000%
                                              10463590      100.000%         20934875      100.000%
                                                  0.00         0.01              0.00         0.02

MEM_BLOCK_LENGTH_0                                   0         -nan%                2      100.000%
MEM_BLOCK_LENGTH_100                                 0         -nan%                0        0.000%
MEM_BLOCK_LENGTH_200                                 0         -nan%                0        0.000%
MEM_BLOCK_LENGTH_300                                 0         -nan%                0        0.000%
MEM_BLOCK_LENGTH_400                                 0         -nan%                0        0.000%
MEM_BLOCK_LENGTH_500                                 0         -nan%                0        0.000%
MEM_BLOCK_LENGTH_600                                 0         -nan%                0        0.000%
MEM_BLOCK_LENGTH_700                                 0         -nan%                0        0.000%
MEM_BLOCK_LENGTH_800                                 0         -nan%                0        0.000%
MEM_BLOCK_LENGTH_900                                 0         -nan%                0        0.000%
MEM_BLOCK_LENGTH_1000                                0         -nan%                0        0.000%
MEM_BLOCK_LENGTH_1100                                0         -nan%                0        0.000%
MEM_BLOCK_LENGTH_1200                                0         -nan%                0        0.000%
MEM_BLOCK_LENGTH_1300                                0         -nan%                0        0.000%
MEM_BLOCK_LENGTH_1400                                0         -nan%                0        0.000%
MEM_BLOCK_LENGTH_1500                                0         -nan%                0        0.000%
MEM_BLOCK_LENGTH_1600                                0         -nan%                0        0.000%
MEM_BLOCK_LENGTH_1700                                0         -nan%                0        0.000%
MEM_BLOCK_LENGTH_1800                                0         -nan%                0        0.000%
MEM_BLOCK_LENGTH_1900                                0         -nan%                0        0.000%
MEM_BLOCK_LENGTH_2000                                0         -nan%                0        0.000%
MEM_BLOCK_LENGTH_2100                                0         -nan%                0        0.000%
MEM_BLOCK_LENGTH_2200                                0         -nan%                0        0.000%
MEM_BLOCK_LENGTH_2300                                0         -nan%                0        0.000%
MEM_BLOCK_LENGTH_2400                                0         -nan%                0        0.000%
MEM_BLOCK_LENGTH_2500                                0         -nan%                0        0.000%
MEM_BLOCK_LENGTH_2600                                0         -nan%                0        0.000%
MEM_BLOCK_LENGTH_2700                                0         -nan%                0        0.000%
MEM_BLOCK_LENGTH_2800                                0         -nan%                0        0.000%
MEM_BLOCK_LENGTH_2900                                0         -nan%                0        0.000%
MEM_BLOCK_LENGTH_3000                                0         -nan%                0        0.000%
MEM_BLOCK_LENGTH_3100                                0         -nan%                0        0.000%
MEM_BLOCK_LENGTH_3200                                0         -nan%                0        0.000%
MEM_BLOCK_LENGTH_3300                                0         -nan%                0        0.000%
MEM_BLOCK_LENGTH_3400                                0         -nan%                0        0.000%
MEM_BLOCK_LENGTH_3500                                0         -nan%                0        0.000%
MEM_BLOCK_LENGTH_3600                                0         -nan%                0        0.000%
MEM_BLOCK_LENGTH_3700                                0         -nan%                0        0.000%
MEM_BLOCK_LENGTH_3800                                0         -nan%                0        0.000%
MEM_BLOCK_LENGTH_3900                                0         -nan%                0        0.000%
MEM_BLOCK_LENGTH_4000                                0         -nan%                0        0.000%
MEM_BLOCK_LENGTH_4100                                0         -nan%                0        0.000%
MEM_BLOCK_LENGTH_4200                                0         -nan%                0        0.000%
MEM_BLOCK_LENGTH_4300                                0         -nan%                0        0.000%
MEM_BLOCK_LENGTH_4400                                0         -nan%                0        0.000%
MEM_BLOCK_LENGTH_4500                                0         -nan%                0        0.000%
MEM_BLOCK_LENGTH_4600                                0         -nan%                0        0.000%
MEM_BLOCK_LENGTH_4700                                0         -nan%                0        0.000%
MEM_BLOCK_LENGTH_4800                                0         -nan%                0        0.000%
MEM_BLOCK_LENGTH_4900                                0         -nan%                0        0.000%
MEM_BLOCK_LENGTH_5000                                0         -nan%                0        0.000%
                                                     0         -nan%                2      100.000%
                                                  -nan         -nan              0.00         0.00

FUS_BUSY_ON_PATH                              10975838        3.2537         21956268        3.1325

FUS_BUSY_OFF_PATH                              1344206        0.3985          2977684        0.4248

FU_BUSY_MEM_STALL                                33900        0.0100            65078        0.0093

FUS_EMPTY                                     14667004        4.3479         31139008        4.4426

FU_UNAVAILABLE                                  474043        0.1405           950100        0.1356

FU_MEM_UNAVAILABLE                               19493        0.0058            36838        0.0053

FU_REPLAY                                            0        0.0000                0        0.0000

FU_STARVED                                    14587076        4.3242         30963622        4.4176

CHIP_UTILIZATION                                     0        0.0000                0        0.0000

CYCLES_UNDER_MEM_REQ                                 0                              0              

CYCLES_UNDER_NO_MEM_REQ                              0                              0              

CYCLES_UNDER_CRITICAL_MEM_REQ                        0                              0              

CYCLES_UNDER_NONCRITICAL_MEM_REQ                     0                              0              

CHIP_UTILIZATION_UNDER_MEM_REQ                       0          -nan                0          -nan

CHIP_UTILIZATION_UNDER_NO_MEM_REQ                    0          -nan                0          -nan

CHIP_UTILIZATION_UNDER_CRITICAL_MEM_REQ              0          -nan                0          -nan

CHIP_UTILIZATION_UNDER_NONCRITICAL_MEM_REQ             0          -nan                0          -nan

CYCLES_NOT_WAITING_FOR_OFF_CHIP                      0        0.0000                0        0.0000

FUS_BUSY_NOT_WAITING_FOR_OFF_CHIP                    0          -nan                0          -nan

CYCLES_WAITING_FOR_OFF_CHIP                          0        0.0000                0        0.0000

FUS_BUSY_WAITING_FOR_OFF_CHIP                        0          -nan                0          -nan

TOTAL_OFF_CHIP_DELAYS_LEFT                           0                              0              

WRONG_IO_SCHED                                       0                              0              

DVFS_CONFIG_SWITCH                                   0                              0              

MAP_STAGE_RECEIVED_OPS_0                             0        0.000%                0        0.000%
MAP_STAGE_RECEIVED_OPS_1                        202124        8.732%           404640        8.748%
MAP_STAGE_RECEIVED_OPS_2                        167158        7.221%           327985        7.091%
MAP_STAGE_RECEIVED_OPS_3                        497193       21.479%           993416       21.478%
MAP_STAGE_RECEIVED_OPS_4                         43342        1.872%            87248        1.886%
MAP_STAGE_RECEIVED_OPS_5                        194344        8.396%           387302        8.374%
MAP_STAGE_RECEIVED_OPS_6                       1210573       52.299%          2424724       52.423%
MAP_STAGE_RECEIVED_OPS_7                             0        0.000%                0        0.000%
MAP_STAGE_RECEIVED_OPS_8                             0        0.000%                0        0.000%
MAP_STAGE_RECEIVED_OPS_MAX                           0        0.000%                0        0.000%
                                               2314734      100.000%          4625315      100.000%
                                                  4.51         1.79              4.51         1.79

MAP_STAGE_WAIT_FOR_DECODE                            0         -nan%                0         -nan%
MAP_STAGE_CONSUME_DECODE                             0         -nan%                0         -nan%
                                                     0         -nan%                0         -nan%
                                                  -nan         -nan              -nan         -nan

MAP_STAGE_WAIT_FOR_DECODE2                           0         -nan%                0         -nan%
MAP_STAGE_CONSUME_DECODE2                            0         -nan%                0         -nan%
                                                     0         -nan%                0         -nan%
                                                  -nan         -nan              -nan         -nan

FTQ_RECOVER_EXEC                                 17936                          39793              

FTQ_RECOVER_DECODE                                   1                            173              

FTQ_OFFPATH_CYCLES                             1360202                        3024813              

FTQ_CYCLES_OFFPATH                             1521649                        3360771              

FTQ_CYCLES_ONPATH                              1851732                        3648349              

FTQ_FETCHED_INS_OFFPATH                        8642055                       19289090              

FTQ_FETCHED_INS_ONPATH                        10445110                       20894909              

FTQ_BREAK_FULL_FT_ONPATH                       1700469       92.739%          3337777       92.505%
FTQ_BREAK_MAX_CFS_TAKEN_ONPATH                   73499        4.008%           148986        4.129%
FTQ_BREAK_MAX_BYTES_ONPATH                       59638        3.252%           121431        3.365%
FTQ_BREAK_PRED_BR_ONPATH                             0        0.000%                0        0.000%
FTQ_BREAK_BAR_FETCH_ONPATH                           0        0.000%                0        0.000%
                                               1833606      100.000%          3608194      100.000%
                                                  0.11         0.39              0.11         0.39

FTQ_BREAK_FULL_FT_OFFPATH                      1426256       92.639%          3119991       91.745%
FTQ_BREAK_MAX_CFS_TAKEN_OFFPATH                  59454        3.862%           146820        4.317%
FTQ_BREAK_MAX_BYTES_OFFPATH                      53876        3.499%           133926        3.938%
FTQ_BREAK_PRED_BR_OFFPATH                            0        0.000%                0        0.000%
FTQ_BREAK_BAR_FETCH_OFFPATH                          0        0.000%                0        0.000%
                                               1539586      100.000%          3400737      100.000%
                                                  0.11         0.39              0.12         0.41



