/* -*- Mode: c -*- */
####################################################################################################
Core 0
####################################################################################################
Cumulative:        Cycles: 23866496              Instructions: 20000000              IPC: 0.83799

Periodic:          Cycles: 12068436              Instructions: 9999999               IPC: 0.82861

EXECUTION_TIME                           3771386250000                  7458280000000              

NODE_CYCLE                                    12068436                       23866496              

NODE_INST_COUNT                                9999999                       20000000              

NODE_INST_COUNT_FETCHED                        9999999                       20000000              

NODE_UOP_COUNT                                11981393                       23962788              

FULL_WINDOW_STALL                              9667894       80.109%         19064640       79.880%

FULL_WINDOW_MEM_OP                             8758388       94.391%         17248627       94.309%
FULL_WINDOW_FP_OP                               520425        5.609%          1040815        5.691%
FULL_WINDOW_OTHER_OP                                 0        0.000%                0        0.000%
                                               9278813      100.000%         18289442      100.000%
                                                  0.06         0.22              0.06         0.22

RET_BLOCKED_DC_MISS                            8937981       74.061%         17605066       73.765%

RET_BLOCKED_L1_MISS                            8928461       73.982%         17586410       73.687%

RET_BLOCKED_L1_MISS_BW_PREF                          0        0.000%                0        0.000%

RET_BLOCKED_L1_ACCESS                             9520        0.079%            18656        0.078%

RET_BLOCKED_MEM_STALL                          8928461       73.982%         17586410       73.687%

RET_BLOCKED_OFFCHIP_DEMAND                           0        0.000%                0        0.000%

OP_ISSUED                                     11981087                       23963694              

OP_RETIRED                                    11981393                       23962788              

REPLAY_SIGNALED                                      0                              0              

REPLAY_COUNTED                                       0                              0              

OFF_CRITICAL_PATH                                    0         -nan%                0         -nan%
ON_CRITICAL_PATH                                     0         -nan%                0         -nan%
                                                     0         -nan%                0         -nan%
                                                  -nan         -nan              -nan         -nan

LD_NO_DEPENDENTS                                  1907        0.030%             3820        0.030%
LD_DEPENDENTS                                  6331068       99.970%         12662137       99.970%
                                               6332975      100.000%         12665957      100.000%
                                                  1.00         1.00              1.00         1.00

LD_EXEC_CYCLES_0                                     0        0.000%                0        0.000%
LD_EXEC_CYCLES_1                                     0        0.000%                0        0.000%
LD_EXEC_CYCLES_2                                     0        0.000%                0        0.000%
LD_EXEC_CYCLES_3                                 11573       50.453%            23139       50.373%
LD_EXEC_CYCLES_4                                 11365       49.547%            22796       49.627%
                                                 22938      100.000%            45935      100.000%
                                                  3.50         2.51              3.50         2.51

ICACHE_STAGE_STARVED                               356        0.015%             1741        0.036%
ICACHE_STAGE_NOT_STARVED                       2414140       99.985%          4828425       99.964%
                                               2414496      100.000%          4830166      100.000%
                                                  1.00         1.00              1.00         1.00

ICACHE_STAGE_STALLED                           9653940       79.993%         19035578       79.759%
ICACHE_STAGE_NOT_STALLED                       2414496       20.007%          4829476       20.235%
ICACHE_STAGE_OFF_PATH                                0        0.000%             1442        0.006%
                                              12068436      100.000%         23866496      100.000%
                                                  0.20         0.36              0.20         0.36

DECODE_STAGE_STARVED                          12068391      100.000%         23864941       99.996%
DECODE_STAGE_NOT_STARVED                            45        0.000%              859        0.004%
                                              12068436      100.000%         23865800      100.000%
                                                  0.00         0.00              0.00         0.01

DECODE_STAGE_STALLED                               133        0.001%              843        0.004%
DECODE_STAGE_NOT_STALLED                      12068303       99.999%         23864957       99.994%
DECODE_STAGE_OFF_PATH                                0        0.000%              696        0.003%
                                              12068436      100.000%         23866496      100.000%
                                                  1.00         0.00              1.00         0.01

UOPQ_STAGE_STARVED                                 400        0.017%             2528        0.052%
UOPQ_STAGE_NOT_STARVED                         2414096       99.983%          4828069       99.948%
                                               2414496      100.000%          4830597      100.000%
                                                  1.00         1.00              1.00         1.00

UOPQ_STAGE_STALLED                             9653940       79.993%         19035086       79.757%
UOPQ_STAGE_NOT_STALLED                         2414496       20.007%          4830597       20.240%
UOPQ_STAGE_OFF_PATH                                  0        0.000%              813        0.003%
                                              12068436      100.000%         23866496      100.000%
                                                  0.20         0.36              0.20         0.36

MAP_STAGE_STARVED                                  348        0.003%             1107        0.005%
MAP_STAGE_NOT_STARVED                         12068088       99.997%         23864536       99.995%
                                              12068436      100.000%         23865643      100.000%
                                                  1.00         1.00              1.00         1.00

MAP_STAGE_STALLED                              9653940       79.993%         19036087       79.761%
MAP_STAGE_NOT_STALLED                          2414496       20.007%          4829556       20.236%
MAP_STAGE_OFF_PATH                                   0        0.000%              853        0.004%
                                              12068436      100.000%         23866496      100.000%
                                                  0.20         0.36              0.20         0.36

EXEC_STAGE_STARVED                            10490138       86.922%         20710761       86.778%
EXEC_STAGE_NOT_STARVED                         1578298       13.078%          3155319       13.221%
EXEC_STAGE_OFF_PATH                                  0        0.000%              416        0.002%
                                              12068436      100.000%         23866496      100.000%
                                                  0.13         0.31              0.13         0.32

FU_BUSY_0                                      2530849                        5060829              

FU_BUSY_1                                      1428075                        2859399              

FU_BUSY_2                                      3229488                        6456686              

FU_BUSY_3                                      3103353                        6209522              

FU_BUSY_4                                       796949                        1591297              

FU_BUSY_5                                       171550                         343838              

FU_BUSY_6                                       425646                         849738              

FU_BUSY_7                                       431354                         858563              

FU_BUSY_8                                            0                              0              

FU_BUSY_9                                            0                              0              

FU_BUSY_10                                           0                              0              

FU_BUSY_11                                           0                              0              

FU_BUSY_12                                           0                              0              

FU_BUSY_13                                           0                              0              

FU_BUSY_14                                           0                              0              

FU_BUSY_15                                           0                              0              

FU_BUSY_16                                           0                              0              

FU_BUSY_17                                           0                              0              

FU_BUSY_18                                           0                              0              

FU_BUSY_19                                           0                              0              

FU_BUSY_20                                           0                              0              

FU_BUSY_21                                           0                              0              

FU_BUSY_22                                           0                              0              

FU_BUSY_23                                           0                              0              

FU_BUSY_24                                           0                              0              

FU_BUSY_25                                           0                              0              

FU_BUSY_26                                           0                              0              

FU_BUSY_27                                           0                              0              

FU_BUSY_28                                           0                              0              

FU_BUSY_29                                           0                              0              

FU_BUSY_30                                           0                              0              

FU_BUSY_31                                           0                              0              

FU_REJECTED_OP_INV_NOT_SIMD                          0        0.000%                0        0.000%
FU_REJECTED_OP_NOP_NOT_SIMD                          0        0.000%                0        0.000%
FU_REJECTED_OP_CF_NOT_SIMD                           0        0.000%                0        0.000%
FU_REJECTED_OP_MOV_NOT_SIMD                          0        0.000%                0        0.000%
FU_REJECTED_OP_CMOV_NOT_SIMD                         0        0.000%                0        0.000%
FU_REJECTED_OP_LDA_NOT_SIMD                          0        0.000%                0        0.000%
FU_REJECTED_OP_IMEM_NOT_SIMD                         0        0.000%               82        0.078%
FU_REJECTED_OP_IADD_NOT_SIMD                      5893       10.872%            11487       10.991%
FU_REJECTED_OP_IMUL_NOT_SIMD                         0        0.000%                1        0.001%
FU_REJECTED_OP_IDIV_NOT_SIMD                         0        0.000%                0        0.000%
FU_REJECTED_OP_ICMP_NOT_SIMD                         0        0.000%                0        0.000%
FU_REJECTED_OP_LOGIC_NOT_SIMD                        0        0.000%                0        0.000%
FU_REJECTED_OP_SHIFT_NOT_SIMD                        0        0.000%                0        0.000%
FU_REJECTED_OP_FMEM_NOT_SIMD                         0        0.000%                0        0.000%
FU_REJECTED_OP_FCVT_NOT_SIMD                         0        0.000%                0        0.000%
FU_REJECTED_OP_FADD_NOT_SIMD                         0        0.000%                0        0.000%
FU_REJECTED_OP_FMUL_NOT_SIMD                         0        0.000%                0        0.000%
FU_REJECTED_OP_FMA_NOT_SIMD                          0        0.000%                0        0.000%
FU_REJECTED_OP_FDIV_NOT_SIMD                         0        0.000%                0        0.000%
FU_REJECTED_OP_FCMP_NOT_SIMD                         0        0.000%                0        0.000%
FU_REJECTED_OP_FCMOV_NOT_SIMD                        0        0.000%                0        0.000%
FU_REJECTED_OP_GATHER_NOT_SIMD                       0        0.000%                0        0.000%
FU_REJECTED_OP_SCATTER_NOT_SIMD                      0        0.000%                0        0.000%
FU_REJECTED_OP_PIPELINED_FAST_NOT_SIMD               0        0.000%                0        0.000%
FU_REJECTED_OP_PIPELINED_MEDIUM_NOT_SIMD             0        0.000%                0        0.000%
FU_REJECTED_OP_PIPELINED_SLOW_NOT_SIMD               0        0.000%                0        0.000%
FU_REJECTED_OP_NOTPIPELINED_MEDIUM_NOT_SIMD             0        0.000%                0        0.000%
FU_REJECTED_OP_NOTPIPELINED_SLOW_NOT_SIMD             0        0.000%                0        0.000%
FU_REJECTED_OP_NOTPIPELINED_VERY_SLOW_NOT_SIMD             0        0.000%                0        0.000%
FU_REJECTED_OP_INV_SIMD                              0        0.000%                0        0.000%
FU_REJECTED_OP_NOP_SIMD                              0        0.000%                0        0.000%
FU_REJECTED_OP_CF_SIMD                               0        0.000%                0        0.000%
FU_REJECTED_OP_MOV_SIMD                              0        0.000%                0        0.000%
FU_REJECTED_OP_CMOV_SIMD                             0        0.000%                0        0.000%
FU_REJECTED_OP_LDA_SIMD                              0        0.000%                0        0.000%
FU_REJECTED_OP_IMEM_SIMD                             0        0.000%                0        0.000%
FU_REJECTED_OP_IADD_SIMD                             0        0.000%                0        0.000%
FU_REJECTED_OP_IMUL_SIMD                             0        0.000%                0        0.000%
FU_REJECTED_OP_IDIV_SIMD                             0        0.000%                0        0.000%
FU_REJECTED_OP_ICMP_SIMD                             0        0.000%                0        0.000%
FU_REJECTED_OP_LOGIC_SIMD                            0        0.000%                0        0.000%
FU_REJECTED_OP_SHIFT_SIMD                            0        0.000%                0        0.000%
FU_REJECTED_OP_FMEM_SIMD                             0        0.000%                0        0.000%
FU_REJECTED_OP_FCVT_SIMD                             0        0.000%               29        0.028%
FU_REJECTED_OP_FADD_SIMD                         48310       89.128%            92911       88.902%
FU_REJECTED_OP_FMUL_SIMD                             0        0.000%                0        0.000%
FU_REJECTED_OP_FMA_SIMD                              0        0.000%                0        0.000%
FU_REJECTED_OP_FDIV_SIMD                             0        0.000%                0        0.000%
FU_REJECTED_OP_FCMP_SIMD                             0        0.000%                0        0.000%
FU_REJECTED_OP_FCMOV_SIMD                            0        0.000%                0        0.000%
FU_REJECTED_OP_GATHER_SIMD                           0        0.000%                0        0.000%
FU_REJECTED_OP_SCATTER_SIMD                          0        0.000%                0        0.000%
FU_REJECTED_OP_PIPELINED_FAST_SIMD                   0        0.000%                0        0.000%
FU_REJECTED_OP_PIPELINED_MEDIUM_SIMD                 0        0.000%                0        0.000%
FU_REJECTED_OP_PIPELINED_SLOW_SIMD                   0        0.000%                0        0.000%
FU_REJECTED_OP_NOTPIPELINED_MEDIUM_SIMD              0        0.000%                0        0.000%
FU_REJECTED_OP_NOTPIPELINED_SLOW_SIMD                0        0.000%                0        0.000%
FU_REJECTED_OP_NOTPIPELINED_VERY_SLOW_SIMD             0        0.000%                0        0.000%
                                                 54203      100.000%           104510      100.000%
                                                 39.98        11.52             39.90        11.61

OP_WAIT_0                                      5788512                       11594243              

OP_WAIT_1                                      2308789                        4633092              

OP_WAIT_2                                       922298                        1838587              

OP_WAIT_3                                       455036                         907402              

OP_WAIT_4                                       315790                         632062              

OP_WAIT_5                                       235541                         477323              

OP_WAIT_6                                       230310                         459862              

OP_WAIT_7                                       176078                         350619              

OP_WAIT_8                                       142906                         288674              

OP_WAIT_9                                       139526                         277895              

OP_WAIT_10                                      117906                         233704              

OP_WAIT_11                                      107985                         215259              

OP_WAIT_12                                       93654                         186362              

OP_WAIT_13                                       81966                         163739              

OP_WAIT_14                                       70864                         140506              

OP_WAIT_15                                       63991                         126018              

OP_WAIT_16                                       57630                         114256              

OP_WAIT_17                                       49451                          97105              

OP_WAIT_18                                       43159                          85470              

OP_WAIT_19                                       35705                          70714              

OP_WAIT_20                                       29704                          58391              

OP_WAIT_21                                       24760                          49090              

OP_WAIT_22                                       21319                          41967              

OP_WAIT_23                                       18225                          35685              

OP_WAIT_24                                       15340                          30101              

OP_WAIT_25                                       12551                          24252              

OP_WAIT_26                                       10616                          20838              

OP_WAIT_27                                        9103                          18372              

OP_WAIT_28                                        8275                          16135              

OP_WAIT_29                                        7633                          15095              

OP_WAIT_30                                        7233                          14272              

OP_WAIT_31                                      379537                         745698              

ROW_SIZE_0                                     9896565                       19523931              

ROW_SIZE_1                                       66645                         134939              

ROW_SIZE_2                                       72387                         141615              

ROW_SIZE_3                                       54159                         107704              

ROW_SIZE_4                                       94795                         188834              

ROW_SIZE_5                                       74993                         148399              

ROW_SIZE_6                                     1808892                        3620696              

ROW_SIZE_7                                           0                              0              

ROW_SIZE_8                                           0                              0              

ROW_SIZE_9                                           0                              0              

ROW_SIZE_10                                          0                              0              

ROW_SIZE_11                                          0                              0              

ROW_SIZE_12                                          0                              0              

ROW_SIZE_13                                          0                              0              

ROW_SIZE_14                                          0                              0              

ROW_SIZE_15                                          0                              0              

ROW_SIZE_16                                          0                              0              

ROW_SIZE_17                                          0                              0              

ROW_SIZE_18                                          0                              0              

ROW_SIZE_19                                          0                              0              

ROW_SIZE_20                                          0                              0              

ROW_SIZE_21                                          0                              0              

ROW_SIZE_22                                          0                              0              

ROW_SIZE_23                                          0                              0              

ROW_SIZE_24                                          0                              0              

ROW_SIZE_25                                          0                              0              

ROW_SIZE_26                                          0                              0              

ROW_SIZE_27                                          0                              0              

ROW_SIZE_28                                          0                              0              

ROW_SIZE_29                                          0                              0              

ROW_SIZE_30                                          0                              0              

ROW_SIZE_31                                          0                              0              

RET_OP_EXEC_COUNT_0                                  0        0.000%                0        0.000%
RET_OP_EXEC_COUNT_1                           11981393      100.000%         23962788      100.000%
RET_OP_EXEC_COUNT_2                                  0        0.000%                0        0.000%
RET_OP_EXEC_COUNT_3                                  0        0.000%                0        0.000%
RET_OP_EXEC_COUNT_4                                  0        0.000%                0        0.000%
RET_OP_EXEC_COUNT_5                                  0        0.000%                0        0.000%
RET_OP_EXEC_COUNT_6                                  0        0.000%                0        0.000%
RET_OP_EXEC_COUNT_7                                  0        0.000%                0        0.000%
RET_OP_EXEC_COUNT_8                                  0        0.000%                0        0.000%
RET_OP_EXEC_COUNT_9                                  0        0.000%                0        0.000%
RET_OP_EXEC_COUNT_10                                 0        0.000%                0        0.000%
RET_OP_EXEC_COUNT_11                                 0        0.000%                0        0.000%
RET_OP_EXEC_COUNT_12                                 0        0.000%                0        0.000%
RET_OP_EXEC_COUNT_13                                 0        0.000%                0        0.000%
RET_OP_EXEC_COUNT_14                                 0        0.000%                0        0.000%
RET_OP_EXEC_COUNT_15                                 0        0.000%                0        0.000%
RET_OP_EXEC_COUNT_16                                 0        0.000%                0        0.000%
RET_OP_EXEC_COUNT_17                                 0        0.000%                0        0.000%
RET_OP_EXEC_COUNT_18                                 0        0.000%                0        0.000%
RET_OP_EXEC_COUNT_19                                 0        0.000%                0        0.000%
RET_OP_EXEC_COUNT_20                                 0        0.000%                0        0.000%
RET_OP_EXEC_COUNT_21                                 0        0.000%                0        0.000%
RET_OP_EXEC_COUNT_22                                 0        0.000%                0        0.000%
RET_OP_EXEC_COUNT_23                                 0        0.000%                0        0.000%
RET_OP_EXEC_COUNT_24                                 0        0.000%                0        0.000%
RET_OP_EXEC_COUNT_25                                 0        0.000%                0        0.000%
RET_OP_EXEC_COUNT_26                                 0        0.000%                0        0.000%
RET_OP_EXEC_COUNT_27                                 0        0.000%                0        0.000%
RET_OP_EXEC_COUNT_28                                 0        0.000%                0        0.000%
RET_OP_EXEC_COUNT_29                                 0        0.000%                0        0.000%
RET_OP_EXEC_COUNT_30                                 0        0.000%                0        0.000%
RET_OP_EXEC_COUNT_31                                 0        0.000%                0        0.000%
RET_OP_EXEC_COUNT_32                                 0        0.000%                0        0.000%
                                              11981393      100.000%         23962788      100.000%
                                                  1.00         0.00              1.00         0.00

RET_STALL_LENGTH_0                            11943053       99.680%         23886284       99.681%
RET_STALL_LENGTH_100                             33075        0.276%            66525        0.278%
RET_STALL_LENGTH_200                               823        0.007%             1645        0.007%
RET_STALL_LENGTH_300                              1704        0.014%             3115        0.013%
RET_STALL_LENGTH_400                              1486        0.012%             2817        0.012%
RET_STALL_LENGTH_500                               566        0.005%             1096        0.005%
RET_STALL_LENGTH_600                               142        0.001%              257        0.001%
RET_STALL_LENGTH_700                                40        0.000%               67        0.000%
RET_STALL_LENGTH_800                                18        0.000%               22        0.000%
RET_STALL_LENGTH_900                                 2        0.000%                4        0.000%
RET_STALL_LENGTH_1000                                0        0.000%                0        0.000%
RET_STALL_LENGTH_1100                               18        0.000%               45        0.000%
RET_STALL_LENGTH_1200                              350        0.003%              715        0.003%
RET_STALL_LENGTH_1300                               46        0.000%               75        0.000%
RET_STALL_LENGTH_1400                                6        0.000%                9        0.000%
RET_STALL_LENGTH_1500                               15        0.000%               27        0.000%
RET_STALL_LENGTH_1600                               26        0.000%               47        0.000%
RET_STALL_LENGTH_1700                               15        0.000%               27        0.000%
RET_STALL_LENGTH_1800                                5        0.000%                8        0.000%
RET_STALL_LENGTH_1900                                3        0.000%                3        0.000%
RET_STALL_LENGTH_2000                                0        0.000%                0        0.000%
RET_STALL_LENGTH_2100                                0        0.000%                0        0.000%
RET_STALL_LENGTH_2200                                0        0.000%                0        0.000%
RET_STALL_LENGTH_2300                                0        0.000%                0        0.000%
RET_STALL_LENGTH_2400                                0        0.000%                0        0.000%
RET_STALL_LENGTH_2500                                0        0.000%                0        0.000%
RET_STALL_LENGTH_2600                                0        0.000%                0        0.000%
RET_STALL_LENGTH_2700                                0        0.000%                0        0.000%
RET_STALL_LENGTH_2800                                0        0.000%                0        0.000%
RET_STALL_LENGTH_2900                                0        0.000%                0        0.000%
RET_STALL_LENGTH_3000                                0        0.000%                0        0.000%
RET_STALL_LENGTH_3100                                0        0.000%                0        0.000%
RET_STALL_LENGTH_3200                                0        0.000%                0        0.000%
RET_STALL_LENGTH_3300                                0        0.000%                0        0.000%
RET_STALL_LENGTH_3400                                0        0.000%                0        0.000%
RET_STALL_LENGTH_3500                                0        0.000%                0        0.000%
RET_STALL_LENGTH_3600                                0        0.000%                0        0.000%
RET_STALL_LENGTH_3700                                0        0.000%                0        0.000%
RET_STALL_LENGTH_3800                                0        0.000%                0        0.000%
RET_STALL_LENGTH_3900                                0        0.000%                0        0.000%
RET_STALL_LENGTH_4000                                0        0.000%                0        0.000%
RET_STALL_LENGTH_4100                                0        0.000%                0        0.000%
RET_STALL_LENGTH_4200                                0        0.000%                0        0.000%
RET_STALL_LENGTH_4300                                0        0.000%                0        0.000%
RET_STALL_LENGTH_4400                                0        0.000%                0        0.000%
RET_STALL_LENGTH_4500                                0        0.000%                0        0.000%
RET_STALL_LENGTH_4600                                0        0.000%                0        0.000%
RET_STALL_LENGTH_4700                                0        0.000%                0        0.000%
RET_STALL_LENGTH_4800                                0        0.000%                0        0.000%
RET_STALL_LENGTH_4900                                0        0.000%                0        0.000%
RET_STALL_LENGTH_5000                                0        0.000%                0        0.000%
                                              11981393      100.000%         23962788      100.000%
                                                  0.00         0.12              0.00         0.12

MEM_BLOCK_LENGTH_0                                   0         -nan%                2       66.667%
MEM_BLOCK_LENGTH_100                                 0         -nan%                1       33.333%
MEM_BLOCK_LENGTH_200                                 0         -nan%                0        0.000%
MEM_BLOCK_LENGTH_300                                 0         -nan%                0        0.000%
MEM_BLOCK_LENGTH_400                                 0         -nan%                0        0.000%
MEM_BLOCK_LENGTH_500                                 0         -nan%                0        0.000%
MEM_BLOCK_LENGTH_600                                 0         -nan%                0        0.000%
MEM_BLOCK_LENGTH_700                                 0         -nan%                0        0.000%
MEM_BLOCK_LENGTH_800                                 0         -nan%                0        0.000%
MEM_BLOCK_LENGTH_900                                 0         -nan%                0        0.000%
MEM_BLOCK_LENGTH_1000                                0         -nan%                0        0.000%
MEM_BLOCK_LENGTH_1100                                0         -nan%                0        0.000%
MEM_BLOCK_LENGTH_1200                                0         -nan%                0        0.000%
MEM_BLOCK_LENGTH_1300                                0         -nan%                0        0.000%
MEM_BLOCK_LENGTH_1400                                0         -nan%                0        0.000%
MEM_BLOCK_LENGTH_1500                                0         -nan%                0        0.000%
MEM_BLOCK_LENGTH_1600                                0         -nan%                0        0.000%
MEM_BLOCK_LENGTH_1700                                0         -nan%                0        0.000%
MEM_BLOCK_LENGTH_1800                                0         -nan%                0        0.000%
MEM_BLOCK_LENGTH_1900                                0         -nan%                0        0.000%
MEM_BLOCK_LENGTH_2000                                0         -nan%                0        0.000%
MEM_BLOCK_LENGTH_2100                                0         -nan%                0        0.000%
MEM_BLOCK_LENGTH_2200                                0         -nan%                0        0.000%
MEM_BLOCK_LENGTH_2300                                0         -nan%                0        0.000%
MEM_BLOCK_LENGTH_2400                                0         -nan%                0        0.000%
MEM_BLOCK_LENGTH_2500                                0         -nan%                0        0.000%
MEM_BLOCK_LENGTH_2600                                0         -nan%                0        0.000%
MEM_BLOCK_LENGTH_2700                                0         -nan%                0        0.000%
MEM_BLOCK_LENGTH_2800                                0         -nan%                0        0.000%
MEM_BLOCK_LENGTH_2900                                0         -nan%                0        0.000%
MEM_BLOCK_LENGTH_3000                                0         -nan%                0        0.000%
MEM_BLOCK_LENGTH_3100                                0         -nan%                0        0.000%
MEM_BLOCK_LENGTH_3200                                0         -nan%                0        0.000%
MEM_BLOCK_LENGTH_3300                                0         -nan%                0        0.000%
MEM_BLOCK_LENGTH_3400                                0         -nan%                0        0.000%
MEM_BLOCK_LENGTH_3500                                0         -nan%                0        0.000%
MEM_BLOCK_LENGTH_3600                                0         -nan%                0        0.000%
MEM_BLOCK_LENGTH_3700                                0         -nan%                0        0.000%
MEM_BLOCK_LENGTH_3800                                0         -nan%                0        0.000%
MEM_BLOCK_LENGTH_3900                                0         -nan%                0        0.000%
MEM_BLOCK_LENGTH_4000                                0         -nan%                0        0.000%
MEM_BLOCK_LENGTH_4100                                0         -nan%                0        0.000%
MEM_BLOCK_LENGTH_4200                                0         -nan%                0        0.000%
MEM_BLOCK_LENGTH_4300                                0         -nan%                0        0.000%
MEM_BLOCK_LENGTH_4400                                0         -nan%                0        0.000%
MEM_BLOCK_LENGTH_4500                                0         -nan%                0        0.000%
MEM_BLOCK_LENGTH_4600                                0         -nan%                0        0.000%
MEM_BLOCK_LENGTH_4700                                0         -nan%                0        0.000%
MEM_BLOCK_LENGTH_4800                                0         -nan%                0        0.000%
MEM_BLOCK_LENGTH_4900                                0         -nan%                0        0.000%
MEM_BLOCK_LENGTH_5000                                0         -nan%                0        0.000%
                                                     0         -nan%                3      100.000%
                                                  -nan         -nan              0.33         0.47

FUS_BUSY_ON_PATH                              12117264        1.0040         24229375        1.0152

FUS_BUSY_OFF_PATH                                    0        0.0000              497        0.0000

FU_BUSY_MEM_STALL                               136090        0.0113           266591        0.0112

FUS_EMPTY                                     84430224        6.9960        166702096        6.9848

FU_UNAVAILABLE                                       0        0.0000                2        0.0000

FU_MEM_UNAVAILABLE                               54203        0.0045           104508        0.0044

FU_REPLAY                                            0        0.0000                0        0.0000

FU_STARVED                                    84430224        6.9960        166702064        6.9848

CHIP_UTILIZATION                                     0        0.0000                0        0.0000

CYCLES_UNDER_MEM_REQ                                 0                              0              

CYCLES_UNDER_NO_MEM_REQ                              0                              0              

CYCLES_UNDER_CRITICAL_MEM_REQ                        0                              0              

CYCLES_UNDER_NONCRITICAL_MEM_REQ                     0                              0              

CHIP_UTILIZATION_UNDER_MEM_REQ                       0          -nan                0          -nan

CHIP_UTILIZATION_UNDER_NO_MEM_REQ                    0          -nan                0          -nan

CHIP_UTILIZATION_UNDER_CRITICAL_MEM_REQ              0          -nan                0          -nan

CHIP_UTILIZATION_UNDER_NONCRITICAL_MEM_REQ             0          -nan                0          -nan

CYCLES_NOT_WAITING_FOR_OFF_CHIP                      0        0.0000                0        0.0000

FUS_BUSY_NOT_WAITING_FOR_OFF_CHIP                    0          -nan                0          -nan

CYCLES_WAITING_FOR_OFF_CHIP                          0        0.0000                0        0.0000

FUS_BUSY_WAITING_FOR_OFF_CHIP                        0          -nan                0          -nan

TOTAL_OFF_CHIP_DELAYS_LEFT                           0                              0              

WRONG_IO_SCHED                                       0                              0              

DVFS_CONFIG_SWITCH                                   0                              0              

MAP_STAGE_RECEIVED_OPS_0                             0        0.000%                0        0.000%
MAP_STAGE_RECEIVED_OPS_1                        226925        9.400%           453861        9.400%
MAP_STAGE_RECEIVED_OPS_2                        114418        4.739%           228843        4.739%
MAP_STAGE_RECEIVED_OPS_3                        226916        9.399%           453845        9.399%
MAP_STAGE_RECEIVED_OPS_4                          1915        0.079%             3829        0.079%
MAP_STAGE_RECEIVED_OPS_5                        226953        9.401%           453963        9.402%
MAP_STAGE_RECEIVED_OPS_6                       1617021       66.981%          3234094       66.980%
MAP_STAGE_RECEIVED_OPS_7                             0        0.000%                0        0.000%
MAP_STAGE_RECEIVED_OPS_8                             0        0.000%                0        0.000%
MAP_STAGE_RECEIVED_OPS_MAX                           0        0.000%                0        0.000%
                                               2414148      100.000%          4828435      100.000%
                                                  4.96         1.73              4.96         1.73

MAP_STAGE_WAIT_FOR_DECODE                            0         -nan%                0         -nan%
MAP_STAGE_CONSUME_DECODE                             0         -nan%                0         -nan%
                                                     0         -nan%                0         -nan%
                                                  -nan         -nan              -nan         -nan

MAP_STAGE_WAIT_FOR_DECODE2                           0         -nan%                0         -nan%
MAP_STAGE_CONSUME_DECODE2                            0         -nan%                0         -nan%
                                                     0         -nan%                0         -nan%
                                                  -nan         -nan              -nan         -nan

FTQ_RECOVER_EXEC                                     0                             14              

FTQ_RECOVER_DECODE                                   0                              0              

FTQ_OFFPATH_CYCLES                                   0                           6164              

FTQ_CYCLES_OFFPATH                                   0                           6150              

FTQ_CYCLES_ONPATH                             12068436                       23860346              

FTQ_FETCHED_INS_OFFPATH                              0                           9750              

FTQ_FETCHED_INS_ONPATH                        11980602                       23962774              

FTQ_BREAK_FULL_FT_ONPATH                      12067475      100.000%         23859199       99.999%
FTQ_BREAK_MAX_CFS_TAKEN_ONPATH                       0        0.000%                0        0.000%
FTQ_BREAK_MAX_BYTES_ONPATH                           0        0.000%              172        0.001%
FTQ_BREAK_PRED_BR_ONPATH                             0        0.000%                0        0.000%
FTQ_BREAK_BAR_FETCH_ONPATH                           0        0.000%                0        0.000%
                                              12067475      100.000%         23859371      100.000%
                                                  0.00         0.00              0.00         0.01

FTQ_BREAK_FULL_FT_OFFPATH                            0         -nan%             6094       98.864%
FTQ_BREAK_MAX_CFS_TAKEN_OFFPATH                      0         -nan%                0        0.000%
FTQ_BREAK_MAX_BYTES_OFFPATH                          0         -nan%               70        1.136%
FTQ_BREAK_PRED_BR_OFFPATH                            0         -nan%                0        0.000%
FTQ_BREAK_BAR_FETCH_OFFPATH                          0         -nan%                0        0.000%
                                                     0         -nan%             6164      100.000%
                                                  -nan         -nan              0.02         0.21



