Scarab gitrev: 3541854
Scarab started at Sat Oct 26 02:02:36 2024

Initialized Ramulator. 
** Heartbeat:   5% -- { 1000000 } -- 0.00 KIPS (71.43 KIPS)
** Heartbeat:  10% -- { 2000000 } -- 90.91 KIPS (80.00 KIPS)
** Heartbeat:  15% -- { 3000000 } -- 83.33 KIPS (81.08 KIPS)
** Heartbeat:  20% -- { 4000000 } -- 90.91 KIPS (83.33 KIPS)
** Heartbeat:  25% -- { 5000000 } -- 83.33 KIPS (83.33 KIPS)
** Heartbeat:  30% -- { 6000000 } -- 90.91 KIPS (84.51 KIPS)
** Heartbeat:  35% -- { 7000000 } -- 90.91 KIPS (85.37 KIPS)
** Heartbeat:  40% -- { 8000000 } -- 83.33 KIPS (85.11 KIPS)
** Heartbeat:  45% -- { 9000000 } -- 100.00 KIPS (86.54 KIPS)
** Heartbeat:  50% -- { 10000000 } -- 83.33 KIPS (86.21 KIPS)
** Heartbeat:  55% -- { 11000000 } -- 100.00 KIPS (87.30 KIPS)
** Heartbeat:  60% -- { 12000000 } -- 90.91 KIPS (87.59 KIPS)
** Heartbeat:  65% -- { 13000000 } -- 90.91 KIPS (87.84 KIPS)
** Heartbeat:  70% -- { 14000000 } -- 90.91 KIPS (88.05 KIPS)
** Heartbeat:  75% -- { 15000000 } -- 100.00 KIPS (88.76 KIPS)
** Heartbeat:  80% -- { 16000000 } -- 100.00 KIPS (89.39 KIPS)
** Heartbeat:  85% -- { 17000000 } -- 83.33 KIPS (89.01 KIPS)
** Heartbeat:  90% -- { 18000005 } -- 100.00 KIPS (89.55 KIPS)
** Heartbeat:  95% -- { 19000009 } -- 90.91 KIPS (89.62 KIPS)
** Core 0 Finished:    insts:20000000    cycles:20791618    time:6497380625000       -- 0.96 IPC (0.96 IPC) --  N/A  KIPS (90.09 KIPS)
Scarab finished at Sat Oct 26 02:06:18 2024

