/* -*- Mode: c -*- */
####################################################################################################
Core 0
####################################################################################################
Cumulative:        Cycles: 6989650               Instructions: 20000000              IPC: 2.86137

Periodic:          Cycles: 3362609               Instructions: 10000000              IPC: 2.97388

BTB_ON_PATH_MISS                                153770        8.413%           350287        9.575%
BTB_ON_PATH_HIT                                1673983       91.587%          3308247       90.425%
                                               1827753      100.000%          3658534      100.000%
                                                  0.92         0.88              0.90         0.86

BTB_OFF_PATH_MISS                               112064        7.640%           286069        8.924%
BTB_OFF_PATH_HIT                               1354721       92.360%          2919662       91.076%
                                               1466785      100.000%          3205731      100.000%
                                                  0.92         0.89              0.91         0.87

BTB_ON_PATH_WRITE                                 8319      100.000%            16935       99.442%
BTB_OFF_PATH_WRITE                                   0        0.000%               95        0.558%
                                                  8319      100.000%            17030      100.000%
                                                  0.00         0.00              0.01         0.07

BP_ON_PATH_CORRECT                             1809849       99.020%          3618645       98.910%
BP_ON_PATH_MISPREDICT                            17778        0.973%            39649        1.084%
BP_ON_PATH_MISFETCH                                126        0.007%              240        0.007%
                                               1827753      100.000%          3658534      100.000%
                                                  0.01         0.10              0.01         0.10

BP_OFF_PATH_CORRECT                            1462691       99.721%          3196131       99.701%
BP_OFF_PATH_MISPREDICT                             179        0.012%              664        0.021%
BP_OFF_PATH_MISFETCH                              3915        0.267%             8936        0.279%
                                               1466785      100.000%          3205731      100.000%
                                                  0.01         0.10              0.01         0.11

LATE_BP_ON_PATH_CORRECT                        1827753      100.000%          3658534      100.000%
LATE_BP_ON_PATH_MISPREDICT                           0        0.000%                0        0.000%
LATE_BP_ON_PATH_MISFETCH                             0        0.000%                0        0.000%
                                               1827753      100.000%          3658534      100.000%
                                                  0.00         0.00              0.00         0.00

LATE_BP_OFF_PATH_CORRECT                       1466785      100.000%          3205731      100.000%
LATE_BP_OFF_PATH_MISPREDICT                          0        0.000%                0        0.000%
LATE_BP_OFF_PATH_MISFETCH                            0        0.000%                0        0.000%
                                               1466785      100.000%          3205731      100.000%
                                                  0.00         0.00              0.00         0.00

BP_ON_PATH_CONF_PVN                                  0         -nan%                0         -nan%
BP_ON_PATH_CONF_PVN_BOT                              0         -nan%                0         -nan%
                                                     0         -nan%                0         -nan%
                                                  -nan         -nan              -nan         -nan

BP_ON_PATH_CONF_PVP                                  0         -nan%                0         -nan%
BP_ON_PATH_CONF_PVP_BOT                              0         -nan%                0         -nan%
                                                     0         -nan%                0         -nan%
                                                  -nan         -nan              -nan         -nan

BP_ON_PATH_CONF_SPEC                                 0         -nan%                0         -nan%
BP_ON_PATH_CONF_SPEC_BOT                             0         -nan%                0         -nan%
                                                     0         -nan%                0         -nan%
                                                  -nan         -nan              -nan         -nan

CRS_MISS_ON_PATH                                   126        0.552%              246        0.539%
CRS_HIT_ON_PATH                                  22698       99.448%            45386       99.461%
                                                 22824      100.000%            45632      100.000%
                                                  0.99         0.99              0.99         0.99

CRS_MISS_OFF_PATH                                 4090       23.717%             9311       23.824%
CRS_HIT_OFF_PATH                                 13155       76.283%            29771       76.176%
                                                 17245      100.000%            39082      100.000%
                                                  0.76         0.70              0.76         0.70

CRS_CLOBBER                                          0                              0              

TARG_ON_PATH_MISS                                  100        1.775%              445        4.028%
TARG_ON_PATH_HIT                                  5534       98.225%            10603       95.972%
                                                  5634      100.000%            11048      100.000%
                                                  0.98         0.97              0.96         0.94

TARG_OFF_PATH_MISS                                1374       56.473%             3487       60.329%
TARG_OFF_PATH_HIT                                 1059       43.527%             2293       39.671%
                                                  2433      100.000%             5780      100.000%
                                                  0.44         0.47              0.40         0.45

TARG_ON_PATH_WRITE                                5634       97.812%            11048       97.305%
TARG_OFF_PATH_WRITE                                126        2.188%              306        2.695%
                                                  5760      100.000%            11354      100.000%
                                                  0.02         0.14              0.03         0.16

TARG_HYBRID_CORRECT_TAGLESS                          0         -nan%                0         -nan%
TARG_HYBRID_CORRECT_TAGGED                           0         -nan%                0         -nan%
TARG_HYBRID_MISPRED_TAGLESS                          0         -nan%                0         -nan%
TARG_HYBRID_MISPRED_TAGGED                           0         -nan%                0         -nan%
TARG_HYBRID_NO_PRED                                  0         -nan%                0         -nan%
                                                     0         -nan%                0         -nan%
                                                  -nan         -nan              -nan         -nan

TARG_VP_INDIRECT_MISPRED                             0         -nan%                0         -nan%
TARG_VP_INDIRECT_NOPRED                              0         -nan%                0         -nan%
TARG_VP_INDIRECT_CORRECT                             0         -nan%                0         -nan%
                                                     0         -nan%                0         -nan%
                                                  -nan         -nan              -nan         -nan

CBR_ON_PATH_CORRECT                            1544997       98.863%          3090220       98.739%
CBR_ON_PATH_MISPREDICT                           17776        1.137%            39463        1.261%
                                               1562773      100.000%          3129683      100.000%
                                                  0.01         0.11              0.01         0.11

CBR_OFF_PATH_CORRECT                           1242704      100.000%          2710370       99.994%
CBR_OFF_PATH_MISPREDICT                              0        0.000%              159        0.006%
                                               1242704      100.000%          2710529      100.000%
                                                  0.00         0.00              0.00         0.01

CBR_ON_PATH_CORRECT_PER1000INST                1544997       77.2498          3090220      154.5110

CBR_ON_PATH_MISPREDICT_PER1000INST               17776        0.8888            39463        1.9731

PRED_TO_UPDATE_CYCLES_0                              0         -nan%                0         -nan%
PRED_TO_UPDATE_CYCLES_1                              0         -nan%                0         -nan%
PRED_TO_UPDATE_CYCLES_2                              0         -nan%                0         -nan%
PRED_TO_UPDATE_CYCLES_3                              0         -nan%                0         -nan%
PRED_TO_UPDATE_CYCLES_4                              0         -nan%                0         -nan%
PRED_TO_UPDATE_CYCLES_5                              0         -nan%                0         -nan%
PRED_TO_UPDATE_CYCLES_6                              0         -nan%                0         -nan%
PRED_TO_UPDATE_CYCLES_7                              0         -nan%                0         -nan%
PRED_TO_UPDATE_CYCLES_8                              0         -nan%                0         -nan%
PRED_TO_UPDATE_CYCLES_9                              0         -nan%                0         -nan%
PRED_TO_UPDATE_CYCLES_10                             0         -nan%                0         -nan%
PRED_TO_UPDATE_CYCLES_11                             0         -nan%                0         -nan%
PRED_TO_UPDATE_CYCLES_12                             0         -nan%                0         -nan%
PRED_TO_UPDATE_CYCLES_13                             0         -nan%                0         -nan%
PRED_TO_UPDATE_CYCLES_14                             0         -nan%                0         -nan%
PRED_TO_UPDATE_CYCLES_15                             0         -nan%                0         -nan%
PRED_TO_UPDATE_CYCLES_16                             0         -nan%                0         -nan%
PRED_TO_UPDATE_CYCLES_17                             0         -nan%                0         -nan%
PRED_TO_UPDATE_CYCLES_18                             0         -nan%                0         -nan%
PRED_TO_UPDATE_CYCLES_19                             0         -nan%                0         -nan%
PRED_TO_UPDATE_CYCLES_20                             0         -nan%                0         -nan%
PRED_TO_UPDATE_CYCLES_21                             0         -nan%                0         -nan%
PRED_TO_UPDATE_CYCLES_22                             0         -nan%                0         -nan%
PRED_TO_UPDATE_CYCLES_23                             0         -nan%                0         -nan%
PRED_TO_UPDATE_CYCLES_24                             0         -nan%                0         -nan%
PRED_TO_UPDATE_CYCLES_25                             0         -nan%                0         -nan%
PRED_TO_UPDATE_CYCLES_26                             0         -nan%                0         -nan%
PRED_TO_UPDATE_CYCLES_27                             0         -nan%                0         -nan%
PRED_TO_UPDATE_CYCLES_28                             0         -nan%                0         -nan%
PRED_TO_UPDATE_CYCLES_29                             0         -nan%                0         -nan%
PRED_TO_UPDATE_CYCLES_30                             0         -nan%                0         -nan%
                                                     0         -nan%                0         -nan%
                                                  -nan         -nan              -nan         -nan

BP_CORRECTED                                         0         -nan%                0         -nan%
BP_NOT_CORRECTED                                     0         -nan%                0         -nan%
                                                     0         -nan%                0         -nan%
                                                  -nan         -nan              -nan         -nan

TARG_CORRECTED                                       0         -nan%                0         -nan%
TARG_NOT_CORRECTED                                   0         -nan%                0         -nan%
                                                     0         -nan%                0         -nan%
                                                  -nan         -nan              -nan         -nan

BP_MISP_PENALTY                                 721142                        1667898              

BP_ON_PATH_CONF_MISPRED                              0         -nan%                0         -nan%
BP_ON_PATH_CONF_CORRECT                              0         -nan%                0         -nan%
                                                     0         -nan%                0         -nan%
                                                  -nan         -nan              -nan         -nan

BP_OFF_PATH_CONF_MISPRED                             0         -nan%                0         -nan%
BP_OFF_PATH_CONF_CORRECT                             0         -nan%                0         -nan%
                                                     0         -nan%                0         -nan%
                                                  -nan         -nan              -nan         -nan

BP_ON_PATH_PRED_MIS_CONF_MISPRED                     0         -nan%                0         -nan%
BP_ON_PATH_PRED_MIS_CONF_CORRECT                     0         -nan%                0         -nan%
                                                     0         -nan%                0         -nan%
                                                  -nan         -nan              -nan         -nan

BP_ON_PATH_PRED_COR_CONF_MISPRED                     0         -nan%                0         -nan%
BP_ON_PATH_PRED_COR_CONF_CORRECT                     0         -nan%                0         -nan%
                                                     0         -nan%                0         -nan%
                                                  -nan         -nan              -nan         -nan

BP_OFF_PATH_PRED_MIS_CONF_MISPRED                    0         -nan%                0         -nan%
BP_OFF_PATH_PRED_MIS_CONF_CORRECT                    0         -nan%                0         -nan%
                                                     0         -nan%                0         -nan%
                                                  -nan         -nan              -nan         -nan

BP_OFF_PATH_PRED_COR_CONF_MISPRED                    0         -nan%                0         -nan%
BP_OFF_PATH_PRED_COR_CONF_CORRECT                    0         -nan%                0         -nan%
                                                     0         -nan%                0         -nan%
                                                  -nan         -nan              -nan         -nan

ONPATH_CONF_MISPRED                                  0         -nan%                0         -nan%
ONPATH_CONF_CORRECT                                  0         -nan%                0         -nan%
                                                     0         -nan%                0         -nan%
                                                  -nan         -nan              -nan         -nan

ONPATH_ON_PATH_CONF_MISPRED                          0         -nan%                0         -nan%
ONPATH_ON_PATH_CONF_CORRECT                          0         -nan%                0         -nan%
                                                     0         -nan%                0         -nan%
                                                  -nan         -nan              -nan         -nan

ONPATH_OFF_PATH_CONF_MISPRED                         0         -nan%                0         -nan%
ONPATH_OFF_PATH_CONF_CORRECT                         0         -nan%                0         -nan%
                                                     0         -nan%                0         -nan%
                                                  -nan         -nan              -nan         -nan

PRED_ONPATH_CONF_MISPRED                             0         -nan%                0         -nan%
PRED_ONPATH_CONF_CORRECT                             0         -nan%                0         -nan%
                                                     0         -nan%                0         -nan%
                                                  -nan         -nan              -nan         -nan

PRED_OFFPATH_CONF_MISPRED                            0         -nan%                0         -nan%
PRED_OFFPATH_CONF_CORRECT                            0         -nan%                0         -nan%
                                                     0         -nan%                0         -nan%
                                                  -nan         -nan              -nan         -nan

LONG_OVWT_MIS                                        0         -nan%                0         -nan%
LONG_OVWT_COR                                        0         -nan%                0         -nan%
                                                     0         -nan%                0         -nan%
                                                  -nan         -nan              -nan         -nan

OPC_LENGTH_0_7_MIS                                   0         -nan%                0         -nan%
OPC_LENGTH_0_7_COR                                   0         -nan%                0         -nan%
                                                     0         -nan%                0         -nan%
                                                  -nan         -nan              -nan         -nan

OPC_LENGTH_8_15_MIS                                  0         -nan%                0         -nan%
OPC_LENGTH_8_15_COR                                  0         -nan%                0         -nan%
                                                     0         -nan%                0         -nan%
                                                  -nan         -nan              -nan         -nan

OPC_LENGTH_16_23_MIS                                 0         -nan%                0         -nan%
OPC_LENGTH_16_23_COR                                 0         -nan%                0         -nan%
                                                     0         -nan%                0         -nan%
                                                  -nan         -nan              -nan         -nan

OPC_LENGTH_24_31_MIS                                 0         -nan%                0         -nan%
OPC_LENGTH_24_31_COR                                 0         -nan%                0         -nan%
                                                     0         -nan%                0         -nan%
                                                  -nan         -nan              -nan         -nan

OPC_LENGTH_32_39_MIS                                 0         -nan%                0         -nan%
OPC_LENGTH_32_39_COR                                 0         -nan%                0         -nan%
                                                     0         -nan%                0         -nan%
                                                  -nan         -nan              -nan         -nan

OPC_LENGTH_40_47_MIS                                 0         -nan%                0         -nan%
OPC_LENGTH_40_47_COR                                 0         -nan%                0         -nan%
                                                     0         -nan%                0         -nan%
                                                  -nan         -nan              -nan         -nan

OPC_LENGTH_48_55_MIS                                 0         -nan%                0         -nan%
OPC_LENGTH_48_55_COR                                 0         -nan%                0         -nan%
                                                     0         -nan%                0         -nan%
                                                  -nan         -nan              -nan         -nan

OPC_LENGTH_56_63_MIS                                 0         -nan%                0         -nan%
OPC_LENGTH_56_63_COR                                 0         -nan%                0         -nan%
                                                     0         -nan%                0         -nan%
                                                  -nan         -nan              -nan         -nan

OPC_LENGTH_64_71_MIS                                 0         -nan%                0         -nan%
OPC_LENGTH_64_71_COR                                 0         -nan%                0         -nan%
                                                     0         -nan%                0         -nan%
                                                  -nan         -nan              -nan         -nan

OPC_LENGTH_72_79_MIS                                 0         -nan%                0         -nan%
OPC_LENGTH_72_79_COR                                 0         -nan%                0         -nan%
                                                     0         -nan%                0         -nan%
                                                  -nan         -nan              -nan         -nan

OPC_LENGTH_80_MIS                                    0         -nan%                0         -nan%
OPC_LENGTH_80_COR                                    0         -nan%                0         -nan%
                                                     0         -nan%                0         -nan%
                                                  -nan         -nan              -nan         -nan

ALL_ONES_MIS                                         0         -nan%                0         -nan%
ALL_ONES_COR                                         0         -nan%                0         -nan%
                                                     0         -nan%                0         -nan%
                                                  -nan         -nan              -nan         -nan

FIRST_ONE_MIS                                        0         -nan%                0         -nan%
FIRST_ONE_COR                                        0         -nan%                0         -nan%
                                                     0         -nan%                0         -nan%
                                                  -nan         -nan              -nan         -nan

ZEROS_0_1_MIS                                        0         -nan%                0         -nan%
ZEROS_0_1_COR                                        0         -nan%                0         -nan%
                                                     0         -nan%                0         -nan%
                                                  -nan         -nan              -nan         -nan

ZEROS_2_3_MIS                                        0         -nan%                0         -nan%
ZEROS_2_3_COR                                        0         -nan%                0         -nan%
                                                     0         -nan%                0         -nan%
                                                  -nan         -nan              -nan         -nan

ZEROS_4_5_MIS                                        0         -nan%                0         -nan%
ZEROS_4_5_COR                                        0         -nan%                0         -nan%
                                                     0         -nan%                0         -nan%
                                                  -nan         -nan              -nan         -nan

ZEROS_6_7_MIS                                        0         -nan%                0         -nan%
ZEROS_6_7_COR                                        0         -nan%                0         -nan%
                                                     0         -nan%                0         -nan%
                                                  -nan         -nan              -nan         -nan

ZEROS_8_9_MIS                                        0         -nan%                0         -nan%
ZEROS_8_9_COR                                        0         -nan%                0         -nan%
                                                     0         -nan%                0         -nan%
                                                  -nan         -nan              -nan         -nan

ZEROS_10_11_MIS                                      0         -nan%                0         -nan%
ZEROS_10_11_COR                                      0         -nan%                0         -nan%
                                                     0         -nan%                0         -nan%
                                                  -nan         -nan              -nan         -nan

ZEROS_12_13_MIS                                      0         -nan%                0         -nan%
ZEROS_12_13_COR                                      0         -nan%                0         -nan%
                                                     0         -nan%                0         -nan%
                                                  -nan         -nan              -nan         -nan

ZEROS_14_15_MIS                                      0         -nan%                0         -nan%
ZEROS_14_15_COR                                      0         -nan%                0         -nan%
                                                     0         -nan%                0         -nan%
                                                  -nan         -nan              -nan         -nan

ZEROS_16_MIS                                         0         -nan%                0         -nan%
ZEROS_16_COR                                         0         -nan%                0         -nan%
                                                     0         -nan%                0         -nan%
                                                  -nan         -nan              -nan         -nan

GS2BC_GSHARE                                         0         -nan%                0         -nan%
GS2BC_2BC                                            0         -nan%                0         -nan%
                                                     0         -nan%                0         -nan%
                                                  -nan         -nan              -nan         -nan

GSKEW2BC_VOTE                                        0         -nan%                0         -nan%
GSKEW2BC_2BC                                         0         -nan%                0         -nan%
                                                     0         -nan%                0         -nan%
                                                  -nan         -nan              -nan         -nan

FUTGSHARE_INIT_ON_PATH_CORRECT                       0         -nan%                0         -nan%
FUTGSHARE_INIT_ON_PATH_MISPREDICT                    0         -nan%                0         -nan%
                                                     0         -nan%                0         -nan%
                                                  -nan         -nan              -nan         -nan

FUTGSHARE_INIT_OFF_PATH_CORRECT                      0         -nan%                0         -nan%
FUTGSHARE_INIT_OFF_PATH_MISPREDICT                   0         -nan%                0         -nan%
                                                     0         -nan%                0         -nan%
                                                  -nan         -nan              -nan         -nan

FUTGSHARE_CHANGED_CORRECTED_ON_PATH                  0         -nan%                0         -nan%
FUTGSHARE_CHANGED_SCREWED_ON_PATH                    0         -nan%                0         -nan%
                                                     0         -nan%                0         -nan%
                                                  -nan         -nan              -nan         -nan

FUTGSHARE_CHANGED_CORRECTED_OFF_PATH                 0         -nan%                0         -nan%
FUTGSHARE_CHANGED_SCREWED_OFF_PATH                   0         -nan%                0         -nan%
                                                     0         -nan%                0         -nan%
                                                  -nan         -nan              -nan         -nan

FUTGSHARE_ORIG_CORRECT_FUT_CORRECT_ON_PATH             0         -nan%                0         -nan%
FUTGSHARE_ORIG_MISPRED_FUT_CORRECT_ON_PATH             0         -nan%                0         -nan%
FUTGSHARE_ORIG_CORRECT_FUT_MISPRED_ON_PATH             0         -nan%                0         -nan%
FUTGSHARE_ORIG_MISPRED_FUT_MISPRED_ON_PATH             0         -nan%                0         -nan%
                                                     0         -nan%                0         -nan%
                                                  -nan         -nan              -nan         -nan

FUTGSHARE_ORIG_CORRECT_FUT_CORRECT_OFF_PATH             0         -nan%                0         -nan%
FUTGSHARE_ORIG_MISPRED_FUT_CORRECT_OFF_PATH             0         -nan%                0         -nan%
FUTGSHARE_ORIG_CORRECT_FUT_MISPRED_OFF_PATH             0         -nan%                0         -nan%
FUTGSHARE_ORIG_MISPRED_FUT_MISPRED_OFF_PATH             0         -nan%                0         -nan%
                                                     0         -nan%                0         -nan%
                                                  -nan         -nan              -nan         -nan

FUTGSHARE_ON_PATH_CORRECT_0                          0         -nan%                0         -nan%
FUTGSHARE_ON_PATH_MISPREDICT_0                       0         -nan%                0         -nan%
                                                     0         -nan%                0         -nan%
                                                  -nan         -nan              -nan         -nan

FUTGSHARE_OFF_PATH_CORRECT_0                         0         -nan%                0         -nan%
FUTGSHARE_OFF_PATH_MISPREDICT_0                      0         -nan%                0         -nan%
                                                     0         -nan%                0         -nan%
                                                  -nan         -nan              -nan         -nan

FUTGSHARE_ON_PATH_CORRECT_1                          0         -nan%                0         -nan%
FUTGSHARE_ON_PATH_MISPREDICT_1                       0         -nan%                0         -nan%
                                                     0         -nan%                0         -nan%
                                                  -nan         -nan              -nan         -nan

FUTGSHARE_OFF_PATH_CORRECT_1                         0         -nan%                0         -nan%
FUTGSHARE_OFF_PATH_MISPREDICT_1                      0         -nan%                0         -nan%
                                                     0         -nan%                0         -nan%
                                                  -nan         -nan              -nan         -nan

FUTGSHARE_ON_PATH_CORRECT_2                          0         -nan%                0         -nan%
FUTGSHARE_ON_PATH_MISPREDICT_2                       0         -nan%                0         -nan%
                                                     0         -nan%                0         -nan%
                                                  -nan         -nan              -nan         -nan

FUTGSHARE_OFF_PATH_CORRECT_2                         0         -nan%                0         -nan%
FUTGSHARE_OFF_PATH_MISPREDICT_2                      0         -nan%                0         -nan%
                                                     0         -nan%                0         -nan%
                                                  -nan         -nan              -nan         -nan

FUTGSHARE_ON_PATH_CORRECT_3                          0         -nan%                0         -nan%
FUTGSHARE_ON_PATH_MISPREDICT_3                       0         -nan%                0         -nan%
                                                     0         -nan%                0         -nan%
                                                  -nan         -nan              -nan         -nan

FUTGSHARE_OFF_PATH_CORRECT_3                         0         -nan%                0         -nan%
FUTGSHARE_OFF_PATH_MISPREDICT_3                      0         -nan%                0         -nan%
                                                     0         -nan%                0         -nan%
                                                  -nan         -nan              -nan         -nan

FUTGSHARE_ON_PATH_CORRECT_4                          0         -nan%                0         -nan%
FUTGSHARE_ON_PATH_MISPREDICT_4                       0         -nan%                0         -nan%
                                                     0         -nan%                0         -nan%
                                                  -nan         -nan              -nan         -nan

FUTGSHARE_OFF_PATH_CORRECT_4                         0         -nan%                0         -nan%
FUTGSHARE_OFF_PATH_MISPREDICT_4                      0         -nan%                0         -nan%
                                                     0         -nan%                0         -nan%
                                                  -nan         -nan              -nan         -nan

FUTGSHARE_ON_PATH_CORRECT_5                          0         -nan%                0         -nan%
FUTGSHARE_ON_PATH_MISPREDICT_5                       0         -nan%                0         -nan%
                                                     0         -nan%                0         -nan%
                                                  -nan         -nan              -nan         -nan

FUTGSHARE_OFF_PATH_CORRECT_5                         0         -nan%                0         -nan%
FUTGSHARE_OFF_PATH_MISPREDICT_5                      0         -nan%                0         -nan%
                                                     0         -nan%                0         -nan%
                                                  -nan         -nan              -nan         -nan

FUTGSHARE_ON_PATH_CORRECT_6                          0         -nan%                0         -nan%
FUTGSHARE_ON_PATH_MISPREDICT_6                       0         -nan%                0         -nan%
                                                     0         -nan%                0         -nan%
                                                  -nan         -nan              -nan         -nan

FUTGSHARE_OFF_PATH_CORRECT_6                         0         -nan%                0         -nan%
FUTGSHARE_OFF_PATH_MISPREDICT_6                      0         -nan%                0         -nan%
                                                     0         -nan%                0         -nan%
                                                  -nan         -nan              -nan         -nan

FUTGSHARE_ON_PATH_CORRECT_7                          0         -nan%                0         -nan%
FUTGSHARE_ON_PATH_MISPREDICT_7                       0         -nan%                0         -nan%
                                                     0         -nan%                0         -nan%
                                                  -nan         -nan              -nan         -nan

FUTGSHARE_OFF_PATH_CORRECT_7                         0         -nan%                0         -nan%
FUTGSHARE_OFF_PATH_MISPREDICT_7                      0         -nan%                0         -nan%
                                                     0         -nan%                0         -nan%
                                                  -nan         -nan              -nan         -nan

FUTGSHARE_ON_PATH_CORRECT_8                          0         -nan%                0         -nan%
FUTGSHARE_ON_PATH_MISPREDICT_8                       0         -nan%                0         -nan%
                                                     0         -nan%                0         -nan%
                                                  -nan         -nan              -nan         -nan

FUTGSHARE_OFF_PATH_CORRECT_8                         0         -nan%                0         -nan%
FUTGSHARE_OFF_PATH_MISPREDICT_8                      0         -nan%                0         -nan%
                                                     0         -nan%                0         -nan%
                                                  -nan         -nan              -nan         -nan

FUTGSHARE_ON_PATH_CORRECT_9                          0         -nan%                0         -nan%
FUTGSHARE_ON_PATH_MISPREDICT_9                       0         -nan%                0         -nan%
                                                     0         -nan%                0         -nan%
                                                  -nan         -nan              -nan         -nan

FUTGSHARE_OFF_PATH_CORRECT_9                         0         -nan%                0         -nan%
FUTGSHARE_OFF_PATH_MISPREDICT_9                      0         -nan%                0         -nan%
                                                     0         -nan%                0         -nan%
                                                  -nan         -nan              -nan         -nan

FUTGSHARE_ON_PATH_CORRECT_10                         0         -nan%                0         -nan%
FUTGSHARE_ON_PATH_MISPREDICT_10                      0         -nan%                0         -nan%
                                                     0         -nan%                0         -nan%
                                                  -nan         -nan              -nan         -nan

FUTGSHARE_OFF_PATH_CORRECT_10                        0         -nan%                0         -nan%
FUTGSHARE_OFF_PATH_MISPREDICT_10                     0         -nan%                0         -nan%
                                                     0         -nan%                0         -nan%
                                                  -nan         -nan              -nan         -nan

FUTGSHARE_ON_PATH_CORRECT_11                         0         -nan%                0         -nan%
FUTGSHARE_ON_PATH_MISPREDICT_11                      0         -nan%                0         -nan%
                                                     0         -nan%                0         -nan%
                                                  -nan         -nan              -nan         -nan

FUTGSHARE_OFF_PATH_CORRECT_11                        0         -nan%                0         -nan%
FUTGSHARE_OFF_PATH_MISPREDICT_11                     0         -nan%                0         -nan%
                                                     0         -nan%                0         -nan%
                                                  -nan         -nan              -nan         -nan

FUTGSHARE_ON_PATH_CORRECT_12                         0         -nan%                0         -nan%
FUTGSHARE_ON_PATH_MISPREDICT_12                      0         -nan%                0         -nan%
                                                     0         -nan%                0         -nan%
                                                  -nan         -nan              -nan         -nan

FUTGSHARE_OFF_PATH_CORRECT_12                        0         -nan%                0         -nan%
FUTGSHARE_OFF_PATH_MISPREDICT_12                     0         -nan%                0         -nan%
                                                     0         -nan%                0         -nan%
                                                  -nan         -nan              -nan         -nan

FUTGSHARE_ON_PATH_CORRECT_13                         0         -nan%                0         -nan%
FUTGSHARE_ON_PATH_MISPREDICT_13                      0         -nan%                0         -nan%
                                                     0         -nan%                0         -nan%
                                                  -nan         -nan              -nan         -nan

FUTGSHARE_OFF_PATH_CORRECT_13                        0         -nan%                0         -nan%
FUTGSHARE_OFF_PATH_MISPREDICT_13                     0         -nan%                0         -nan%
                                                     0         -nan%                0         -nan%
                                                  -nan         -nan              -nan         -nan

FUTGSHARE_ON_PATH_CORRECT_14                         0         -nan%                0         -nan%
FUTGSHARE_ON_PATH_MISPREDICT_14                      0         -nan%                0         -nan%
                                                     0         -nan%                0         -nan%
                                                  -nan         -nan              -nan         -nan

FUTGSHARE_OFF_PATH_CORRECT_14                        0         -nan%                0         -nan%
FUTGSHARE_OFF_PATH_MISPREDICT_14                     0         -nan%                0         -nan%
                                                     0         -nan%                0         -nan%
                                                  -nan         -nan              -nan         -nan

FUTGSHARE_ON_PATH_CORRECT_15                         0         -nan%                0         -nan%
FUTGSHARE_ON_PATH_MISPREDICT_15                      0         -nan%                0         -nan%
                                                     0         -nan%                0         -nan%
                                                  -nan         -nan              -nan         -nan

FUTGSHARE_OFF_PATH_CORRECT_15                        0         -nan%                0         -nan%
FUTGSHARE_OFF_PATH_MISPREDICT_15                     0         -nan%                0         -nan%
                                                     0         -nan%                0         -nan%
                                                  -nan         -nan              -nan         -nan

FUTGSHARE_CHANGED_CORRECTED_ON_PATH_0                0         -nan%                0         -nan%
FUTGSHARE_CHANGED_SCREWED_ON_PATH_0                  0         -nan%                0         -nan%
                                                     0         -nan%                0         -nan%
                                                  -nan         -nan              -nan         -nan

FUTGSHARE_CHANGED_CORRECTED_OFF_PATH_0               0         -nan%                0         -nan%
FUTGSHARE_CHANGED_SCREWED_OFF_PATH_0                 0         -nan%                0         -nan%
                                                     0         -nan%                0         -nan%
                                                  -nan         -nan              -nan         -nan

FUTGSHARE_CHANGED_CORRECTED_ON_PATH_1                0         -nan%                0         -nan%
FUTGSHARE_CHANGED_SCREWED_ON_PATH_1                  0         -nan%                0         -nan%
                                                     0         -nan%                0         -nan%
                                                  -nan         -nan              -nan         -nan

FUTGSHARE_CHANGED_CORRECTED_OFF_PATH_1               0         -nan%                0         -nan%
FUTGSHARE_CHANGED_SCREWED_OFF_PATH_1                 0         -nan%                0         -nan%
                                                     0         -nan%                0         -nan%
                                                  -nan         -nan              -nan         -nan

FUTGSHARE_CHANGED_CORRECTED_ON_PATH_2                0         -nan%                0         -nan%
FUTGSHARE_CHANGED_SCREWED_ON_PATH_2                  0         -nan%                0         -nan%
                                                     0         -nan%                0         -nan%
                                                  -nan         -nan              -nan         -nan

FUTGSHARE_CHANGED_CORRECTED_OFF_PATH_2               0         -nan%                0         -nan%
FUTGSHARE_CHANGED_SCREWED_OFF_PATH_2                 0         -nan%                0         -nan%
                                                     0         -nan%                0         -nan%
                                                  -nan         -nan              -nan         -nan

FUTGSHARE_CHANGED_CORRECTED_ON_PATH_3                0         -nan%                0         -nan%
FUTGSHARE_CHANGED_SCREWED_ON_PATH_3                  0         -nan%                0         -nan%
                                                     0         -nan%                0         -nan%
                                                  -nan         -nan              -nan         -nan

FUTGSHARE_CHANGED_CORRECTED_OFF_PATH_3               0         -nan%                0         -nan%
FUTGSHARE_CHANGED_SCREWED_OFF_PATH_3                 0         -nan%                0         -nan%
                                                     0         -nan%                0         -nan%
                                                  -nan         -nan              -nan         -nan

FUTGSHARE_CHANGED_CORRECTED_ON_PATH_4                0         -nan%                0         -nan%
FUTGSHARE_CHANGED_SCREWED_ON_PATH_4                  0         -nan%                0         -nan%
                                                     0         -nan%                0         -nan%
                                                  -nan         -nan              -nan         -nan

FUTGSHARE_CHANGED_CORRECTED_OFF_PATH_4               0         -nan%                0         -nan%
FUTGSHARE_CHANGED_SCREWED_OFF_PATH_4                 0         -nan%                0         -nan%
                                                     0         -nan%                0         -nan%
                                                  -nan         -nan              -nan         -nan

FUTGSHARE_CHANGED_CORRECTED_ON_PATH_5                0         -nan%                0         -nan%
FUTGSHARE_CHANGED_SCREWED_ON_PATH_5                  0         -nan%                0         -nan%
                                                     0         -nan%                0         -nan%
                                                  -nan         -nan              -nan         -nan

FUTGSHARE_CHANGED_CORRECTED_OFF_PATH_5               0         -nan%                0         -nan%
FUTGSHARE_CHANGED_SCREWED_OFF_PATH_5                 0         -nan%                0         -nan%
                                                     0         -nan%                0         -nan%
                                                  -nan         -nan              -nan         -nan

FUTGSHARE_CHANGED_CORRECTED_ON_PATH_6                0         -nan%                0         -nan%
FUTGSHARE_CHANGED_SCREWED_ON_PATH_6                  0         -nan%                0         -nan%
                                                     0         -nan%                0         -nan%
                                                  -nan         -nan              -nan         -nan

FUTGSHARE_CHANGED_CORRECTED_OFF_PATH_6               0         -nan%                0         -nan%
FUTGSHARE_CHANGED_SCREWED_OFF_PATH_6                 0         -nan%                0         -nan%
                                                     0         -nan%                0         -nan%
                                                  -nan         -nan              -nan         -nan

FUTGSHARE_CHANGED_CORRECTED_ON_PATH_7                0         -nan%                0         -nan%
FUTGSHARE_CHANGED_SCREWED_ON_PATH_7                  0         -nan%                0         -nan%
                                                     0         -nan%                0         -nan%
                                                  -nan         -nan              -nan         -nan

FUTGSHARE_CHANGED_CORRECTED_OFF_PATH_7               0         -nan%                0         -nan%
FUTGSHARE_CHANGED_SCREWED_OFF_PATH_7                 0         -nan%                0         -nan%
                                                     0         -nan%                0         -nan%
                                                  -nan         -nan              -nan         -nan

FUTGSHARE_CHANGED_CORRECTED_ON_PATH_8                0         -nan%                0         -nan%
FUTGSHARE_CHANGED_SCREWED_ON_PATH_8                  0         -nan%                0         -nan%
                                                     0         -nan%                0         -nan%
                                                  -nan         -nan              -nan         -nan

FUTGSHARE_CHANGED_CORRECTED_OFF_PATH_8               0         -nan%                0         -nan%
FUTGSHARE_CHANGED_SCREWED_OFF_PATH_8                 0         -nan%                0         -nan%
                                                     0         -nan%                0         -nan%
                                                  -nan         -nan              -nan         -nan

FUTGSHARE_CHANGED_CORRECTED_ON_PATH_9                0         -nan%                0         -nan%
FUTGSHARE_CHANGED_SCREWED_ON_PATH_9                  0         -nan%                0         -nan%
                                                     0         -nan%                0         -nan%
                                                  -nan         -nan              -nan         -nan

FUTGSHARE_CHANGED_CORRECTED_OFF_PATH_9               0         -nan%                0         -nan%
FUTGSHARE_CHANGED_SCREWED_OFF_PATH_9                 0         -nan%                0         -nan%
                                                     0         -nan%                0         -nan%
                                                  -nan         -nan              -nan         -nan

FUTGSHARE_CHANGED_CORRECTED_ON_PATH_10               0         -nan%                0         -nan%
FUTGSHARE_CHANGED_SCREWED_ON_PATH_10                 0         -nan%                0         -nan%
                                                     0         -nan%                0         -nan%
                                                  -nan         -nan              -nan         -nan

FUTGSHARE_CHANGED_CORRECTED_OFF_PATH_10              0         -nan%                0         -nan%
FUTGSHARE_CHANGED_SCREWED_OFF_PATH_10                0         -nan%                0         -nan%
                                                     0         -nan%                0         -nan%
                                                  -nan         -nan              -nan         -nan

FUTGSHARE_CHANGED_CORRECTED_ON_PATH_11               0         -nan%                0         -nan%
FUTGSHARE_CHANGED_SCREWED_ON_PATH_11                 0         -nan%                0         -nan%
                                                     0         -nan%                0         -nan%
                                                  -nan         -nan              -nan         -nan

FUTGSHARE_CHANGED_CORRECTED_OFF_PATH_11              0         -nan%                0         -nan%
FUTGSHARE_CHANGED_SCREWED_OFF_PATH_11                0         -nan%                0         -nan%
                                                     0         -nan%                0         -nan%
                                                  -nan         -nan              -nan         -nan

FUTGSHARE_CHANGED_CORRECTED_ON_PATH_12               0         -nan%                0         -nan%
FUTGSHARE_CHANGED_SCREWED_ON_PATH_12                 0         -nan%                0         -nan%
                                                     0         -nan%                0         -nan%
                                                  -nan         -nan              -nan         -nan

FUTGSHARE_CHANGED_CORRECTED_OFF_PATH_12              0         -nan%                0         -nan%
FUTGSHARE_CHANGED_SCREWED_OFF_PATH_12                0         -nan%                0         -nan%
                                                     0         -nan%                0         -nan%
                                                  -nan         -nan              -nan         -nan

FUTGSHARE_CHANGED_CORRECTED_ON_PATH_13               0         -nan%                0         -nan%
FUTGSHARE_CHANGED_SCREWED_ON_PATH_13                 0         -nan%                0         -nan%
                                                     0         -nan%                0         -nan%
                                                  -nan         -nan              -nan         -nan

FUTGSHARE_CHANGED_CORRECTED_OFF_PATH_13              0         -nan%                0         -nan%
FUTGSHARE_CHANGED_SCREWED_OFF_PATH_13                0         -nan%                0         -nan%
                                                     0         -nan%                0         -nan%
                                                  -nan         -nan              -nan         -nan

FUTGSHARE_CHANGED_CORRECTED_ON_PATH_14               0         -nan%                0         -nan%
FUTGSHARE_CHANGED_SCREWED_ON_PATH_14                 0         -nan%                0         -nan%
                                                     0         -nan%                0         -nan%
                                                  -nan         -nan              -nan         -nan

FUTGSHARE_CHANGED_CORRECTED_OFF_PATH_14              0         -nan%                0         -nan%
FUTGSHARE_CHANGED_SCREWED_OFF_PATH_14                0         -nan%                0         -nan%
                                                     0         -nan%                0         -nan%
                                                  -nan         -nan              -nan         -nan

FUTGSHARE_CHANGED_CORRECTED_ON_PATH_15               0         -nan%                0         -nan%
FUTGSHARE_CHANGED_SCREWED_ON_PATH_15                 0         -nan%                0         -nan%
                                                     0         -nan%                0         -nan%
                                                  -nan         -nan              -nan         -nan

FUTGSHARE_CHANGED_CORRECTED_OFF_PATH_15              0         -nan%                0         -nan%
FUTGSHARE_CHANGED_SCREWED_OFF_PATH_15                0         -nan%                0         -nan%
                                                     0         -nan%                0         -nan%
                                                  -nan         -nan              -nan         -nan

FRAGHIST_BIN_0                                       0         -nan%                0         -nan%
FRAGHIST_BIN_1                                       0         -nan%                0         -nan%
FRAGHIST_BIN_2                                       0         -nan%                0         -nan%
FRAGHIST_BIN_3                                       0         -nan%                0         -nan%
FRAGHIST_BIN_4                                       0         -nan%                0         -nan%
FRAGHIST_BIN_5                                       0         -nan%                0         -nan%
FRAGHIST_BIN_6                                       0         -nan%                0         -nan%
FRAGHIST_BIN_7                                       0         -nan%                0         -nan%
FRAGHIST_BIN_8                                       0         -nan%                0         -nan%
FRAGHIST_BIN_9                                       0         -nan%                0         -nan%
FRAGHIST_BIN_10                                      0         -nan%                0         -nan%
FRAGHIST_BIN_11                                      0         -nan%                0         -nan%
FRAGHIST_BIN_12                                      0         -nan%                0         -nan%
FRAGHIST_BIN_13                                      0         -nan%                0         -nan%
FRAGHIST_BIN_14                                      0         -nan%                0         -nan%
FRAGHIST_BIN_15                                      0         -nan%                0         -nan%
FRAGHIST_BIN_16                                      0         -nan%                0         -nan%
FRAGHIST_BIN_17                                      0         -nan%                0         -nan%
FRAGHIST_BIN_18                                      0         -nan%                0         -nan%
FRAGHIST_BIN_19                                      0         -nan%                0         -nan%
FRAGHIST_BIN_20                                      0         -nan%                0         -nan%
FRAGHIST_BIN_21                                      0         -nan%                0         -nan%
FRAGHIST_BIN_22                                      0         -nan%                0         -nan%
FRAGHIST_BIN_23                                      0         -nan%                0         -nan%
FRAGHIST_BIN_24                                      0         -nan%                0         -nan%
FRAGHIST_BIN_25                                      0         -nan%                0         -nan%
FRAGHIST_BIN_26                                      0         -nan%                0         -nan%
FRAGHIST_BIN_27                                      0         -nan%                0         -nan%
FRAGHIST_BIN_28                                      0         -nan%                0         -nan%
FRAGHIST_BIN_29                                      0         -nan%                0         -nan%
FRAGHIST_BIN_30                                      0         -nan%                0         -nan%
FRAGHIST_BIN_31                                      0         -nan%                0         -nan%
FRAGHIST_BIN_32                                      0         -nan%                0         -nan%
                                                     0         -nan%                0         -nan%
                                                  -nan         -nan              -nan         -nan

CF_BR_USED_TARGET_CORRECT                       216365       38.072%           431724       38.083%
CF_BR_USED_TARGET_INCORRECT                          1        0.000%               97        0.009%
CF_CBR_USED_TARGET_CORRECT                      295710       52.034%           588435       51.907%
CF_CBR_USED_TARGET_INCORRECT                      7616        1.340%            16358        1.443%
CF_CALL_USED_TARGET_CORRECT                      20156        3.547%            40278        3.553%
CF_CALL_USED_TARGET_INCORRECT                        0        0.000%               72        0.006%
CF_IBR_USED_TARGET_CORRECT                        2968        0.522%             5756        0.508%
CF_IBR_USED_TARGET_INCORRECT                         0        0.000%                8        0.001%
CF_ICALL_USED_TARGET_CORRECT                      2665        0.469%             5281        0.466%
CF_ICALL_USED_TARGET_INCORRECT                       1        0.000%                3        0.000%
CF_ICO_USED_TARGET_CORRECT                           0        0.000%                0        0.000%
CF_ICO_USED_TARGET_INCORRECT                         0        0.000%                0        0.000%
CF_RET_USED_TARGET_CORRECT                       22698        3.994%            45386        4.004%
CF_RET_USED_TARGET_INCORRECT                       126        0.022%              246        0.022%
CF_DEFAULT_USED_TARGET_CORRECT                       0        0.000%                0        0.000%
CF_DEFAULT_USED_TARGET_INCORRECT                     0        0.000%                0        0.000%
                                                568306      100.000%          1133644      100.000%
                                                  1.77         2.17              1.77         2.17

BTB_UPDATE_BTB_MISS                                  7      100.000%              593      100.000%
BTB_UPDATE_BTB_HIT_TAKEN                             0        0.000%                0        0.000%
                                                     7      100.000%              593      100.000%
                                                  0.00         0.00              0.00         0.00

BTB_UPDATE_BTB_HIT_JITTED_NOT_CF                     0        0.000%                0        0.000%
BTB_UPDATE_BTB_HIT_JITTED_CF_BR                      0        0.000%                0        0.000%
BTB_UPDATE_BTB_HIT_JITTED_CF_CBR                     0        0.000%                0        0.000%
BTB_UPDATE_BTB_HIT_JITTED_CF_CALL                    0        0.000%                0        0.000%
BTB_UPDATE_BTB_HIT_JITTED_CF_IBR                     0        0.000%                0        0.000%
BTB_UPDATE_BTB_HIT_JITTED_CF_ICALL                   0        0.000%                0        0.000%
BTB_UPDATE_BTB_HIT_JITTED_CF_ICO                     0        0.000%                0        0.000%
BTB_UPDATE_BTB_HIT_JITTED_CF_RET                  8312      100.000%            16437      100.000%
                                                  8312      100.000%            16437      100.000%
                                                  7.00         7.00              7.00         7.00

RESTEER_BTB_MISS_NOT_CF                              0        0.000%                0        0.000%
RESTEER_BTB_MISS_CF_BR                               0        0.000%                0        0.000%
RESTEER_BTB_MISS_CF_CBR                              1        0.006%               97        0.243%
RESTEER_BTB_MISS_CF_CALL                             0        0.000%                4        0.010%
RESTEER_BTB_MISS_CF_IBR                              0        0.000%               72        0.180%
RESTEER_BTB_MISS_CF_ICALL                            0        0.000%                0        0.000%
RESTEER_BTB_MISS_CF_ICO                              0        0.000%                0        0.000%
RESTEER_BTB_MISS_CF_RET                              0        0.000%                0        0.000%
RESTEER_MISPRED_NOT_CF                               0        0.000%                0        0.000%
RESTEER_MISPRED_CF_BR                                0        0.000%                0        0.000%
RESTEER_MISPRED_CF_CBR                           17776       99.102%            39459       98.731%
RESTEER_MISPRED_CF_CALL                              0        0.000%                0        0.000%
RESTEER_MISPRED_CF_IBR                               0        0.000%                8        0.020%
RESTEER_MISPRED_CF_ICALL                             1        0.006%                3        0.008%
RESTEER_MISPRED_CF_ICO                               0        0.000%                0        0.000%
RESTEER_MISPRED_CF_RET                               0        0.000%                6        0.015%
RESTEER_MISFETCH_NOT_CF                              0        0.000%                0        0.000%
RESTEER_MISFETCH_CF_BR                               0        0.000%                0        0.000%
RESTEER_MISFETCH_CF_CBR                             33        0.184%               77        0.193%
RESTEER_MISFETCH_CF_CALL                             0        0.000%                0        0.000%
RESTEER_MISFETCH_CF_IBR                              0        0.000%                0        0.000%
RESTEER_MISFETCH_CF_ICALL                            0        0.000%                0        0.000%
RESTEER_MISFETCH_CF_ICO                              0        0.000%                0        0.000%
RESTEER_MISFETCH_CF_RET                            126        0.702%              240        0.601%
RESTEER_NO_TARGET_CF_IBR                             0        0.000%                0        0.000%
RESTEER_NO_TARGET_CF_ICALL                           0        0.000%                0        0.000%
RESTEER_NO_TARGET_CF_ICO                             0        0.000%                0        0.000%
RESTEER_NO_TARGET_CF_RET                             0        0.000%                0        0.000%
                                                 17937      100.000%            39966      100.000%
                                                 10.11         1.14             10.06         1.17

CBR_CORRECT                                    1391234       89.023%          2740432       87.563%
CBR_CORRECT_BTB_MISS_NT_NT                      153730        9.837%           349711       11.174%
CBR_RECOVER_MISPREDICT                           17772        1.137%            39203        1.253%
CBR_RECOVER_MISFETCH                                 0        0.000%                0        0.000%
CBR_RECOVER_BTB_MISS_T_T                             0        0.000%                4        0.000%
CBR_RECOVER_BTB_MISS_T_NT                           33        0.002%               77        0.002%
CBR_RECOVER_BTB_MISS_NT_T                            4        0.000%              256        0.008%
                                               1562773      100.000%          3129683      100.000%
                                                  0.12         0.34              0.14         0.36

BR_CORRECT                                      216365      100.000%           431724       99.978%
BR_RECOVER                                           1        0.000%               97        0.022%
                                                216366      100.000%           431821      100.000%
                                                  0.00         0.00              0.00         0.01

ICALL_CORRECT_IBTB                                2654       99.550%             5170       97.843%
ICALL_CORRECT_BTB                                   11        0.413%              111        2.101%
ICALL_RECOVER_IBTB_MISFETCH                          0        0.000%                0        0.000%
ICALL_RECOVER_BTB_MISFETCH                           0        0.000%                0        0.000%
ICALL_RECOVER_XBTB_MISS                              1        0.038%                3        0.057%
                                                  2666      100.000%             5284      100.000%
                                                  0.01         0.10              0.02         0.17

IBR_CORRECT_IBTB                                  2880       97.035%             5433       94.257%
IBR_CORRECT_BTB                                     88        2.965%              323        5.604%
IBR_RECOVER_IBTB_MISFETCH                            0        0.000%                0        0.000%
IBR_RECOVER_BTB_MISFETCH                             0        0.000%                0        0.000%
IBR_RECOVER_XBTB_MISS                                0        0.000%                8        0.139%
                                                  2968      100.000%             5764      100.000%
                                                  0.03         0.17              0.06         0.27

ICO_CORRECT                                          0         -nan%                0         -nan%
ICO_RECOVER                                          0         -nan%                0         -nan%
                                                     0         -nan%                0         -nan%
                                                  -nan         -nan              -nan         -nan

RET_CORRECT                                      22698       99.448%            45386       99.461%
RET_RECOVER                                        126        0.552%              240        0.526%
RET_RECOVER_UFLOW                                    0        0.000%                6        0.013%
                                                 22824      100.000%            45632      100.000%
                                                  0.01         0.07              0.01         0.08

CALL_CORRECT                                     20156      100.000%            40278       99.822%
CALL_RECOVER                                         0        0.000%               72        0.178%
                                                 20156      100.000%            40350      100.000%
                                                  0.00         0.00              0.00         0.04

BTB_CORRECT                                    1651160       91.481%          3262674       90.306%
BTB_INCORRECT_BUT_TARGET_CORRECT                     0        0.000%                0        0.000%
BTB_INCORRECT                                   153769        8.519%           350228        9.694%
                                               1804929      100.000%          3612902      100.000%
                                                  0.17         0.54              0.19         0.57

IBTB_CORRECT                                      5534       98.225%            10603       95.972%
IBTB_INCORRECT                                     100        1.775%              445        4.028%
                                                  5634      100.000%            11048      100.000%
                                                  0.02         0.13              0.04         0.19

CBR_CORRECT_OFF_PATH                           1130644       90.983%          2424624       89.452%
CBR_CORRECT_BTB_MISS_NT_NT_OFF_PATH             112060        9.017%           285746       10.542%
CBR_RECOVER_MISPREDICT_OFF_PATH                      0        0.000%                0        0.000%
CBR_RECOVER_MISFETCH_OFF_PATH                        0        0.000%                0        0.000%
CBR_RECOVER_BTB_MISS_T_T_OFF_PATH                    0        0.000%              159        0.006%
CBR_RECOVER_BTB_MISS_T_NT_OFF_PATH                   0        0.000%                0        0.000%
CBR_RECOVER_BTB_MISS_NT_T_OFF_PATH                   0        0.000%                0        0.000%
                                               1242704      100.000%          2710529      100.000%
                                                  0.09         0.27              0.11         0.29

BR_CORRECT_OFF_PATH                             189124       99.998%           415523       99.975%
BR_RECOVER_OFF_PATH                                  3        0.002%              105        0.025%
                                                189127      100.000%           415628      100.000%
                                                  0.00         0.00              0.00         0.02

ICALL_CORRECT_IBTB_OFF_PATH                         20       32.787%               53       36.552%
ICALL_CORRECT_BTB_OFF_PATH                          40       65.574%               89       61.379%
ICALL_RECOVER_IBTB_MISFETCH_OFF_PATH                 0        0.000%                0        0.000%
ICALL_RECOVER_BTB_MISFETCH_OFF_PATH                  0        0.000%                0        0.000%
ICALL_RECOVER_XBTB_MISS_OFF_PATH                     1        1.639%                3        2.069%
                                                    61      100.000%              145      100.000%
                                                  0.72         0.49              0.70         0.54

IBR_CORRECT_IBTB_OFF_PATH                         1039       43.803%             2240       39.752%
IBR_CORRECT_BTB_OFF_PATH                          1333       56.197%             3395       60.248%
IBR_RECOVER_IBTB_MISFETCH_OFF_PATH                   0        0.000%                0        0.000%
IBR_RECOVER_BTB_MISFETCH_OFF_PATH                    0        0.000%                0        0.000%
IBR_RECOVER_XBTB_MISS_OFF_PATH                       0        0.000%                0        0.000%
                                                  2372      100.000%             5635      100.000%
                                                  0.56         0.33              0.60         0.31

ICO_CORRECT_OFF_PATH                                 0         -nan%                0         -nan%
ICO_RECOVER_OFF_PATH                                 0         -nan%                0         -nan%
                                                     0         -nan%                0         -nan%
                                                  -nan         -nan              -nan         -nan

RET_CORRECT_OFF_PATH                             13155       76.283%            29771       76.176%
RET_RECOVER_OFF_PATH                              3915       22.702%             8936       22.865%
RET_RECOVER_UFLOW_OFF_PATH                         175        1.015%              375        0.960%
                                                 17245      100.000%            39082      100.000%
                                                  0.25         0.40              0.25         0.40

CALL_CORRECT_OFF_PATH                            15276      100.000%            34690       99.937%
CALL_RECOVER_OFF_PATH                                0        0.000%               22        0.063%
                                                 15276      100.000%            34712      100.000%
                                                  0.00         0.00              0.00         0.03

BTB_CORRECT_OFF_PATH                           1337476       92.269%          2880614       90.967%
BTB_INCORRECT_BUT_TARGET_CORRECT_OFF_PATH             0        0.000%                0        0.000%
BTB_INCORRECT_OFF_PATH                          112064        7.731%           286035        9.033%
                                               1449540      100.000%          3166649      100.000%
                                                  0.15         0.51              0.18         0.55

IBTB_CORRECT_OFF_PATH                             1059       43.527%             2293       39.671%
IBTB_INCORRECT_OFF_PATH                           1374       56.473%             3487       60.329%
                                                  2433      100.000%             5780      100.000%
                                                  0.56         0.54              0.60         0.56

BP_EXEC_RECOVERIES                               17936       99.994%            39793       99.567%
BP_DECODE_RECOVERIES                                 1        0.006%              173        0.433%
                                                 17937      100.000%            39966      100.000%
                                                  0.00         0.01              0.00         0.07

SCHEDULED_EXEC_RECOVERIES                        17936       99.994%            39793       99.567%
SCHEDULED_DECODE_RECOVERIES                          1        0.006%              173        0.433%
                                                 17937      100.000%            39966      100.000%
                                                  0.00         0.01              0.00         0.07

PERFORMED_EXEC_RECOVERIES                        17937      100.000%            39966      100.000%
PERFORMED_DECODE_RECOVERIES                          0        0.000%                0        0.000%
                                                 17937      100.000%            39966      100.000%
                                                  0.00         0.00              0.00         0.00

PERFORMED_RECOVERY_LAT                         1546785                        3405780              

SCHEDULED_DECODE_LAT                                 9                           9607              

SCHEDULED_EXEC_LAT                             1510903                        3316414              



