/* -*- Mode: c -*- */
####################################################################################################
Core 0
####################################################################################################
Cumulative:        Cycles: 6989650               Instructions: 20000000              IPC: 2.86137

Periodic:          Cycles: 3362609               Instructions: 10000000              IPC: 2.97388

ST_OP_INV                                            0        0.000%                0        0.000%
ST_OP_NOP                                       125462        0.858%           326680        1.090%
ST_OP_CF                                       2553811       17.458%          5210828       17.388%
ST_OP_MOV                                      1088833        7.443%          2214128        7.388%
ST_OP_CMOV                                        3363        0.023%             6853        0.023%
ST_OP_LDA                                       467356        3.195%           955213        3.187%
ST_OP_ILD                                      1858519       12.705%          3794349       12.661%
ST_OP_IST                                       375239        2.565%           761587        2.541%
ST_OP_IADD                                      515149        3.522%          1048641        3.499%
ST_OP_IMUL                                         140        0.001%              285        0.001%
ST_OP_IDIV                                        1856        0.013%             3730        0.012%
ST_OP_ICMP                                     1413592        9.663%          2887197        9.634%
ST_OP_LOGIC                                     965628        6.601%          1966894        6.563%
ST_OP_SHIFT                                      10013        0.068%            20611        0.069%
ST_OP_FLD                                      2551317       17.441%          5219215       17.416%
ST_OP_FST                                       100187        0.685%           204999        0.684%
ST_OP_FCVT                                       24719        0.169%            51376        0.171%
ST_OP_FADD                                     1223396        8.363%          2506979        8.366%
ST_OP_FMUL                                     1212693        8.290%          2492654        8.318%
ST_OP_FMA                                        81368        0.556%           180769        0.603%
ST_OP_FDIV                                       31677        0.217%            64902        0.217%
ST_OP_FCMP                                       22799        0.156%            47027        0.157%
ST_OP_FCMOV                                          0        0.000%                0        0.000%
ST_OP_GATHER                                         0        0.000%                0        0.000%
ST_OP_SCATTER                                        0        0.000%                0        0.000%
ST_OP_PIPELINED_FAST                                 0        0.000%                0        0.000%
ST_OP_PIPELINED_MEDIUM                            1310        0.009%             2709        0.009%
ST_OP_PIPELINED_SLOW                                 0        0.000%                0        0.000%
ST_OP_NOTPIPELINED_MEDIUM                            0        0.000%                0        0.000%
ST_OP_NOTPIPELINED_SLOW                              0        0.000%                0        0.000%
ST_OP_NOTPIPELINED_VERY_SLOW                         0        0.000%                0        0.000%
                                              14628427      100.000%         29967626      100.000%
                                                  9.50         5.67              9.50         5.68

ST_NOT_CF                                     12074616       82.542%         24756798       82.612%
ST_CF_BR                                        307223        2.100%           627472        2.094%
ST_CF_CBR                                      2183390       14.926%          4454064       14.863%
ST_CF_CALL                                       26466        0.181%            54602        0.182%
ST_CF_IBR                                         4098        0.028%             8367        0.028%
ST_CF_ICALL                                       2679        0.018%             5281        0.018%
ST_CF_ICO                                            0        0.000%                0        0.000%
ST_CF_RET                                        29955        0.205%            61042        0.204%
ST_CF_SYS                                            0        0.000%                0        0.000%
                                              14628427      100.000%         29967626      100.000%
                                                  0.34         0.73              0.34         0.73

ST_BAR_NONE                                   14628427      100.000%         29967626      100.000%
ST_BAR_FETCH                                         0        0.000%                0        0.000%
ST_BAR_ISSUE                                         0        0.000%                0        0.000%
ST_BAR_BOTH                                          0        0.000%                0        0.000%
                                              14628427      100.000%         29967626      100.000%
                                                  0.00         0.00              0.00         0.00

ST_NOT_MEM                                     9743165       66.604%         19987476       66.697%
ST_MEM_LD                                      4409836       30.146%          9013564       30.078%
ST_MEM_ST                                       475426        3.250%           966586        3.225%
ST_MEM_PF                                            0        0.000%                0        0.000%
ST_MEM_WH                                            0        0.000%                0        0.000%
ST_MEM_EVICT                                         0        0.000%                0        0.000%
                                              14628427      100.000%         29967626      100.000%
                                                  0.37         0.46              0.37         0.46

ST_NOT_MEM_OFFPATH                             2958737       65.711%          6767363       66.042%
ST_MEM_LD_OFFPATH                              1425109       31.650%          3207270       31.299%
ST_MEM_ST_OFFPATH                               118812        2.639%           272420        2.659%
ST_MEM_PF_OFFPATH                                    0        0.000%                0        0.000%
ST_MEM_WH_OFFPATH                                    0        0.000%                0        0.000%
ST_MEM_EVIC_OFFPATHT                                 0        0.000%                0        0.000%
                                               4502658      100.000%         10247053      100.000%
                                                  0.37         0.44              0.37         0.44

ST_OP_ONPATH                                  14628427                       29967626              

ST_OP_OFFPATH                                  4502658                       10247053              

ST_FAKE_OP_OFFPATH                               27633        0.614%           173530        1.693%
ST_NOT_FAKE_OP_OFFPATH                         4475025       99.386%         10073523       98.307%
                                               4502658      100.000%         10247053      100.000%
                                                  0.99         0.99              0.98         0.97

ST_FAKE_REASON_NOT_FAKE                        4475025       99.386%         10073523       98.307%
ST_FAKE_REASON_REDIRECT_TO_NOT_INSTRUMENTED         27633        0.614%           173530        1.693%
ST_FAKE_REASON_RETURN_TO_NOT_INSTRUMENTED             0        0.000%                0        0.000%
ST_FAKE_REASON_NONRET_CF_TO_NOT_INSTRUMENTED             0        0.000%                0        0.000%
ST_FAKE_REASON_NOT_TAKEN_TO_NOT_INSTRUMENTED             0        0.000%                0        0.000%
ST_FAKE_REASON_WRONG_PATH_STORE_TO_NEW_REGION             0        0.000%                0        0.000%
                                               4502658      100.000%         10247053      100.000%
                                                  0.01         0.08              0.02         0.13

ST_INST_ONPATH                                14013729                       28699327              

ST_INST_OFFPATH                                4290337                        9762630              

STATIC_PIN_NOP                                       0                              0              

DYNAMIC_PIN_REP_GREATER_256                          0                              0              

INST_MAP_UPDATE_JITTED                          549871       29.224%          1111377       29.437%
INST_MAP_UPDATE_NPC_INV                              0        0.000%                0        0.000%
INST_MAP_UPDATE_NPC_NOP                              0        0.000%                0        0.000%
INST_MAP_UPDATE_NPC_CF                               0        0.000%                0        0.000%
INST_MAP_UPDATE_NPC_MOV                              0        0.000%                0        0.000%
INST_MAP_UPDATE_NPC_CMOV                             0        0.000%                0        0.000%
INST_MAP_UPDATE_NPC_LDA                              0        0.000%                0        0.000%
INST_MAP_UPDATE_NPC_IMEM                             0        0.000%                0        0.000%
INST_MAP_UPDATE_NPC_IADD                             0        0.000%                0        0.000%
INST_MAP_UPDATE_NPC_IMUL                          1092        0.058%             2178        0.058%
INST_MAP_UPDATE_NPC_IDIV                             0        0.000%                0        0.000%
INST_MAP_UPDATE_NPC_ICMP                             0        0.000%                0        0.000%
INST_MAP_UPDATE_NPC_LOGIC                            0        0.000%                0        0.000%
INST_MAP_UPDATE_NPC_SHIFT                            0        0.000%                0        0.000%
INST_MAP_UPDATE_NPC_FMEM                             0        0.000%                0        0.000%
INST_MAP_UPDATE_NPC_FCVT                             0        0.000%                0        0.000%
INST_MAP_UPDATE_NPC_FADD                             0        0.000%                0        0.000%
INST_MAP_UPDATE_NPC_FMUL                             0        0.000%                0        0.000%
INST_MAP_UPDATE_NPC_FMA                              0        0.000%                0        0.000%
INST_MAP_UPDATE_NPC_FDIV                             0        0.000%                0        0.000%
INST_MAP_UPDATE_NPC_FCMP                             0        0.000%                0        0.000%
INST_MAP_UPDATE_NPC_FCMOV                            0        0.000%                0        0.000%
INST_MAP_UPDATE_NPC_GATHER                           0        0.000%                0        0.000%
INST_MAP_UPDATE_NPC_SCATTER                          0        0.000%                0        0.000%
INST_MAP_UPDATE_NPC_PIPELINED_FAST                   0        0.000%                0        0.000%
INST_MAP_UPDATE_NPC_PIPELINED_MEDIUM                 0        0.000%                0        0.000%
INST_MAP_UPDATE_NPC_PIPELINED_SLOW                   0        0.000%                0        0.000%
INST_MAP_UPDATE_NPC_NOTPIPELINED_MEDIUM              0        0.000%                0        0.000%
INST_MAP_UPDATE_NPC_NOTPIPELINED_SLOW                0        0.000%                0        0.000%
INST_MAP_UPDATE_NPC_NOTPIPELINED_VERY_SLOW             0        0.000%                0        0.000%
INST_MAP_UPDATE_MEM_INV                              0        0.000%                0        0.000%
INST_MAP_UPDATE_MEM_NOP                              0        0.000%                0        0.000%
INST_MAP_UPDATE_MEM_CF                               0        0.000%                0        0.000%
INST_MAP_UPDATE_MEM_MOV                        1223907       65.047%          2445087       64.763%
INST_MAP_UPDATE_MEM_CMOV                             0        0.000%                0        0.000%
INST_MAP_UPDATE_MEM_LDA                              0        0.000%                0        0.000%
INST_MAP_UPDATE_MEM_IMEM                             0        0.000%                0        0.000%
INST_MAP_UPDATE_MEM_IADD                             0        0.000%                0        0.000%
INST_MAP_UPDATE_MEM_IMUL                         55846        2.968%           110409        2.924%
INST_MAP_UPDATE_MEM_IDIV                             0        0.000%                0        0.000%
INST_MAP_UPDATE_MEM_ICMP                             0        0.000%                0        0.000%
INST_MAP_UPDATE_MEM_LOGIC                         5289        0.281%            11319        0.300%
INST_MAP_UPDATE_MEM_SHIFT                         3100        0.165%             6605        0.175%
INST_MAP_UPDATE_MEM_FMEM                             0        0.000%                0        0.000%
INST_MAP_UPDATE_MEM_FCVT                             0        0.000%                0        0.000%
INST_MAP_UPDATE_MEM_FADD                             0        0.000%                0        0.000%
INST_MAP_UPDATE_MEM_FMUL                            14        0.001%               26        0.001%
INST_MAP_UPDATE_MEM_FMA                          31377        1.668%            66308        1.756%
INST_MAP_UPDATE_MEM_FDIV                         10791        0.574%            21571        0.571%
INST_MAP_UPDATE_MEM_FCMP                             0        0.000%                0        0.000%
INST_MAP_UPDATE_MEM_FCMOV                           84        0.004%              159        0.004%
INST_MAP_UPDATE_MEM_GATHER                           0        0.000%                4        0.000%
INST_MAP_UPDATE_MEM_SCATTER                          0        0.000%                0        0.000%
INST_MAP_UPDATE_MEM_PIPELINED_FAST                   0        0.000%                0        0.000%
INST_MAP_UPDATE_MEM_PIPELINED_MEDIUM                 0        0.000%                0        0.000%
INST_MAP_UPDATE_MEM_PIPELINED_SLOW                 210        0.011%              401        0.011%
INST_MAP_UPDATE_MEM_NOTPIPELINED_MEDIUM              0        0.000%                0        0.000%
INST_MAP_UPDATE_MEM_NOTPIPELINED_SLOW                0        0.000%                0        0.000%
INST_MAP_UPDATE_MEM_NOTPIPELINED_VERY_SLOW             0        0.000%                0        0.000%
                                               1881581      100.000%          3775444      100.000%
                                                 23.85         8.62             23.79         8.68



