/* -*- Mode: c -*- */
####################################################################################################
Core 0
####################################################################################################
Cumulative:        Cycles: 4862436               Instructions: 20000000              IPC: 4.11316

Periodic:          Cycles: 2399916               Instructions: 9999998               IPC: 4.16681

ST_OP_INV                                            0        0.000%                0        0.000%
ST_OP_NOP                                         6708        0.067%            17479        0.087%
ST_OP_CF                                       1260208       12.571%          2520995       12.569%
ST_OP_MOV                                       426734        4.257%           853733        4.257%
ST_OP_CMOV                                           0        0.000%                0        0.000%
ST_OP_LDA                                          268        0.003%              515        0.003%
ST_OP_ILD                                      1675553       16.714%          3351582       16.710%
ST_OP_IST                                         1196        0.012%             2350        0.012%
ST_OP_IADD                                      432996        4.319%           866220        4.319%
ST_OP_IMUL                                         137        0.001%              262        0.001%
ST_OP_IDIV                                           0        0.000%                0        0.000%
ST_OP_ICMP                                      427357        4.263%           855083        4.263%
ST_OP_LOGIC                                      15177        0.151%            30361        0.151%
ST_OP_SHIFT                                        131        0.001%              253        0.001%
ST_OP_FLD                                       412945        4.119%           826114        4.119%
ST_OP_FST                                            0        0.000%                0        0.000%
ST_OP_FCVT                                     1651421       16.474%          3303254       16.470%
ST_OP_FADD                                     1650659       16.466%          3301760       16.462%
ST_OP_FMUL                                     1650500       16.464%          3301449       16.461%
ST_OP_FMA                                            0        0.000%                0        0.000%
ST_OP_FDIV                                           0        0.000%                0        0.000%
ST_OP_FCMP                                      412626        4.116%           825359        4.115%
ST_OP_FCMOV                                          0        0.000%                0        0.000%
ST_OP_GATHER                                         0        0.000%                0        0.000%
ST_OP_SCATTER                                        0        0.000%                0        0.000%
ST_OP_PIPELINED_FAST                                 0        0.000%                0        0.000%
ST_OP_PIPELINED_MEDIUM                               0        0.000%                0        0.000%
ST_OP_PIPELINED_SLOW                                 0        0.000%                0        0.000%
ST_OP_NOTPIPELINED_MEDIUM                            0        0.000%                0        0.000%
ST_OP_NOTPIPELINED_SLOW                              0        0.000%                0        0.000%
ST_OP_NOTPIPELINED_VERY_SLOW                         0        0.000%                0        0.000%
                                              10024616      100.000%         20056769      100.000%
                                                 12.06         6.25             12.05         6.25

ST_NOT_CF                                      8764408       87.429%         17535774       87.431%
ST_CF_BR                                             0        0.000%                0        0.000%
ST_CF_CBR                                      1260208       12.571%          2520995       12.569%
ST_CF_CALL                                           0        0.000%                0        0.000%
ST_CF_IBR                                            0        0.000%                0        0.000%
ST_CF_ICALL                                          0        0.000%                0        0.000%
ST_CF_ICO                                            0        0.000%                0        0.000%
ST_CF_RET                                            0        0.000%                0        0.000%
ST_CF_SYS                                            0        0.000%                0        0.000%
                                              10024616      100.000%         20056769      100.000%
                                                  0.25         0.62              0.25         0.62

ST_BAR_NONE                                   10024616      100.000%         20056769      100.000%
ST_BAR_FETCH                                         0        0.000%                0        0.000%
ST_BAR_ISSUE                                         0        0.000%                0        0.000%
ST_BAR_BOTH                                          0        0.000%                0        0.000%
                                              10024616      100.000%         20056769      100.000%
                                                  0.00         0.00              0.00         0.00

ST_NOT_MEM                                     7934922       79.154%         15876723       79.159%
ST_MEM_LD                                      2088498       20.834%          4177696       20.829%
ST_MEM_ST                                         1196        0.012%             2350        0.012%
ST_MEM_PF                                            0        0.000%                0        0.000%
ST_MEM_WH                                            0        0.000%                0        0.000%
ST_MEM_EVICT                                         0        0.000%                0        0.000%
                                              10024616      100.000%         20056769      100.000%
                                                  0.21         0.36              0.21         0.36

ST_NOT_MEM_OFFPATH                                5424       64.296%            18469       75.752%
ST_MEM_LD_OFFPATH                                 2482       29.422%             4980       20.426%
ST_MEM_ST_OFFPATH                                  530        6.283%              932        3.823%
ST_MEM_PF_OFFPATH                                    0        0.000%                0        0.000%
ST_MEM_WH_OFFPATH                                    0        0.000%                0        0.000%
ST_MEM_EVIC_OFFPATHT                                 0        0.000%                0        0.000%
                                                  8436      100.000%            24381      100.000%
                                                  0.42         0.51              0.28         0.47

ST_OP_ONPATH                                  10024616                       20056769              

ST_OP_OFFPATH                                     8436                          24381              

ST_FAKE_OP_OFFPATH                                   0        0.000%             6867       28.165%
ST_NOT_FAKE_OP_OFFPATH                            8436      100.000%            17514       71.835%
                                                  8436      100.000%            24381      100.000%
                                                  1.00         1.00              0.72         0.65

ST_FAKE_REASON_NOT_FAKE                           8436      100.000%            17514       71.835%
ST_FAKE_REASON_REDIRECT_TO_NOT_INSTRUMENTED             0        0.000%             6867       28.165%
ST_FAKE_REASON_RETURN_TO_NOT_INSTRUMENTED             0        0.000%                0        0.000%
ST_FAKE_REASON_NONRET_CF_TO_NOT_INSTRUMENTED             0        0.000%                0        0.000%
ST_FAKE_REASON_NOT_TAKEN_TO_NOT_INSTRUMENTED             0        0.000%                0        0.000%
ST_FAKE_REASON_WRONG_PATH_STORE_TO_NEW_REGION             0        0.000%                0        0.000%
                                                  8436      100.000%            24381      100.000%
                                                  0.00         0.00              0.28         0.38

ST_INST_ONPATH                                10002979                       20013226              

ST_INST_OFFPATH                                   7485                          22518              

STATIC_PIN_NOP                                       0                              0              

DYNAMIC_PIN_REP_GREATER_256                          0                              0              

INST_MAP_UPDATE_JITTED                           26664        1.275%            53310        1.274%
INST_MAP_UPDATE_NPC_INV                              0        0.000%                0        0.000%
INST_MAP_UPDATE_NPC_NOP                              0        0.000%                0        0.000%
INST_MAP_UPDATE_NPC_CF                               0        0.000%                0        0.000%
INST_MAP_UPDATE_NPC_MOV                              0        0.000%                0        0.000%
INST_MAP_UPDATE_NPC_CMOV                             0        0.000%                0        0.000%
INST_MAP_UPDATE_NPC_LDA                              0        0.000%                0        0.000%
INST_MAP_UPDATE_NPC_IMEM                             0        0.000%                0        0.000%
INST_MAP_UPDATE_NPC_IADD                             0        0.000%                0        0.000%
INST_MAP_UPDATE_NPC_IMUL                             0        0.000%                0        0.000%
INST_MAP_UPDATE_NPC_IDIV                             0        0.000%                0        0.000%
INST_MAP_UPDATE_NPC_ICMP                             0        0.000%                0        0.000%
INST_MAP_UPDATE_NPC_LOGIC                            0        0.000%                0        0.000%
INST_MAP_UPDATE_NPC_SHIFT                            0        0.000%                0        0.000%
INST_MAP_UPDATE_NPC_FMEM                             0        0.000%                0        0.000%
INST_MAP_UPDATE_NPC_FCVT                             0        0.000%                0        0.000%
INST_MAP_UPDATE_NPC_FADD                             0        0.000%                0        0.000%
INST_MAP_UPDATE_NPC_FMUL                             0        0.000%                0        0.000%
INST_MAP_UPDATE_NPC_FMA                              0        0.000%                0        0.000%
INST_MAP_UPDATE_NPC_FDIV                             0        0.000%                0        0.000%
INST_MAP_UPDATE_NPC_FCMP                             0        0.000%                0        0.000%
INST_MAP_UPDATE_NPC_FCMOV                            0        0.000%                0        0.000%
INST_MAP_UPDATE_NPC_GATHER                           0        0.000%                0        0.000%
INST_MAP_UPDATE_NPC_SCATTER                          0        0.000%                0        0.000%
INST_MAP_UPDATE_NPC_PIPELINED_FAST                   0        0.000%                0        0.000%
INST_MAP_UPDATE_NPC_PIPELINED_MEDIUM                 0        0.000%                0        0.000%
INST_MAP_UPDATE_NPC_PIPELINED_SLOW                   0        0.000%                0        0.000%
INST_MAP_UPDATE_NPC_NOTPIPELINED_MEDIUM              0        0.000%                0        0.000%
INST_MAP_UPDATE_NPC_NOTPIPELINED_SLOW                0        0.000%                0        0.000%
INST_MAP_UPDATE_NPC_NOTPIPELINED_VERY_SLOW             0        0.000%                0        0.000%
INST_MAP_UPDATE_MEM_INV                              0        0.000%                0        0.000%
INST_MAP_UPDATE_MEM_NOP                              0        0.000%                0        0.000%
INST_MAP_UPDATE_MEM_CF                               0        0.000%                0        0.000%
INST_MAP_UPDATE_MEM_MOV                        2064313       98.707%          4128839       98.707%
INST_MAP_UPDATE_MEM_CMOV                             0        0.000%                0        0.000%
INST_MAP_UPDATE_MEM_LDA                              0        0.000%                0        0.000%
INST_MAP_UPDATE_MEM_IMEM                             0        0.000%                0        0.000%
INST_MAP_UPDATE_MEM_IADD                             0        0.000%                0        0.000%
INST_MAP_UPDATE_MEM_IMUL                             0        0.000%                0        0.000%
INST_MAP_UPDATE_MEM_IDIV                             0        0.000%                0        0.000%
INST_MAP_UPDATE_MEM_ICMP                             0        0.000%                0        0.000%
INST_MAP_UPDATE_MEM_LOGIC                          371        0.018%              762        0.018%
INST_MAP_UPDATE_MEM_SHIFT                            0        0.000%                0        0.000%
INST_MAP_UPDATE_MEM_FMEM                             0        0.000%                0        0.000%
INST_MAP_UPDATE_MEM_FCVT                             0        0.000%                0        0.000%
INST_MAP_UPDATE_MEM_FADD                             0        0.000%                0        0.000%
INST_MAP_UPDATE_MEM_FMUL                             0        0.000%                0        0.000%
INST_MAP_UPDATE_MEM_FMA                              0        0.000%                0        0.000%
INST_MAP_UPDATE_MEM_FDIV                             0        0.000%                0        0.000%
INST_MAP_UPDATE_MEM_FCMP                             0        0.000%                0        0.000%
INST_MAP_UPDATE_MEM_FCMOV                            0        0.000%                0        0.000%
INST_MAP_UPDATE_MEM_GATHER                           0        0.000%                0        0.000%
INST_MAP_UPDATE_MEM_SCATTER                          0        0.000%                0        0.000%
INST_MAP_UPDATE_MEM_PIPELINED_FAST                   0        0.000%                0        0.000%
INST_MAP_UPDATE_MEM_PIPELINED_MEDIUM                 0        0.000%                0        0.000%
INST_MAP_UPDATE_MEM_PIPELINED_SLOW                   0        0.000%                0        0.000%
INST_MAP_UPDATE_MEM_NOTPIPELINED_MEDIUM              0        0.000%                0        0.000%
INST_MAP_UPDATE_MEM_NOTPIPELINED_SLOW                0        0.000%                0        0.000%
INST_MAP_UPDATE_MEM_NOTPIPELINED_VERY_SLOW             0        0.000%                0        0.000%
                                               2091348      100.000%          4182911      100.000%
                                                 32.58         0.43             32.58         0.43



