/* -*- Mode: c -*- */
####################################################################################################
Core 0
####################################################################################################
Cumulative:        Cycles: 8744888               Instructions: 20000000              IPC: 2.28705

Periodic:          Cycles: 4280647               Instructions: 9999999               IPC: 2.33610

EXECUTION_TIME                           1337702187500                  2732777500000              

NODE_CYCLE                                     4280647                        8744888              

NODE_INST_COUNT                                9999999                       20000000              

NODE_INST_COUNT_FETCHED                        9999999                       20000000              

NODE_UOP_COUNT                                12112394                       24244625              

FULL_WINDOW_STALL                               317106        7.408%           710509        8.125%

FULL_WINDOW_MEM_OP                              306405       99.971%           685940       99.953%
FULL_WINDOW_FP_OP                                    0        0.000%                0        0.000%
FULL_WINDOW_OTHER_OP                                90        0.029%              321        0.047%
                                                306495      100.000%           686261      100.000%
                                                  0.00         0.03              0.00         0.04

RET_BLOCKED_DC_MISS                             571965       13.362%          1249470       14.288%

RET_BLOCKED_L1_MISS                             351519        8.212%           783463        8.959%

RET_BLOCKED_L1_MISS_BW_PREF                          0        0.000%                0        0.000%

RET_BLOCKED_L1_ACCESS                           220775        5.158%           467108        5.341%

RET_BLOCKED_MEM_STALL                           351519        8.212%           783463        8.959%

RET_BLOCKED_OFFCHIP_DEMAND                           0        0.000%                0        0.000%

OP_ISSUED                                     15220816                       30659565              

OP_RETIRED                                    12112394                       24244625              

REPLAY_SIGNALED                                      0                              0              

REPLAY_COUNTED                                       0                              0              

OFF_CRITICAL_PATH                                    0         -nan%                0         -nan%
ON_CRITICAL_PATH                                     0         -nan%                0         -nan%
                                                     0         -nan%                0         -nan%
                                                  -nan         -nan              -nan         -nan

LD_NO_DEPENDENTS                                118523        4.748%           240134        4.806%
LD_DEPENDENTS                                  2377817       95.252%          4756865       95.194%
                                               2496340      100.000%          4996999      100.000%
                                                  0.95         0.93              0.95         0.93

LD_EXEC_CYCLES_0                                     0        0.000%                0        0.000%
LD_EXEC_CYCLES_1                                     0        0.000%                0        0.000%
LD_EXEC_CYCLES_2                                     0        0.000%                0        0.000%
LD_EXEC_CYCLES_3                                    96       45.283%              212       43.532%
LD_EXEC_CYCLES_4                                   116       54.717%              275       56.468%
                                                   212      100.000%              487      100.000%
                                                  3.55         2.68              3.56         2.73

ICACHE_STAGE_STARVED                             22622        0.845%            67301        1.252%
ICACHE_STAGE_NOT_STARVED                       2655037       99.155%          5308516       98.748%
                                               2677659      100.000%          5375817      100.000%
                                                  0.99         0.99              0.99         0.98

ICACHE_STAGE_STALLED                            122058        2.851%           286015        3.271%
ICACHE_STAGE_NOT_STALLED                       2666733       62.297%          5342995       61.098%
ICACHE_STAGE_OFF_PATH                          1491856       34.851%          3115878       35.631%
                                               4280647      100.000%          8744888      100.000%
                                                  1.32         0.91              1.32         0.92

DECODE_STAGE_STARVED                           2026844       62.738%          4034886       61.802%
DECODE_STAGE_NOT_STARVED                       1203789       37.262%          2493878       38.198%
                                               3230633      100.000%          6528764      100.000%
                                                  0.37         0.45              0.38         0.45

DECODE_STAGE_STALLED                             98979        2.312%           235912        2.698%
DECODE_STAGE_NOT_STALLED                       3131654       73.158%          6292852       71.960%
DECODE_STAGE_OFF_PATH                          1050014       24.529%          2216124       25.342%
                                               4280647      100.000%          8744888      100.000%
                                                  1.22         0.74              1.23         0.75

UOPQ_STAGE_STARVED                             1778576       56.714%          3676683       57.889%
UOPQ_STAGE_NOT_STARVED                         1357462       43.286%          2674566       42.111%
                                               3136038      100.000%          6351249      100.000%
                                                  0.43         0.47              0.42         0.46

UOPQ_STAGE_STALLED                               82601        1.930%           188873        2.160%
UOPQ_STAGE_NOT_STALLED                         3136038       73.261%          6351249       72.628%
UOPQ_STAGE_OFF_PATH                            1062008       24.810%          2204766       25.212%
                                               4280647      100.000%          8744888      100.000%
                                                  1.23         0.75              1.23         0.75

MAP_STAGE_STARVED                               345257       10.703%           734041       11.222%
MAP_STAGE_NOT_STARVED                          2880530       89.297%          5806819       88.778%
                                               3225787      100.000%          6540860      100.000%
                                                  0.89         0.85              0.89         0.84

MAP_STAGE_STALLED                               154658        3.613%           350692        4.010%
MAP_STAGE_NOT_STALLED                          3071129       71.745%          6190168       70.786%
MAP_STAGE_OFF_PATH                             1054860       24.643%          2204028       25.204%
                                               4280647      100.000%          8744888      100.000%
                                                  1.21         0.74              1.21         0.75

EXEC_STAGE_STARVED                             3134339       73.221%          6382282       72.983%
EXEC_STAGE_NOT_STARVED                          425147        9.932%           856038        9.789%
EXEC_STAGE_OFF_PATH                             721161       16.847%          1506568       17.228%
                                               4280647      100.000%          8744888      100.000%
                                                  0.44         0.69              0.44         0.69

FU_BUSY_0                                      3318419                        6687259              

FU_BUSY_1                                      2613045                        5249832              

FU_BUSY_2                                      1608596                        3237666              

FU_BUSY_3                                      1298783                        2617385              

FU_BUSY_4                                      1758482                        3524282              

FU_BUSY_5                                      1913835                        3838832              

FU_BUSY_6                                       794385                        1597236              

FU_BUSY_7                                       843509                        1705282              

FU_BUSY_8                                            0                              0              

FU_BUSY_9                                            0                              0              

FU_BUSY_10                                           0                              0              

FU_BUSY_11                                           0                              0              

FU_BUSY_12                                           0                              0              

FU_BUSY_13                                           0                              0              

FU_BUSY_14                                           0                              0              

FU_BUSY_15                                           0                              0              

FU_BUSY_16                                           0                              0              

FU_BUSY_17                                           0                              0              

FU_BUSY_18                                           0                              0              

FU_BUSY_19                                           0                              0              

FU_BUSY_20                                           0                              0              

FU_BUSY_21                                           0                              0              

FU_BUSY_22                                           0                              0              

FU_BUSY_23                                           0                              0              

FU_BUSY_24                                           0                              0              

FU_BUSY_25                                           0                              0              

FU_BUSY_26                                           0                              0              

FU_BUSY_27                                           0                              0              

FU_BUSY_28                                           0                              0              

FU_BUSY_29                                           0                              0              

FU_BUSY_30                                           0                              0              

FU_BUSY_31                                           0                              0              

FU_REJECTED_OP_INV_NOT_SIMD                          0        0.000%                0        0.000%
FU_REJECTED_OP_NOP_NOT_SIMD                        651        0.278%             1410        0.295%
FU_REJECTED_OP_CF_NOT_SIMD                         899        0.383%             1928        0.403%
FU_REJECTED_OP_MOV_NOT_SIMD                       7997        3.411%            17115        3.581%
FU_REJECTED_OP_CMOV_NOT_SIMD                       933        0.398%             2205        0.461%
FU_REJECTED_OP_LDA_NOT_SIMD                       2680        1.143%             5613        1.174%
FU_REJECTED_OP_IMEM_NOT_SIMD                       511        0.218%             1051        0.220%
FU_REJECTED_OP_IADD_NOT_SIMD                    172367       73.519%           346303       72.457%
FU_REJECTED_OP_IMUL_NOT_SIMD                     22218        9.477%            47939       10.030%
FU_REJECTED_OP_IDIV_NOT_SIMD                       168        0.072%              311        0.065%
FU_REJECTED_OP_ICMP_NOT_SIMD                      1934        0.825%             3899        0.816%
FU_REJECTED_OP_LOGIC_NOT_SIMD                     8755        3.734%            18684        3.909%
FU_REJECTED_OP_SHIFT_NOT_SIMD                    10241        4.368%            21249        4.446%
FU_REJECTED_OP_FMEM_NOT_SIMD                      1058        0.451%             2068        0.433%
FU_REJECTED_OP_FCVT_NOT_SIMD                         0        0.000%                0        0.000%
FU_REJECTED_OP_FADD_NOT_SIMD                         0        0.000%                0        0.000%
FU_REJECTED_OP_FMUL_NOT_SIMD                         0        0.000%                0        0.000%
FU_REJECTED_OP_FMA_NOT_SIMD                          0        0.000%                0        0.000%
FU_REJECTED_OP_FDIV_NOT_SIMD                         0        0.000%                0        0.000%
FU_REJECTED_OP_FCMP_NOT_SIMD                         0        0.000%                0        0.000%
FU_REJECTED_OP_FCMOV_NOT_SIMD                        0        0.000%                0        0.000%
FU_REJECTED_OP_GATHER_NOT_SIMD                       0        0.000%                0        0.000%
FU_REJECTED_OP_SCATTER_NOT_SIMD                      0        0.000%                0        0.000%
FU_REJECTED_OP_PIPELINED_FAST_NOT_SIMD               0        0.000%                0        0.000%
FU_REJECTED_OP_PIPELINED_MEDIUM_NOT_SIMD             0        0.000%                0        0.000%
FU_REJECTED_OP_PIPELINED_SLOW_NOT_SIMD               0        0.000%                0        0.000%
FU_REJECTED_OP_NOTPIPELINED_MEDIUM_NOT_SIMD             9        0.004%               18        0.004%
FU_REJECTED_OP_NOTPIPELINED_SLOW_NOT_SIMD             0        0.000%                0        0.000%
FU_REJECTED_OP_NOTPIPELINED_VERY_SLOW_NOT_SIMD             0        0.000%                0        0.000%
FU_REJECTED_OP_INV_SIMD                              0        0.000%                0        0.000%
FU_REJECTED_OP_NOP_SIMD                              0        0.000%                0        0.000%
FU_REJECTED_OP_CF_SIMD                               0        0.000%                0        0.000%
FU_REJECTED_OP_MOV_SIMD                              0        0.000%                0        0.000%
FU_REJECTED_OP_CMOV_SIMD                             0        0.000%                0        0.000%
FU_REJECTED_OP_LDA_SIMD                              0        0.000%                0        0.000%
FU_REJECTED_OP_IMEM_SIMD                             0        0.000%                0        0.000%
FU_REJECTED_OP_IADD_SIMD                             0        0.000%                0        0.000%
FU_REJECTED_OP_IMUL_SIMD                             0        0.000%                0        0.000%
FU_REJECTED_OP_IDIV_SIMD                             0        0.000%                0        0.000%
FU_REJECTED_OP_ICMP_SIMD                             0        0.000%                0        0.000%
FU_REJECTED_OP_LOGIC_SIMD                            0        0.000%                0        0.000%
FU_REJECTED_OP_SHIFT_SIMD                            0        0.000%                0        0.000%
FU_REJECTED_OP_FMEM_SIMD                             0        0.000%                0        0.000%
FU_REJECTED_OP_FCVT_SIMD                             0        0.000%                0        0.000%
FU_REJECTED_OP_FADD_SIMD                          4031        1.719%             8150        1.705%
FU_REJECTED_OP_FMUL_SIMD                             0        0.000%                0        0.000%
FU_REJECTED_OP_FMA_SIMD                              0        0.000%                0        0.000%
FU_REJECTED_OP_FDIV_SIMD                             0        0.000%                0        0.000%
FU_REJECTED_OP_FCMP_SIMD                             0        0.000%                0        0.000%
FU_REJECTED_OP_FCMOV_SIMD                            0        0.000%                0        0.000%
FU_REJECTED_OP_GATHER_SIMD                           0        0.000%                0        0.000%
FU_REJECTED_OP_SCATTER_SIMD                          0        0.000%                0        0.000%
FU_REJECTED_OP_PIPELINED_FAST_SIMD                   0        0.000%                0        0.000%
FU_REJECTED_OP_PIPELINED_MEDIUM_SIMD                 0        0.000%                0        0.000%
FU_REJECTED_OP_PIPELINED_SLOW_SIMD                   0        0.000%                0        0.000%
FU_REJECTED_OP_NOTPIPELINED_MEDIUM_SIMD              0        0.000%                0        0.000%
FU_REJECTED_OP_NOTPIPELINED_SLOW_SIMD                0        0.000%                0        0.000%
FU_REJECTED_OP_NOTPIPELINED_VERY_SLOW_SIMD             0        0.000%                0        0.000%
                                                234452      100.000%           477943      100.000%
                                                  7.94         5.05              7.94         5.04

OP_WAIT_0                                      7863151                       15735259              

OP_WAIT_1                                      2627483                        5262492              

OP_WAIT_2                                       713265                        1420118              

OP_WAIT_3                                       353110                         702909              

OP_WAIT_4                                       202976                         406131              

OP_WAIT_5                                       118886                         240055              

OP_WAIT_6                                        84903                         172783              

OP_WAIT_7                                        48050                          97717              

OP_WAIT_8                                        29057                          58981              

OP_WAIT_9                                        18882                          39292              

OP_WAIT_10                                       11994                          24587              

OP_WAIT_11                                        7485                          15371              

OP_WAIT_12                                        5780                          11698              

OP_WAIT_13                                        4457                           8988              

OP_WAIT_14                                        2791                           5697              

OP_WAIT_15                                        2228                           4650              

OP_WAIT_16                                        1910                           3756              

OP_WAIT_17                                        1581                           2980              

OP_WAIT_18                                        1061                           2284              

OP_WAIT_19                                        1033                           2241              

OP_WAIT_20                                         858                           2000              

OP_WAIT_21                                         962                           1960              

OP_WAIT_22                                         757                           1639              

OP_WAIT_23                                         769                           1666              

OP_WAIT_24                                         726                           1496              

OP_WAIT_25                                         790                           1590              

OP_WAIT_26                                         697                           1465              

OP_WAIT_27                                         839                           1655              

OP_WAIT_28                                         822                           1607              

OP_WAIT_29                                         572                           1161              

OP_WAIT_30                                         449                            982              

OP_WAIT_31                                        4070                           9415              

ROW_SIZE_0                                     1418774                        2982671              

ROW_SIZE_1                                      401127                         804586              

ROW_SIZE_2                                      197738                         402813              

ROW_SIZE_3                                      158674                         317255              

ROW_SIZE_4                                      108391                         216805              

ROW_SIZE_5                                      138609                         269838              

ROW_SIZE_6                                     1618860                        3244373              

ROW_SIZE_7                                           0                              0              

ROW_SIZE_8                                           0                              0              

ROW_SIZE_9                                           0                              0              

ROW_SIZE_10                                          0                              0              

ROW_SIZE_11                                          0                              0              

ROW_SIZE_12                                          0                              0              

ROW_SIZE_13                                          0                              0              

ROW_SIZE_14                                          0                              0              

ROW_SIZE_15                                          0                              0              

ROW_SIZE_16                                          0                              0              

ROW_SIZE_17                                          0                              0              

ROW_SIZE_18                                          0                              0              

ROW_SIZE_19                                          0                              0              

ROW_SIZE_20                                          0                              0              

ROW_SIZE_21                                          0                              0              

ROW_SIZE_22                                          0                              0              

ROW_SIZE_23                                          0                              0              

ROW_SIZE_24                                          0                              0              

ROW_SIZE_25                                          0                              0              

ROW_SIZE_26                                          0                              0              

ROW_SIZE_27                                          0                              0              

ROW_SIZE_28                                          0                              0              

ROW_SIZE_29                                          0                              0              

ROW_SIZE_30                                          0                              0              

ROW_SIZE_31                                          0                              0              

RET_OP_EXEC_COUNT_0                                  0        0.000%                0        0.000%
RET_OP_EXEC_COUNT_1                           12112394      100.000%         24244625      100.000%
RET_OP_EXEC_COUNT_2                                  0        0.000%                0        0.000%
RET_OP_EXEC_COUNT_3                                  0        0.000%                0        0.000%
RET_OP_EXEC_COUNT_4                                  0        0.000%                0        0.000%
RET_OP_EXEC_COUNT_5                                  0        0.000%                0        0.000%
RET_OP_EXEC_COUNT_6                                  0        0.000%                0        0.000%
RET_OP_EXEC_COUNT_7                                  0        0.000%                0        0.000%
RET_OP_EXEC_COUNT_8                                  0        0.000%                0        0.000%
RET_OP_EXEC_COUNT_9                                  0        0.000%                0        0.000%
RET_OP_EXEC_COUNT_10                                 0        0.000%                0        0.000%
RET_OP_EXEC_COUNT_11                                 0        0.000%                0        0.000%
RET_OP_EXEC_COUNT_12                                 0        0.000%                0        0.000%
RET_OP_EXEC_COUNT_13                                 0        0.000%                0        0.000%
RET_OP_EXEC_COUNT_14                                 0        0.000%                0        0.000%
RET_OP_EXEC_COUNT_15                                 0        0.000%                0        0.000%
RET_OP_EXEC_COUNT_16                                 0        0.000%                0        0.000%
RET_OP_EXEC_COUNT_17                                 0        0.000%                0        0.000%
RET_OP_EXEC_COUNT_18                                 0        0.000%                0        0.000%
RET_OP_EXEC_COUNT_19                                 0        0.000%                0        0.000%
RET_OP_EXEC_COUNT_20                                 0        0.000%                0        0.000%
RET_OP_EXEC_COUNT_21                                 0        0.000%                0        0.000%
RET_OP_EXEC_COUNT_22                                 0        0.000%                0        0.000%
RET_OP_EXEC_COUNT_23                                 0        0.000%                0        0.000%
RET_OP_EXEC_COUNT_24                                 0        0.000%                0        0.000%
RET_OP_EXEC_COUNT_25                                 0        0.000%                0        0.000%
RET_OP_EXEC_COUNT_26                                 0        0.000%                0        0.000%
RET_OP_EXEC_COUNT_27                                 0        0.000%                0        0.000%
RET_OP_EXEC_COUNT_28                                 0        0.000%                0        0.000%
RET_OP_EXEC_COUNT_29                                 0        0.000%                0        0.000%
RET_OP_EXEC_COUNT_30                                 0        0.000%                0        0.000%
RET_OP_EXEC_COUNT_31                                 0        0.000%                0        0.000%
RET_OP_EXEC_COUNT_32                                 0        0.000%                0        0.000%
                                              12112394      100.000%         24244625      100.000%
                                                  1.00         0.00              1.00         0.00

RET_STALL_LENGTH_0                            12109968       99.980%         24239184       99.978%
RET_STALL_LENGTH_100                              2251        0.019%             5052        0.021%
RET_STALL_LENGTH_200                                74        0.001%              181        0.001%
RET_STALL_LENGTH_300                                 5        0.000%               12        0.000%
RET_STALL_LENGTH_400                                10        0.000%               17        0.000%
RET_STALL_LENGTH_500                                 7        0.000%               11        0.000%
RET_STALL_LENGTH_600                                 8        0.000%               15        0.000%
RET_STALL_LENGTH_700                                18        0.000%               30        0.000%
RET_STALL_LENGTH_800                                 7        0.000%               17        0.000%
RET_STALL_LENGTH_900                                10        0.000%               23        0.000%
RET_STALL_LENGTH_1000                                8        0.000%               24        0.000%
RET_STALL_LENGTH_1100                               10        0.000%               21        0.000%
RET_STALL_LENGTH_1200                               15        0.000%               31        0.000%
RET_STALL_LENGTH_1300                                3        0.000%                7        0.000%
RET_STALL_LENGTH_1400                                0        0.000%                0        0.000%
RET_STALL_LENGTH_1500                                0        0.000%                0        0.000%
RET_STALL_LENGTH_1600                                0        0.000%                0        0.000%
RET_STALL_LENGTH_1700                                0        0.000%                0        0.000%
RET_STALL_LENGTH_1800                                0        0.000%                0        0.000%
RET_STALL_LENGTH_1900                                0        0.000%                0        0.000%
RET_STALL_LENGTH_2000                                0        0.000%                0        0.000%
RET_STALL_LENGTH_2100                                0        0.000%                0        0.000%
RET_STALL_LENGTH_2200                                0        0.000%                0        0.000%
RET_STALL_LENGTH_2300                                0        0.000%                0        0.000%
RET_STALL_LENGTH_2400                                0        0.000%                0        0.000%
RET_STALL_LENGTH_2500                                0        0.000%                0        0.000%
RET_STALL_LENGTH_2600                                0        0.000%                0        0.000%
RET_STALL_LENGTH_2700                                0        0.000%                0        0.000%
RET_STALL_LENGTH_2800                                0        0.000%                0        0.000%
RET_STALL_LENGTH_2900                                0        0.000%                0        0.000%
RET_STALL_LENGTH_3000                                0        0.000%                0        0.000%
RET_STALL_LENGTH_3100                                0        0.000%                0        0.000%
RET_STALL_LENGTH_3200                                0        0.000%                0        0.000%
RET_STALL_LENGTH_3300                                0        0.000%                0        0.000%
RET_STALL_LENGTH_3400                                0        0.000%                0        0.000%
RET_STALL_LENGTH_3500                                0        0.000%                0        0.000%
RET_STALL_LENGTH_3600                                0        0.000%                0        0.000%
RET_STALL_LENGTH_3700                                0        0.000%                0        0.000%
RET_STALL_LENGTH_3800                                0        0.000%                0        0.000%
RET_STALL_LENGTH_3900                                0        0.000%                0        0.000%
RET_STALL_LENGTH_4000                                0        0.000%                0        0.000%
RET_STALL_LENGTH_4100                                0        0.000%                0        0.000%
RET_STALL_LENGTH_4200                                0        0.000%                0        0.000%
RET_STALL_LENGTH_4300                                0        0.000%                0        0.000%
RET_STALL_LENGTH_4400                                0        0.000%                0        0.000%
RET_STALL_LENGTH_4500                                0        0.000%                0        0.000%
RET_STALL_LENGTH_4600                                0        0.000%                0        0.000%
RET_STALL_LENGTH_4700                                0        0.000%                0        0.000%
RET_STALL_LENGTH_4800                                0        0.000%                0        0.000%
RET_STALL_LENGTH_4900                                0        0.000%                0        0.000%
RET_STALL_LENGTH_5000                                0        0.000%                0        0.000%
                                              12112394      100.000%         24244625      100.000%
                                                  0.00         0.03              0.00         0.03

MEM_BLOCK_LENGTH_0                                   0         -nan%                3      100.000%
MEM_BLOCK_LENGTH_100                                 0         -nan%                0        0.000%
MEM_BLOCK_LENGTH_200                                 0         -nan%                0        0.000%
MEM_BLOCK_LENGTH_300                                 0         -nan%                0        0.000%
MEM_BLOCK_LENGTH_400                                 0         -nan%                0        0.000%
MEM_BLOCK_LENGTH_500                                 0         -nan%                0        0.000%
MEM_BLOCK_LENGTH_600                                 0         -nan%                0        0.000%
MEM_BLOCK_LENGTH_700                                 0         -nan%                0        0.000%
MEM_BLOCK_LENGTH_800                                 0         -nan%                0        0.000%
MEM_BLOCK_LENGTH_900                                 0         -nan%                0        0.000%
MEM_BLOCK_LENGTH_1000                                0         -nan%                0        0.000%
MEM_BLOCK_LENGTH_1100                                0         -nan%                0        0.000%
MEM_BLOCK_LENGTH_1200                                0         -nan%                0        0.000%
MEM_BLOCK_LENGTH_1300                                0         -nan%                0        0.000%
MEM_BLOCK_LENGTH_1400                                0         -nan%                0        0.000%
MEM_BLOCK_LENGTH_1500                                0         -nan%                0        0.000%
MEM_BLOCK_LENGTH_1600                                0         -nan%                0        0.000%
MEM_BLOCK_LENGTH_1700                                0         -nan%                0        0.000%
MEM_BLOCK_LENGTH_1800                                0         -nan%                0        0.000%
MEM_BLOCK_LENGTH_1900                                0         -nan%                0        0.000%
MEM_BLOCK_LENGTH_2000                                0         -nan%                0        0.000%
MEM_BLOCK_LENGTH_2100                                0         -nan%                0        0.000%
MEM_BLOCK_LENGTH_2200                                0         -nan%                0        0.000%
MEM_BLOCK_LENGTH_2300                                0         -nan%                0        0.000%
MEM_BLOCK_LENGTH_2400                                0         -nan%                0        0.000%
MEM_BLOCK_LENGTH_2500                                0         -nan%                0        0.000%
MEM_BLOCK_LENGTH_2600                                0         -nan%                0        0.000%
MEM_BLOCK_LENGTH_2700                                0         -nan%                0        0.000%
MEM_BLOCK_LENGTH_2800                                0         -nan%                0        0.000%
MEM_BLOCK_LENGTH_2900                                0         -nan%                0        0.000%
MEM_BLOCK_LENGTH_3000                                0         -nan%                0        0.000%
MEM_BLOCK_LENGTH_3100                                0         -nan%                0        0.000%
MEM_BLOCK_LENGTH_3200                                0         -nan%                0        0.000%
MEM_BLOCK_LENGTH_3300                                0         -nan%                0        0.000%
MEM_BLOCK_LENGTH_3400                                0         -nan%                0        0.000%
MEM_BLOCK_LENGTH_3500                                0         -nan%                0        0.000%
MEM_BLOCK_LENGTH_3600                                0         -nan%                0        0.000%
MEM_BLOCK_LENGTH_3700                                0         -nan%                0        0.000%
MEM_BLOCK_LENGTH_3800                                0         -nan%                0        0.000%
MEM_BLOCK_LENGTH_3900                                0         -nan%                0        0.000%
MEM_BLOCK_LENGTH_4000                                0         -nan%                0        0.000%
MEM_BLOCK_LENGTH_4100                                0         -nan%                0        0.000%
MEM_BLOCK_LENGTH_4200                                0         -nan%                0        0.000%
MEM_BLOCK_LENGTH_4300                                0         -nan%                0        0.000%
MEM_BLOCK_LENGTH_4400                                0         -nan%                0        0.000%
MEM_BLOCK_LENGTH_4500                                0         -nan%                0        0.000%
MEM_BLOCK_LENGTH_4600                                0         -nan%                0        0.000%
MEM_BLOCK_LENGTH_4700                                0         -nan%                0        0.000%
MEM_BLOCK_LENGTH_4800                                0         -nan%                0        0.000%
MEM_BLOCK_LENGTH_4900                                0         -nan%                0        0.000%
MEM_BLOCK_LENGTH_5000                                0         -nan%                0        0.000%
                                                     0         -nan%                3      100.000%
                                                  -nan         -nan              0.00         0.00

FUS_BUSY_ON_PATH                              12466075        2.9122         24964662        2.8548

FUS_BUSY_OFF_PATH                              1682979        0.3932          3493112        0.3994

FU_BUSY_MEM_STALL                               280402        0.0655           562222        0.0643

FUS_EMPTY                                     20096122        4.6946         41501330        4.7458

FU_UNAVAILABLE                                   58421        0.0136           124290        0.0142

FU_MEM_UNAVAILABLE                              176031        0.0411           353653        0.0404

FU_REPLAY                                            0        0.0000                0        0.0000

FU_STARVED                                    19931280        4.6561         41159652        4.7067

CHIP_UTILIZATION                                     0        0.0000                0        0.0000

CYCLES_UNDER_MEM_REQ                                 0                              0              

CYCLES_UNDER_NO_MEM_REQ                              0                              0              

CYCLES_UNDER_CRITICAL_MEM_REQ                        0                              0              

CYCLES_UNDER_NONCRITICAL_MEM_REQ                     0                              0              

CHIP_UTILIZATION_UNDER_MEM_REQ                       0          -nan                0          -nan

CHIP_UTILIZATION_UNDER_NO_MEM_REQ                    0          -nan                0          -nan

CHIP_UTILIZATION_UNDER_CRITICAL_MEM_REQ              0          -nan                0          -nan

CHIP_UTILIZATION_UNDER_NONCRITICAL_MEM_REQ             0          -nan                0          -nan

CYCLES_NOT_WAITING_FOR_OFF_CHIP                      0        0.0000                0        0.0000

FUS_BUSY_NOT_WAITING_FOR_OFF_CHIP                    0          -nan                0          -nan

CYCLES_WAITING_FOR_OFF_CHIP                          0        0.0000                0        0.0000

FUS_BUSY_WAITING_FOR_OFF_CHIP                        0          -nan                0          -nan

TOTAL_OFF_CHIP_DELAYS_LEFT                           0                              0              

WRONG_IO_SCHED                                       0                              0              

DVFS_CONFIG_SWITCH                                   0                              0              

MAP_STAGE_RECEIVED_OPS_0                             0        0.000%                0        0.000%
MAP_STAGE_RECEIVED_OPS_1                        168236        6.279%           332597        6.206%
MAP_STAGE_RECEIVED_OPS_2                        198546        7.410%           394931        7.369%
MAP_STAGE_RECEIVED_OPS_3                        288439       10.765%           568848       10.614%
MAP_STAGE_RECEIVED_OPS_4                        227468        8.490%           452687        8.447%
MAP_STAGE_RECEIVED_OPS_5                       1064919       39.745%          2174695       40.578%
MAP_STAGE_RECEIVED_OPS_6                        731753       27.311%          1435480       26.785%
MAP_STAGE_RECEIVED_OPS_7                             0        0.000%                0        0.000%
MAP_STAGE_RECEIVED_OPS_8                             0        0.000%                0        0.000%
MAP_STAGE_RECEIVED_OPS_MAX                           0        0.000%                0        0.000%
                                               2679361      100.000%          5359238      100.000%
                                                  4.50         1.49              4.50         1.48

MAP_STAGE_WAIT_FOR_DECODE                            0         -nan%                0         -nan%
MAP_STAGE_CONSUME_DECODE                             0         -nan%                0         -nan%
                                                     0         -nan%                0         -nan%
                                                  -nan         -nan              -nan         -nan

MAP_STAGE_WAIT_FOR_DECODE2                           0         -nan%                0         -nan%
MAP_STAGE_CONSUME_DECODE2                            0         -nan%                0         -nan%
                                                     0         -nan%                0         -nan%
                                                  -nan         -nan              -nan         -nan

FTQ_RECOVER_EXEC                                 46700                          97299              

FTQ_RECOVER_DECODE                                 187                            957              

FTQ_OFFPATH_CYCLES                             1751069                        3545202              

FTQ_CYCLES_OFFPATH                             2718997                        5602447              

FTQ_CYCLES_ONPATH                              1561650                        3142441              

FTQ_FETCHED_INS_OFFPATH                       18741452                       39288519              

FTQ_FETCHED_INS_ONPATH                        12065041                       24146369              

FTQ_BREAK_FULL_FT_ONPATH                       1223804       80.792%          2465682       80.997%
FTQ_BREAK_MAX_CFS_TAKEN_ONPATH                  227552       15.022%           452237       14.856%
FTQ_BREAK_MAX_BYTES_ONPATH                       63396        4.185%           126255        4.147%
FTQ_BREAK_PRED_BR_ONPATH                             0        0.000%                0        0.000%
FTQ_BREAK_BAR_FETCH_ONPATH                           0        0.000%                0        0.000%
                                               1514752      100.000%          3044174      100.000%
                                                  0.23         0.47              0.23         0.47

FTQ_BREAK_FULL_FT_OFFPATH                      2376810       85.933%          4865571       85.350%
FTQ_BREAK_MAX_CFS_TAKEN_OFFPATH                 301135       10.887%           639689       11.221%
FTQ_BREAK_MAX_BYTES_OFFPATH                      87935        3.179%           195439        3.428%
FTQ_BREAK_PRED_BR_OFFPATH                            0        0.000%                0        0.000%
FTQ_BREAK_BAR_FETCH_OFFPATH                          0        0.000%                0        0.000%
                                               2765880      100.000%          5700699      100.000%
                                                  0.17         0.43              0.18         0.43



