/* -*- Mode: c -*- */
####################################################################################################
Core 0
####################################################################################################
Cumulative:        Cycles: 8744888               Instructions: 20000000              IPC: 2.28705

Periodic:          Cycles: 4280647               Instructions: 9999999               IPC: 2.33610

ST_OP_INV                                            0        0.000%                0        0.000%
ST_OP_NOP                                       396457        1.872%           878366        2.045%
ST_OP_CF                                       2560026       12.089%          5156251       12.004%
ST_OP_MOV                                      2668165       12.599%          5345385       12.445%
ST_OP_CMOV                                       67343        0.318%           136122        0.317%
ST_OP_LDA                                      1210282        5.715%          2435047        5.669%
ST_OP_ILD                                      4361524       20.596%          8843446       20.589%
ST_OP_IST                                      2160420       10.202%          4426446       10.305%
ST_OP_IADD                                     2419258       11.424%          4974230       11.581%
ST_OP_IMUL                                      220219        1.040%           440002        1.024%
ST_OP_IDIV                                        9891        0.047%            21255        0.049%
ST_OP_ICMP                                     1137579        5.372%          2277265        5.302%
ST_OP_LOGIC                                    2798425       13.215%          5650827       13.156%
ST_OP_SHIFT                                    1100511        5.197%          2228488        5.188%
ST_OP_FLD                                         7174        0.034%            14833        0.035%
ST_OP_FST                                        19736        0.093%            42103        0.098%
ST_OP_FCVT                                           0        0.000%                0        0.000%
ST_OP_FADD                                           0        0.000%                0        0.000%
ST_OP_FMUL                                           0        0.000%                0        0.000%
ST_OP_FMA                                            0        0.000%                0        0.000%
ST_OP_FDIV                                           0        0.000%                0        0.000%
ST_OP_FCMP                                           0        0.000%                0        0.000%
ST_OP_FCMOV                                          0        0.000%                0        0.000%
ST_OP_GATHER                                         0        0.000%                0        0.000%
ST_OP_SCATTER                                        0        0.000%                0        0.000%
ST_OP_PIPELINED_FAST                                 0        0.000%                0        0.000%
ST_OP_PIPELINED_MEDIUM                           39832        0.188%            82631        0.192%
ST_OP_PIPELINED_SLOW                                 0        0.000%                0        0.000%
ST_OP_NOTPIPELINED_MEDIUM                            0        0.000%                0        0.000%
ST_OP_NOTPIPELINED_SLOW                              0        0.000%                0        0.000%
ST_OP_NOTPIPELINED_VERY_SLOW                         0        0.000%                0        0.000%
                                              21176842      100.000%         42952697      100.000%
                                                  6.82         3.62              6.82         3.62

ST_NOT_CF                                     18616816       87.911%         37796446       87.996%
ST_CF_BR                                        177436        0.838%           362117        0.843%
ST_CF_CBR                                      1724337        8.143%          3456205        8.047%
ST_CF_CALL                                      329912        1.558%           670290        1.561%
ST_CF_IBR                                         1990        0.009%             4232        0.010%
ST_CF_ICALL                                          0        0.000%                0        0.000%
ST_CF_ICO                                            0        0.000%                0        0.000%
ST_CF_RET                                       326351        1.541%           663407        1.545%
ST_CF_SYS                                            0        0.000%                0        0.000%
                                              21176842      100.000%         42952697      100.000%
                                                  0.33         1.02              0.32         1.02

ST_BAR_NONE                                   21176842      100.000%         42952697      100.000%
ST_BAR_FETCH                                         0        0.000%                0        0.000%
ST_BAR_ISSUE                                         0        0.000%                0        0.000%
ST_BAR_BOTH                                          0        0.000%                0        0.000%
                                              21176842      100.000%         42952697      100.000%
                                                  0.00         0.00              0.00         0.00

ST_NOT_MEM                                    14627988       69.075%         29625869       68.973%
ST_MEM_LD                                      4368698       20.630%          8858279       20.623%
ST_MEM_ST                                      2180156       10.295%          4468549       10.403%
ST_MEM_PF                                            0        0.000%                0        0.000%
ST_MEM_WH                                            0        0.000%                0        0.000%
ST_MEM_EVICT                                         0        0.000%                0        0.000%
                                              21176842      100.000%         42952697      100.000%
                                                  0.41         0.58              0.41         0.58

ST_NOT_MEM_OFFPATH                             6669442       69.259%         14180614       69.234%
ST_MEM_LD_OFFPATH                              1999669       20.766%          4238750       20.695%
ST_MEM_ST_OFFPATH                               960540        9.975%          2062827       10.071%
ST_MEM_PF_OFFPATH                                    0        0.000%                0        0.000%
ST_MEM_WH_OFFPATH                                    0        0.000%                0        0.000%
ST_MEM_EVIC_OFFPATHT                                 0        0.000%                0        0.000%
                                               9629651      100.000%         20482191      100.000%
                                                  0.41         0.57              0.41         0.57

ST_OP_ONPATH                                  21176842                       42952697              

ST_OP_OFFPATH                                  9629651                       20482191              

ST_FAKE_OP_OFFPATH                                2020        0.021%           138494        0.676%
ST_NOT_FAKE_OP_OFFPATH                         9627631       99.979%         20343697       99.324%
                                               9629651      100.000%         20482191      100.000%
                                                  1.00         1.00              0.99         0.99

ST_FAKE_REASON_NOT_FAKE                        9627631       99.979%         20343697       99.324%
ST_FAKE_REASON_REDIRECT_TO_NOT_INSTRUMENTED          2020        0.021%           138494        0.676%
ST_FAKE_REASON_RETURN_TO_NOT_INSTRUMENTED             0        0.000%                0        0.000%
ST_FAKE_REASON_NONRET_CF_TO_NOT_INSTRUMENTED             0        0.000%                0        0.000%
ST_FAKE_REASON_NOT_TAKEN_TO_NOT_INSTRUMENTED             0        0.000%                0        0.000%
ST_FAKE_REASON_WRONG_PATH_STORE_TO_NEW_REGION             0        0.000%                0        0.000%
                                               9629651      100.000%         20482191      100.000%
                                                  0.00         0.01              0.01         0.08

ST_INST_ONPATH                                17592359                       35644485              

ST_INST_OFFPATH                                8087362                       17182156              

STATIC_PIN_NOP                                       0                              0              

DYNAMIC_PIN_REP_GREATER_256                          0                              0              

INST_MAP_UPDATE_JITTED                          456026       24.150%           928595       23.963%
INST_MAP_UPDATE_NPC_INV                              0        0.000%                0        0.000%
INST_MAP_UPDATE_NPC_NOP                              0        0.000%                0        0.000%
INST_MAP_UPDATE_NPC_CF                               0        0.000%                0        0.000%
INST_MAP_UPDATE_NPC_MOV                              0        0.000%                0        0.000%
INST_MAP_UPDATE_NPC_CMOV                             0        0.000%                0        0.000%
INST_MAP_UPDATE_NPC_LDA                              0        0.000%                0        0.000%
INST_MAP_UPDATE_NPC_IMEM                             0        0.000%                0        0.000%
INST_MAP_UPDATE_NPC_IADD                             0        0.000%                0        0.000%
INST_MAP_UPDATE_NPC_IMUL                         17883        0.947%            37673        0.972%
INST_MAP_UPDATE_NPC_IDIV                             0        0.000%                0        0.000%
INST_MAP_UPDATE_NPC_ICMP                             0        0.000%                0        0.000%
INST_MAP_UPDATE_NPC_LOGIC                            0        0.000%                0        0.000%
INST_MAP_UPDATE_NPC_SHIFT                            0        0.000%                0        0.000%
INST_MAP_UPDATE_NPC_FMEM                             0        0.000%                0        0.000%
INST_MAP_UPDATE_NPC_FCVT                             0        0.000%                0        0.000%
INST_MAP_UPDATE_NPC_FADD                             0        0.000%                0        0.000%
INST_MAP_UPDATE_NPC_FMUL                             0        0.000%                0        0.000%
INST_MAP_UPDATE_NPC_FMA                              0        0.000%                0        0.000%
INST_MAP_UPDATE_NPC_FDIV                             0        0.000%                0        0.000%
INST_MAP_UPDATE_NPC_FCMP                             0        0.000%                0        0.000%
INST_MAP_UPDATE_NPC_FCMOV                            0        0.000%                0        0.000%
INST_MAP_UPDATE_NPC_GATHER                           0        0.000%                0        0.000%
INST_MAP_UPDATE_NPC_SCATTER                          0        0.000%                0        0.000%
INST_MAP_UPDATE_NPC_PIPELINED_FAST                   0        0.000%                0        0.000%
INST_MAP_UPDATE_NPC_PIPELINED_MEDIUM                 0        0.000%                0        0.000%
INST_MAP_UPDATE_NPC_PIPELINED_SLOW                   0        0.000%                0        0.000%
INST_MAP_UPDATE_NPC_NOTPIPELINED_MEDIUM              0        0.000%                0        0.000%
INST_MAP_UPDATE_NPC_NOTPIPELINED_SLOW                0        0.000%                0        0.000%
INST_MAP_UPDATE_NPC_NOTPIPELINED_VERY_SLOW             0        0.000%                0        0.000%
INST_MAP_UPDATE_MEM_INV                              0        0.000%                0        0.000%
INST_MAP_UPDATE_MEM_NOP                              0        0.000%                0        0.000%
INST_MAP_UPDATE_MEM_CF                               0        0.000%                0        0.000%
INST_MAP_UPDATE_MEM_MOV                         872747       46.219%          1780799       45.955%
INST_MAP_UPDATE_MEM_CMOV                           274        0.015%              631        0.016%
INST_MAP_UPDATE_MEM_LDA                              0        0.000%                0        0.000%
INST_MAP_UPDATE_MEM_IMEM                             0        0.000%                0        0.000%
INST_MAP_UPDATE_MEM_IADD                             0        0.000%                0        0.000%
INST_MAP_UPDATE_MEM_IMUL                        414516       21.952%           868939       22.423%
INST_MAP_UPDATE_MEM_IDIV                           608        0.032%              836        0.022%
INST_MAP_UPDATE_MEM_ICMP                             0        0.000%                0        0.000%
INST_MAP_UPDATE_MEM_LOGIC                        32241        1.707%            67541        1.743%
INST_MAP_UPDATE_MEM_SHIFT                        93981        4.977%           190119        4.906%
INST_MAP_UPDATE_MEM_FMEM                             0        0.000%                0        0.000%
INST_MAP_UPDATE_MEM_FCVT                             0        0.000%                0        0.000%
INST_MAP_UPDATE_MEM_FADD                             0        0.000%                0        0.000%
INST_MAP_UPDATE_MEM_FMUL                             0        0.000%                0        0.000%
INST_MAP_UPDATE_MEM_FMA                              0        0.000%                0        0.000%
INST_MAP_UPDATE_MEM_FDIV                             0        0.000%                0        0.000%
INST_MAP_UPDATE_MEM_FCMP                             0        0.000%                0        0.000%
INST_MAP_UPDATE_MEM_FCMOV                            0        0.000%                0        0.000%
INST_MAP_UPDATE_MEM_GATHER                           0        0.000%                0        0.000%
INST_MAP_UPDATE_MEM_SCATTER                          0        0.000%                0        0.000%
INST_MAP_UPDATE_MEM_PIPELINED_FAST                   0        0.000%                0        0.000%
INST_MAP_UPDATE_MEM_PIPELINED_MEDIUM                 0        0.000%                0        0.000%
INST_MAP_UPDATE_MEM_PIPELINED_SLOW                   0        0.000%                0        0.000%
INST_MAP_UPDATE_MEM_NOTPIPELINED_MEDIUM              0        0.000%                0        0.000%
INST_MAP_UPDATE_MEM_NOTPIPELINED_SLOW                0        0.000%                0        0.000%
INST_MAP_UPDATE_MEM_NOTPIPELINED_VERY_SLOW             0        0.000%                0        0.000%
                                               1888276      100.000%          3875133      100.000%
                                                 26.49         8.20             26.56         8.17



