/* -*- Mode: c -*- */
####################################################################################################
Core 0
####################################################################################################
Cumulative:        Cycles: 20337395              Instructions: 20000000              IPC: 0.98341

Periodic:          Cycles: 10163440              Instructions: 10000000              IPC: 0.98392

EXECUTION_TIME                           3176075000000                  6355435937500              

NODE_CYCLE                                    10163440                       20337395              

NODE_INST_COUNT                               10000000                       20000000              

NODE_INST_COUNT_FETCHED                           1612                           4031              

NODE_UOP_COUNT                                39995812                       79989530              

FULL_WINDOW_STALL                             10161056       99.977%         20313157       99.881%

FULL_WINDOW_MEM_OP                              164437      100.000%           329270       99.999%
FULL_WINDOW_FP_OP                                    0        0.000%                0        0.000%
FULL_WINDOW_OTHER_OP                                 0        0.000%                4        0.001%
                                                164437      100.000%           329274      100.000%
                                                  0.00         0.00              0.00         0.01

RET_BLOCKED_DC_MISS                               7556        0.074%            20903        0.103%

RET_BLOCKED_L1_MISS                            2348672       23.109%          4701711       23.119%

RET_BLOCKED_L1_MISS_BW_PREF                          0        0.000%                0        0.000%

RET_BLOCKED_L1_ACCESS                              766        0.008%             2963        0.015%

RET_BLOCKED_MEM_STALL                          2349496       23.117%          4702765       23.124%

RET_BLOCKED_OFFCHIP_DEMAND                           0        0.000%                0        0.000%

OP_ISSUED                                     39995936                       79995481              

OP_RETIRED                                    39995812                       79989530              

REPLAY_SIGNALED                                      0                              0              

REPLAY_COUNTED                                       0                              0              

OFF_CRITICAL_PATH                                    0         -nan%                0         -nan%
ON_CRITICAL_PATH                                     0         -nan%                0         -nan%
                                                     0         -nan%                0         -nan%
                                                  -nan         -nan              -nan         -nan

LD_NO_DEPENDENTS                                    28        5.054%               93        6.715%
LD_DEPENDENTS                                      526       94.946%             1292       93.285%
                                                   554      100.000%             1385      100.000%
                                                  0.95         0.93              0.93         0.90

LD_EXEC_CYCLES_0                                     0         -nan%                0         -nan%
LD_EXEC_CYCLES_1                                     0         -nan%                0         -nan%
LD_EXEC_CYCLES_2                                     0         -nan%                0         -nan%
LD_EXEC_CYCLES_3                                     0         -nan%                0         -nan%
LD_EXEC_CYCLES_4                                     0         -nan%                0         -nan%
                                                     0         -nan%                0         -nan%
                                                  -nan         -nan              -nan         -nan

ICACHE_STAGE_STARVED                                 0        0.000%            15031        0.075%
ICACHE_STAGE_NOT_STARVED                       9998875      100.000%         19997226       99.925%
                                               9998875      100.000%         20012257      100.000%
                                                  1.00         1.00              1.00         1.00

ICACHE_STAGE_STALLED                            164500        1.619%           325404        1.600%
ICACHE_STAGE_NOT_STALLED                       9998875       98.381%         20004760       98.364%
ICACHE_STAGE_OFF_PATH                               65        0.001%             7231        0.036%
                                              10163440      100.000%         20337395      100.000%
                                                  0.98         0.02              0.98         0.03

DECODE_STAGE_STARVED                          10162943       99.996%         20328705       99.991%
DECODE_STAGE_NOT_STARVED                           438        0.004%             1781        0.009%
                                              10163381      100.000%         20330486      100.000%
                                                  0.00         0.01              0.00         0.01

DECODE_STAGE_STALLED                              3783        0.037%             6557        0.032%
DECODE_STAGE_NOT_STALLED                      10159598       99.962%         20323929       99.934%
DECODE_STAGE_OFF_PATH                               59        0.001%             6909        0.034%
                                              10163440      100.000%         20337395      100.000%
                                                  1.00         0.00              1.00         0.03

UOPQ_STAGE_STARVED                                 442        0.004%            17201        0.086%
UOPQ_STAGE_NOT_STARVED                         9998714       99.996%         19993494       99.914%
                                               9999156      100.000%         20010695      100.000%
                                                  1.00         1.00              1.00         1.00

UOPQ_STAGE_STALLED                              164229        1.616%           324240        1.594%
UOPQ_STAGE_NOT_STALLED                         9999156       98.384%         20010695       98.394%
UOPQ_STAGE_OFF_PATH                                 55        0.001%             2460        0.012%
                                              10163440      100.000%         20337395      100.000%
                                                  0.98         0.02              0.98         0.02

MAP_STAGE_STARVED                                   16        0.000%             8105        0.040%
MAP_STAGE_NOT_STARVED                         10163380      100.000%         20322737       99.960%
                                              10163396      100.000%         20330842      100.000%
                                                  1.00         1.00              1.00         1.00

MAP_STAGE_STALLED                               164501        1.619%           325422        1.600%
MAP_STAGE_NOT_STALLED                          9998895       98.381%         20005420       98.368%
MAP_STAGE_OFF_PATH                                  44        0.000%             6553        0.032%
                                              10163440      100.000%         20337395      100.000%
                                                  0.98         0.02              0.98         0.03

EXEC_STAGE_STARVED                                8325        0.082%            24033        0.118%
EXEC_STAGE_NOT_STARVED                        10155115       99.918%         20308255       99.857%
EXEC_STAGE_OFF_PATH                                  0        0.000%             5107        0.025%
                                              10163440      100.000%         20337395      100.000%
                                                  1.00         0.00              1.00         0.02

FU_BUSY_0                                      9999298                       19999477              

FU_BUSY_1                                      9998775                       19998094              

FU_BUSY_2                                          261                            793              

FU_BUSY_3                                          293                            816              

FU_BUSY_4                                      9998420                       19997126              

FU_BUSY_5                                          319                           1714              

FU_BUSY_6                                     10155283                       20308847              

FU_BUSY_7                                     10155308                       20309123              

FU_BUSY_8                                            0                              0              

FU_BUSY_9                                            0                              0              

FU_BUSY_10                                           0                              0              

FU_BUSY_11                                           0                              0              

FU_BUSY_12                                           0                              0              

FU_BUSY_13                                           0                              0              

FU_BUSY_14                                           0                              0              

FU_BUSY_15                                           0                              0              

FU_BUSY_16                                           0                              0              

FU_BUSY_17                                           0                              0              

FU_BUSY_18                                           0                              0              

FU_BUSY_19                                           0                              0              

FU_BUSY_20                                           0                              0              

FU_BUSY_21                                           0                              0              

FU_BUSY_22                                           0                              0              

FU_BUSY_23                                           0                              0              

FU_BUSY_24                                           0                              0              

FU_BUSY_25                                           0                              0              

FU_BUSY_26                                           0                              0              

FU_BUSY_27                                           0                              0              

FU_BUSY_28                                           0                              0              

FU_BUSY_29                                           0                              0              

FU_BUSY_30                                           0                              0              

FU_BUSY_31                                           0                              0              

FU_REJECTED_OP_INV_NOT_SIMD                          0        0.000%                0        0.000%
FU_REJECTED_OP_NOP_NOT_SIMD                          0        0.000%                7        0.000%
FU_REJECTED_OP_CF_NOT_SIMD                          15        0.000%               48        0.000%
FU_REJECTED_OP_MOV_NOT_SIMD                          6        0.000%               18        0.000%
FU_REJECTED_OP_CMOV_NOT_SIMD                         0        0.000%                0        0.000%
FU_REJECTED_OP_LDA_NOT_SIMD                          0        0.000%                0        0.000%
FU_REJECTED_OP_IMEM_NOT_SIMD                         0        0.000%                0        0.000%
FU_REJECTED_OP_IADD_NOT_SIMD                  10311994      100.000%         20621452       99.999%
FU_REJECTED_OP_IMUL_NOT_SIMD                         5        0.000%               11        0.000%
FU_REJECTED_OP_IDIV_NOT_SIMD                         0        0.000%                0        0.000%
FU_REJECTED_OP_ICMP_NOT_SIMD                         0        0.000%                0        0.000%
FU_REJECTED_OP_LOGIC_NOT_SIMD                        0        0.000%                1        0.000%
FU_REJECTED_OP_SHIFT_NOT_SIMD                       10        0.000%               18        0.000%
FU_REJECTED_OP_FMEM_NOT_SIMD                         0        0.000%                0        0.000%
FU_REJECTED_OP_FCVT_NOT_SIMD                         0        0.000%                0        0.000%
FU_REJECTED_OP_FADD_NOT_SIMD                         0        0.000%                0        0.000%
FU_REJECTED_OP_FMUL_NOT_SIMD                         0        0.000%                0        0.000%
FU_REJECTED_OP_FMA_NOT_SIMD                          0        0.000%                0        0.000%
FU_REJECTED_OP_FDIV_NOT_SIMD                         0        0.000%                0        0.000%
FU_REJECTED_OP_FCMP_NOT_SIMD                         0        0.000%                0        0.000%
FU_REJECTED_OP_FCMOV_NOT_SIMD                        0        0.000%                0        0.000%
FU_REJECTED_OP_GATHER_NOT_SIMD                       0        0.000%                0        0.000%
FU_REJECTED_OP_SCATTER_NOT_SIMD                      0        0.000%                0        0.000%
FU_REJECTED_OP_PIPELINED_FAST_NOT_SIMD               0        0.000%                0        0.000%
FU_REJECTED_OP_PIPELINED_MEDIUM_NOT_SIMD             0        0.000%                0        0.000%
FU_REJECTED_OP_PIPELINED_SLOW_NOT_SIMD               0        0.000%                0        0.000%
FU_REJECTED_OP_NOTPIPELINED_MEDIUM_NOT_SIMD             0        0.000%                0        0.000%
FU_REJECTED_OP_NOTPIPELINED_SLOW_NOT_SIMD             0        0.000%                0        0.000%
FU_REJECTED_OP_NOTPIPELINED_VERY_SLOW_NOT_SIMD             4        0.000%               11        0.000%
FU_REJECTED_OP_INV_SIMD                              0        0.000%                0        0.000%
FU_REJECTED_OP_NOP_SIMD                              0        0.000%                0        0.000%
FU_REJECTED_OP_CF_SIMD                               0        0.000%                0        0.000%
FU_REJECTED_OP_MOV_SIMD                              0        0.000%                0        0.000%
FU_REJECTED_OP_CMOV_SIMD                             0        0.000%                0        0.000%
FU_REJECTED_OP_LDA_SIMD                              0        0.000%                0        0.000%
FU_REJECTED_OP_IMEM_SIMD                             0        0.000%                0        0.000%
FU_REJECTED_OP_IADD_SIMD                             0        0.000%                0        0.000%
FU_REJECTED_OP_IMUL_SIMD                             0        0.000%                0        0.000%
FU_REJECTED_OP_IDIV_SIMD                             0        0.000%                0        0.000%
FU_REJECTED_OP_ICMP_SIMD                             0        0.000%                0        0.000%
FU_REJECTED_OP_LOGIC_SIMD                            8        0.000%               17        0.000%
FU_REJECTED_OP_SHIFT_SIMD                            0        0.000%                1        0.000%
FU_REJECTED_OP_FMEM_SIMD                             0        0.000%                0        0.000%
FU_REJECTED_OP_FCVT_SIMD                             0        0.000%                0        0.000%
FU_REJECTED_OP_FADD_SIMD                             0        0.000%                0        0.000%
FU_REJECTED_OP_FMUL_SIMD                             0        0.000%                0        0.000%
FU_REJECTED_OP_FMA_SIMD                              0        0.000%                0        0.000%
FU_REJECTED_OP_FDIV_SIMD                             0        0.000%                0        0.000%
FU_REJECTED_OP_FCMP_SIMD                             0        0.000%                0        0.000%
FU_REJECTED_OP_FCMOV_SIMD                            0        0.000%                0        0.000%
FU_REJECTED_OP_GATHER_SIMD                           0        0.000%                0        0.000%
FU_REJECTED_OP_SCATTER_SIMD                          0        0.000%                0        0.000%
FU_REJECTED_OP_PIPELINED_FAST_SIMD                   0        0.000%                0        0.000%
FU_REJECTED_OP_PIPELINED_MEDIUM_SIMD                 0        0.000%                0        0.000%
FU_REJECTED_OP_PIPELINED_SLOW_SIMD                   0        0.000%                0        0.000%
FU_REJECTED_OP_NOTPIPELINED_MEDIUM_SIMD              0        0.000%                0        0.000%
FU_REJECTED_OP_NOTPIPELINED_SLOW_SIMD                0        0.000%                0        0.000%
FU_REJECTED_OP_NOTPIPELINED_VERY_SLOW_SIMD             0        0.000%                0        0.000%
                                              10312042      100.000%         20621584      100.000%
                                                  7.00         0.03              7.00         0.04

OP_WAIT_0                                     19686491                       39372868              

OP_WAIT_1                                       312906                         632554              

OP_WAIT_2                                          221                            683              

OP_WAIT_3                                          160                            580              

OP_WAIT_4                                          154                            611              

OP_WAIT_5                                          174                            929              

OP_WAIT_6                                          390                            966              

OP_WAIT_7                                          160                            564              

OP_WAIT_8                                          505                            805              

OP_WAIT_9                                           65                            366              

OP_WAIT_10                                          48                            320              

OP_WAIT_11                                          33                            333              

OP_WAIT_12                                         851                           1959              

OP_WAIT_13                                         194                            662              

OP_WAIT_14                                         206                           1131              

OP_WAIT_15                                         544                           1293              

OP_WAIT_16                                         159                            575              

OP_WAIT_17                                     7189541                       14321286              

OP_WAIT_18                                     2491181                        5084287              

OP_WAIT_19                                      315384                         575982              

OP_WAIT_20                                         806                           3633              

OP_WAIT_21                                         128                           1040              

OP_WAIT_22                                         128                            553              

OP_WAIT_23                                         136                            397              

OP_WAIT_24                                         128                            344              

OP_WAIT_25                                         135                            442              

OP_WAIT_26                                         161                            774              

OP_WAIT_27                                         400                            677              

OP_WAIT_28                                         147                            347              

OP_WAIT_29                                         403                            674              

OP_WAIT_30                                          55                            476              

OP_WAIT_31                                     9993818                       19981419              

ROW_SIZE_0                                      164639                         334812              

ROW_SIZE_1                                          49                            305              

ROW_SIZE_2                                          12                            118              

ROW_SIZE_3                                          14                             83              

ROW_SIZE_4                                     9998327                       19995860              

ROW_SIZE_5                                           5                             28              

ROW_SIZE_6                                         394                            860              

ROW_SIZE_7                                           0                              0              

ROW_SIZE_8                                           0                              0              

ROW_SIZE_9                                           0                              0              

ROW_SIZE_10                                          0                              0              

ROW_SIZE_11                                          0                              0              

ROW_SIZE_12                                          0                              0              

ROW_SIZE_13                                          0                              0              

ROW_SIZE_14                                          0                              0              

ROW_SIZE_15                                          0                              0              

ROW_SIZE_16                                          0                              0              

ROW_SIZE_17                                          0                              0              

ROW_SIZE_18                                          0                              0              

ROW_SIZE_19                                          0                              0              

ROW_SIZE_20                                          0                              0              

ROW_SIZE_21                                          0                              0              

ROW_SIZE_22                                          0                              0              

ROW_SIZE_23                                          0                              0              

ROW_SIZE_24                                          0                              0              

ROW_SIZE_25                                          0                              0              

ROW_SIZE_26                                          0                              0              

ROW_SIZE_27                                          0                              0              

ROW_SIZE_28                                          0                              0              

ROW_SIZE_29                                          0                              0              

ROW_SIZE_30                                          0                              0              

ROW_SIZE_31                                          0                              0              

RET_OP_EXEC_COUNT_0                                  0        0.000%                0        0.000%
RET_OP_EXEC_COUNT_1                           39995812      100.000%         79989530      100.000%
RET_OP_EXEC_COUNT_2                                  0        0.000%                0        0.000%
RET_OP_EXEC_COUNT_3                                  0        0.000%                0        0.000%
RET_OP_EXEC_COUNT_4                                  0        0.000%                0        0.000%
RET_OP_EXEC_COUNT_5                                  0        0.000%                0        0.000%
RET_OP_EXEC_COUNT_6                                  0        0.000%                0        0.000%
RET_OP_EXEC_COUNT_7                                  0        0.000%                0        0.000%
RET_OP_EXEC_COUNT_8                                  0        0.000%                0        0.000%
RET_OP_EXEC_COUNT_9                                  0        0.000%                0        0.000%
RET_OP_EXEC_COUNT_10                                 0        0.000%                0        0.000%
RET_OP_EXEC_COUNT_11                                 0        0.000%                0        0.000%
RET_OP_EXEC_COUNT_12                                 0        0.000%                0        0.000%
RET_OP_EXEC_COUNT_13                                 0        0.000%                0        0.000%
RET_OP_EXEC_COUNT_14                                 0        0.000%                0        0.000%
RET_OP_EXEC_COUNT_15                                 0        0.000%                0        0.000%
RET_OP_EXEC_COUNT_16                                 0        0.000%                0        0.000%
RET_OP_EXEC_COUNT_17                                 0        0.000%                0        0.000%
RET_OP_EXEC_COUNT_18                                 0        0.000%                0        0.000%
RET_OP_EXEC_COUNT_19                                 0        0.000%                0        0.000%
RET_OP_EXEC_COUNT_20                                 0        0.000%                0        0.000%
RET_OP_EXEC_COUNT_21                                 0        0.000%                0        0.000%
RET_OP_EXEC_COUNT_22                                 0        0.000%                0        0.000%
RET_OP_EXEC_COUNT_23                                 0        0.000%                0        0.000%
RET_OP_EXEC_COUNT_24                                 0        0.000%                0        0.000%
RET_OP_EXEC_COUNT_25                                 0        0.000%                0        0.000%
RET_OP_EXEC_COUNT_26                                 0        0.000%                0        0.000%
RET_OP_EXEC_COUNT_27                                 0        0.000%                0        0.000%
RET_OP_EXEC_COUNT_28                                 0        0.000%                0        0.000%
RET_OP_EXEC_COUNT_29                                 0        0.000%                0        0.000%
RET_OP_EXEC_COUNT_30                                 0        0.000%                0        0.000%
RET_OP_EXEC_COUNT_31                                 0        0.000%                0        0.000%
RET_OP_EXEC_COUNT_32                                 0        0.000%                0        0.000%
                                              39995812      100.000%         79989530      100.000%
                                                  1.00         0.00              1.00         0.00

RET_STALL_LENGTH_0                            39995783      100.000%         79989443      100.000%
RET_STALL_LENGTH_100                                19        0.000%               57        0.000%
RET_STALL_LENGTH_200                                 4        0.000%               14        0.000%
RET_STALL_LENGTH_300                                 1        0.000%                3        0.000%
RET_STALL_LENGTH_400                                 1        0.000%                4        0.000%
RET_STALL_LENGTH_500                                 1        0.000%                5        0.000%
RET_STALL_LENGTH_600                                 1        0.000%                2        0.000%
RET_STALL_LENGTH_700                                 0        0.000%                0        0.000%
RET_STALL_LENGTH_800                                 0        0.000%                0        0.000%
RET_STALL_LENGTH_900                                 0        0.000%                0        0.000%
RET_STALL_LENGTH_1000                                0        0.000%                0        0.000%
RET_STALL_LENGTH_1100                                1        0.000%                1        0.000%
RET_STALL_LENGTH_1200                                0        0.000%                0        0.000%
RET_STALL_LENGTH_1300                                1        0.000%                1        0.000%
RET_STALL_LENGTH_1400                                0        0.000%                0        0.000%
RET_STALL_LENGTH_1500                                0        0.000%                0        0.000%
RET_STALL_LENGTH_1600                                0        0.000%                0        0.000%
RET_STALL_LENGTH_1700                                0        0.000%                0        0.000%
RET_STALL_LENGTH_1800                                0        0.000%                0        0.000%
RET_STALL_LENGTH_1900                                0        0.000%                0        0.000%
RET_STALL_LENGTH_2000                                0        0.000%                0        0.000%
RET_STALL_LENGTH_2100                                0        0.000%                0        0.000%
RET_STALL_LENGTH_2200                                0        0.000%                0        0.000%
RET_STALL_LENGTH_2300                                0        0.000%                0        0.000%
RET_STALL_LENGTH_2400                                0        0.000%                0        0.000%
RET_STALL_LENGTH_2500                                0        0.000%                0        0.000%
RET_STALL_LENGTH_2600                                0        0.000%                0        0.000%
RET_STALL_LENGTH_2700                                0        0.000%                0        0.000%
RET_STALL_LENGTH_2800                                0        0.000%                0        0.000%
RET_STALL_LENGTH_2900                                0        0.000%                0        0.000%
RET_STALL_LENGTH_3000                                0        0.000%                0        0.000%
RET_STALL_LENGTH_3100                                0        0.000%                0        0.000%
RET_STALL_LENGTH_3200                                0        0.000%                0        0.000%
RET_STALL_LENGTH_3300                                0        0.000%                0        0.000%
RET_STALL_LENGTH_3400                                0        0.000%                0        0.000%
RET_STALL_LENGTH_3500                                0        0.000%                0        0.000%
RET_STALL_LENGTH_3600                                0        0.000%                0        0.000%
RET_STALL_LENGTH_3700                                0        0.000%                0        0.000%
RET_STALL_LENGTH_3800                                0        0.000%                0        0.000%
RET_STALL_LENGTH_3900                                0        0.000%                0        0.000%
RET_STALL_LENGTH_4000                                0        0.000%                0        0.000%
RET_STALL_LENGTH_4100                                0        0.000%                0        0.000%
RET_STALL_LENGTH_4200                                0        0.000%                0        0.000%
RET_STALL_LENGTH_4300                                0        0.000%                0        0.000%
RET_STALL_LENGTH_4400                                0        0.000%                0        0.000%
RET_STALL_LENGTH_4500                                0        0.000%                0        0.000%
RET_STALL_LENGTH_4600                                0        0.000%                0        0.000%
RET_STALL_LENGTH_4700                                0        0.000%                0        0.000%
RET_STALL_LENGTH_4800                                0        0.000%                0        0.000%
RET_STALL_LENGTH_4900                                0        0.000%                0        0.000%
RET_STALL_LENGTH_5000                                0        0.000%                0        0.000%
                                              39995812      100.000%         79989530      100.000%
                                                  0.00         0.00              0.00         0.00

MEM_BLOCK_LENGTH_0                                   2       33.333%                7       53.846%
MEM_BLOCK_LENGTH_100                                 2       33.333%                4       30.769%
MEM_BLOCK_LENGTH_200                                 1       16.667%                1        7.692%
MEM_BLOCK_LENGTH_300                                 1       16.667%                1        7.692%
MEM_BLOCK_LENGTH_400                                 0        0.000%                0        0.000%
MEM_BLOCK_LENGTH_500                                 0        0.000%                0        0.000%
MEM_BLOCK_LENGTH_600                                 0        0.000%                0        0.000%
MEM_BLOCK_LENGTH_700                                 0        0.000%                0        0.000%
MEM_BLOCK_LENGTH_800                                 0        0.000%                0        0.000%
MEM_BLOCK_LENGTH_900                                 0        0.000%                0        0.000%
MEM_BLOCK_LENGTH_1000                                0        0.000%                0        0.000%
MEM_BLOCK_LENGTH_1100                                0        0.000%                0        0.000%
MEM_BLOCK_LENGTH_1200                                0        0.000%                0        0.000%
MEM_BLOCK_LENGTH_1300                                0        0.000%                0        0.000%
MEM_BLOCK_LENGTH_1400                                0        0.000%                0        0.000%
MEM_BLOCK_LENGTH_1500                                0        0.000%                0        0.000%
MEM_BLOCK_LENGTH_1600                                0        0.000%                0        0.000%
MEM_BLOCK_LENGTH_1700                                0        0.000%                0        0.000%
MEM_BLOCK_LENGTH_1800                                0        0.000%                0        0.000%
MEM_BLOCK_LENGTH_1900                                0        0.000%                0        0.000%
MEM_BLOCK_LENGTH_2000                                0        0.000%                0        0.000%
MEM_BLOCK_LENGTH_2100                                0        0.000%                0        0.000%
MEM_BLOCK_LENGTH_2200                                0        0.000%                0        0.000%
MEM_BLOCK_LENGTH_2300                                0        0.000%                0        0.000%
MEM_BLOCK_LENGTH_2400                                0        0.000%                0        0.000%
MEM_BLOCK_LENGTH_2500                                0        0.000%                0        0.000%
MEM_BLOCK_LENGTH_2600                                0        0.000%                0        0.000%
MEM_BLOCK_LENGTH_2700                                0        0.000%                0        0.000%
MEM_BLOCK_LENGTH_2800                                0        0.000%                0        0.000%
MEM_BLOCK_LENGTH_2900                                0        0.000%                0        0.000%
MEM_BLOCK_LENGTH_3000                                0        0.000%                0        0.000%
MEM_BLOCK_LENGTH_3100                                0        0.000%                0        0.000%
MEM_BLOCK_LENGTH_3200                                0        0.000%                0        0.000%
MEM_BLOCK_LENGTH_3300                                0        0.000%                0        0.000%
MEM_BLOCK_LENGTH_3400                                0        0.000%                0        0.000%
MEM_BLOCK_LENGTH_3500                                0        0.000%                0        0.000%
MEM_BLOCK_LENGTH_3600                                0        0.000%                0        0.000%
MEM_BLOCK_LENGTH_3700                                0        0.000%                0        0.000%
MEM_BLOCK_LENGTH_3800                                0        0.000%                0        0.000%
MEM_BLOCK_LENGTH_3900                                0        0.000%                0        0.000%
MEM_BLOCK_LENGTH_4000                                0        0.000%                0        0.000%
MEM_BLOCK_LENGTH_4100                                0        0.000%                0        0.000%
MEM_BLOCK_LENGTH_4200                                0        0.000%                0        0.000%
MEM_BLOCK_LENGTH_4300                                0        0.000%                0        0.000%
MEM_BLOCK_LENGTH_4400                                0        0.000%                0        0.000%
MEM_BLOCK_LENGTH_4500                                0        0.000%                0        0.000%
MEM_BLOCK_LENGTH_4600                                0        0.000%                0        0.000%
MEM_BLOCK_LENGTH_4700                                0        0.000%                0        0.000%
MEM_BLOCK_LENGTH_4800                                0        0.000%                0        0.000%
MEM_BLOCK_LENGTH_4900                                0        0.000%                0        0.000%
MEM_BLOCK_LENGTH_5000                                0        0.000%                0        0.000%
                                                     6      100.000%               13      100.000%
                                                  1.17         0.91              0.69         0.79

FUS_BUSY_ON_PATH                              50307949        4.9499        100611496        4.9471

FUS_BUSY_OFF_PATH                                    8        0.0000             4494        0.0002

FU_BUSY_MEM_STALL                             10312089        1.0146         20621644        1.0140

FUS_EMPTY                                     30999563        3.0501         62083170        3.0527

FU_UNAVAILABLE                                      48        0.0000              132        0.0000

FU_MEM_UNAVAILABLE                            10311994        1.0146         20621452        1.0140

FU_REPLAY                                            0        0.0000                0        0.0000

FU_STARVED                                    30999555        3.0501         62083024        3.0527

CHIP_UTILIZATION                                     0        0.0000                0        0.0000

CYCLES_UNDER_MEM_REQ                                 0                              0              

CYCLES_UNDER_NO_MEM_REQ                              0                              0              

CYCLES_UNDER_CRITICAL_MEM_REQ                        0                              0              

CYCLES_UNDER_NONCRITICAL_MEM_REQ                     0                              0              

CHIP_UTILIZATION_UNDER_MEM_REQ                       0          -nan                0          -nan

CHIP_UTILIZATION_UNDER_NO_MEM_REQ                    0          -nan                0          -nan

CHIP_UTILIZATION_UNDER_CRITICAL_MEM_REQ              0          -nan                0          -nan

CHIP_UTILIZATION_UNDER_NONCRITICAL_MEM_REQ             0          -nan                0          -nan

CYCLES_NOT_WAITING_FOR_OFF_CHIP                      0        0.0000                0        0.0000

FUS_BUSY_NOT_WAITING_FOR_OFF_CHIP                    0          -nan                0          -nan

CYCLES_WAITING_FOR_OFF_CHIP                          0        0.0000                0        0.0000

FUS_BUSY_WAITING_FOR_OFF_CHIP                        0          -nan                0          -nan

TOTAL_OFF_CHIP_DELAYS_LEFT                           0                              0              

WRONG_IO_SCHED                                       0                              0              

DVFS_CONFIG_SWITCH                                   0                              0              

MAP_STAGE_RECEIVED_OPS_0                             0        0.000%                0        0.000%
MAP_STAGE_RECEIVED_OPS_1                            35        0.000%               85        0.000%
MAP_STAGE_RECEIVED_OPS_2                            70        0.001%              154        0.001%
MAP_STAGE_RECEIVED_OPS_3                            34        0.000%               78        0.000%
MAP_STAGE_RECEIVED_OPS_4                       9998367       99.995%         19995994       99.994%
MAP_STAGE_RECEIVED_OPS_5                           159        0.002%              503        0.003%
MAP_STAGE_RECEIVED_OPS_6                           212        0.002%              449        0.002%
MAP_STAGE_RECEIVED_OPS_7                             0        0.000%                0        0.000%
MAP_STAGE_RECEIVED_OPS_8                             0        0.000%                0        0.000%
MAP_STAGE_RECEIVED_OPS_MAX                           0        0.000%                0        0.000%
                                               9998877      100.000%         19997263      100.000%
                                                  4.00         0.01              4.00         0.01

MAP_STAGE_WAIT_FOR_DECODE                            0         -nan%                0         -nan%
MAP_STAGE_CONSUME_DECODE                             0         -nan%                0         -nan%
                                                     0         -nan%                0         -nan%
                                                  -nan         -nan              -nan         -nan

MAP_STAGE_WAIT_FOR_DECODE2                           0         -nan%                0         -nan%
MAP_STAGE_CONSUME_DECODE2                            0         -nan%                0         -nan%
                                                     0         -nan%                0         -nan%
                                                  -nan         -nan              -nan         -nan

FTQ_RECOVER_EXEC                                     2                             51              

FTQ_RECOVER_DECODE                                   0                             27              

FTQ_OFFPATH_CYCLES                                  65                          14532              

FTQ_CYCLES_OFFPATH                                 125                          15134              

FTQ_CYCLES_ONPATH                             10163315                       20322261              

FTQ_FETCHED_INS_OFFPATH                            870                          50299              

FTQ_FETCHED_INS_ONPATH                        39995810                       79989976              

FTQ_BREAK_FULL_FT_ONPATH                      10163265      100.000%         20321963       99.999%
FTQ_BREAK_MAX_CFS_TAKEN_ONPATH                      48        0.000%              218        0.001%
FTQ_BREAK_MAX_BYTES_ONPATH                           0        0.000%                2        0.000%
FTQ_BREAK_PRED_BR_ONPATH                             0        0.000%                0        0.000%
FTQ_BREAK_BAR_FETCH_ONPATH                           0        0.000%                0        0.000%
                                              10163313      100.000%         20322183      100.000%
                                                  0.00         0.00              0.00         0.00

FTQ_BREAK_FULL_FT_OFFPATH                          127      100.000%            14153       93.038%
FTQ_BREAK_MAX_CFS_TAKEN_OFFPATH                      0        0.000%              240        1.578%
FTQ_BREAK_MAX_BYTES_OFFPATH                          0        0.000%              819        5.384%
FTQ_BREAK_PRED_BR_OFFPATH                            0        0.000%                0        0.000%
FTQ_BREAK_BAR_FETCH_OFFPATH                          0        0.000%                0        0.000%
                                                   127      100.000%            15212      100.000%
                                                  0.00         0.00              0.12         0.45



