Scarab gitrev: 3541854
Scarab started at Sat Oct 26 02:10:46 2024

Initialized Ramulator. 
** Heartbeat:   5% -- { 1000000 } -- 0.00 KIPS (90.91 KIPS)
** Heartbeat:  10% -- { 2000000 } -- 90.91 KIPS (90.91 KIPS)
** Heartbeat:  15% -- { 3000000 } -- 100.00 KIPS (93.75 KIPS)
** Heartbeat:  20% -- { 4000000 } -- 90.91 KIPS (93.02 KIPS)
** Heartbeat:  25% -- { 5000000 } -- 90.91 KIPS (92.59 KIPS)
** Heartbeat:  30% -- { 6000000 } -- 100.00 KIPS (93.75 KIPS)
** Heartbeat:  35% -- { 7000000 } -- 90.91 KIPS (93.33 KIPS)
** Heartbeat:  40% -- { 8000000 } -- 90.91 KIPS (93.02 KIPS)
** Heartbeat:  45% -- { 9000000 } -- 100.00 KIPS (93.75 KIPS)
** Heartbeat:  50% -- { 10000000 } -- 90.91 KIPS (93.46 KIPS)
** Heartbeat:  55% -- { 11000000 } -- 100.00 KIPS (94.02 KIPS)
** Heartbeat:  60% -- { 12000000 } -- 100.00 KIPS (94.49 KIPS)
** Heartbeat:  65% -- { 13000000 } -- 90.91 KIPS (94.20 KIPS)
** Heartbeat:  70% -- { 14000000 } -- 90.91 KIPS (93.96 KIPS)
** Heartbeat:  75% -- { 15000000 } -- 100.00 KIPS (94.34 KIPS)
** Heartbeat:  80% -- { 16000000 } -- 90.91 KIPS (94.12 KIPS)
** Heartbeat:  85% -- { 17000000 } -- 90.91 KIPS (93.92 KIPS)
** Heartbeat:  90% -- { 18000000 } -- 100.00 KIPS (94.24 KIPS)
** Heartbeat:  95% -- { 19000000 } -- 90.91 KIPS (94.06 KIPS)
** Heartbeat: 100% -- { 20000000 } -- 100.00 KIPS (94.34 KIPS)
** Core 0 Finished:    insts:20000000    cycles:20337395    time:6355435937500       -- 0.98 IPC (0.98 IPC) --  N/A  KIPS (94.34 KIPS)
Scarab finished at Sat Oct 26 02:14:18 2024

