/* -*- Mode: c -*- */
####################################################################################################
Core 0
####################################################################################################
Cumulative:        Cycles: 9363323               Instructions: 20000000              IPC: 2.13599

Periodic:          Cycles: 4583813               Instructions: 10000000              IPC: 2.18159

MISS_WAIT_TIME                             10645889815                    14180587504              

ICACHE_STAGE_MISS                                 1493                           3218              

ICACHE_CYCLE                                   4583813                        9363323              

TCACHE_CYCLE                                         0                              0              

ICACHE_CYCLE_ONPATH                            2809853       61.299%          5664295       60.494%
ICACHE_CYCLE_OFFPATH                           1773960       38.701%          3699028       39.506%
                                               4583813      100.000%          9363323      100.000%
                                                  0.39         0.45              0.40         0.45

FETCH_ON_PATH                                  2714187       64.148%          5441384       63.457%
FETCH_OFF_PATH                                 1516968       35.852%          3133479       36.543%
                                               4231155      100.000%          8574863      100.000%
                                                  0.36         0.44              0.37         0.44

FETCHED_OPS_ON_PATH                                  0         -nan%                0         -nan%
FETCHED_OPS_OFF_PATH                                 0         -nan%                0         -nan%
                                                     0         -nan%                0         -nan%
                                                  -nan         -nan              -nan         -nan

INST_LOST_FETCH                               12112082       46.927%         24244625       46.044%
INST_LOST_OFF_PATH                             6871279       26.622%         14213654       26.994%
INST_LOST_FULL_WINDOW                            81996        0.318%           164352        0.312%
INST_LOST_ROB_STALL_OTHER                       212454        0.823%           441558        0.839%
INST_LOST_ROB_STALL_WAIT_FOR_RECOVERY             6270        0.024%            14538        0.028%
INST_LOST_ROB_STALL_WAIT_FOR_REDIRECT                0        0.000%                0        0.000%
INST_LOST_ROB_STALL_WAIT_FOR_GAP_FILL                0        0.000%                0        0.000%
INST_LOST_ROB_STALL_WAIT_FOR_L1_MISS                 0        0.000%                0        0.000%
INST_LOST_ROB_STALL_WAIT_FOR_MEMORY                 78        0.000%              210        0.000%
INST_LOST_ROB_STALL_WAIT_FOR_DC_MISS           1815150        7.033%          4110102        7.806%
INST_LOST_ROB_BLOCK_ISSUE_FULL                       0        0.000%                0        0.000%
INST_LOST_ROB_BLOCK_ISSUE_GAP_TOO_LARGE              0        0.000%                0        0.000%
INST_LOST_BREAK_DONT                                 0        0.000%                0        0.000%
INST_LOST_BREAK_RENAME                               0        0.000%                0        0.000%
INST_LOST_BREAK_FT_UNAVAILABLE                     135        0.001%              135        0.000%
INST_LOST_BREAK_ICACHE_TO_UOP_CACHE_SWITCH        349917        1.356%           722709        1.373%
INST_LOST_BREAK_ICACHE_MISS_REQ_SUCCESS           6042        0.023%            13036        0.025%
INST_LOST_BREAK_ICACHE_MISS_REQ_FAILURE              0        0.000%              280        0.001%
INST_LOST_BREAK_WAIT_FOR_MISS                    65480        0.254%           187560        0.356%
INST_LOST_BREAK_UOP_CACHE_READ_LIMIT           3897255       15.100%          7730300       14.681%
INST_LOST_BREAK_UOP_CACHE_READ_LIMIT_AND_ISSUE_WIDTH             0        0.000%                0        0.000%
INST_LOST_BREAK_ICACHE_READ_LIMIT               392249        1.520%           812403        1.543%
INST_LOST_BREAK_ICACHE_READ_LIMIT_AND_ISSUE_WIDTH             0        0.000%                0        0.000%
INST_LOST_BREAK_ISSUE_WIDTH                          0        0.000%                0        0.000%
INST_LOST_BREAK_BARRIERT                             0        0.000%                0        0.000%
INST_LOST_BREAK_WAIT_FOR_EMPTY_ROB                   0        0.000%                0        0.000%
INST_LOST_BREAK_APP_EXIT                             3        0.000%                3        0.000%
INST_LOST_BREAK_STALL                                0        0.000%                0        0.000%
                                              25810390      100.000%         52655465      100.000%
                                                  4.37         6.57              4.39         6.53

INST_LOST_TOTAL                               25810390                       52655465              

INST_LOST_WAIT_FOR_ICACHE_MISS_NOT_PREFETCHED             0        0.000%            13955        8.704%
INST_LOST_WAIT_FOR_ICACHE_MISS_PREFETCHED_AND_EVICTED_BY_IFETCH             0        0.000%                0        0.000%
INST_LOST_WAIT_FOR_ICACHE_MISS_PREFETCHED_AND_EVICTED_BY_FDIP             0        0.000%                0        0.000%
INST_LOST_WAIT_FOR_ICACHE_MISS_MSHR_HIT_PREF_OFFPATH           950        1.738%             1905        1.188%
INST_LOST_WAIT_FOR_ICACHE_MISS_MSHR_HIT_PREF_ONPATH         53705       98.262%           144465       90.108%
                                                 54655      100.000%           160325      100.000%
                                                  3.98         3.95              3.64         3.47

FETCH_0_OPS                                     381256        8.291%           868721        9.238%
FETCH_1_OPS                                     262691        5.713%           525538        5.588%
FETCH_2_OPS                                     353912        7.696%           706660        7.514%
FETCH_3_OPS                                     426514        9.275%           855454        9.097%
FETCH_4_OPS                                     346848        7.543%           696382        7.405%
FETCH_5_OPS                                    1617174       35.168%          3340593       35.523%
FETCH_6_OPS                                    1210007       26.314%          2410761       25.635%
FETCH_7_OPS                                          0        0.000%                0        0.000%
FETCH_8_OPS                                          0        0.000%                0        0.000%
FETCH_9_OPS                                          0        0.000%                0        0.000%
FETCH_10_OPS                                         0        0.000%                0        0.000%
FETCH_11_OPS                                         0        0.000%                0        0.000%
FETCH_12_OPS                                         0        0.000%                0        0.000%
FETCH_13_OPS                                         0        0.000%                0        0.000%
FETCH_14_OPS                                         0        0.000%                0        0.000%
FETCH_15_OPS                                         0        0.000%                0        0.000%
FETCH_16_OPS                                         0        0.000%                0        0.000%
                                               4598402      100.000%          9404109      100.000%
                                                  4.13         1.49              4.09         1.48

ST_BREAK_DONT                                        0        0.000%                0        0.000%
ST_BREAK_RENAME                                      0        0.000%                0        0.000%
ST_BREAK_FT_UNAVAILABLE                             27        0.001%               27        0.000%
ST_BREAK_ICACHE_TO_UOP_CACHE_SWITCH             130623        3.087%           268863        3.135%
ST_BREAK_ICACHE_MISS_REQ_SUCCESS                  1493        0.035%             3218        0.038%
ST_BREAK_ICACHE_MISS_REQ_FAILURE                     0        0.000%               56        0.001%
ST_BREAK_WAIT_FOR_MISS                           13096        0.310%            37512        0.437%
ST_BREAK_UOP_CACHE_READ_LIMIT                  1328659       31.402%          2639628       30.783%
ST_BREAK_UOP_CACHE_READ_LIMIT_AND_ISSUE_WIDTH        153701        3.633%           310414        3.620%
ST_BREAK_ICACHE_READ_LIMIT                      194762        4.603%           403654        4.707%
ST_BREAK_ICACHE_READ_LIMIT_AND_ISSUE_WIDTH         69328        1.639%           143842        1.677%
ST_BREAK_ISSUE_WIDTH                           2339465       55.291%          4767648       55.600%
ST_BREAK_BARRIERT                                    0        0.000%                0        0.000%
ST_BREAK_WAIT_FOR_EMPTY_ROB                          0        0.000%                0        0.000%
ST_BREAK_APP_EXIT                                    1        0.000%                1        0.000%
ST_BREAK_STALL                                       0        0.000%                0        0.000%
                                               4231155      100.000%          8574863      100.000%
                                                  9.26         2.14              9.27         2.15

ORACLE_ON_PATH_INST                           12112082       63.804%         24244625       63.041%
ORACLE_OFF_PATH_INST                           6871279       36.196%         14213654       36.959%
                                              18983361      100.000%         38458279      100.000%
                                                  0.36         0.44              0.37         0.44

ORACLE_ON_PATH_INST_MEM                        3699810       19.490%          7419471       19.292%
ORACLE_ON_PATH_INST_NOTMEM                     8412272       44.314%         16825154       43.749%
ORACLE_OFF_PATH_INST_MEM                       2115595       11.144%          4392748       11.422%
ORACLE_OFF_PATH_INST_NOTMEM                    4755684       25.052%          9820906       25.537%
                                              18983361      100.000%         38458279      100.000%
                                                  1.42         1.12              1.43         1.13

ICACHE_CYCLE_NONRA_ONPATH                            0         -nan%                0         -nan%
ICACHE_CYCLE_NONRA_OFFPATH                           0         -nan%                0         -nan%
ICACHE_CYCLE_RA_ONPATH                               0         -nan%                0         -nan%
ICACHE_CYCLE_RA_OFFPATH                              0         -nan%                0         -nan%
                                                     0         -nan%                0         -nan%
                                                  -nan         -nan              -nan         -nan

ICACHE_CYCLE_ONPATH_NONRA                            0         -nan%                0         -nan%
ICACHE_CYCLE_OFFPATH_NONRA                           0         -nan%                0         -nan%
                                                     0         -nan%                0         -nan%
                                                  -nan         -nan              -nan         -nan

ICACHE_CYCLE_ONPATH_RA                               0         -nan%                0         -nan%
ICACHE_CYCLE_OFFPATH_RA                              0         -nan%                0         -nan%
                                                     0         -nan%                0         -nan%
                                                  -nan         -nan              -nan         -nan

INACCURATE_OFFPATH_CYCLES                            0        0.0000                0        0.0000

FETCH_ALL_INST                                18983361                       38458279              

EXEC_ALL_INST                                 14354409                       28884491              

RET_ALL_INST                                  12112395                       24244625              

EXEC_ON_PATH_INST                             12112282       84.380%         24244625       83.936%
EXEC_OFF_PATH_INST                             2242127       15.620%          4639866       16.064%
                                              14354409      100.000%         28884491      100.000%
                                                  0.16         0.34              0.16         0.34

EXEC_ON_PATH_INST_MEM                          3699858       25.775%          7419471       25.687%
EXEC_ON_PATH_INST_NOTMEM                       8412424       58.605%         16825154       58.250%
EXEC_OFF_PATH_INST_MEM                          769658        5.362%          1595900        5.525%
EXEC_OFF_PATH_INST_NOTMEM                      1472469       10.258%          3043966       10.538%
                                              14354409      100.000%         28884491      100.000%
                                                  1.00         0.75              1.01         0.76

EXEC_RA_INST                                         0         -nan%                0         -nan%
EXEC_NONRA_INST                                      0         -nan%                0         -nan%
                                                     0         -nan%                0         -nan%
                                                  -nan         -nan              -nan         -nan

EXEC_ON_PATH_INST_RA                                 0         -nan%                0         -nan%
EXEC_OFF_PATH_INST_RA                                0         -nan%                0         -nan%
                                                     0         -nan%                0         -nan%
                                                  -nan         -nan              -nan         -nan

EXEC_ON_PATH_INST_NONRA                              0         -nan%                0         -nan%
EXEC_OFF_PATH_INST_NONRA                             0         -nan%                0         -nan%
                                                     0         -nan%                0         -nan%
                                                  -nan         -nan              -nan         -nan

EXEC_RA_ON_PATH_INST                                 0         -nan%                0         -nan%
EXEC_RA_OFF_PATH_INST                                0         -nan%                0         -nan%
EXEC_NONRA_ON_PATH_INST                              0         -nan%                0         -nan%
EXEC_NONRA_OFF_PATH_INST                             0         -nan%                0         -nan%
                                                     0         -nan%                0         -nan%
                                                  -nan         -nan              -nan         -nan

ICACHE_THROTTLE_CYCLE                                0                              0              

FETCH_ENABLE_THROTTLE_OFF_PATH                       0         -nan%                0         -nan%
FETCH_ENABLE_THROTTLE_ON_PATH                        0         -nan%                0         -nan%
                                                     0         -nan%                0         -nan%
                                                  -nan         -nan              -nan         -nan

FETCH_DISABLE_THROTTLE_OFF_PATH                      0         -nan%                0         -nan%
FETCH_DISABLE_THROTTLE_ON_PATH                       0         -nan%                0         -nan%
                                                     0         -nan%                0         -nan%
                                                  -nan         -nan              -nan         -nan

FETCH_TH_ADJUST__0                                   0         -nan%                0         -nan%
FETCH_TH_ADJUST__1                                   0         -nan%                0         -nan%
FETCH_TH_ADJUST__2                                   0         -nan%                0         -nan%
FETCH_TH_ADJUST__3                                   0         -nan%                0         -nan%
FETCH_TH_ADJUST__4                                   0         -nan%                0         -nan%
FETCH_TH_ADJUST__5                                   0         -nan%                0         -nan%
FETCH_TH_ADJUST__6                                   0         -nan%                0         -nan%
FETCH_TH_ADJUST__7                                   0         -nan%                0         -nan%
FETCH_TH_ADJUST__8                                   0         -nan%                0         -nan%
FETCH_TH_ADJUST__9                                   0         -nan%                0         -nan%
FETCH_TH_ADJUST__MAX                                 0         -nan%                0         -nan%
                                                     0         -nan%                0         -nan%
                                                  -nan         -nan              -nan         -nan

FETCH_TH_ADJUST_UP                                   0         -nan%                0         -nan%
FETCH_TH_ADJUST_DOWN                                 0         -nan%                0         -nan%
FETCH_TH_ADJUST_SAME                                 0         -nan%                0         -nan%
                                                     0         -nan%                0         -nan%
                                                  -nan         -nan              -nan         -nan

THROTTLE_ADJUST_CACHE_MISS_INFO                      0                              0              

LOW_CONF_COUNT_BP_MIS_0                              0         -nan%                0         -nan%
LOW_CONF_COUNT_BP_MIS_1                              0         -nan%                0         -nan%
LOW_CONF_COUNT_BP_MIS_2                              0         -nan%                0         -nan%
LOW_CONF_COUNT_BP_MIS_3                              0         -nan%                0         -nan%
LOW_CONF_COUNT_BP_MIS_4                              0         -nan%                0         -nan%
LOW_CONF_COUNT_BP_MIS_5                              0         -nan%                0         -nan%
LOW_CONF_COUNT_BP_MIS_6                              0         -nan%                0         -nan%
LOW_CONF_COUNT_BP_MIS_7                              0         -nan%                0         -nan%
LOW_CONF_COUNT_BP_MIS_8                              0         -nan%                0         -nan%
LOW_CONF_COUNT_BP_MIS_9                              0         -nan%                0         -nan%
LOW_CONF_COUNT_BP_MIS_10                             0         -nan%                0         -nan%
LOW_CONF_COUNT_BP_MIS_11                             0         -nan%                0         -nan%
LOW_CONF_COUNT_BP_MIS_12                             0         -nan%                0         -nan%
LOW_CONF_COUNT_BP_MIS_13                             0         -nan%                0         -nan%
LOW_CONF_COUNT_BP_MIS_14                             0         -nan%                0         -nan%
LOW_CONF_COUNT_BP_MIS_15                             0         -nan%                0         -nan%
LOW_CONF_COUNT_BP_MIS_16                             0         -nan%                0         -nan%
LOW_CONF_COUNT_BP_MIS_17                             0         -nan%                0         -nan%
LOW_CONF_COUNT_BP_MIS_18                             0         -nan%                0         -nan%
LOW_CONF_COUNT_BP_MIS_19                             0         -nan%                0         -nan%
LOW_CONF_COUNT_BP_MIS_20                             0         -nan%                0         -nan%
                                                     0         -nan%                0         -nan%
                                                  -nan         -nan              -nan         -nan

LOW_CONF_COUNT_RET_0                                 0         -nan%                0         -nan%
LOW_CONF_COUNT_RET_1                                 0         -nan%                0         -nan%
LOW_CONF_COUNT_RET_2                                 0         -nan%                0         -nan%
LOW_CONF_COUNT_RET_3                                 0         -nan%                0         -nan%
LOW_CONF_COUNT_RET_4                                 0         -nan%                0         -nan%
LOW_CONF_COUNT_RET_5                                 0         -nan%                0         -nan%
LOW_CONF_COUNT_RET_6                                 0         -nan%                0         -nan%
LOW_CONF_COUNT_RET_7                                 0         -nan%                0         -nan%
LOW_CONF_COUNT_RET_8                                 0         -nan%                0         -nan%
LOW_CONF_COUNT_RET_9                                 0         -nan%                0         -nan%
LOW_CONF_COUNT_RET_10                                0         -nan%                0         -nan%
LOW_CONF_COUNT_RET_11                                0         -nan%                0         -nan%
LOW_CONF_COUNT_RET_12                                0         -nan%                0         -nan%
LOW_CONF_COUNT_RET_13                                0         -nan%                0         -nan%
LOW_CONF_COUNT_RET_14                                0         -nan%                0         -nan%
LOW_CONF_COUNT_RET_15                                0         -nan%                0         -nan%
LOW_CONF_COUNT_RET_16                                0         -nan%                0         -nan%
LOW_CONF_COUNT_RET_17                                0         -nan%                0         -nan%
LOW_CONF_COUNT_RET_18                                0         -nan%                0         -nan%
LOW_CONF_COUNT_RET_19                                0         -nan%                0         -nan%
LOW_CONF_COUNT_RET_20                                0         -nan%                0         -nan%
                                                     0         -nan%                0         -nan%
                                                  -nan         -nan              -nan         -nan

CYCLES_RESTEER_MISPRED                               0         -nan%                0         -nan%
CYCLES_RESTEER_MISFETCH                              0         -nan%                0         -nan%
CYCLES_RESTEER_BTB_MISS                              0         -nan%                0         -nan%
                                                     0         -nan%                0         -nan%
                                                  -nan         -nan              -nan         -nan

CYCLES_RESTEER_MISPRED_SAVED_UC_FETCH                0         -nan%                0         -nan%
CYCLES_RESTEER_MISPRED_COULD_BE_SAVED_UC_FETCH             0         -nan%                0         -nan%
CYCLES_RESTEER_MISFETCH_SAVED_UC_FETCH               0         -nan%                0         -nan%
CYCLES_RESTEER_MISFETCH_COULD_BE_SAVED_UC_FETCH             0         -nan%                0         -nan%
CYCLES_RESTEER_BTB_MISS_SAVED_UC_FETCH               0         -nan%                0         -nan%
CYCLES_RESTEER_BTB_MISS_COULD_BE_SAVED_UC_FETCH             0         -nan%                0         -nan%
                                                     0         -nan%                0         -nan%
                                                  -nan         -nan              -nan         -nan

CYCLES_UOC_IC_SWITCH                                 0                              0              



