/* -*- Mode: c -*- */
####################################################################################################
Core 0
####################################################################################################
Cumulative:        Cycles: 17621291              Instructions: 20000000              IPC: 1.13499

Periodic:          Cycles: 8851821               Instructions: 9999998               IPC: 1.12971

EXECUTION_TIME                           2766194062500                  5506653437500              

NODE_CYCLE                                     8851821                       17621291              

NODE_INST_COUNT                                9999998                       20000000              

NODE_INST_COUNT_FETCHED                        9999998                       20000000              

NODE_UOP_COUNT                                11969873                       23987086              

FULL_WINDOW_STALL                              6303737       71.214%         12491278       70.887%

FULL_WINDOW_MEM_OP                             4498258       78.139%          9022374       78.957%
FULL_WINDOW_FP_OP                              1258465       21.861%          2404558       21.043%
FULL_WINDOW_OTHER_OP                                 8        0.000%               11        0.000%
                                               5756731      100.000%         11426943      100.000%
                                                  0.22         0.37              0.21         0.36

RET_BLOCKED_DC_MISS                            4371208       49.382%          8877539       50.380%

RET_BLOCKED_L1_MISS                            4517504       51.035%          9145364       51.900%

RET_BLOCKED_L1_MISS_BW_PREF                          0        0.000%                0        0.000%

RET_BLOCKED_L1_ACCESS                            32012        0.362%            61405        0.348%

RET_BLOCKED_MEM_STALL                          4519656       51.059%          9149453       51.923%

RET_BLOCKED_OFFCHIP_DEMAND                           0        0.000%                0        0.000%

OP_ISSUED                                     11970964                       23997021              

OP_RETIRED                                    11969873                       23987086              

REPLAY_SIGNALED                                      0                              0              

REPLAY_COUNTED                                       0                              0              

OFF_CRITICAL_PATH                                    0         -nan%                0         -nan%
ON_CRITICAL_PATH                                     0         -nan%                0         -nan%
                                                     0         -nan%                0         -nan%
                                                  -nan         -nan              -nan         -nan

LD_NO_DEPENDENTS                                 33820        0.662%            60362        0.592%
LD_DEPENDENTS                                  5072950       99.338%         10135087       99.408%
                                               5106770      100.000%         10195449      100.000%
                                                  0.99         0.99              0.99         0.99

LD_EXEC_CYCLES_0                                     0        0.000%                0        0.000%
LD_EXEC_CYCLES_1                                     0        0.000%                0        0.000%
LD_EXEC_CYCLES_2                                     0        0.000%                0        0.000%
LD_EXEC_CYCLES_3                                 31857       45.423%            65561       45.020%
LD_EXEC_CYCLES_4                                 38277       54.577%            80067       54.980%
                                                 70134      100.000%           145628      100.000%
                                                  3.55         2.67              3.55         2.68

ICACHE_STAGE_STARVED                               178        0.007%             1473        0.028%
ICACHE_STAGE_NOT_STARVED                       2588565       99.993%          5212582       99.972%
                                               2588743      100.000%          5214055      100.000%
                                                  1.00         1.00              1.00         1.00

ICACHE_STAGE_STALLED                           6261252       70.734%         12396279       70.348%
ICACHE_STAGE_NOT_STALLED                       2588743       29.245%          5213410       29.586%
ICACHE_STAGE_OFF_PATH                             1826        0.021%            11602        0.066%
                                               8851821      100.000%         17621291      100.000%
                                                  0.29         0.38              0.30         0.38

DECODE_STAGE_STARVED                           8850979       99.998%         17616252       99.996%
DECODE_STAGE_NOT_STARVED                           169        0.002%              622        0.004%
                                               8851148      100.000%         17616874      100.000%
                                                  0.00         0.00              0.00         0.01

DECODE_STAGE_STALLED                              1968        0.022%             2271        0.013%
DECODE_STAGE_NOT_STALLED                       8849180       99.970%         17614603       99.962%
DECODE_STAGE_OFF_PATH                              673        0.008%             4417        0.025%
                                               8851821      100.000%         17621291      100.000%
                                                  1.00         0.01              1.00         0.02

UOPQ_STAGE_STARVED                                 441        0.017%             4811        0.092%
UOPQ_STAGE_NOT_STARVED                         2588319       99.983%          5210310       99.908%
                                               2588760      100.000%          5215121      100.000%
                                                  1.00         1.00              1.00         1.00

UOPQ_STAGE_STALLED                             6261336       70.735%         12396703       70.351%
UOPQ_STAGE_NOT_STALLED                         2588760       29.246%          5215121       29.596%
UOPQ_STAGE_OFF_PATH                               1725        0.019%             9467        0.054%
                                               8851821      100.000%         17621291      100.000%
                                                  0.29         0.38              0.30         0.38

MAP_STAGE_STARVED                                  276        0.003%             1370        0.008%
MAP_STAGE_NOT_STARVED                          8850118       99.997%         17611048       99.992%
                                               8850394      100.000%         17612418      100.000%
                                                  1.00         1.00              1.00         1.00

MAP_STAGE_STALLED                              6261519       70.737%         12398290       70.360%
MAP_STAGE_NOT_STALLED                          2588875       29.247%          5214128       29.590%
MAP_STAGE_OFF_PATH                                1427        0.016%             8873        0.050%
                                               8851821      100.000%         17621291      100.000%
                                                  0.29         0.38              0.30         0.38

EXEC_STAGE_STARVED                             5391347       60.907%         10929549       62.025%
EXEC_STAGE_NOT_STARVED                         3460272       39.091%          6689495       37.963%
EXEC_STAGE_OFF_PATH                                202        0.002%             2247        0.013%
                                               8851821      100.000%         17621291      100.000%
                                                  0.39         0.38              0.38         0.38

FU_BUSY_0                                      4034631                        7858988              

FU_BUSY_1                                      1950271                        3900041              

FU_BUSY_2                                      2622397                        5226773              

FU_BUSY_3                                      2492160                        4985915              

FU_BUSY_4                                      1208063                        2441652              

FU_BUSY_5                                       425797                         833477              

FU_BUSY_6                                       399962                         753089              

FU_BUSY_7                                       408031                         774149              

FU_BUSY_8                                            0                              0              

FU_BUSY_9                                            0                              0              

FU_BUSY_10                                           0                              0              

FU_BUSY_11                                           0                              0              

FU_BUSY_12                                           0                              0              

FU_BUSY_13                                           0                              0              

FU_BUSY_14                                           0                              0              

FU_BUSY_15                                           0                              0              

FU_BUSY_16                                           0                              0              

FU_BUSY_17                                           0                              0              

FU_BUSY_18                                           0                              0              

FU_BUSY_19                                           0                              0              

FU_BUSY_20                                           0                              0              

FU_BUSY_21                                           0                              0              

FU_BUSY_22                                           0                              0              

FU_BUSY_23                                           0                              0              

FU_BUSY_24                                           0                              0              

FU_BUSY_25                                           0                              0              

FU_BUSY_26                                           0                              0              

FU_BUSY_27                                           0                              0              

FU_BUSY_28                                           0                              0              

FU_BUSY_29                                           0                              0              

FU_BUSY_30                                           0                              0              

FU_BUSY_31                                           0                              0              

FU_REJECTED_OP_INV_NOT_SIMD                          0        0.000%                0        0.000%
FU_REJECTED_OP_NOP_NOT_SIMD                          0        0.000%                3        0.000%
FU_REJECTED_OP_CF_NOT_SIMD                         167        0.011%              267        0.010%
FU_REJECTED_OP_MOV_NOT_SIMD                        245        0.017%              346        0.013%
FU_REJECTED_OP_CMOV_NOT_SIMD                         0        0.000%                0        0.000%
FU_REJECTED_OP_LDA_NOT_SIMD                       2774        0.188%             4296        0.166%
FU_REJECTED_OP_IMEM_NOT_SIMD                      3674        0.250%             6670        0.257%
FU_REJECTED_OP_IADD_NOT_SIMD                      4103        0.279%             8371        0.323%
FU_REJECTED_OP_IMUL_NOT_SIMD                        43        0.003%               61        0.002%
FU_REJECTED_OP_IDIV_NOT_SIMD                         0        0.000%                0        0.000%
FU_REJECTED_OP_ICMP_NOT_SIMD                         0        0.000%                0        0.000%
FU_REJECTED_OP_LOGIC_NOT_SIMD                      115        0.008%              205        0.008%
FU_REJECTED_OP_SHIFT_NOT_SIMD                        0        0.000%                0        0.000%
FU_REJECTED_OP_FMEM_NOT_SIMD                         0        0.000%                0        0.000%
FU_REJECTED_OP_FCVT_NOT_SIMD                         0        0.000%                0        0.000%
FU_REJECTED_OP_FADD_NOT_SIMD                         0        0.000%                0        0.000%
FU_REJECTED_OP_FMUL_NOT_SIMD                         0        0.000%                0        0.000%
FU_REJECTED_OP_FMA_NOT_SIMD                          0        0.000%                0        0.000%
FU_REJECTED_OP_FDIV_NOT_SIMD                         0        0.000%                0        0.000%
FU_REJECTED_OP_FCMP_NOT_SIMD                         0        0.000%                0        0.000%
FU_REJECTED_OP_FCMOV_NOT_SIMD                        0        0.000%                0        0.000%
FU_REJECTED_OP_GATHER_NOT_SIMD                       0        0.000%                0        0.000%
FU_REJECTED_OP_SCATTER_NOT_SIMD                      0        0.000%                0        0.000%
FU_REJECTED_OP_PIPELINED_FAST_NOT_SIMD               0        0.000%                0        0.000%
FU_REJECTED_OP_PIPELINED_MEDIUM_NOT_SIMD             0        0.000%                0        0.000%
FU_REJECTED_OP_PIPELINED_SLOW_NOT_SIMD               0        0.000%                0        0.000%
FU_REJECTED_OP_NOTPIPELINED_MEDIUM_NOT_SIMD             0        0.000%                0        0.000%
FU_REJECTED_OP_NOTPIPELINED_SLOW_NOT_SIMD             0        0.000%                0        0.000%
FU_REJECTED_OP_NOTPIPELINED_VERY_SLOW_NOT_SIMD             0        0.000%                0        0.000%
FU_REJECTED_OP_INV_SIMD                              0        0.000%                0        0.000%
FU_REJECTED_OP_NOP_SIMD                              0        0.000%                0        0.000%
FU_REJECTED_OP_CF_SIMD                               0        0.000%                0        0.000%
FU_REJECTED_OP_MOV_SIMD                              8        0.001%                8        0.000%
FU_REJECTED_OP_CMOV_SIMD                             0        0.000%                0        0.000%
FU_REJECTED_OP_LDA_SIMD                              0        0.000%                0        0.000%
FU_REJECTED_OP_IMEM_SIMD                             0        0.000%                0        0.000%
FU_REJECTED_OP_IADD_SIMD                             0        0.000%                0        0.000%
FU_REJECTED_OP_IMUL_SIMD                             0        0.000%                0        0.000%
FU_REJECTED_OP_IDIV_SIMD                             0        0.000%                0        0.000%
FU_REJECTED_OP_ICMP_SIMD                             0        0.000%                0        0.000%
FU_REJECTED_OP_LOGIC_SIMD                            0        0.000%                0        0.000%
FU_REJECTED_OP_SHIFT_SIMD                            0        0.000%                0        0.000%
FU_REJECTED_OP_FMEM_SIMD                             0        0.000%                0        0.000%
FU_REJECTED_OP_FCVT_SIMD                          4053        0.275%             9369        0.361%
FU_REJECTED_OP_FADD_SIMD                        166010       11.278%           303735       11.714%
FU_REJECTED_OP_FMUL_SIMD                             0        0.000%                0        0.000%
FU_REJECTED_OP_FMA_SIMD                            440        0.030%              726        0.028%
FU_REJECTED_OP_FDIV_SIMD                           113        0.008%              210        0.008%
FU_REJECTED_OP_FCMP_SIMD                             0        0.000%                1        0.000%
FU_REJECTED_OP_FCMOV_SIMD                      1290224       87.653%          2258591       87.108%
FU_REJECTED_OP_GATHER_SIMD                           0        0.000%                0        0.000%
FU_REJECTED_OP_SCATTER_SIMD                          0        0.000%                0        0.000%
FU_REJECTED_OP_PIPELINED_FAST_SIMD                   0        0.000%                0        0.000%
FU_REJECTED_OP_PIPELINED_MEDIUM_SIMD                 0        0.000%                0        0.000%
FU_REJECTED_OP_PIPELINED_SLOW_SIMD                   0        0.000%                0        0.000%
FU_REJECTED_OP_NOTPIPELINED_MEDIUM_SIMD              0        0.000%                0        0.000%
FU_REJECTED_OP_NOTPIPELINED_SLOW_SIMD                0        0.000%                0        0.000%
FU_REJECTED_OP_NOTPIPELINED_VERY_SLOW_SIMD             0        0.000%                0        0.000%
                                               1471969      100.000%          2592859      100.000%
                                                 48.09         4.01             48.06         4.06

OP_WAIT_0                                      5524556                       11250201              

OP_WAIT_1                                      1828610                        3644316              

OP_WAIT_2                                       948582                        1890488              

OP_WAIT_3                                       489993                         987040              

OP_WAIT_4                                       391001                         777101              

OP_WAIT_5                                       270714                         539481              

OP_WAIT_6                                       212301                         418834              

OP_WAIT_7                                       150141                         294517              

OP_WAIT_8                                       146955                         285270              

OP_WAIT_9                                       125027                         242122              

OP_WAIT_10                                      137819                         262330              

OP_WAIT_11                                      120429                         227803              

OP_WAIT_12                                      111319                         209393              

OP_WAIT_13                                      103829                         196512              

OP_WAIT_14                                       92936                         177134              

OP_WAIT_15                                       86748                         165035              

OP_WAIT_16                                       91442                         171987              

OP_WAIT_17                                       64209                         121659              

OP_WAIT_18                                       57453                         108305              

OP_WAIT_19                                       50038                          94559              

OP_WAIT_20                                       43081                          81006              

OP_WAIT_21                                       38241                          71838              

OP_WAIT_22                                       33071                          63284              

OP_WAIT_23                                       29354                          55762              

OP_WAIT_24                                       26937                          52026              

OP_WAIT_25                                       27359                          52880              

OP_WAIT_26                                       24516                          47651              

OP_WAIT_27                                       23396                          44776              

OP_WAIT_28                                       22712                          44499              

OP_WAIT_29                                       20639                          40655              

OP_WAIT_30                                       17805                          35235              

OP_WAIT_31                                      658660                        1333387              

ROW_SIZE_0                                     6501354                       12921512              

ROW_SIZE_1                                      334221                         649574              

ROW_SIZE_2                                       65903                         141767              

ROW_SIZE_3                                       33304                          67274              

ROW_SIZE_4                                       24410                          46868              

ROW_SIZE_5                                       49480                         100102              

ROW_SIZE_6                                     1843149                        3694029              

ROW_SIZE_7                                           0                              0              

ROW_SIZE_8                                           0                              0              

ROW_SIZE_9                                           0                              0              

ROW_SIZE_10                                          0                              0              

ROW_SIZE_11                                          0                              0              

ROW_SIZE_12                                          0                              0              

ROW_SIZE_13                                          0                              0              

ROW_SIZE_14                                          0                              0              

ROW_SIZE_15                                          0                              0              

ROW_SIZE_16                                          0                              0              

ROW_SIZE_17                                          0                              0              

ROW_SIZE_18                                          0                              0              

ROW_SIZE_19                                          0                              0              

ROW_SIZE_20                                          0                              0              

ROW_SIZE_21                                          0                              0              

ROW_SIZE_22                                          0                              0              

ROW_SIZE_23                                          0                              0              

ROW_SIZE_24                                          0                              0              

ROW_SIZE_25                                          0                              0              

ROW_SIZE_26                                          0                              0              

ROW_SIZE_27                                          0                              0              

ROW_SIZE_28                                          0                              0              

ROW_SIZE_29                                          0                              0              

ROW_SIZE_30                                          0                              0              

ROW_SIZE_31                                          0                              0              

RET_OP_EXEC_COUNT_0                                  0        0.000%                0        0.000%
RET_OP_EXEC_COUNT_1                           11969873      100.000%         23987086      100.000%
RET_OP_EXEC_COUNT_2                                  0        0.000%                0        0.000%
RET_OP_EXEC_COUNT_3                                  0        0.000%                0        0.000%
RET_OP_EXEC_COUNT_4                                  0        0.000%                0        0.000%
RET_OP_EXEC_COUNT_5                                  0        0.000%                0        0.000%
RET_OP_EXEC_COUNT_6                                  0        0.000%                0        0.000%
RET_OP_EXEC_COUNT_7                                  0        0.000%                0        0.000%
RET_OP_EXEC_COUNT_8                                  0        0.000%                0        0.000%
RET_OP_EXEC_COUNT_9                                  0        0.000%                0        0.000%
RET_OP_EXEC_COUNT_10                                 0        0.000%                0        0.000%
RET_OP_EXEC_COUNT_11                                 0        0.000%                0        0.000%
RET_OP_EXEC_COUNT_12                                 0        0.000%                0        0.000%
RET_OP_EXEC_COUNT_13                                 0        0.000%                0        0.000%
RET_OP_EXEC_COUNT_14                                 0        0.000%                0        0.000%
RET_OP_EXEC_COUNT_15                                 0        0.000%                0        0.000%
RET_OP_EXEC_COUNT_16                                 0        0.000%                0        0.000%
RET_OP_EXEC_COUNT_17                                 0        0.000%                0        0.000%
RET_OP_EXEC_COUNT_18                                 0        0.000%                0        0.000%
RET_OP_EXEC_COUNT_19                                 0        0.000%                0        0.000%
RET_OP_EXEC_COUNT_20                                 0        0.000%                0        0.000%
RET_OP_EXEC_COUNT_21                                 0        0.000%                0        0.000%
RET_OP_EXEC_COUNT_22                                 0        0.000%                0        0.000%
RET_OP_EXEC_COUNT_23                                 0        0.000%                0        0.000%
RET_OP_EXEC_COUNT_24                                 0        0.000%                0        0.000%
RET_OP_EXEC_COUNT_25                                 0        0.000%                0        0.000%
RET_OP_EXEC_COUNT_26                                 0        0.000%                0        0.000%
RET_OP_EXEC_COUNT_27                                 0        0.000%                0        0.000%
RET_OP_EXEC_COUNT_28                                 0        0.000%                0        0.000%
RET_OP_EXEC_COUNT_29                                 0        0.000%                0        0.000%
RET_OP_EXEC_COUNT_30                                 0        0.000%                0        0.000%
RET_OP_EXEC_COUNT_31                                 0        0.000%                0        0.000%
RET_OP_EXEC_COUNT_32                                 0        0.000%                0        0.000%
                                              11969873      100.000%         23987086      100.000%
                                                  1.00         0.00              1.00         0.00

RET_STALL_LENGTH_0                            11956627       99.889%         23959901       99.887%
RET_STALL_LENGTH_100                              9323        0.078%            19793        0.083%
RET_STALL_LENGTH_200                              1144        0.010%             2380        0.010%
RET_STALL_LENGTH_300                              1154        0.010%             2035        0.008%
RET_STALL_LENGTH_400                               854        0.007%             1563        0.007%
RET_STALL_LENGTH_500                               308        0.003%              528        0.002%
RET_STALL_LENGTH_600                                90        0.001%              148        0.001%
RET_STALL_LENGTH_700                                54        0.000%               96        0.000%
RET_STALL_LENGTH_800                                21        0.000%               33        0.000%
RET_STALL_LENGTH_900                                 7        0.000%               11        0.000%
RET_STALL_LENGTH_1000                                0        0.000%                1        0.000%
RET_STALL_LENGTH_1100                               55        0.000%              127        0.001%
RET_STALL_LENGTH_1200                              165        0.001%              325        0.001%
RET_STALL_LENGTH_1300                               26        0.000%               45        0.000%
RET_STALL_LENGTH_1400                                2        0.000%                9        0.000%
RET_STALL_LENGTH_1500                               10        0.000%               25        0.000%
RET_STALL_LENGTH_1600                               17        0.000%               34        0.000%
RET_STALL_LENGTH_1700                               13        0.000%               24        0.000%
RET_STALL_LENGTH_1800                                2        0.000%                6        0.000%
RET_STALL_LENGTH_1900                                1        0.000%                1        0.000%
RET_STALL_LENGTH_2000                                0        0.000%                0        0.000%
RET_STALL_LENGTH_2100                                0        0.000%                1        0.000%
RET_STALL_LENGTH_2200                                0        0.000%                0        0.000%
RET_STALL_LENGTH_2300                                0        0.000%                0        0.000%
RET_STALL_LENGTH_2400                                0        0.000%                0        0.000%
RET_STALL_LENGTH_2500                                0        0.000%                0        0.000%
RET_STALL_LENGTH_2600                                0        0.000%                0        0.000%
RET_STALL_LENGTH_2700                                0        0.000%                0        0.000%
RET_STALL_LENGTH_2800                                0        0.000%                0        0.000%
RET_STALL_LENGTH_2900                                0        0.000%                0        0.000%
RET_STALL_LENGTH_3000                                0        0.000%                0        0.000%
RET_STALL_LENGTH_3100                                0        0.000%                0        0.000%
RET_STALL_LENGTH_3200                                0        0.000%                0        0.000%
RET_STALL_LENGTH_3300                                0        0.000%                0        0.000%
RET_STALL_LENGTH_3400                                0        0.000%                0        0.000%
RET_STALL_LENGTH_3500                                0        0.000%                0        0.000%
RET_STALL_LENGTH_3600                                0        0.000%                0        0.000%
RET_STALL_LENGTH_3700                                0        0.000%                0        0.000%
RET_STALL_LENGTH_3800                                0        0.000%                0        0.000%
RET_STALL_LENGTH_3900                                0        0.000%                0        0.000%
RET_STALL_LENGTH_4000                                0        0.000%                0        0.000%
RET_STALL_LENGTH_4100                                0        0.000%                0        0.000%
RET_STALL_LENGTH_4200                                0        0.000%                0        0.000%
RET_STALL_LENGTH_4300                                0        0.000%                0        0.000%
RET_STALL_LENGTH_4400                                0        0.000%                0        0.000%
RET_STALL_LENGTH_4500                                0        0.000%                0        0.000%
RET_STALL_LENGTH_4600                                0        0.000%                0        0.000%
RET_STALL_LENGTH_4700                                0        0.000%                0        0.000%
RET_STALL_LENGTH_4800                                0        0.000%                0        0.000%
RET_STALL_LENGTH_4900                                0        0.000%                0        0.000%
RET_STALL_LENGTH_5000                                0        0.000%                0        0.000%
                                              11969873      100.000%         23987086      100.000%
                                                  0.00         0.09              0.00         0.09

MEM_BLOCK_LENGTH_0                                 148       93.082%              269       92.123%
MEM_BLOCK_LENGTH_100                                 4        2.516%               10        3.425%
MEM_BLOCK_LENGTH_200                                 1        0.629%                4        1.370%
MEM_BLOCK_LENGTH_300                                 2        1.258%                2        0.685%
MEM_BLOCK_LENGTH_400                                 2        1.258%                2        0.685%
MEM_BLOCK_LENGTH_500                                 0        0.000%                0        0.000%
MEM_BLOCK_LENGTH_600                                 1        0.629%                2        0.685%
MEM_BLOCK_LENGTH_700                                 1        0.629%                1        0.342%
MEM_BLOCK_LENGTH_800                                 0        0.000%                1        0.342%
MEM_BLOCK_LENGTH_900                                 0        0.000%                0        0.000%
MEM_BLOCK_LENGTH_1000                                0        0.000%                0        0.000%
MEM_BLOCK_LENGTH_1100                                0        0.000%                1        0.342%
MEM_BLOCK_LENGTH_1200                                0        0.000%                0        0.000%
MEM_BLOCK_LENGTH_1300                                0        0.000%                0        0.000%
MEM_BLOCK_LENGTH_1400                                0        0.000%                0        0.000%
MEM_BLOCK_LENGTH_1500                                0        0.000%                0        0.000%
MEM_BLOCK_LENGTH_1600                                0        0.000%                0        0.000%
MEM_BLOCK_LENGTH_1700                                0        0.000%                0        0.000%
MEM_BLOCK_LENGTH_1800                                0        0.000%                0        0.000%
MEM_BLOCK_LENGTH_1900                                0        0.000%                0        0.000%
MEM_BLOCK_LENGTH_2000                                0        0.000%                0        0.000%
MEM_BLOCK_LENGTH_2100                                0        0.000%                0        0.000%
MEM_BLOCK_LENGTH_2200                                0        0.000%                0        0.000%
MEM_BLOCK_LENGTH_2300                                0        0.000%                0        0.000%
MEM_BLOCK_LENGTH_2400                                0        0.000%                0        0.000%
MEM_BLOCK_LENGTH_2500                                0        0.000%                0        0.000%
MEM_BLOCK_LENGTH_2600                                0        0.000%                0        0.000%
MEM_BLOCK_LENGTH_2700                                0        0.000%                0        0.000%
MEM_BLOCK_LENGTH_2800                                0        0.000%                0        0.000%
MEM_BLOCK_LENGTH_2900                                0        0.000%                0        0.000%
MEM_BLOCK_LENGTH_3000                                0        0.000%                0        0.000%
MEM_BLOCK_LENGTH_3100                                0        0.000%                0        0.000%
MEM_BLOCK_LENGTH_3200                                0        0.000%                0        0.000%
MEM_BLOCK_LENGTH_3300                                0        0.000%                0        0.000%
MEM_BLOCK_LENGTH_3400                                0        0.000%                0        0.000%
MEM_BLOCK_LENGTH_3500                                0        0.000%                0        0.000%
MEM_BLOCK_LENGTH_3600                                0        0.000%                0        0.000%
MEM_BLOCK_LENGTH_3700                                0        0.000%                0        0.000%
MEM_BLOCK_LENGTH_3800                                0        0.000%                0        0.000%
MEM_BLOCK_LENGTH_3900                                0        0.000%                0        0.000%
MEM_BLOCK_LENGTH_4000                                0        0.000%                0        0.000%
MEM_BLOCK_LENGTH_4100                                0        0.000%                0        0.000%
MEM_BLOCK_LENGTH_4200                                0        0.000%                0        0.000%
MEM_BLOCK_LENGTH_4300                                0        0.000%                0        0.000%
MEM_BLOCK_LENGTH_4400                                0        0.000%                0        0.000%
MEM_BLOCK_LENGTH_4500                                0        0.000%                0        0.000%
MEM_BLOCK_LENGTH_4600                                0        0.000%                0        0.000%
MEM_BLOCK_LENGTH_4700                                0        0.000%                0        0.000%
MEM_BLOCK_LENGTH_4800                                0        0.000%                0        0.000%
MEM_BLOCK_LENGTH_4900                                0        0.000%                0        0.000%
MEM_BLOCK_LENGTH_5000                                0        0.000%                0        0.000%
                                                   159      100.000%              292      100.000%
                                                  0.21         0.91              0.24         1.10

FUS_BUSY_ON_PATH                              13541071        1.5297         26770839        1.5192

FUS_BUSY_OFF_PATH                                  241        0.0000             3245        0.0002

FU_BUSY_MEM_STALL                               277268        0.0313           519033        0.0295

FUS_EMPTY                                     57273256        6.4702        114196244        6.4806

FU_UNAVAILABLE                                 1294130        0.1462          2264716        0.1285

FU_MEM_UNAVAILABLE                              177839        0.0201           328143        0.0186

FU_REPLAY                                            0        0.0000                0        0.0000

FU_STARVED                                    57273211        6.4702        114195981        6.4806

CHIP_UTILIZATION                                     0        0.0000                0        0.0000

CYCLES_UNDER_MEM_REQ                                 0                              0              

CYCLES_UNDER_NO_MEM_REQ                              0                              0              

CYCLES_UNDER_CRITICAL_MEM_REQ                        0                              0              

CYCLES_UNDER_NONCRITICAL_MEM_REQ                     0                              0              

CHIP_UTILIZATION_UNDER_MEM_REQ                       0          -nan                0          -nan

CHIP_UTILIZATION_UNDER_NO_MEM_REQ                    0          -nan                0          -nan

CHIP_UTILIZATION_UNDER_CRITICAL_MEM_REQ              0          -nan                0          -nan

CHIP_UTILIZATION_UNDER_NONCRITICAL_MEM_REQ             0          -nan                0          -nan

CYCLES_NOT_WAITING_FOR_OFF_CHIP                      0        0.0000                0        0.0000

FUS_BUSY_NOT_WAITING_FOR_OFF_CHIP                    0          -nan                0          -nan

CYCLES_WAITING_FOR_OFF_CHIP                          0        0.0000                0        0.0000

FUS_BUSY_WAITING_FOR_OFF_CHIP                        0          -nan                0          -nan

TOTAL_OFF_CHIP_DELAYS_LEFT                           0                              0              

WRONG_IO_SCHED                                       0                              0              

DVFS_CONFIG_SWITCH                                   0                              0              

MAP_STAGE_RECEIVED_OPS_0                             0        0.000%                0        0.000%
MAP_STAGE_RECEIVED_OPS_1                        284689       10.998%           600376       11.518%
MAP_STAGE_RECEIVED_OPS_2                        393249       15.192%           785425       15.068%
MAP_STAGE_RECEIVED_OPS_3                         34531        1.334%            61782        1.185%
MAP_STAGE_RECEIVED_OPS_4                        136477        5.272%           293505        5.631%
MAP_STAGE_RECEIVED_OPS_5                        188990        7.301%           372975        7.155%
MAP_STAGE_RECEIVED_OPS_6                       1550648       59.903%          3098594       59.444%
MAP_STAGE_RECEIVED_OPS_7                             0        0.000%                0        0.000%
MAP_STAGE_RECEIVED_OPS_8                             0        0.000%                0        0.000%
MAP_STAGE_RECEIVED_OPS_MAX                           0        0.000%                0        0.000%
                                               2588584      100.000%          5212657      100.000%
                                                  4.62         1.92              4.60         1.93

MAP_STAGE_WAIT_FOR_DECODE                            0         -nan%                0         -nan%
MAP_STAGE_CONSUME_DECODE                             0         -nan%                0         -nan%
                                                     0         -nan%                0         -nan%
                                                  -nan         -nan              -nan         -nan

MAP_STAGE_WAIT_FOR_DECODE2                           0         -nan%                0         -nan%
MAP_STAGE_CONSUME_DECODE2                            0         -nan%                0         -nan%
                                                     0         -nan%                0         -nan%
                                                  -nan         -nan              -nan         -nan

FTQ_RECOVER_EXEC                                    15                            101              

FTQ_RECOVER_DECODE                                   0                              3              

FTQ_OFFPATH_CYCLES                                5403                          35494              

FTQ_CYCLES_OFFPATH                                5388                          36276              

FTQ_CYCLES_ONPATH                              8846433                       17585015              

FTQ_FETCHED_INS_OFFPATH                           8442                          62869              

FTQ_FETCHED_INS_ONPATH                        11969155                       23986982              

FTQ_BREAK_FULL_FT_ONPATH                       8845890       99.998%         17583406       99.993%
FTQ_BREAK_MAX_CFS_TAKEN_ONPATH                      54        0.001%              171        0.001%
FTQ_BREAK_MAX_BYTES_ONPATH                         126        0.001%              986        0.006%
FTQ_BREAK_PRED_BR_ONPATH                             0        0.000%                0        0.000%
FTQ_BREAK_BAR_FETCH_ONPATH                           0        0.000%                0        0.000%
                                               8846070      100.000%         17584563      100.000%
                                                  0.00         0.01              0.00         0.02

FTQ_BREAK_FULL_FT_OFFPATH                         5403      100.000%            36091       99.206%
FTQ_BREAK_MAX_CFS_TAKEN_OFFPATH                      0        0.000%                2        0.005%
FTQ_BREAK_MAX_BYTES_OFFPATH                          0        0.000%              287        0.789%
FTQ_BREAK_PRED_BR_OFFPATH                            0        0.000%                0        0.000%
FTQ_BREAK_BAR_FETCH_OFFPATH                          0        0.000%                0        0.000%
                                                  5403      100.000%            36380      100.000%
                                                  0.00         0.00              0.02         0.18



