               ramulator.active_cycles_0             7741092                                      # Total active cycles for level _0
                 ramulator.busy_cycles_0             7741092                                      # (All-bank refresh only. busy cycles only include refresh time in rank level) The sum of cycles that the DRAM part is active or under refresh for level _0
            ramulator.serving_requests_0            24441051                                      # The sum of read and write requests that are served in this DRAM element per memory cycle for level _0
    ramulator.average_serving_requests_0            2.677957                                      # The average of read and write requests that are served in this DRAM element per memory cycle for level _0
             ramulator.active_cycles_0_0             7741092                                      # Total active cycles for level _0_0
               ramulator.busy_cycles_0_0             7923792                                      # (All-bank refresh only. busy cycles only include refresh time in rank level) The sum of cycles that the DRAM part is active or under refresh for level _0_0
          ramulator.serving_requests_0_0            24441051                                      # The sum of read and write requests that are served in this DRAM element per memory cycle for level _0_0
  ramulator.average_serving_requests_0_0            2.677957                                      # The average of read and write requests that are served in this DRAM element per memory cycle for level _0_0
           ramulator.active_cycles_0_0_0             4077454                                      # Total active cycles for level _0_0_0
             ramulator.busy_cycles_0_0_0             4077454                                      # (All-bank refresh only. busy cycles only include refresh time in rank level) The sum of cycles that the DRAM part is active or under refresh for level _0_0_0
        ramulator.serving_requests_0_0_0             6221422                                      # The sum of read and write requests that are served in this DRAM element per memory cycle for level _0_0_0
ramulator.average_serving_requests_0_0_0            0.681669                                      # The average of read and write requests that are served in this DRAM element per memory cycle for level _0_0_0
         ramulator.active_cycles_0_0_0_0             1189505                                      # Total active cycles for level _0_0_0_0
           ramulator.busy_cycles_0_0_0_0             1189505                                      # (All-bank refresh only. busy cycles only include refresh time in rank level) The sum of cycles that the DRAM part is active or under refresh for level _0_0_0_0
      ramulator.serving_requests_0_0_0_0             1407525                                      # The sum of read and write requests that are served in this DRAM element per memory cycle for level _0_0_0_0
ramulator.average_serving_requests_0_0_0_0            0.154220                                      # The average of read and write requests that are served in this DRAM element per memory cycle for level _0_0_0_0
         ramulator.active_cycles_0_0_0_1             1261337                                      # Total active cycles for level _0_0_0_1
           ramulator.busy_cycles_0_0_0_1             1261337                                      # (All-bank refresh only. busy cycles only include refresh time in rank level) The sum of cycles that the DRAM part is active or under refresh for level _0_0_0_1
      ramulator.serving_requests_0_0_0_1             1487142                                      # The sum of read and write requests that are served in this DRAM element per memory cycle for level _0_0_0_1
ramulator.average_serving_requests_0_0_0_1            0.162943                                      # The average of read and write requests that are served in this DRAM element per memory cycle for level _0_0_0_1
         ramulator.active_cycles_0_0_0_2             1418779                                      # Total active cycles for level _0_0_0_2
           ramulator.busy_cycles_0_0_0_2             1418779                                      # (All-bank refresh only. busy cycles only include refresh time in rank level) The sum of cycles that the DRAM part is active or under refresh for level _0_0_0_2
      ramulator.serving_requests_0_0_0_2             1682123                                      # The sum of read and write requests that are served in this DRAM element per memory cycle for level _0_0_0_2
ramulator.average_serving_requests_0_0_0_2            0.184307                                      # The average of read and write requests that are served in this DRAM element per memory cycle for level _0_0_0_2
         ramulator.active_cycles_0_0_0_3             1390976                                      # Total active cycles for level _0_0_0_3
           ramulator.busy_cycles_0_0_0_3             1390976                                      # (All-bank refresh only. busy cycles only include refresh time in rank level) The sum of cycles that the DRAM part is active or under refresh for level _0_0_0_3
      ramulator.serving_requests_0_0_0_3             1644632                                      # The sum of read and write requests that are served in this DRAM element per memory cycle for level _0_0_0_3
ramulator.average_serving_requests_0_0_0_3            0.180199                                      # The average of read and write requests that are served in this DRAM element per memory cycle for level _0_0_0_3
           ramulator.active_cycles_0_0_1             4172384                                      # Total active cycles for level _0_0_1
             ramulator.busy_cycles_0_0_1             4172384                                      # (All-bank refresh only. busy cycles only include refresh time in rank level) The sum of cycles that the DRAM part is active or under refresh for level _0_0_1
        ramulator.serving_requests_0_0_1             6424314                                      # The sum of read and write requests that are served in this DRAM element per memory cycle for level _0_0_1
ramulator.average_serving_requests_0_0_1            0.703899                                      # The average of read and write requests that are served in this DRAM element per memory cycle for level _0_0_1
         ramulator.active_cycles_0_0_1_0             1420813                                      # Total active cycles for level _0_0_1_0
           ramulator.busy_cycles_0_0_1_0             1420813                                      # (All-bank refresh only. busy cycles only include refresh time in rank level) The sum of cycles that the DRAM part is active or under refresh for level _0_0_1_0
      ramulator.serving_requests_0_0_1_0             1677435                                      # The sum of read and write requests that are served in this DRAM element per memory cycle for level _0_0_1_0
ramulator.average_serving_requests_0_0_1_0            0.183793                                      # The average of read and write requests that are served in this DRAM element per memory cycle for level _0_0_1_0
         ramulator.active_cycles_0_0_1_1             1422023                                      # Total active cycles for level _0_0_1_1
           ramulator.busy_cycles_0_0_1_1             1422023                                      # (All-bank refresh only. busy cycles only include refresh time in rank level) The sum of cycles that the DRAM part is active or under refresh for level _0_0_1_1
      ramulator.serving_requests_0_0_1_1             1679800                                      # The sum of read and write requests that are served in this DRAM element per memory cycle for level _0_0_1_1
ramulator.average_serving_requests_0_0_1_1            0.184052                                      # The average of read and write requests that are served in this DRAM element per memory cycle for level _0_0_1_1
         ramulator.active_cycles_0_0_1_2             1277082                                      # Total active cycles for level _0_0_1_2
           ramulator.busy_cycles_0_0_1_2             1277082                                      # (All-bank refresh only. busy cycles only include refresh time in rank level) The sum of cycles that the DRAM part is active or under refresh for level _0_0_1_2
      ramulator.serving_requests_0_0_1_2             1505603                                      # The sum of read and write requests that are served in this DRAM element per memory cycle for level _0_0_1_2
ramulator.average_serving_requests_0_0_1_2            0.164966                                      # The average of read and write requests that are served in this DRAM element per memory cycle for level _0_0_1_2
         ramulator.active_cycles_0_0_1_3             1321740                                      # Total active cycles for level _0_0_1_3
           ramulator.busy_cycles_0_0_1_3             1321740                                      # (All-bank refresh only. busy cycles only include refresh time in rank level) The sum of cycles that the DRAM part is active or under refresh for level _0_0_1_3
      ramulator.serving_requests_0_0_1_3             1561476                                      # The sum of read and write requests that are served in this DRAM element per memory cycle for level _0_0_1_3
ramulator.average_serving_requests_0_0_1_3            0.171088                                      # The average of read and write requests that are served in this DRAM element per memory cycle for level _0_0_1_3
           ramulator.active_cycles_0_0_2             3952391                                      # Total active cycles for level _0_0_2
             ramulator.busy_cycles_0_0_2             3952391                                      # (All-bank refresh only. busy cycles only include refresh time in rank level) The sum of cycles that the DRAM part is active or under refresh for level _0_0_2
        ramulator.serving_requests_0_0_2             5915916                                      # The sum of read and write requests that are served in this DRAM element per memory cycle for level _0_0_2
ramulator.average_serving_requests_0_0_2            0.648195                                      # The average of read and write requests that are served in this DRAM element per memory cycle for level _0_0_2
         ramulator.active_cycles_0_0_2_0             1476472                                      # Total active cycles for level _0_0_2_0
           ramulator.busy_cycles_0_0_2_0             1476472                                      # (All-bank refresh only. busy cycles only include refresh time in rank level) The sum of cycles that the DRAM part is active or under refresh for level _0_0_2_0
      ramulator.serving_requests_0_0_2_0             1728967                                      # The sum of read and write requests that are served in this DRAM element per memory cycle for level _0_0_2_0
ramulator.average_serving_requests_0_0_2_0            0.189439                                      # The average of read and write requests that are served in this DRAM element per memory cycle for level _0_0_2_0
         ramulator.active_cycles_0_0_2_1             1038738                                      # Total active cycles for level _0_0_2_1
           ramulator.busy_cycles_0_0_2_1             1038738                                      # (All-bank refresh only. busy cycles only include refresh time in rank level) The sum of cycles that the DRAM part is active or under refresh for level _0_0_2_1
      ramulator.serving_requests_0_0_2_1             1222939                                      # The sum of read and write requests that are served in this DRAM element per memory cycle for level _0_0_2_1
ramulator.average_serving_requests_0_0_2_1            0.133995                                      # The average of read and write requests that are served in this DRAM element per memory cycle for level _0_0_2_1
         ramulator.active_cycles_0_0_2_2             1171056                                      # Total active cycles for level _0_0_2_2
           ramulator.busy_cycles_0_0_2_2             1171056                                      # (All-bank refresh only. busy cycles only include refresh time in rank level) The sum of cycles that the DRAM part is active or under refresh for level _0_0_2_2
      ramulator.serving_requests_0_0_2_2             1375429                                      # The sum of read and write requests that are served in this DRAM element per memory cycle for level _0_0_2_2
ramulator.average_serving_requests_0_0_2_2            0.150703                                      # The average of read and write requests that are served in this DRAM element per memory cycle for level _0_0_2_2
         ramulator.active_cycles_0_0_2_3             1350555                                      # Total active cycles for level _0_0_2_3
           ramulator.busy_cycles_0_0_2_3             1350555                                      # (All-bank refresh only. busy cycles only include refresh time in rank level) The sum of cycles that the DRAM part is active or under refresh for level _0_0_2_3
      ramulator.serving_requests_0_0_2_3             1588581                                      # The sum of read and write requests that are served in this DRAM element per memory cycle for level _0_0_2_3
ramulator.average_serving_requests_0_0_2_3            0.174058                                      # The average of read and write requests that are served in this DRAM element per memory cycle for level _0_0_2_3
           ramulator.active_cycles_0_0_3             3911255                                      # Total active cycles for level _0_0_3
             ramulator.busy_cycles_0_0_3             3911255                                      # (All-bank refresh only. busy cycles only include refresh time in rank level) The sum of cycles that the DRAM part is active or under refresh for level _0_0_3
        ramulator.serving_requests_0_0_3             5879399                                      # The sum of read and write requests that are served in this DRAM element per memory cycle for level _0_0_3
ramulator.average_serving_requests_0_0_3            0.644194                                      # The average of read and write requests that are served in this DRAM element per memory cycle for level _0_0_3
         ramulator.active_cycles_0_0_3_0             1330273                                      # Total active cycles for level _0_0_3_0
           ramulator.busy_cycles_0_0_3_0             1330273                                      # (All-bank refresh only. busy cycles only include refresh time in rank level) The sum of cycles that the DRAM part is active or under refresh for level _0_0_3_0
      ramulator.serving_requests_0_0_3_0             1561142                                      # The sum of read and write requests that are served in this DRAM element per memory cycle for level _0_0_3_0
ramulator.average_serving_requests_0_0_3_0            0.171051                                      # The average of read and write requests that are served in this DRAM element per memory cycle for level _0_0_3_0
         ramulator.active_cycles_0_0_3_1             1308982                                      # Total active cycles for level _0_0_3_1
           ramulator.busy_cycles_0_0_3_1             1308982                                      # (All-bank refresh only. busy cycles only include refresh time in rank level) The sum of cycles that the DRAM part is active or under refresh for level _0_0_3_1
      ramulator.serving_requests_0_0_3_1             1537799                                      # The sum of read and write requests that are served in this DRAM element per memory cycle for level _0_0_3_1
ramulator.average_serving_requests_0_0_3_1            0.168494                                      # The average of read and write requests that are served in this DRAM element per memory cycle for level _0_0_3_1
         ramulator.active_cycles_0_0_3_2             1097663                                      # Total active cycles for level _0_0_3_2
           ramulator.busy_cycles_0_0_3_2             1097663                                      # (All-bank refresh only. busy cycles only include refresh time in rank level) The sum of cycles that the DRAM part is active or under refresh for level _0_0_3_2
      ramulator.serving_requests_0_0_3_2             1296524                                      # The sum of read and write requests that are served in this DRAM element per memory cycle for level _0_0_3_2
ramulator.average_serving_requests_0_0_3_2            0.142058                                      # The average of read and write requests that are served in this DRAM element per memory cycle for level _0_0_3_2
         ramulator.active_cycles_0_0_3_3             1262992                                      # Total active cycles for level _0_0_3_3
           ramulator.busy_cycles_0_0_3_3             1262992                                      # (All-bank refresh only. busy cycles only include refresh time in rank level) The sum of cycles that the DRAM part is active or under refresh for level _0_0_3_3
      ramulator.serving_requests_0_0_3_3             1483934                                      # The sum of read and write requests that are served in this DRAM element per memory cycle for level _0_0_3_3
ramulator.average_serving_requests_0_0_3_3            0.162592                                      # The average of read and write requests that are served in this DRAM element per memory cycle for level _0_0_3_3
      ramulator.read_transaction_bytes_0            38769344                                      # The total byte of read transaction per channel
     ramulator.write_transaction_bytes_0            23660480                                      # The total byte of write transaction per channel
       ramulator.row_hits_channel_0_core              733806                                      # Number of row hits per channel per core
     ramulator.row_misses_channel_0_core               30883                                      # Number of row misses per channel per core
  ramulator.row_conflicts_channel_0_core              210777                                      # Number of row conflicts per channel per core
  ramulator.read_row_hits_channel_0_core              452867                                      # Number of row hits for read requests per channel per core
                                     [0]            452867.0                                      # 
ramulator.read_row_misses_channel_0_core               15873                                      # Number of row misses for read requests per channel per core
                                     [0]             15873.0                                      # 
ramulator.read_row_conflicts_channel_0_core              137031                                      # Number of row conflicts for read requests per channel per core
                                     [0]            137031.0                                      # 
 ramulator.write_row_hits_channel_0_core              280939                                      # Number of row hits for write requests per channel per core
                                     [0]            280939.0                                      # 
ramulator.write_row_misses_channel_0_core               15010                                      # Number of row misses for write requests per channel per core
                                     [0]             15010.0                                      # 
ramulator.write_row_conflicts_channel_0_core               73746                                      # Number of row conflicts for write requests per channel per core
                                     [0]             73746.0                                      # 
      ramulator.useless_activates_0_core                2998                                      # Number of useless activations. E.g, ACT -> PRE w/o RD or WR
            ramulator.read_latency_avg_0           90.430749                                      # The average memory latency cycles (in memory time domain) per request for all read requests in this channel
            ramulator.read_latency_sum_0            54780325                                      # The memory latency cycles (in memory time domain) sum for all read requests in this channel
        ramulator.req_queue_length_avg_0           19.946701                                      # Average of read and write queue length per memory cycle per channel.
        ramulator.req_queue_length_sum_0           182048616                                      # Sum of read and write queue length per memory cycle per channel.
   ramulator.read_req_queue_length_avg_0            5.686482                                      # Read queue length average per memory cycle per channel.
   ramulator.read_req_queue_length_sum_0            51899116                                      # Read queue length sum per memory cycle per channel.
  ramulator.write_req_queue_length_avg_0           14.260219                                      # Write queue length average per memory cycle per channel.
  ramulator.write_req_queue_length_sum_0           130149500                                      # Write queue length sum per memory cycle per channel.
              ramulator.record_read_hits                 0.0                                      # record read hit count for this core when it reaches request limit or to the end
                                     [0]                 0.0                                      # 
            ramulator.record_read_misses                 0.0                                      # record_read_miss count for this core when it reaches request limit or to the end
                                     [0]                 0.0                                      # 
         ramulator.record_read_conflicts                 0.0                                      # record read conflict count for this core when it reaches request limit or to the end
                                     [0]                 0.0                                      # 
             ramulator.record_write_hits                 0.0                                      # record write hit count for this core when it reaches request limit or to the end
                                     [0]                 0.0                                      # 
           ramulator.record_write_misses                 0.0                                      # record write miss count for this core when it reaches request limit or to the end
                                     [0]                 0.0                                      # 
        ramulator.record_write_conflicts                 0.0                                      # record write conflict for this core when it reaches request limit or to the end
                                     [0]                 0.0                                      # 
                 ramulator.dram_capacity          8589934592                                      # Number of bytes in simulated DRAM
                   ramulator.dram_cycles             9126753                                      # Number of DRAM cycles simulated
             ramulator.incoming_requests              975472                                      # Number of incoming requests to DRAM
                 ramulator.read_requests              605771                                      # Number of incoming read requests to DRAM per core
                                     [0]            605771.0                                      # 
                ramulator.write_requests              369701                                      # Number of incoming write requests to DRAM per core
                                     [0]            369701.0                                      # 
       ramulator.ramulator_active_cycles             7741092                                      # The total number of cycles that the DRAM part is active (serving R/W)
 ramulator.incoming_requests_per_channel            975472.0                                      # Number of incoming requests to each DRAM channel
                                     [0]            975472.0                                      # 
ramulator.incoming_read_reqs_per_channel            605771.0                                      # Number of incoming read requests to each DRAM channel
                                     [0]            605771.0                                      # 
     ramulator.physical_page_replacement                   0                                      # The number of times that physical page replacement happens.
             ramulator.maximum_bandwidth         19200000000                                      # The theoretical maximum bandwidth (Bps)
          ramulator.in_queue_req_num_sum           182048616                                      # Sum of read/write queue length
     ramulator.in_queue_read_req_num_sum            51899116                                      # Sum of read queue length
    ramulator.in_queue_write_req_num_sum           130149500                                      # Sum of write queue length
          ramulator.in_queue_req_num_avg           19.946701                                      # Average of read/write queue length per memory cycle
     ramulator.in_queue_read_req_num_avg            5.686482                                      # Average of read queue length per memory cycle
    ramulator.in_queue_write_req_num_avg           14.260219                                      # Average of write queue length per memory cycle
          ramulator.record_read_requests                 0.0                                      # record read requests for this core when it reaches request limit or to the end
                                     [0]                 0.0                                      # 
         ramulator.record_write_requests                 0.0                                      # record write requests for this core when it reaches request limit or to the end
                                     [0]                 0.0                                      # 
