/* -*- Mode: c -*- */
####################################################################################################
Core 0
####################################################################################################
Cumulative:        Cycles: 12432916              Instructions: 20000000              IPC: 1.60863

Periodic:          Cycles: 6085403               Instructions: 9999996               IPC: 1.64328

EXECUTION_TIME                           1901688437500                  3885286250000              

NODE_CYCLE                                     6085403                       12432916              

NODE_INST_COUNT                                9999996                       20000000              

NODE_INST_COUNT_FETCHED                        9999996                       20000000              

NODE_UOP_COUNT                                12243019                       24482518              

FULL_WINDOW_STALL                               462084        7.593%          1031421        8.296%

FULL_WINDOW_MEM_OP                               59972       17.019%           280512       34.046%
FULL_WINDOW_FP_OP                                    0        0.000%                0        0.000%
FULL_WINDOW_OTHER_OP                            292405       82.981%           543403       65.954%
                                                352377      100.000%           823915      100.000%
                                                  1.66         1.54              1.32         1.21

RET_BLOCKED_DC_MISS                             277053        4.553%           823753        6.626%

RET_BLOCKED_L1_MISS                              40438        0.665%           304881        2.452%

RET_BLOCKED_L1_MISS_BW_PREF                          0        0.000%                0        0.000%

RET_BLOCKED_L1_ACCESS                           236615        3.888%           518902        4.174%

RET_BLOCKED_MEM_STALL                            40438        0.665%           305380        2.456%

RET_BLOCKED_OFFCHIP_DEMAND                           0        0.000%                0        0.000%

OP_ISSUED                                     19466251                       39300970              

OP_RETIRED                                    12243019                       24482518              

REPLAY_SIGNALED                                      0                              0              

REPLAY_COUNTED                                       0                              0              

OFF_CRITICAL_PATH                                    0         -nan%                0         -nan%
ON_CRITICAL_PATH                                     0         -nan%                0         -nan%
                                                     0         -nan%                0         -nan%
                                                  -nan         -nan              -nan         -nan

LD_NO_DEPENDENTS                                 99390        3.701%           196146        3.641%
LD_DEPENDENTS                                  2585981       96.299%          5190306       96.359%
                                               2685371      100.000%          5386452      100.000%
                                                  0.96         0.95              0.96         0.95

LD_EXEC_CYCLES_0                                     0        0.000%                0        0.000%
LD_EXEC_CYCLES_1                                     0        0.000%                0        0.000%
LD_EXEC_CYCLES_2                                     0        0.000%                0        0.000%
LD_EXEC_CYCLES_3                                    50       62.500%              140       69.307%
LD_EXEC_CYCLES_4                                    30       37.500%               62       30.693%
                                                    80      100.000%              202      100.000%
                                                  3.38         2.14              3.31         1.89

ICACHE_STAGE_STARVED                               840        0.032%            29304        0.553%
ICACHE_STAGE_NOT_STARVED                       2636301       99.968%          5272406       99.447%
                                               2637141      100.000%          5301710      100.000%
                                                  1.00         1.00              0.99         0.99

ICACHE_STAGE_STALLED                            339873        5.585%           637197        5.125%
ICACHE_STAGE_NOT_STALLED                       2636757       43.329%          5287233       42.526%
ICACHE_STAGE_OFF_PATH                          3108773       51.086%          6508486       52.349%
                                               6085403      100.000%         12432916      100.000%
                                                  1.46         1.15              1.47         1.17

DECODE_STAGE_STARVED                           3751508       84.095%          7667539       84.561%
DECODE_STAGE_NOT_STARVED                        709550       15.905%          1399944       15.439%
                                               4461058      100.000%          9067483      100.000%
                                                  0.16         0.34              0.15         0.34

DECODE_STAGE_STALLED                             12386        0.204%            23617        0.190%
DECODE_STAGE_NOT_STALLED                       4448672       73.104%          9043866       72.741%
DECODE_STAGE_OFF_PATH                          1624345       26.692%          3365433       27.069%
                                               6085403      100.000%         12432916      100.000%
                                                  1.26         0.79              1.27         0.80

UOPQ_STAGE_STARVED                             2008242       57.625%          4098023       58.181%
UOPQ_STAGE_NOT_STARVED                         1476802       42.375%          2945503       41.819%
                                               3485044      100.000%          7043526      100.000%
                                                  0.42         0.47              0.42         0.46

UOPQ_STAGE_STALLED                              336879        5.536%           635132        5.108%
UOPQ_STAGE_NOT_STALLED                         3485044       57.269%          7043526       56.652%
UOPQ_STAGE_OFF_PATH                            2263480       37.195%          4754258       38.239%
                                               6085403      100.000%         12432916      100.000%
                                                  1.32         0.94              1.33         0.95

MAP_STAGE_STARVED                               686683       17.823%          1410764       18.280%
MAP_STAGE_NOT_STARVED                          3166011       82.177%          6306642       81.720%
                                               3852694      100.000%          7717406      100.000%
                                                  0.82         0.76              0.82         0.76

MAP_STAGE_STALLED                               354501        5.825%           675878        5.436%
MAP_STAGE_NOT_STALLED                          3498193       57.485%          7041528       56.636%
MAP_STAGE_OFF_PATH                             2232709       36.690%          4715510       37.928%
                                               6085403      100.000%         12432916      100.000%
                                                  1.31         0.93              1.32         0.95

EXEC_STAGE_STARVED                             4095902       67.307%          8354049       67.193%
EXEC_STAGE_NOT_STARVED                          580020        9.531%          1089937        8.767%
EXEC_STAGE_OFF_PATH                            1409481       23.162%          2988930       24.040%
                                               6085403      100.000%         12432916      100.000%
                                                  0.56         0.76              0.57         0.77

FU_BUSY_0                                      4163048                        8392790              

FU_BUSY_1                                      3416046                        6823533              

FU_BUSY_2                                      2089935                        4223944              

FU_BUSY_3                                      1701121                        3430432              

FU_BUSY_4                                      1928683                        3870039              

FU_BUSY_5                                      1916334                        3845516              

FU_BUSY_6                                       585979                        1178692              

FU_BUSY_7                                       720890                        1450572              

FU_BUSY_8                                            0                              0              

FU_BUSY_9                                            0                              0              

FU_BUSY_10                                           0                              0              

FU_BUSY_11                                           0                              0              

FU_BUSY_12                                           0                              0              

FU_BUSY_13                                           0                              0              

FU_BUSY_14                                           0                              0              

FU_BUSY_15                                           0                              0              

FU_BUSY_16                                           0                              0              

FU_BUSY_17                                           0                              0              

FU_BUSY_18                                           0                              0              

FU_BUSY_19                                           0                              0              

FU_BUSY_20                                           0                              0              

FU_BUSY_21                                           0                              0              

FU_BUSY_22                                           0                              0              

FU_BUSY_23                                           0                              0              

FU_BUSY_24                                           0                              0              

FU_BUSY_25                                           0                              0              

FU_BUSY_26                                           0                              0              

FU_BUSY_27                                           0                              0              

FU_BUSY_28                                           0                              0              

FU_BUSY_29                                           0                              0              

FU_BUSY_30                                           0                              0              

FU_BUSY_31                                           0                              0              

FU_REJECTED_OP_INV_NOT_SIMD                          0        0.000%                0        0.000%
FU_REJECTED_OP_NOP_NOT_SIMD                        141        0.028%              347        0.036%
FU_REJECTED_OP_CF_NOT_SIMD                        1835        0.358%             4021        0.412%
FU_REJECTED_OP_MOV_NOT_SIMD                      14133        2.756%            27270        2.793%
FU_REJECTED_OP_CMOV_NOT_SIMD                         3        0.001%                7        0.001%
FU_REJECTED_OP_LDA_NOT_SIMD                         39        0.008%               94        0.010%
FU_REJECTED_OP_IMEM_NOT_SIMD                       539        0.105%             1210        0.124%
FU_REJECTED_OP_IADD_NOT_SIMD                     35209        6.867%            69213        7.089%
FU_REJECTED_OP_IMUL_NOT_SIMD                     19214        3.747%            40361        4.134%
FU_REJECTED_OP_IDIV_NOT_SIMD                    202301       39.456%           378795       38.798%
FU_REJECTED_OP_ICMP_NOT_SIMD                    222002       43.299%           416506       42.660%
FU_REJECTED_OP_LOGIC_NOT_SIMD                     3701        0.722%             7124        0.730%
FU_REJECTED_OP_SHIFT_NOT_SIMD                     1177        0.230%             2390        0.245%
FU_REJECTED_OP_FMEM_NOT_SIMD                       410        0.080%              806        0.083%
FU_REJECTED_OP_FCVT_NOT_SIMD                         0        0.000%                0        0.000%
FU_REJECTED_OP_FADD_NOT_SIMD                         0        0.000%                0        0.000%
FU_REJECTED_OP_FMUL_NOT_SIMD                         0        0.000%                0        0.000%
FU_REJECTED_OP_FMA_NOT_SIMD                          0        0.000%                0        0.000%
FU_REJECTED_OP_FDIV_NOT_SIMD                         0        0.000%                0        0.000%
FU_REJECTED_OP_FCMP_NOT_SIMD                         0        0.000%                0        0.000%
FU_REJECTED_OP_FCMOV_NOT_SIMD                        0        0.000%                0        0.000%
FU_REJECTED_OP_GATHER_NOT_SIMD                       0        0.000%                0        0.000%
FU_REJECTED_OP_SCATTER_NOT_SIMD                      0        0.000%                0        0.000%
FU_REJECTED_OP_PIPELINED_FAST_NOT_SIMD               0        0.000%                0        0.000%
FU_REJECTED_OP_PIPELINED_MEDIUM_NOT_SIMD             0        0.000%                0        0.000%
FU_REJECTED_OP_PIPELINED_SLOW_NOT_SIMD               0        0.000%                0        0.000%
FU_REJECTED_OP_NOTPIPELINED_MEDIUM_NOT_SIMD             0        0.000%                0        0.000%
FU_REJECTED_OP_NOTPIPELINED_SLOW_NOT_SIMD             0        0.000%                0        0.000%
FU_REJECTED_OP_NOTPIPELINED_VERY_SLOW_NOT_SIMD             0        0.000%                0        0.000%
FU_REJECTED_OP_INV_SIMD                              0        0.000%                0        0.000%
FU_REJECTED_OP_NOP_SIMD                              0        0.000%                0        0.000%
FU_REJECTED_OP_CF_SIMD                               0        0.000%                0        0.000%
FU_REJECTED_OP_MOV_SIMD                              0        0.000%                0        0.000%
FU_REJECTED_OP_CMOV_SIMD                             0        0.000%                0        0.000%
FU_REJECTED_OP_LDA_SIMD                              0        0.000%                0        0.000%
FU_REJECTED_OP_IMEM_SIMD                             0        0.000%                0        0.000%
FU_REJECTED_OP_IADD_SIMD                             0        0.000%                0        0.000%
FU_REJECTED_OP_IMUL_SIMD                             0        0.000%                0        0.000%
FU_REJECTED_OP_IDIV_SIMD                             0        0.000%                0        0.000%
FU_REJECTED_OP_ICMP_SIMD                             0        0.000%                0        0.000%
FU_REJECTED_OP_LOGIC_SIMD                            0        0.000%                0        0.000%
FU_REJECTED_OP_SHIFT_SIMD                           35        0.007%               74        0.008%
FU_REJECTED_OP_FMEM_SIMD                             0        0.000%                0        0.000%
FU_REJECTED_OP_FCVT_SIMD                             0        0.000%             1528        0.157%
FU_REJECTED_OP_FADD_SIMD                         11973        2.335%            26562        2.721%
FU_REJECTED_OP_FMUL_SIMD                             9        0.002%               24        0.002%
FU_REJECTED_OP_FMA_SIMD                              0        0.000%                0        0.000%
FU_REJECTED_OP_FDIV_SIMD                             0        0.000%                0        0.000%
FU_REJECTED_OP_FCMP_SIMD                             0        0.000%                0        0.000%
FU_REJECTED_OP_FCMOV_SIMD                            0        0.000%                0        0.000%
FU_REJECTED_OP_GATHER_SIMD                           0        0.000%                0        0.000%
FU_REJECTED_OP_SCATTER_SIMD                          0        0.000%                0        0.000%
FU_REJECTED_OP_PIPELINED_FAST_SIMD                   0        0.000%                0        0.000%
FU_REJECTED_OP_PIPELINED_MEDIUM_SIMD                 0        0.000%                0        0.000%
FU_REJECTED_OP_PIPELINED_SLOW_SIMD                   0        0.000%                0        0.000%
FU_REJECTED_OP_NOTPIPELINED_MEDIUM_SIMD              0        0.000%                0        0.000%
FU_REJECTED_OP_NOTPIPELINED_SLOW_SIMD                0        0.000%                0        0.000%
FU_REJECTED_OP_NOTPIPELINED_VERY_SLOW_SIMD             0        0.000%                0        0.000%
                                                512721      100.000%           976332      100.000%
                                                  9.91         5.47             10.07         6.01

OP_WAIT_0                                      8391935                       16770582              

OP_WAIT_1                                      2618096                        5274198              

OP_WAIT_2                                       552067                        1114682              

OP_WAIT_3                                       220246                         443792              

OP_WAIT_4                                       115651                         226744              

OP_WAIT_5                                        72434                         139070              

OP_WAIT_6                                        49369                          96872              

OP_WAIT_7                                        21383                          40529              

OP_WAIT_8                                         9884                          18360              

OP_WAIT_9                                         9800                          18773              

OP_WAIT_10                                        9227                          17313              

OP_WAIT_11                                        3719                           6707              

OP_WAIT_12                                        4160                           7830              

OP_WAIT_13                                        2637                           4896              

OP_WAIT_14                                        2855                           5938              

OP_WAIT_15                                        5804                          11170              

OP_WAIT_16                                        1361                           3883              

OP_WAIT_17                                        3300                           5849              

OP_WAIT_18                                       10053                          18946              

OP_WAIT_19                                        1499                           3372              

OP_WAIT_20                                        1662                           2938              

OP_WAIT_21                                        1592                           2873              

OP_WAIT_22                                        2125                           3307              

OP_WAIT_23                                        2392                           3652              

OP_WAIT_24                                        5021                           8742              

OP_WAIT_25                                         788                           1331              

OP_WAIT_26                                         317                            706              

OP_WAIT_27                                        1053                           1620              

OP_WAIT_28                                         549                            883              

OP_WAIT_29                                         706                           1788              

OP_WAIT_30                                         577                           2782              

OP_WAIT_31                                      120757                         222390              

ROW_SIZE_0                                     2252772                        4753485              

ROW_SIZE_1                                      870634                        1735243              

ROW_SIZE_2                                      320607                         636174              

ROW_SIZE_3                                      211594                         420014              

ROW_SIZE_4                                      262513                         524723              

ROW_SIZE_5                                      133093                         263513              

ROW_SIZE_6                                     1396812                        2799738              

ROW_SIZE_7                                           0                              0              

ROW_SIZE_8                                           0                              0              

ROW_SIZE_9                                           0                              0              

ROW_SIZE_10                                          0                              0              

ROW_SIZE_11                                          0                              0              

ROW_SIZE_12                                          0                              0              

ROW_SIZE_13                                          0                              0              

ROW_SIZE_14                                          0                              0              

ROW_SIZE_15                                          0                              0              

ROW_SIZE_16                                          0                              0              

ROW_SIZE_17                                          0                              0              

ROW_SIZE_18                                          0                              0              

ROW_SIZE_19                                          0                              0              

ROW_SIZE_20                                          0                              0              

ROW_SIZE_21                                          0                              0              

ROW_SIZE_22                                          0                              0              

ROW_SIZE_23                                          0                              0              

ROW_SIZE_24                                          0                              0              

ROW_SIZE_25                                          0                              0              

ROW_SIZE_26                                          0                              0              

ROW_SIZE_27                                          0                              0              

ROW_SIZE_28                                          0                              0              

ROW_SIZE_29                                          0                              0              

ROW_SIZE_30                                          0                              0              

ROW_SIZE_31                                          0                              0              

RET_OP_EXEC_COUNT_0                                  0        0.000%                0        0.000%
RET_OP_EXEC_COUNT_1                           12243019      100.000%         24482518      100.000%
RET_OP_EXEC_COUNT_2                                  0        0.000%                0        0.000%
RET_OP_EXEC_COUNT_3                                  0        0.000%                0        0.000%
RET_OP_EXEC_COUNT_4                                  0        0.000%                0        0.000%
RET_OP_EXEC_COUNT_5                                  0        0.000%                0        0.000%
RET_OP_EXEC_COUNT_6                                  0        0.000%                0        0.000%
RET_OP_EXEC_COUNT_7                                  0        0.000%                0        0.000%
RET_OP_EXEC_COUNT_8                                  0        0.000%                0        0.000%
RET_OP_EXEC_COUNT_9                                  0        0.000%                0        0.000%
RET_OP_EXEC_COUNT_10                                 0        0.000%                0        0.000%
RET_OP_EXEC_COUNT_11                                 0        0.000%                0        0.000%
RET_OP_EXEC_COUNT_12                                 0        0.000%                0        0.000%
RET_OP_EXEC_COUNT_13                                 0        0.000%                0        0.000%
RET_OP_EXEC_COUNT_14                                 0        0.000%                0        0.000%
RET_OP_EXEC_COUNT_15                                 0        0.000%                0        0.000%
RET_OP_EXEC_COUNT_16                                 0        0.000%                0        0.000%
RET_OP_EXEC_COUNT_17                                 0        0.000%                0        0.000%
RET_OP_EXEC_COUNT_18                                 0        0.000%                0        0.000%
RET_OP_EXEC_COUNT_19                                 0        0.000%                0        0.000%
RET_OP_EXEC_COUNT_20                                 0        0.000%                0        0.000%
RET_OP_EXEC_COUNT_21                                 0        0.000%                0        0.000%
RET_OP_EXEC_COUNT_22                                 0        0.000%                0        0.000%
RET_OP_EXEC_COUNT_23                                 0        0.000%                0        0.000%
RET_OP_EXEC_COUNT_24                                 0        0.000%                0        0.000%
RET_OP_EXEC_COUNT_25                                 0        0.000%                0        0.000%
RET_OP_EXEC_COUNT_26                                 0        0.000%                0        0.000%
RET_OP_EXEC_COUNT_27                                 0        0.000%                0        0.000%
RET_OP_EXEC_COUNT_28                                 0        0.000%                0        0.000%
RET_OP_EXEC_COUNT_29                                 0        0.000%                0        0.000%
RET_OP_EXEC_COUNT_30                                 0        0.000%                0        0.000%
RET_OP_EXEC_COUNT_31                                 0        0.000%                0        0.000%
RET_OP_EXEC_COUNT_32                                 0        0.000%                0        0.000%
                                              12243019      100.000%         24482518      100.000%
                                                  1.00         0.00              1.00         0.00

RET_STALL_LENGTH_0                            12242701       99.997%         24480162       99.990%
RET_STALL_LENGTH_100                               304        0.002%             2248        0.009%
RET_STALL_LENGTH_200                                 2        0.000%               44        0.000%
RET_STALL_LENGTH_300                                 1        0.000%                7        0.000%
RET_STALL_LENGTH_400                                 3        0.000%                8        0.000%
RET_STALL_LENGTH_500                                 0        0.000%                3        0.000%
RET_STALL_LENGTH_600                                 1        0.000%                3        0.000%
RET_STALL_LENGTH_700                                 1        0.000%                6        0.000%
RET_STALL_LENGTH_800                                 2        0.000%                7        0.000%
RET_STALL_LENGTH_900                                 2        0.000%                7        0.000%
RET_STALL_LENGTH_1000                                0        0.000%                4        0.000%
RET_STALL_LENGTH_1100                                1        0.000%                5        0.000%
RET_STALL_LENGTH_1200                                1        0.000%               12        0.000%
RET_STALL_LENGTH_1300                                0        0.000%                2        0.000%
RET_STALL_LENGTH_1400                                0        0.000%                0        0.000%
RET_STALL_LENGTH_1500                                0        0.000%                0        0.000%
RET_STALL_LENGTH_1600                                0        0.000%                0        0.000%
RET_STALL_LENGTH_1700                                0        0.000%                0        0.000%
RET_STALL_LENGTH_1800                                0        0.000%                0        0.000%
RET_STALL_LENGTH_1900                                0        0.000%                0        0.000%
RET_STALL_LENGTH_2000                                0        0.000%                0        0.000%
RET_STALL_LENGTH_2100                                0        0.000%                0        0.000%
RET_STALL_LENGTH_2200                                0        0.000%                0        0.000%
RET_STALL_LENGTH_2300                                0        0.000%                0        0.000%
RET_STALL_LENGTH_2400                                0        0.000%                0        0.000%
RET_STALL_LENGTH_2500                                0        0.000%                0        0.000%
RET_STALL_LENGTH_2600                                0        0.000%                0        0.000%
RET_STALL_LENGTH_2700                                0        0.000%                0        0.000%
RET_STALL_LENGTH_2800                                0        0.000%                0        0.000%
RET_STALL_LENGTH_2900                                0        0.000%                0        0.000%
RET_STALL_LENGTH_3000                                0        0.000%                0        0.000%
RET_STALL_LENGTH_3100                                0        0.000%                0        0.000%
RET_STALL_LENGTH_3200                                0        0.000%                0        0.000%
RET_STALL_LENGTH_3300                                0        0.000%                0        0.000%
RET_STALL_LENGTH_3400                                0        0.000%                0        0.000%
RET_STALL_LENGTH_3500                                0        0.000%                0        0.000%
RET_STALL_LENGTH_3600                                0        0.000%                0        0.000%
RET_STALL_LENGTH_3700                                0        0.000%                0        0.000%
RET_STALL_LENGTH_3800                                0        0.000%                0        0.000%
RET_STALL_LENGTH_3900                                0        0.000%                0        0.000%
RET_STALL_LENGTH_4000                                0        0.000%                0        0.000%
RET_STALL_LENGTH_4100                                0        0.000%                0        0.000%
RET_STALL_LENGTH_4200                                0        0.000%                0        0.000%
RET_STALL_LENGTH_4300                                0        0.000%                0        0.000%
RET_STALL_LENGTH_4400                                0        0.000%                0        0.000%
RET_STALL_LENGTH_4500                                0        0.000%                0        0.000%
RET_STALL_LENGTH_4600                                0        0.000%                0        0.000%
RET_STALL_LENGTH_4700                                0        0.000%                0        0.000%
RET_STALL_LENGTH_4800                                0        0.000%                0        0.000%
RET_STALL_LENGTH_4900                                0        0.000%                0        0.000%
RET_STALL_LENGTH_5000                                0        0.000%                0        0.000%
                                              12243019      100.000%         24482518      100.000%
                                                  0.00         0.01              0.00         0.02

MEM_BLOCK_LENGTH_0                                   0         -nan%               51       91.071%
MEM_BLOCK_LENGTH_100                                 0         -nan%                3        5.357%
MEM_BLOCK_LENGTH_200                                 0         -nan%                1        1.786%
MEM_BLOCK_LENGTH_300                                 0         -nan%                0        0.000%
MEM_BLOCK_LENGTH_400                                 0         -nan%                1        1.786%
MEM_BLOCK_LENGTH_500                                 0         -nan%                0        0.000%
MEM_BLOCK_LENGTH_600                                 0         -nan%                0        0.000%
MEM_BLOCK_LENGTH_700                                 0         -nan%                0        0.000%
MEM_BLOCK_LENGTH_800                                 0         -nan%                0        0.000%
MEM_BLOCK_LENGTH_900                                 0         -nan%                0        0.000%
MEM_BLOCK_LENGTH_1000                                0         -nan%                0        0.000%
MEM_BLOCK_LENGTH_1100                                0         -nan%                0        0.000%
MEM_BLOCK_LENGTH_1200                                0         -nan%                0        0.000%
MEM_BLOCK_LENGTH_1300                                0         -nan%                0        0.000%
MEM_BLOCK_LENGTH_1400                                0         -nan%                0        0.000%
MEM_BLOCK_LENGTH_1500                                0         -nan%                0        0.000%
MEM_BLOCK_LENGTH_1600                                0         -nan%                0        0.000%
MEM_BLOCK_LENGTH_1700                                0         -nan%                0        0.000%
MEM_BLOCK_LENGTH_1800                                0         -nan%                0        0.000%
MEM_BLOCK_LENGTH_1900                                0         -nan%                0        0.000%
MEM_BLOCK_LENGTH_2000                                0         -nan%                0        0.000%
MEM_BLOCK_LENGTH_2100                                0         -nan%                0        0.000%
MEM_BLOCK_LENGTH_2200                                0         -nan%                0        0.000%
MEM_BLOCK_LENGTH_2300                                0         -nan%                0        0.000%
MEM_BLOCK_LENGTH_2400                                0         -nan%                0        0.000%
MEM_BLOCK_LENGTH_2500                                0         -nan%                0        0.000%
MEM_BLOCK_LENGTH_2600                                0         -nan%                0        0.000%
MEM_BLOCK_LENGTH_2700                                0         -nan%                0        0.000%
MEM_BLOCK_LENGTH_2800                                0         -nan%                0        0.000%
MEM_BLOCK_LENGTH_2900                                0         -nan%                0        0.000%
MEM_BLOCK_LENGTH_3000                                0         -nan%                0        0.000%
MEM_BLOCK_LENGTH_3100                                0         -nan%                0        0.000%
MEM_BLOCK_LENGTH_3200                                0         -nan%                0        0.000%
MEM_BLOCK_LENGTH_3300                                0         -nan%                0        0.000%
MEM_BLOCK_LENGTH_3400                                0         -nan%                0        0.000%
MEM_BLOCK_LENGTH_3500                                0         -nan%                0        0.000%
MEM_BLOCK_LENGTH_3600                                0         -nan%                0        0.000%
MEM_BLOCK_LENGTH_3700                                0         -nan%                0        0.000%
MEM_BLOCK_LENGTH_3800                                0         -nan%                0        0.000%
MEM_BLOCK_LENGTH_3900                                0         -nan%                0        0.000%
MEM_BLOCK_LENGTH_4000                                0         -nan%                0        0.000%
MEM_BLOCK_LENGTH_4100                                0         -nan%                0        0.000%
MEM_BLOCK_LENGTH_4200                                0         -nan%                0        0.000%
MEM_BLOCK_LENGTH_4300                                0         -nan%                0        0.000%
MEM_BLOCK_LENGTH_4400                                0         -nan%                0        0.000%
MEM_BLOCK_LENGTH_4500                                0         -nan%                0        0.000%
MEM_BLOCK_LENGTH_4600                                0         -nan%                0        0.000%
MEM_BLOCK_LENGTH_4700                                0         -nan%                0        0.000%
MEM_BLOCK_LENGTH_4800                                0         -nan%                0        0.000%
MEM_BLOCK_LENGTH_4900                                0         -nan%                0        0.000%
MEM_BLOCK_LENGTH_5000                                0         -nan%                0        0.000%
                                                     0         -nan%               56      100.000%
                                                  -nan         -nan              0.16         0.61

FUS_BUSY_ON_PATH                              12784484        2.1008         25516933        2.0524

FUS_BUSY_OFF_PATH                              3737552        0.6142          7698585        0.6192

FU_BUSY_MEM_STALL                                95092        0.0156           193181        0.0155

FUS_EMPTY                                     32161188        5.2850         66247810        5.3284

FU_UNAVAILABLE                                  465856        0.0766           879582        0.0707

FU_MEM_UNAVAILABLE                               46865        0.0077            96750        0.0078

FU_REPLAY                                            0        0.0000                0        0.0000

FU_STARVED                                    31748226        5.2171         65409944        5.2610

CHIP_UTILIZATION                                     0        0.0000                0        0.0000

CYCLES_UNDER_MEM_REQ                                 0                              0              

CYCLES_UNDER_NO_MEM_REQ                              0                              0              

CYCLES_UNDER_CRITICAL_MEM_REQ                        0                              0              

CYCLES_UNDER_NONCRITICAL_MEM_REQ                     0                              0              

CHIP_UTILIZATION_UNDER_MEM_REQ                       0          -nan                0          -nan

CHIP_UTILIZATION_UNDER_NO_MEM_REQ                    0          -nan                0          -nan

CHIP_UTILIZATION_UNDER_CRITICAL_MEM_REQ              0          -nan                0          -nan

CHIP_UTILIZATION_UNDER_NONCRITICAL_MEM_REQ             0          -nan                0          -nan

CYCLES_NOT_WAITING_FOR_OFF_CHIP                      0        0.0000                0        0.0000

FUS_BUSY_NOT_WAITING_FOR_OFF_CHIP                    0          -nan                0          -nan

CYCLES_WAITING_FOR_OFF_CHIP                          0        0.0000                0        0.0000

FUS_BUSY_WAITING_FOR_OFF_CHIP                        0          -nan                0          -nan

TOTAL_OFF_CHIP_DELAYS_LEFT                           0                              0              

WRONG_IO_SCHED                                       0                              0              

DVFS_CONFIG_SWITCH                                   0                              0              

MAP_STAGE_RECEIVED_OPS_0                             0        0.000%                0        0.000%
MAP_STAGE_RECEIVED_OPS_1                        293168       10.853%           591804       10.948%
MAP_STAGE_RECEIVED_OPS_2                        185428        6.865%           381656        7.060%
MAP_STAGE_RECEIVED_OPS_3                        320188       11.854%           631974       11.691%
MAP_STAGE_RECEIVED_OPS_4                        168242        6.228%           336103        6.218%
MAP_STAGE_RECEIVED_OPS_5                        583626       21.606%          1148012       21.237%
MAP_STAGE_RECEIVED_OPS_6                       1150520       42.593%          2316163       42.847%
MAP_STAGE_RECEIVED_OPS_7                             0        0.000%                0        0.000%
MAP_STAGE_RECEIVED_OPS_8                             0        0.000%                0        0.000%
MAP_STAGE_RECEIVED_OPS_MAX                           0        0.000%                0        0.000%
                                               2701172      100.000%          5405712      100.000%
                                                  4.49         1.75              4.48         1.75

MAP_STAGE_WAIT_FOR_DECODE                            0         -nan%                0         -nan%
MAP_STAGE_CONSUME_DECODE                             0         -nan%                0         -nan%
                                                     0         -nan%                0         -nan%
                                                  -nan         -nan              -nan         -nan

MAP_STAGE_WAIT_FOR_DECODE2                           0         -nan%                0         -nan%
MAP_STAGE_CONSUME_DECODE2                            0         -nan%                0         -nan%
                                                     0         -nan%                0         -nan%
                                                  -nan         -nan              -nan         -nan

FTQ_RECOVER_EXEC                                110353                         225285              

FTQ_RECOVER_DECODE                                   2                            254              

FTQ_OFFPATH_CYCLES                             3733296                        7760394              

FTQ_CYCLES_OFFPATH                             4875847                       10080713              

FTQ_CYCLES_ONPATH                              1209556                        2352203              

FTQ_FETCHED_INS_OFFPATH                       41568381                       85060325              

FTQ_FETCHED_INS_ONPATH                        12132357                       24256979              

FTQ_BREAK_FULL_FT_ONPATH                        656328       59.715%          1242463       58.426%
FTQ_BREAK_MAX_CFS_TAKEN_ONPATH                  367910       33.474%           732576       34.449%
FTQ_BREAK_MAX_BYTES_ONPATH                       74866        6.812%           151527        7.125%
FTQ_BREAK_PRED_BR_ONPATH                             0        0.000%                0        0.000%
FTQ_BREAK_BAR_FETCH_ONPATH                           0        0.000%                0        0.000%
                                               1099104      100.000%          2126566      100.000%
                                                  0.47         0.50              0.49         0.50

FTQ_BREAK_FULL_FT_OFFPATH                      3798328       76.177%          7855109       76.217%
FTQ_BREAK_MAX_CFS_TAKEN_OFFPATH                 908426       18.219%          1870298       18.147%
FTQ_BREAK_MAX_BYTES_OFFPATH                     279447        5.604%           580845        5.636%
FTQ_BREAK_PRED_BR_OFFPATH                            0        0.000%                0        0.000%
FTQ_BREAK_BAR_FETCH_OFFPATH                          0        0.000%                0        0.000%
                                               4986201      100.000%         10306252      100.000%
                                                  0.29         0.50              0.29         0.50



